[2021-06-23T22:45:02.327] [INFO] default - |-----------------|
[2021-06-23T22:45:02.330] [INFO] default - |ExtraServer START|
[2021-06-23T22:45:02.330] [INFO] default - |-----------------|
[2021-06-23T22:45:02.330] [INFO] default - starting newrelic...
[2021-06-23T22:45:02.704] [INFO] default - creating server...
[2021-06-23T22:45:02.705] [INFO] default - Loading plugins...
[2021-06-23T22:45:02.709] [ERROR] default - Cloud not load plugin asdasd.json: TypeError: require(...).onStart is not a function
[2021-06-23T22:45:02.821] [ERROR] default - Cloud not load plugin chat.js: TypeError [ERR_INVALID_ARG_TYPE]: The "emitter" argument must be an instance of EventEmitter. Received type string ('connection')
[2021-06-23T22:45:02.822] [ERROR] default - Cloud not load plugin data.json: TypeError: require(...).onStart is not a function
[2021-06-23T22:45:02.824] [INFO] defaultRequestHandler.js - DefaultRequestHandler was made by BomberPlayz.
[2021-06-23T22:45:02.826] [INFO] default - Loaded plugin defaultRequestHandler.js
[2021-06-23T22:45:02.827] [ERROR] default - Cloud not load plugin directoryList.js: TypeError: require(...).onStart is not a function
[2021-06-23T22:45:02.828] [ERROR] default - Cloud not load plugin ereeeeeeeeeeeeeeeee: Error: Cannot find module '././server_plugins/ereeeeeeeeeeeeeeeee'
Require stack:
- D:\OneDrive\Desktop\progs\ExtraServer\loginapi\server.js
[2021-06-23T22:45:02.830] [INFO] logDebug.js - logDebug plugin by BomberPlayz!
[2021-06-23T22:45:02.835] [INFO] default - Loaded plugin logDebug.js
[2021-06-23T22:45:02.837] [ERROR] default - Cloud not load plugin tuccc.json: SyntaxError: D:\OneDrive\Desktop\progs\ExtraServer\loginapi\server_plugins\tuccc.json: Unexpected number in JSON at position 57948
[2021-06-23T22:45:02.839] [INFO] _compatibleMode.js - CopatibleMode plugin was made by BomberPLayz
[2021-06-23T22:45:02.839] [INFO] default - Loaded plugin _compatibleMode.js
[2021-06-23T22:45:02.841] [INFO] default - Starting to listen...
[2021-06-23T22:45:02.843] [INFO] default - Server started!
[2021-06-23T22:45:02.844] [INFO] default - tictuc! elindult!
