[2021-06-08T18:32:10.843] [INFO] default - |-----------------|
[2021-06-08T18:32:10.845] [INFO] default - |ExtraServer START|
[2021-06-08T18:32:10.846] [INFO] default - |-----------------|
[2021-06-08T18:32:10.846] [INFO] default - creating server...
[2021-06-08T18:32:10.847] [INFO] default - Loading plugins...
[2021-06-08T18:32:10.849] [ERROR] default - Cloud not load plugin asdasd.json: TypeError: require(...).onStart is not a function
[2021-06-08T18:32:11.020] [ERROR] default - Cloud not load plugin chat.js: TypeError [ERR_INVALID_ARG_TYPE]: The "emitter" argument must be an instance of EventEmitter. Received type string ('connection')
[2021-06-08T18:32:11.023] [INFO] defaultRequestHandler.js - DefaultRequestHandler was made by BomberPlayz.
[2021-06-08T18:32:11.024] [INFO] default - Loaded plugin defaultRequestHandler.js
[2021-06-08T18:32:11.055] [ERROR] default - Cloud not load plugin directoryList.js: TypeError: require(...).onStart is not a function
[2021-06-08T18:32:11.056] [INFO] logDebug.js - logDebug plugin by BomberPlayz!
[2021-06-08T18:32:11.057] [INFO] default - Loaded plugin logDebug.js
[2021-06-08T18:32:11.059] [ERROR] default - Cloud not load plugin tuccc.json: SyntaxError: D:\OneDrive\Desktop\progs\ExtraServer\server_plugins\tuccc.json: Unexpected number in JSON at position 57948
[2021-06-08T18:32:11.061] [INFO] _compatibleMode.js - CopatibleMode plugin was made by BomberPLayz
[2021-06-08T18:32:11.061] [INFO] default - Loaded plugin _compatibleMode.js
[2021-06-08T18:32:11.062] [INFO] default - Starting to listen...
[2021-06-08T18:32:11.064] [INFO] default - Server started!
[2021-06-08T18:32:11.065] [INFO] default - tictuc! elindult!
[2021-06-08T18:32:14.992] [INFO] defaultRequestHandler.js - ::1 requested to /
[2021-06-08T18:32:15.088] [INFO] defaultRequestHandler.js - ::1 requested to /index.html
[2021-06-08T18:32:15.341] [INFO] defaultRequestHandler.js - ::1 requested to /favicon.ico
[2021-06-08T18:32:15.352] [WARN] defaultRequestHandler.js - Requested file not found: /favicon.ico
[2021-06-08T18:32:17.292] [INFO] defaultRequestHandler.js - ::1 requested to /index.htmla
[2021-06-08T18:32:17.309] [WARN] defaultRequestHandler.js - Requested file not found: /index.htmla
