[2021-06-16T16:10:51.686] [INFO] default - |-----------------|
[2021-06-16T16:10:51.689] [INFO] default - |ExtraServer START|
[2021-06-16T16:10:51.690] [INFO] default - |-----------------|
[2021-06-16T16:10:51.690] [INFO] default - creating server...
[2021-06-16T16:10:51.692] [INFO] default - Loading plugins...
[2021-06-16T16:10:51.694] [ERROR] default - Cloud not load plugin asdasd.json: TypeError: require(...).onStart is not a function
[2021-06-16T16:10:51.905] [ERROR] default - Cloud not load plugin chat.js: TypeError [ERR_INVALID_ARG_TYPE]: The "emitter" argument must be an instance of EventEmitter. Received type string ('connection')
[2021-06-16T16:10:51.906] [ERROR] default - Cloud not load plugin data.json: TypeError: require(...).onStart is not a function
[2021-06-16T16:10:51.908] [INFO] defaultRequestHandler.js - DefaultRequestHandler was made by BomberPlayz.
[2021-06-16T16:10:51.909] [INFO] default - Loaded plugin defaultRequestHandler.js
[2021-06-16T16:10:51.912] [ERROR] default - Cloud not load plugin directoryList.js: TypeError: require(...).onStart is not a function
[2021-06-16T16:10:51.914] [ERROR] default - Cloud not load plugin ereeeeeeeeeeeeeeeee: Error: Cannot find module '././server_plugins/ereeeeeeeeeeeeeeeee'
Require stack:
- D:\OneDrive\Desktop\progs\ExtraServer\server.js
[2021-06-16T16:10:51.915] [INFO] logDebug.js - logDebug plugin by BomberPlayz!
[2021-06-16T16:10:51.915] [INFO] default - Loaded plugin logDebug.js
[2021-06-16T16:10:51.917] [ERROR] default - Cloud not load plugin tuccc.json: SyntaxError: D:\OneDrive\Desktop\progs\ExtraServer\server_plugins\tuccc.json: Unexpected number in JSON at position 57948
[2021-06-16T16:10:51.919] [INFO] _compatibleMode.js - CopatibleMode plugin was made by BomberPLayz
[2021-06-16T16:10:51.921] [INFO] default - Loaded plugin _compatibleMode.js
[2021-06-16T16:10:51.922] [INFO] default - Starting to listen...
[2021-06-16T16:10:51.925] [INFO] default - Server started!
[2021-06-16T16:10:51.927] [INFO] default - tictuc! elindult!
