[2021-06-23T20:30:01.635] [INFO] default - |-----------------|
[2021-06-23T20:30:01.637] [INFO] default - |ExtraServer START|
[2021-06-23T20:30:01.637] [INFO] default - |-----------------|
[2021-06-23T20:30:01.638] [INFO] default - starting newrelic...
[2021-06-23T20:30:02.161] [INFO] default - creating server...
[2021-06-23T20:30:02.162] [INFO] default - Loading plugins...
[2021-06-23T20:30:02.164] [ERROR] default - Cloud not load plugin asdasd.json: TypeError: require(...).onStart is not a function
[2021-06-23T20:30:02.266] [ERROR] default - Cloud not load plugin chat.js: TypeError [ERR_INVALID_ARG_TYPE]: The "emitter" argument must be an instance of EventEmitter. Received type string ('connection')
[2021-06-23T20:30:02.267] [ERROR] default - Cloud not load plugin data.json: TypeError: require(...).onStart is not a function
[2021-06-23T20:30:02.269] [INFO] defaultRequestHandler.js - DefaultRequestHandler was made by BomberPlayz.
[2021-06-23T20:30:02.269] [INFO] default - Loaded plugin defaultRequestHandler.js
[2021-06-23T20:30:02.270] [ERROR] default - Cloud not load plugin directoryList.js: TypeError: require(...).onStart is not a function
[2021-06-23T20:30:02.271] [ERROR] default - Cloud not load plugin ereeeeeeeeeeeeeeeee: Error: Cannot find module '././server_plugins/ereeeeeeeeeeeeeeeee'
Require stack:
- D:\OneDrive\Desktop\progs\ExtraServer\server.js
[2021-06-23T20:30:02.273] [INFO] logDebug.js - logDebug plugin by BomberPlayz!
[2021-06-23T20:30:02.273] [INFO] default - Loaded plugin logDebug.js
[2021-06-23T20:30:02.274] [ERROR] default - Cloud not load plugin tuccc.json: SyntaxError: D:\OneDrive\Desktop\progs\ExtraServer\server_plugins\tuccc.json: Unexpected number in JSON at position 57948
[2021-06-23T20:30:02.276] [INFO] _compatibleMode.js - CopatibleMode plugin was made by BomberPLayz
[2021-06-23T20:30:02.276] [INFO] default - Loaded plugin _compatibleMode.js
[2021-06-23T20:30:02.276] [INFO] default - Starting to listen...
[2021-06-23T20:30:02.279] [INFO] default - Server started!
[2021-06-23T20:30:02.279] [INFO] default - tictuc! elindult!
