[2021-06-16T16:08:04.414] [INFO] default - |-----------------|
[2021-06-16T16:08:04.421] [INFO] default - |ExtraServer START|
[2021-06-16T16:08:04.424] [INFO] default - |-----------------|
[2021-06-16T16:08:04.427] [INFO] default - creating server...
[2021-06-16T16:08:04.429] [INFO] default - Loading plugins...
[2021-06-16T16:08:04.479] [ERROR] default - Cloud not load plugin asdasd.json: TypeError: require(...).onStart is not a function
[2021-06-16T16:08:05.781] [ERROR] default - Cloud not load plugin chat.js: TypeError [ERR_INVALID_ARG_TYPE]: The "emitter" argument must be an instance of EventEmitter. Received type string ('connection')
[2021-06-16T16:08:05.803] [ERROR] default - Cloud not load plugin data.json: TypeError: require(...).onStart is not a function
[2021-06-16T16:08:05.817] [INFO] defaultRequestHandler.js - DefaultRequestHandler was made by BomberPlayz.
[2021-06-16T16:08:05.820] [INFO] default - Loaded plugin defaultRequestHandler.js
[2021-06-16T16:08:05.839] [ERROR] default - Cloud not load plugin directoryList.js: TypeError: require(...).onStart is not a function
[2021-06-16T16:08:05.842] [ERROR] default - Cloud not load plugin ereeeeeeeeeeeeeeeee: Error: Cannot find module '././server_plugins/ereeeeeeeeeeeeeeeee'
Require stack:
- D:\OneDrive\Desktop\progs\ExtraServer\server.js
[2021-06-16T16:08:05.845] [INFO] logDebug.js - logDebug plugin by BomberPlayz!
[2021-06-16T16:08:05.852] [INFO] default - Loaded plugin logDebug.js
[2021-06-16T16:08:05.871] [ERROR] default - Cloud not load plugin tuccc.json: SyntaxError: D:\OneDrive\Desktop\progs\ExtraServer\server_plugins\tuccc.json: Unexpected number in JSON at position 57948
[2021-06-16T16:08:05.902] [INFO] _compatibleMode.js - CopatibleMode plugin was made by BomberPLayz
[2021-06-16T16:08:05.902] [INFO] default - Loaded plugin _compatibleMode.js
[2021-06-16T16:08:05.902] [INFO] default - Starting to listen...
[2021-06-16T16:08:05.904] [INFO] default - Server started!
[2021-06-16T16:08:05.905] [INFO] default - tictuc! elindult!
