[2021-08-04T10:51:11.844] [INFO] default - |-----------------|
[2021-08-04T10:51:11.845] [INFO] default - |ExtraServer START|
[2021-08-04T10:51:11.845] [INFO] default - |-----------------|
[2021-08-04T10:51:11.846] [INFO] default - starting newrelic...
[2021-08-04T10:51:12.264] [INFO] default - creating server...
[2021-08-04T10:51:12.265] [INFO] default - Loading plugins...
[2021-08-04T10:51:12.267] [ERROR] default - Cloud not load plugin asdasd.json: TypeError: require(...).onStart is not a function
[2021-08-04T10:51:12.365] [ERROR] default - Cloud not load plugin chat.js: TypeError [ERR_INVALID_ARG_TYPE]: The "emitter" argument must be an instance of EventEmitter. Received type string ('connection')
[2021-08-04T10:51:12.366] [ERROR] default - Cloud not load plugin data.json: TypeError: require(...).onStart is not a function
[2021-08-04T10:51:12.368] [INFO] defaultRequestHandler.js - DefaultRequestHandler was made by BomberPlayz.
[2021-08-04T10:51:12.368] [INFO] default - Loaded plugin defaultRequestHandler.js
[2021-08-04T10:51:12.369] [ERROR] default - Cloud not load plugin directoryList.js: TypeError: require(...).onStart is not a function
[2021-08-04T10:51:12.371] [ERROR] default - Cloud not load plugin ereeeeeeeeeeeeeeeee: Error: Cannot find module '././server_plugins/ereeeeeeeeeeeeeeeee'
Require stack:
- D:\OneDrive\Desktop\progs\ExtraServer\server.js
[2021-08-04T10:51:12.372] [INFO] logDebug.js - logDebug plugin by BomberPlayz!
[2021-08-04T10:51:12.372] [INFO] default - Loaded plugin logDebug.js
[2021-08-04T10:51:12.373] [ERROR] default - Cloud not load plugin tuccc.json: SyntaxError: D:\OneDrive\Desktop\progs\ExtraServer\server_plugins\tuccc.json: Unexpected number in JSON at position 57948
[2021-08-04T10:51:12.374] [INFO] _compatibleMode.js - CopatibleMode plugin was made by BomberPLayz
[2021-08-04T10:51:12.374] [INFO] default - Loaded plugin _compatibleMode.js
[2021-08-04T10:51:12.374] [INFO] default - Starting to listen...
[2021-08-04T10:51:12.376] [INFO] default - Server started!
[2021-08-04T10:51:12.377] [INFO] default - tictuc! elindult!
