[2021-06-08T18:35:23.291] [INFO] default - |-----------------|
[2021-06-08T18:35:23.295] [INFO] default - |ExtraServer START|
[2021-06-08T18:35:23.296] [INFO] default - |-----------------|
[2021-06-08T18:35:23.297] [INFO] default - creating server...
[2021-06-08T18:35:23.298] [INFO] default - Loading plugins...
[2021-06-08T18:35:23.302] [ERROR] default - Cloud not load plugin asdasd.json: TypeError: require(...).onStart is not a function
[2021-06-08T18:35:23.502] [ERROR] default - Cloud not load plugin chat.js: TypeError [ERR_INVALID_ARG_TYPE]: The "emitter" argument must be an instance of EventEmitter. Received type string ('connection')
[2021-06-08T18:35:23.504] [INFO] defaultRequestHandler.js - DefaultRequestHandler was made by BomberPlayz.
[2021-06-08T18:35:23.505] [INFO] default - Loaded plugin defaultRequestHandler.js
[2021-06-08T18:35:23.509] [ERROR] default - Cloud not load plugin directoryList.js: TypeError: require(...).onStart is not a function
[2021-06-08T18:35:23.510] [INFO] logDebug.js - logDebug plugin by BomberPlayz!
[2021-06-08T18:35:23.511] [INFO] default - Loaded plugin logDebug.js
[2021-06-08T18:35:23.514] [ERROR] default - Cloud not load plugin tuccc.json: SyntaxError: D:\OneDrive\Desktop\progs\ExtraServer\server_plugins\tuccc.json: Unexpected number in JSON at position 57948
[2021-06-08T18:35:23.516] [INFO] _compatibleMode.js - CopatibleMode plugin was made by BomberPLayz
[2021-06-08T18:35:23.516] [INFO] default - Loaded plugin _compatibleMode.js
[2021-06-08T18:35:23.518] [INFO] default - Starting to listen...
[2021-06-08T18:35:23.520] [INFO] default - Server started!
[2021-06-08T18:35:23.521] [INFO] default - tictuc! elindult!
[2021-06-08T18:35:24.774] [INFO] defaultRequestHandler.js - ::1 requested to /index.htmla
[2021-06-08T18:35:24.795] [WARN] defaultRequestHandler.js - Requested file not found: /index.htmla
