[2021-06-08T18:34:36.166] [INFO] default - |-----------------|
[2021-06-08T18:34:36.170] [INFO] default - |ExtraServer START|
[2021-06-08T18:34:36.171] [INFO] default - |-----------------|
[2021-06-08T18:34:36.171] [INFO] default - creating server...
[2021-06-08T18:34:36.172] [INFO] default - Loading plugins...
[2021-06-08T18:34:36.175] [ERROR] default - Cloud not load plugin asdasd.json: TypeError: require(...).onStart is not a function
[2021-06-08T18:34:36.356] [ERROR] default - Cloud not load plugin chat.js: TypeError [ERR_INVALID_ARG_TYPE]: The "emitter" argument must be an instance of EventEmitter. Received type string ('connection')
[2021-06-08T18:34:36.358] [INFO] defaultRequestHandler.js - DefaultRequestHandler was made by BomberPlayz.
[2021-06-08T18:34:36.358] [INFO] default - Loaded plugin defaultRequestHandler.js
[2021-06-08T18:34:36.361] [ERROR] default - Cloud not load plugin directoryList.js: TypeError: require(...).onStart is not a function
[2021-06-08T18:34:36.362] [INFO] logDebug.js - logDebug plugin by BomberPlayz!
[2021-06-08T18:34:36.362] [INFO] default - Loaded plugin logDebug.js
[2021-06-08T18:34:36.364] [ERROR] default - Cloud not load plugin tuccc.json: SyntaxError: D:\OneDrive\Desktop\progs\ExtraServer\server_plugins\tuccc.json: Unexpected number in JSON at position 57948
[2021-06-08T18:34:36.366] [INFO] _compatibleMode.js - CopatibleMode plugin was made by BomberPLayz
[2021-06-08T18:34:36.367] [INFO] default - Loaded plugin _compatibleMode.js
[2021-06-08T18:34:36.368] [INFO] default - Starting to listen...
[2021-06-08T18:34:36.371] [INFO] default - Server started!
[2021-06-08T18:34:36.372] [INFO] default - tictuc! elindult!
[2021-06-08T18:34:38.307] [INFO] defaultRequestHandler.js - ::1 requested to /index.htmla
[2021-06-08T18:34:38.331] [WARN] defaultRequestHandler.js - Requested file not found: /index.htmla
