[2021-08-03T15:53:06.963] [INFO] default - |-----------------|
[2021-08-03T15:53:06.966] [INFO] default - |ExtraServer START|
[2021-08-03T15:53:06.967] [INFO] default - |-----------------|
[2021-08-03T15:53:06.968] [INFO] default - starting newrelic...
[2021-08-03T15:53:07.541] [INFO] default - creating server...
[2021-08-03T15:53:07.542] [INFO] default - Loading plugins...
[2021-08-03T15:53:07.547] [ERROR] default - Cloud not load plugin asdasd.json: TypeError: require(...).onStart is not a function
[2021-08-03T15:53:07.657] [ERROR] default - Cloud not load plugin chat.js: TypeError [ERR_INVALID_ARG_TYPE]: The "emitter" argument must be an instance of EventEmitter. Received type string ('connection')
[2021-08-03T15:53:07.658] [ERROR] default - Cloud not load plugin data.json: TypeError: require(...).onStart is not a function
[2021-08-03T15:53:07.661] [INFO] defaultRequestHandler.js - DefaultRequestHandler was made by BomberPlayz.
[2021-08-03T15:53:07.662] [INFO] default - Loaded plugin defaultRequestHandler.js
[2021-08-03T15:53:07.663] [ERROR] default - Cloud not load plugin directoryList.js: TypeError: require(...).onStart is not a function
[2021-08-03T15:53:07.665] [ERROR] default - Cloud not load plugin ereeeeeeeeeeeeeeeee: Error: Cannot find module '././server_plugins/ereeeeeeeeeeeeeeeee'
Require stack:
- D:\OneDrive\Desktop\progs\ExtraServer\server.js
[2021-08-03T15:53:07.666] [INFO] logDebug.js - logDebug plugin by BomberPlayz!
[2021-08-03T15:53:07.666] [INFO] default - Loaded plugin logDebug.js
[2021-08-03T15:53:07.668] [ERROR] default - Cloud not load plugin tuccc.json: SyntaxError: D:\OneDrive\Desktop\progs\ExtraServer\server_plugins\tuccc.json: Unexpected number in JSON at position 57948
[2021-08-03T15:53:07.669] [INFO] _compatibleMode.js - CopatibleMode plugin was made by BomberPLayz
[2021-08-03T15:53:07.669] [INFO] default - Loaded plugin _compatibleMode.js
[2021-08-03T15:53:07.672] [INFO] default - Starting to listen...
[2021-08-03T15:53:07.673] [INFO] default - Server started!
[2021-08-03T15:53:07.674] [INFO] default - tictuc! elindult!
[2021-08-03T15:53:07.681] [FATAL] default - uncaughtException: Error: listen EADDRINUSE: address already in use :::1234
    at Server.setupListenHandle (node:net:1305:16)
    at Server.wrappedListen2 [as _listen2] (D:\OneDrive\Desktop\progs\ExtraServer\node_modules\newrelic\lib\instrumentation\core\net.js:49:40)
    at listenInCluster (node:net:1353:12)
    at Server.listen (node:net:1440:7)
    at Server.wrappedNoRecord [as listen] (D:\OneDrive\Desktop\progs\ExtraServer\node_modules\newrelic\lib\instrumentation\core\net.js:29:19)
    at extendedServer.start (D:\OneDrive\Desktop\progs\ExtraServer\server.js:100:19)
    at Object.<anonymous> (D:\OneDrive\Desktop\progs\ExtraServer\server.js:119:6)
    at Module._compile (node:internal/modules/cjs/loader:1095:14)
    at Object.Module._extensions..js (node:internal/modules/cjs/loader:1124:10)
    at Module.load (node:internal/modules/cjs/loader:975:32)
