[2021-06-09T15:50:50.916] [INFO] default - |-----------------|
[2021-06-09T15:50:50.921] [INFO] default - |ExtraServer START|
[2021-06-09T15:50:50.925] [INFO] default - |-----------------|
[2021-06-09T15:50:50.927] [INFO] default - creating server...
[2021-06-09T15:50:50.935] [INFO] default - Loading plugins...
[2021-06-09T15:50:50.939] [ERROR] default - Cloud not load plugin asdasd.json: TypeError: require(...).onStart is not a function
[2021-06-09T15:50:51.141] [ERROR] default - Cloud not load plugin chat.js: TypeError [ERR_INVALID_ARG_TYPE]: The "emitter" argument must be an instance of EventEmitter. Received type string ('connection')
[2021-06-09T15:50:51.143] [INFO] defaultRequestHandler.js - DefaultRequestHandler was made by BomberPlayz.
[2021-06-09T15:50:51.143] [INFO] default - Loaded plugin defaultRequestHandler.js
[2021-06-09T15:50:51.148] [ERROR] default - Cloud not load plugin directoryList.js: TypeError: require(...).onStart is not a function
[2021-06-09T15:50:51.150] [INFO] logDebug.js - logDebug plugin by BomberPlayz!
[2021-06-09T15:50:51.150] [INFO] default - Loaded plugin logDebug.js
[2021-06-09T15:50:51.153] [ERROR] default - Cloud not load plugin tuccc.json: SyntaxError: D:\OneDrive\Desktop\progs\ExtraServer\server_plugins\tuccc.json: Unexpected number in JSON at position 57948
[2021-06-09T15:50:51.155] [INFO] _compatibleMode.js - CopatibleMode plugin was made by BomberPLayz
[2021-06-09T15:50:51.156] [INFO] default - Loaded plugin _compatibleMode.js
[2021-06-09T15:50:51.156] [INFO] default - Starting to listen...
[2021-06-09T15:50:51.159] [INFO] default - Server started!
[2021-06-09T15:50:51.159] [INFO] default - tictuc! elindult!
[2021-06-09T15:51:04.567] [INFO] defaultRequestHandler.js - ::1 requested to /tafonya.jsx?user=afonya&start=2000&end=4000
[2021-06-09T15:51:04.769] [DEBUG] logDebug.js - kapotot: err_user_not_exists_or_token_not_match
[2021-06-09T15:51:04.872] [DEBUG] logDebug.js - kapotot: err_user_not_exists_or_token_not_match
[2021-06-09T15:51:04.967] [DEBUG] logDebug.js - kapotot: err_user_not_exists_or_token_not_match
[2021-06-09T15:51:05.079] [DEBUG] logDebug.js - kapotot: err_user_not_exists_or_token_not_match
[2021-06-09T15:51:05.288] [DEBUG] logDebug.js - kapotot: err_user_not_exists_or_token_not_match
[2021-06-09T15:51:05.385] [DEBUG] logDebug.js - kapotot: err_user_not_exists_or_token_not_match
[2021-06-09T15:51:05.492] [DEBUG] logDebug.js - kapotot: err_user_not_exists_or_token_not_match
[2021-06-09T15:51:05.731] [DEBUG] logDebug.js - kapotot: err_user_not_exists_or_token_not_match
[2021-06-09T15:51:05.843] [DEBUG] logDebug.js - kapotot: err_user_not_exists_or_token_not_match
[2021-06-09T15:51:05.926] [DEBUG] logDebug.js - kapotot: err_user_not_exists_or_token_not_match
[2021-06-09T15:51:06.122] [DEBUG] logDebug.js - kapotot: err_user_not_exists_or_token_not_match
[2021-06-09T15:51:06.218] [DEBUG] logDebug.js - kapotot: err_user_not_exists_or_token_not_match
[2021-06-09T15:51:06.304] [DEBUG] logDebug.js - kapotot: err_user_not_exists_or_token_not_match
[2021-06-09T15:51:06.399] [DEBUG] logDebug.js - kapotot: err_user_not_exists_or_token_not_match
[2021-06-09T15:51:06.489] [DEBUG] logDebug.js - kapotot: err_user_not_exists_or_token_not_match
[2021-06-09T15:51:06.579] [DEBUG] logDebug.js - kapotot: err_user_not_exists_or_token_not_match
[2021-06-09T15:51:06.665] [DEBUG] logDebug.js - kapotot: err_user_not_exists_or_token_not_match
[2021-06-09T15:51:06.802] [DEBUG] logDebug.js - kapotot: err_user_not_exists_or_token_not_match
[2021-06-09T15:51:06.883] [DEBUG] logDebug.js - kapotot: err_user_not_exists_or_token_not_match
[2021-06-09T15:51:06.960] [DEBUG] logDebug.js - kapotot: err_user_not_exists_or_token_not_match
[2021-06-09T15:51:07.052] [DEBUG] logDebug.js - kapotot: err_user_not_exists_or_token_not_match
[2021-06-09T15:51:07.620] [DEBUG] logDebug.js - kapotot: err_user_not_exists_or_token_not_match
[2021-06-09T15:51:07.950] [DEBUG] logDebug.js - kapotot: err_user_not_exists_or_token_not_match
[2021-06-09T15:51:08.049] [DEBUG] logDebug.js - kapotot: err_user_not_exists_or_token_not_match
[2021-06-09T15:51:08.171] [DEBUG] logDebug.js - kapotot: err_user_not_exists_or_token_not_match
[2021-06-09T15:51:08.277] [DEBUG] logDebug.js - kapotot: err_user_not_exists_or_token_not_match
[2021-06-09T15:51:08.420] [DEBUG] logDebug.js - kapotot: err_user_not_exists_or_token_not_match
[2021-06-09T15:51:08.503] [DEBUG] logDebug.js - kapotot: err_user_not_exists_or_token_not_match
[2021-06-09T15:51:08.586] [DEBUG] logDebug.js - kapotot: err_user_not_exists_or_token_not_match
[2021-06-09T15:51:08.671] [DEBUG] logDebug.js - kapotot: err_user_not_exists_or_token_not_match
[2021-06-09T15:51:08.773] [DEBUG] logDebug.js - kapotot: err_user_not_exists_or_token_not_match
[2021-06-09T15:51:08.860] [DEBUG] logDebug.js - kapotot: err_user_not_exists_or_token_not_match
[2021-06-09T15:51:08.980] [DEBUG] logDebug.js - kapotot: err_user_not_exists_or_token_not_match
[2021-06-09T15:51:09.063] [DEBUG] logDebug.js - kapotot: err_user_not_exists_or_token_not_match
[2021-06-09T15:51:09.144] [DEBUG] logDebug.js - kapotot: err_user_not_exists_or_token_not_match
[2021-06-09T15:51:09.254] [DEBUG] logDebug.js - kapotot: err_user_not_exists_or_token_not_match
[2021-06-09T15:51:09.588] [DEBUG] logDebug.js - kapotot: err_user_not_exists_or_token_not_match
[2021-06-09T15:51:09.805] [DEBUG] logDebug.js - kapotot: err_user_not_exists_or_token_not_match
[2021-06-09T15:51:09.906] [DEBUG] logDebug.js - kapotot: err_user_not_exists_or_token_not_match
[2021-06-09T15:51:10.012] [DEBUG] logDebug.js - kapotot: err_user_not_exists_or_token_not_match
[2021-06-09T15:51:10.133] [DEBUG] logDebug.js - kapotot: err_user_not_exists_or_token_not_match
[2021-06-09T15:51:10.218] [DEBUG] logDebug.js - kapotot: err_user_not_exists_or_token_not_match
[2021-06-09T15:51:10.306] [DEBUG] logDebug.js - kapotot: err_user_not_exists_or_token_not_match
[2021-06-09T15:51:10.391] [DEBUG] logDebug.js - kapotot: err_user_not_exists_or_token_not_match
[2021-06-09T15:51:10.472] [DEBUG] logDebug.js - kapotot: err_user_not_exists_or_token_not_match
[2021-06-09T15:51:10.552] [DEBUG] logDebug.js - kapotot: err_user_not_exists_or_token_not_match
[2021-06-09T15:51:10.638] [DEBUG] logDebug.js - kapotot: err_user_not_exists_or_token_not_match
[2021-06-09T15:51:10.720] [DEBUG] logDebug.js - kapotot: err_user_not_exists_or_token_not_match
[2021-06-09T15:51:10.808] [DEBUG] logDebug.js - kapotot: err_user_not_exists_or_token_not_match
[2021-06-09T15:51:10.918] [DEBUG] logDebug.js - kapotot: err_user_not_exists_or_token_not_match
[2021-06-09T15:51:11.015] [DEBUG] logDebug.js - kapotot: err_user_not_exists_or_token_not_match
[2021-06-09T15:51:11.093] [DEBUG] logDebug.js - kapotot: err_user_not_exists_or_token_not_match
[2021-06-09T15:51:11.181] [DEBUG] logDebug.js - kapotot: err_user_not_exists_or_token_not_match
[2021-06-09T15:51:11.312] [DEBUG] logDebug.js - kapotot: err_user_not_exists_or_token_not_match
[2021-06-09T15:51:11.407] [DEBUG] logDebug.js - kapotot: err_user_not_exists_or_token_not_match
[2021-06-09T15:51:11.573] [DEBUG] logDebug.js - kapotot: err_user_not_exists_or_token_not_match
[2021-06-09T15:51:11.748] [DEBUG] logDebug.js - kapotot: err_user_not_exists_or_token_not_match
[2021-06-09T15:51:11.855] [DEBUG] logDebug.js - kapotot: err_user_not_exists_or_token_not_match
[2021-06-09T15:51:11.937] [DEBUG] logDebug.js - kapotot: err_user_not_exists_or_token_not_match
[2021-06-09T15:51:12.035] [DEBUG] logDebug.js - kapotot: err_user_not_exists_or_token_not_match
[2021-06-09T15:51:12.135] [DEBUG] logDebug.js - kapotot: err_user_not_exists_or_token_not_match
[2021-06-09T15:51:12.223] [DEBUG] logDebug.js - kapotot: err_user_not_exists_or_token_not_match
[2021-06-09T15:51:12.308] [DEBUG] logDebug.js - kapotot: err_user_not_exists_or_token_not_match
[2021-06-09T15:51:12.405] [DEBUG] logDebug.js - kapotot: err_user_not_exists_or_token_not_match
[2021-06-09T15:51:12.500] [DEBUG] logDebug.js - kapotot: err_user_not_exists_or_token_not_match
[2021-06-09T15:51:12.582] [DEBUG] logDebug.js - kapotot: err_user_not_exists_or_token_not_match
[2021-06-09T15:51:12.668] [DEBUG] logDebug.js - kapotot: err_user_not_exists_or_token_not_match
[2021-06-09T15:51:12.791] [DEBUG] logDebug.js - kapotot: err_user_not_exists_or_token_not_match
[2021-06-09T15:51:12.872] [DEBUG] logDebug.js - kapotot: err_user_not_exists_or_token_not_match
[2021-06-09T15:51:12.957] [DEBUG] logDebug.js - kapotot: err_user_not_exists_or_token_not_match
[2021-06-09T15:51:13.038] [DEBUG] logDebug.js - kapotot: err_user_not_exists_or_token_not_match
[2021-06-09T15:51:13.120] [DEBUG] logDebug.js - kapotot: err_user_not_exists_or_token_not_match
[2021-06-09T15:51:13.199] [DEBUG] logDebug.js - kapotot: err_user_not_exists_or_token_not_match
[2021-06-09T15:51:13.278] [DEBUG] logDebug.js - kapotot: err_user_not_exists_or_token_not_match
[2021-06-09T15:51:13.356] [DEBUG] logDebug.js - kapotot: err_user_not_exists_or_token_not_match
[2021-06-09T15:51:13.435] [DEBUG] logDebug.js - kapotot: err_user_not_exists_or_token_not_match
[2021-06-09T15:51:13.514] [DEBUG] logDebug.js - kapotot: err_user_not_exists_or_token_not_match
[2021-06-09T15:51:13.594] [DEBUG] logDebug.js - kapotot: err_user_not_exists_or_token_not_match
[2021-06-09T15:51:13.676] [DEBUG] logDebug.js - kapotot: err_user_not_exists_or_token_not_match
[2021-06-09T15:51:13.770] [DEBUG] logDebug.js - kapotot: err_user_not_exists_or_token_not_match
[2021-06-09T15:51:13.857] [DEBUG] logDebug.js - kapotot: err_user_not_exists_or_token_not_match
[2021-06-09T15:51:13.936] [DEBUG] logDebug.js - kapotot: err_user_not_exists_or_token_not_match
[2021-06-09T15:51:14.015] [DEBUG] logDebug.js - kapotot: err_user_not_exists_or_token_not_match
[2021-06-09T15:51:14.100] [DEBUG] logDebug.js - kapotot: err_user_not_exists_or_token_not_match
[2021-06-09T15:51:14.187] [DEBUG] logDebug.js - kapotot: err_user_not_exists_or_token_not_match
[2021-06-09T15:51:14.267] [DEBUG] logDebug.js - kapotot: err_user_not_exists_or_token_not_match
[2021-06-09T15:51:14.346] [DEBUG] logDebug.js - kapotot: err_user_not_exists_or_token_not_match
[2021-06-09T15:51:14.427] [DEBUG] logDebug.js - kapotot: err_user_not_exists_or_token_not_match
[2021-06-09T15:51:14.509] [DEBUG] logDebug.js - kapotot: err_user_not_exists_or_token_not_match
[2021-06-09T15:51:14.590] [DEBUG] logDebug.js - kapotot: err_user_not_exists_or_token_not_match
[2021-06-09T15:51:14.686] [DEBUG] logDebug.js - kapotot: err_user_not_exists_or_token_not_match
[2021-06-09T15:51:14.777] [DEBUG] logDebug.js - kapotot: err_user_not_exists_or_token_not_match
[2021-06-09T15:51:14.866] [DEBUG] logDebug.js - kapotot: err_user_not_exists_or_token_not_match
[2021-06-09T15:51:14.950] [DEBUG] logDebug.js - kapotot: err_user_not_exists_or_token_not_match
[2021-06-09T15:51:15.033] [DEBUG] logDebug.js - kapotot: err_user_not_exists_or_token_not_match
[2021-06-09T15:51:15.116] [DEBUG] logDebug.js - kapotot: err_user_not_exists_or_token_not_match
[2021-06-09T15:51:15.200] [DEBUG] logDebug.js - kapotot: err_user_not_exists_or_token_not_match
[2021-06-09T15:51:15.285] [DEBUG] logDebug.js - kapotot: err_user_not_exists_or_token_not_match
[2021-06-09T15:51:15.364] [DEBUG] logDebug.js - kapotot: err_user_not_exists_or_token_not_match
[2021-06-09T15:51:15.444] [DEBUG] logDebug.js - kapotot: err_user_not_exists_or_token_not_match
[2021-06-09T15:51:15.523] [DEBUG] logDebug.js - kapotot: err_user_not_exists_or_token_not_match
[2021-06-09T15:51:15.604] [DEBUG] logDebug.js - kapotot: err_user_not_exists_or_token_not_match
[2021-06-09T15:51:15.687] [DEBUG] logDebug.js - kapotot: err_user_not_exists_or_token_not_match
[2021-06-09T15:51:15.773] [DEBUG] logDebug.js - kapotot: err_user_not_exists_or_token_not_match
[2021-06-09T15:51:15.854] [DEBUG] logDebug.js - kapotot: err_user_not_exists_or_token_not_match
[2021-06-09T15:51:15.933] [DEBUG] logDebug.js - kapotot: err_user_not_exists_or_token_not_match
[2021-06-09T15:51:16.019] [DEBUG] logDebug.js - kapotot: err_user_not_exists_or_token_not_match
[2021-06-09T15:51:16.104] [DEBUG] logDebug.js - kapotot: err_user_not_exists_or_token_not_match
[2021-06-09T15:51:16.184] [DEBUG] logDebug.js - kapotot: err_user_not_exists_or_token_not_match
[2021-06-09T15:51:16.270] [DEBUG] logDebug.js - kapotot: err_user_not_exists_or_token_not_match
[2021-06-09T15:51:16.354] [DEBUG] logDebug.js - kapotot: err_user_not_exists_or_token_not_match
[2021-06-09T15:51:16.432] [DEBUG] logDebug.js - kapotot: err_user_not_exists_or_token_not_match
[2021-06-09T15:51:16.516] [DEBUG] logDebug.js - kapotot: err_user_not_exists_or_token_not_match
[2021-06-09T15:51:16.593] [DEBUG] logDebug.js - kapotot: err_user_not_exists_or_token_not_match
[2021-06-09T15:51:16.679] [DEBUG] logDebug.js - kapotot: err_user_not_exists_or_token_not_match
[2021-06-09T15:51:16.764] [DEBUG] logDebug.js - kapotot: err_user_not_exists_or_token_not_match
[2021-06-09T15:51:16.855] [DEBUG] logDebug.js - kapotot: err_user_not_exists_or_token_not_match
[2021-06-09T15:51:16.935] [DEBUG] logDebug.js - kapotot: err_user_not_exists_or_token_not_match
[2021-06-09T15:51:17.016] [DEBUG] logDebug.js - kapotot: err_user_not_exists_or_token_not_match
[2021-06-09T15:51:17.093] [DEBUG] logDebug.js - kapotot: err_user_not_exists_or_token_not_match
[2021-06-09T15:51:17.174] [DEBUG] logDebug.js - kapotot: err_user_not_exists_or_token_not_match
[2021-06-09T15:51:17.261] [DEBUG] logDebug.js - kapotot: err_user_not_exists_or_token_not_match
[2021-06-09T15:51:17.346] [DEBUG] logDebug.js - kapotot: err_user_not_exists_or_token_not_match
[2021-06-09T15:51:17.427] [DEBUG] logDebug.js - kapotot: err_user_not_exists_or_token_not_match
[2021-06-09T15:51:17.505] [DEBUG] logDebug.js - kapotot: err_user_not_exists_or_token_not_match
[2021-06-09T15:51:17.592] [DEBUG] logDebug.js - kapotot: err_user_not_exists_or_token_not_match
[2021-06-09T15:51:17.686] [DEBUG] logDebug.js - kapotot: err_user_not_exists_or_token_not_match
[2021-06-09T15:51:17.792] [DEBUG] logDebug.js - kapotot: err_user_not_exists_or_token_not_match
[2021-06-09T15:51:17.887] [DEBUG] logDebug.js - kapotot: err_user_not_exists_or_token_not_match
[2021-06-09T15:51:18.012] [DEBUG] logDebug.js - kapotot: err_user_not_exists_or_token_not_match
[2021-06-09T15:51:18.115] [DEBUG] logDebug.js - kapotot: err_user_not_exists_or_token_not_match
[2021-06-09T15:51:18.222] [DEBUG] logDebug.js - kapotot: err_user_not_exists_or_token_not_match
[2021-06-09T15:51:18.309] [DEBUG] logDebug.js - kapotot: err_user_not_exists_or_token_not_match
[2021-06-09T15:51:18.405] [DEBUG] logDebug.js - kapotot: err_user_not_exists_or_token_not_match
[2021-06-09T15:51:18.498] [DEBUG] logDebug.js - kapotot: err_user_not_exists_or_token_not_match
[2021-06-09T15:51:18.597] [DEBUG] logDebug.js - kapotot: err_user_not_exists_or_token_not_match
[2021-06-09T15:51:18.703] [DEBUG] logDebug.js - kapotot: err_user_not_exists_or_token_not_match
[2021-06-09T15:51:18.811] [DEBUG] logDebug.js - kapotot: err_user_not_exists_or_token_not_match
[2021-06-09T15:51:18.907] [DEBUG] logDebug.js - kapotot: err_user_not_exists_or_token_not_match
[2021-06-09T15:51:18.992] [DEBUG] logDebug.js - kapotot: err_user_not_exists_or_token_not_match
[2021-06-09T15:51:19.073] [DEBUG] logDebug.js - kapotot: err_user_not_exists_or_token_not_match
[2021-06-09T15:51:19.156] [DEBUG] logDebug.js - kapotot: err_user_not_exists_or_token_not_match
[2021-06-09T15:51:19.239] [DEBUG] logDebug.js - kapotot: err_user_not_exists_or_token_not_match
[2021-06-09T15:51:19.319] [DEBUG] logDebug.js - kapotot: err_user_not_exists_or_token_not_match
[2021-06-09T15:51:19.401] [DEBUG] logDebug.js - kapotot: err_user_not_exists_or_token_not_match
[2021-06-09T15:51:19.483] [DEBUG] logDebug.js - kapotot: err_user_not_exists_or_token_not_match
[2021-06-09T15:51:19.560] [DEBUG] logDebug.js - kapotot: err_user_not_exists_or_token_not_match
[2021-06-09T15:51:19.644] [DEBUG] logDebug.js - kapotot: err_user_not_exists_or_token_not_match
[2021-06-09T15:51:19.740] [DEBUG] logDebug.js - kapotot: err_user_not_exists_or_token_not_match
[2021-06-09T15:51:19.829] [DEBUG] logDebug.js - kapotot: err_user_not_exists_or_token_not_match
[2021-06-09T15:51:19.907] [DEBUG] logDebug.js - kapotot: err_user_not_exists_or_token_not_match
[2021-06-09T15:51:19.999] [DEBUG] logDebug.js - kapotot: err_user_not_exists_or_token_not_match
[2021-06-09T15:51:20.079] [DEBUG] logDebug.js - kapotot: err_user_not_exists_or_token_not_match
[2021-06-09T15:51:20.159] [DEBUG] logDebug.js - kapotot: err_user_not_exists_or_token_not_match
[2021-06-09T15:51:20.287] [DEBUG] logDebug.js - kapotot: err_user_not_exists_or_token_not_match
[2021-06-09T15:51:20.370] [DEBUG] logDebug.js - kapotot: err_user_not_exists_or_token_not_match
[2021-06-09T15:51:20.452] [DEBUG] logDebug.js - kapotot: err_user_not_exists_or_token_not_match
[2021-06-09T15:51:20.540] [DEBUG] logDebug.js - kapotot: err_user_not_exists_or_token_not_match
[2021-06-09T15:51:20.625] [DEBUG] logDebug.js - kapotot: err_user_not_exists_or_token_not_match
[2021-06-09T15:51:20.704] [DEBUG] logDebug.js - kapotot: err_user_not_exists_or_token_not_match
[2021-06-09T15:51:20.790] [DEBUG] logDebug.js - kapotot: err_user_not_exists_or_token_not_match
[2021-06-09T15:51:20.868] [DEBUG] logDebug.js - kapotot: err_user_not_exists_or_token_not_match
[2021-06-09T15:51:20.952] [DEBUG] logDebug.js - kapotot: err_user_not_exists_or_token_not_match
[2021-06-09T15:51:21.032] [DEBUG] logDebug.js - kapotot: err_user_not_exists_or_token_not_match
[2021-06-09T15:51:21.118] [DEBUG] logDebug.js - kapotot: err_user_not_exists_or_token_not_match
[2021-06-09T15:51:21.196] [DEBUG] logDebug.js - kapotot: err_user_not_exists_or_token_not_match
[2021-06-09T15:51:21.277] [DEBUG] logDebug.js - kapotot: err_user_not_exists_or_token_not_match
[2021-06-09T15:51:21.359] [DEBUG] logDebug.js - kapotot: err_user_not_exists_or_token_not_match
[2021-06-09T15:51:21.438] [DEBUG] logDebug.js - kapotot: err_user_not_exists_or_token_not_match
[2021-06-09T15:51:21.522] [DEBUG] logDebug.js - kapotot: err_user_not_exists_or_token_not_match
[2021-06-09T15:51:21.606] [DEBUG] logDebug.js - kapotot: err_user_not_exists_or_token_not_match
[2021-06-09T15:51:21.780] [DEBUG] logDebug.js - kapotot: err_user_not_exists_or_token_not_match
[2021-06-09T15:51:21.935] [DEBUG] logDebug.js - kapotot: err_user_not_exists_or_token_not_match
[2021-06-09T15:51:22.032] [DEBUG] logDebug.js - kapotot: err_user_not_exists_or_token_not_match
[2021-06-09T15:51:22.114] [DEBUG] logDebug.js - kapotot: err_user_not_exists_or_token_not_match
[2021-06-09T15:51:22.201] [DEBUG] logDebug.js - kapotot: err_user_not_exists_or_token_not_match
[2021-06-09T15:51:22.290] [DEBUG] logDebug.js - kapotot: err_user_not_exists_or_token_not_match
[2021-06-09T15:51:22.385] [DEBUG] logDebug.js - kapotot: err_user_not_exists_or_token_not_match
[2021-06-09T15:51:22.469] [DEBUG] logDebug.js - kapotot: err_user_not_exists_or_token_not_match
[2021-06-09T15:51:22.599] [DEBUG] logDebug.js - kapotot: err_user_not_exists_or_token_not_match
[2021-06-09T15:51:22.846] [DEBUG] logDebug.js - kapotot: err_user_not_exists_or_token_not_match
[2021-06-09T15:51:23.093] [DEBUG] logDebug.js - kapotot: err_user_not_exists_or_token_not_match
[2021-06-09T15:51:23.227] [DEBUG] logDebug.js - kapotot: err_user_not_exists_or_token_not_match
[2021-06-09T15:51:23.311] [DEBUG] logDebug.js - kapotot: err_user_not_exists_or_token_not_match
[2021-06-09T15:51:23.404] [DEBUG] logDebug.js - kapotot: err_user_not_exists_or_token_not_match
[2021-06-09T15:51:23.487] [DEBUG] logDebug.js - kapotot: err_user_not_exists_or_token_not_match
[2021-06-09T15:51:23.572] [DEBUG] logDebug.js - kapotot: err_user_not_exists_or_token_not_match
[2021-06-09T15:51:23.652] [DEBUG] logDebug.js - kapotot: err_user_not_exists_or_token_not_match
[2021-06-09T15:51:23.750] [DEBUG] logDebug.js - kapotot: err_user_not_exists_or_token_not_match
[2021-06-09T15:51:23.829] [DEBUG] logDebug.js - kapotot: err_user_not_exists_or_token_not_match
[2021-06-09T15:51:23.919] [DEBUG] logDebug.js - kapotot: err_user_not_exists_or_token_not_match
[2021-06-09T15:51:24.006] [DEBUG] logDebug.js - kapotot: err_user_not_exists_or_token_not_match
[2021-06-09T15:51:24.091] [DEBUG] logDebug.js - kapotot: err_user_not_exists_or_token_not_match
[2021-06-09T15:51:24.186] [DEBUG] logDebug.js - kapotot: err_user_not_exists_or_token_not_match
[2021-06-09T15:51:24.535] [DEBUG] logDebug.js - kapotot: err_user_not_exists_or_token_not_match
[2021-06-09T15:51:24.690] [DEBUG] logDebug.js - kapotot: err_user_not_exists_or_token_not_match
[2021-06-09T15:51:24.806] [DEBUG] logDebug.js - kapotot: err_user_not_exists_or_token_not_match
[2021-06-09T15:51:24.970] [DEBUG] logDebug.js - kapotot: err_user_not_exists_or_token_not_match
[2021-06-09T15:51:25.065] [DEBUG] logDebug.js - kapotot: err_user_not_exists_or_token_not_match
[2021-06-09T15:51:25.174] [DEBUG] logDebug.js - kapotot: err_user_not_exists_or_token_not_match
[2021-06-09T15:51:25.268] [DEBUG] logDebug.js - kapotot: err_user_not_exists_or_token_not_match
[2021-06-09T15:51:25.357] [DEBUG] logDebug.js - kapotot: err_user_not_exists_or_token_not_match
[2021-06-09T15:51:25.474] [DEBUG] logDebug.js - kapotot: err_user_not_exists_or_token_not_match
[2021-06-09T15:51:25.572] [DEBUG] logDebug.js - kapotot: err_user_not_exists_or_token_not_match
[2021-06-09T15:51:25.664] [DEBUG] logDebug.js - kapotot: err_user_not_exists_or_token_not_match
[2021-06-09T15:51:25.800] [DEBUG] logDebug.js - kapotot: err_user_not_exists_or_token_not_match
[2021-06-09T15:51:25.902] [DEBUG] logDebug.js - kapotot: err_user_not_exists_or_token_not_match
[2021-06-09T15:51:25.985] [DEBUG] logDebug.js - kapotot: err_user_not_exists_or_token_not_match
[2021-06-09T15:51:26.070] [DEBUG] logDebug.js - kapotot: err_user_not_exists_or_token_not_match
[2021-06-09T15:51:26.152] [DEBUG] logDebug.js - kapotot: err_user_not_exists_or_token_not_match
[2021-06-09T15:51:26.234] [DEBUG] logDebug.js - kapotot: err_user_not_exists_or_token_not_match
[2021-06-09T15:51:26.311] [DEBUG] logDebug.js - kapotot: err_user_not_exists_or_token_not_match
[2021-06-09T15:51:26.403] [DEBUG] logDebug.js - kapotot: err_user_not_exists_or_token_not_match
[2021-06-09T15:51:26.484] [DEBUG] logDebug.js - kapotot: err_user_not_exists_or_token_not_match
[2021-06-09T15:51:26.625] [DEBUG] logDebug.js - kapotot: err_user_not_exists_or_token_not_match
[2021-06-09T15:51:26.705] [DEBUG] logDebug.js - kapotot: err_user_not_exists_or_token_not_match
[2021-06-09T15:51:26.788] [DEBUG] logDebug.js - kapotot: err_user_not_exists_or_token_not_match
[2021-06-09T15:51:26.868] [DEBUG] logDebug.js - kapotot: err_user_not_exists_or_token_not_match
[2021-06-09T15:51:27.001] [DEBUG] logDebug.js - kapotot: err_user_not_exists_or_token_not_match
[2021-06-09T15:51:27.085] [DEBUG] logDebug.js - kapotot: err_user_not_exists_or_token_not_match
[2021-06-09T15:51:27.167] [DEBUG] logDebug.js - kapotot: err_user_not_exists_or_token_not_match
[2021-06-09T15:51:27.252] [DEBUG] logDebug.js - kapotot: err_user_not_exists_or_token_not_match
[2021-06-09T15:51:27.335] [DEBUG] logDebug.js - kapotot: err_user_not_exists_or_token_not_match
[2021-06-09T15:51:27.418] [DEBUG] logDebug.js - kapotot: err_user_not_exists_or_token_not_match
[2021-06-09T15:51:27.503] [DEBUG] logDebug.js - kapotot: err_user_not_exists_or_token_not_match
[2021-06-09T15:51:27.590] [DEBUG] logDebug.js - kapotot: err_user_not_exists_or_token_not_match
[2021-06-09T15:51:27.673] [DEBUG] logDebug.js - kapotot: err_user_not_exists_or_token_not_match
[2021-06-09T15:51:27.758] [DEBUG] logDebug.js - kapotot: err_user_not_exists_or_token_not_match
[2021-06-09T15:51:27.863] [DEBUG] logDebug.js - kapotot: err_user_not_exists_or_token_not_match
[2021-06-09T15:51:28.309] [DEBUG] logDebug.js - kapotot: err_user_not_exists_or_token_not_match
[2021-06-09T15:51:28.393] [DEBUG] logDebug.js - kapotot: err_user_not_exists_or_token_not_match
[2021-06-09T15:51:28.473] [DEBUG] logDebug.js - kapotot: err_user_not_exists_or_token_not_match
[2021-06-09T15:51:28.570] [DEBUG] logDebug.js - kapotot: err_user_not_exists_or_token_not_match
[2021-06-09T15:51:28.650] [DEBUG] logDebug.js - kapotot: err_user_not_exists_or_token_not_match
[2021-06-09T15:51:28.735] [DEBUG] logDebug.js - kapotot: err_user_not_exists_or_token_not_match
[2021-06-09T15:51:28.820] [DEBUG] logDebug.js - kapotot: err_user_not_exists_or_token_not_match
[2021-06-09T15:51:29.083] [DEBUG] logDebug.js - kapotot: err_user_not_exists_or_token_not_match
[2021-06-09T15:51:29.224] [DEBUG] logDebug.js - kapotot: err_user_not_exists_or_token_not_match
[2021-06-09T15:51:29.322] [DEBUG] logDebug.js - kapotot: err_user_not_exists_or_token_not_match
[2021-06-09T15:51:29.414] [DEBUG] logDebug.js - kapotot: err_user_not_exists_or_token_not_match
[2021-06-09T15:51:29.501] [DEBUG] logDebug.js - kapotot: err_user_not_exists_or_token_not_match
[2021-06-09T15:51:29.587] [DEBUG] logDebug.js - kapotot: err_user_not_exists_or_token_not_match
[2021-06-09T15:51:29.672] [DEBUG] logDebug.js - kapotot: err_user_not_exists_or_token_not_match
[2021-06-09T15:51:29.872] [DEBUG] logDebug.js - kapotot: err_user_not_exists_or_token_not_match
[2021-06-09T15:51:29.968] [DEBUG] logDebug.js - kapotot: err_user_not_exists_or_token_not_match
[2021-06-09T15:51:30.051] [DEBUG] logDebug.js - kapotot: err_user_not_exists_or_token_not_match
[2021-06-09T15:51:30.171] [DEBUG] logDebug.js - kapotot: err_user_not_exists_or_token_not_match
[2021-06-09T15:51:30.260] [DEBUG] logDebug.js - kapotot: err_user_not_exists_or_token_not_match
[2021-06-09T15:51:30.344] [DEBUG] logDebug.js - kapotot: err_user_not_exists_or_token_not_match
[2021-06-09T15:51:30.430] [DEBUG] logDebug.js - kapotot: err_user_not_exists_or_token_not_match
[2021-06-09T15:51:30.512] [DEBUG] logDebug.js - kapotot: err_user_not_exists_or_token_not_match
[2021-06-09T15:51:30.597] [DEBUG] logDebug.js - kapotot: err_user_not_exists_or_token_not_match
[2021-06-09T15:51:30.674] [DEBUG] logDebug.js - kapotot: err_user_not_exists_or_token_not_match
[2021-06-09T15:51:30.887] [DEBUG] logDebug.js - kapotot: err_user_not_exists_or_token_not_match
[2021-06-09T15:51:31.106] [DEBUG] logDebug.js - kapotot: err_user_not_exists_or_token_not_match
[2021-06-09T15:51:31.457] [DEBUG] logDebug.js - kapotot: err_user_not_exists_or_token_not_match
