[2021-06-09T15:47:53.873] [INFO] default - |-----------------|
[2021-06-09T15:47:53.904] [INFO] default - |ExtraServer START|
[2021-06-09T15:47:53.906] [INFO] default - |-----------------|
[2021-06-09T15:47:53.907] [INFO] default - creating server...
[2021-06-09T15:47:53.908] [INFO] default - Loading plugins...
[2021-06-09T15:47:53.913] [ERROR] default - Cloud not load plugin asdasd.json: TypeError: require(...).onStart is not a function
[2021-06-09T15:47:54.126] [ERROR] default - Cloud not load plugin chat.js: TypeError [ERR_INVALID_ARG_TYPE]: The "emitter" argument must be an instance of EventEmitter. Received type string ('connection')
[2021-06-09T15:47:54.129] [INFO] defaultRequestHandler.js - DefaultRequestHandler was made by BomberPlayz.
[2021-06-09T15:47:54.130] [INFO] default - Loaded plugin defaultRequestHandler.js
[2021-06-09T15:47:54.132] [ERROR] default - Cloud not load plugin directoryList.js: TypeError: require(...).onStart is not a function
[2021-06-09T15:47:54.134] [INFO] logDebug.js - logDebug plugin by BomberPlayz!
[2021-06-09T15:47:54.134] [INFO] default - Loaded plugin logDebug.js
[2021-06-09T15:47:54.137] [ERROR] default - Cloud not load plugin tuccc.json: SyntaxError: D:\OneDrive\Desktop\progs\ExtraServer\server_plugins\tuccc.json: Unexpected number in JSON at position 57948
[2021-06-09T15:47:54.140] [INFO] _compatibleMode.js - CopatibleMode plugin was made by BomberPLayz
[2021-06-09T15:47:54.140] [INFO] default - Loaded plugin _compatibleMode.js
[2021-06-09T15:47:54.141] [INFO] default - Starting to listen...
[2021-06-09T15:47:54.144] [INFO] default - Server started!
[2021-06-09T15:47:54.154] [INFO] default - tictuc! elindult!
[2021-06-09T15:47:54.182] [INFO] defaultRequestHandler.js - ::1 requested to /tafonya.jsx?user=afonya
[2021-06-09T15:47:54.342] [DEBUG] logDebug.js - kapotot: err_user_not_exists_or_token_not_match
[2021-06-09T15:47:54.422] [DEBUG] logDebug.js - kapotot: err_user_not_exists_or_token_not_match
[2021-06-09T15:47:54.499] [DEBUG] logDebug.js - kapotot: err_user_not_exists_or_token_not_match
[2021-06-09T15:47:54.580] [DEBUG] logDebug.js - kapotot: err_user_not_exists_or_token_not_match
[2021-06-09T15:47:54.672] [DEBUG] logDebug.js - kapotot: err_user_not_exists_or_token_not_match
[2021-06-09T15:47:54.889] [DEBUG] logDebug.js - kapotot: err_user_not_exists_or_token_not_match
[2021-06-09T15:47:55.017] [DEBUG] logDebug.js - kapotot: err_user_not_exists_or_token_not_match
[2021-06-09T15:47:55.138] [DEBUG] logDebug.js - kapotot: err_user_not_exists_or_token_not_match
[2021-06-09T15:47:55.509] [DEBUG] logDebug.js - kapotot: err_user_not_exists_or_token_not_match
[2021-06-09T15:47:55.729] [DEBUG] logDebug.js - kapotot: err_user_not_exists_or_token_not_match
[2021-06-09T15:47:55.855] [DEBUG] logDebug.js - kapotot: err_user_not_exists_or_token_not_match
[2021-06-09T15:47:56.170] [DEBUG] logDebug.js - kapotot: err_user_not_exists_or_token_not_match
[2021-06-09T15:47:56.254] [DEBUG] logDebug.js - kapotot: err_user_not_exists_or_token_not_match
[2021-06-09T15:47:56.346] [DEBUG] logDebug.js - kapotot: err_user_not_exists_or_token_not_match
[2021-06-09T15:47:56.422] [DEBUG] logDebug.js - kapotot: err_user_not_exists_or_token_not_match
[2021-06-09T15:47:56.497] [DEBUG] logDebug.js - kapotot: err_user_not_exists_or_token_not_match
[2021-06-09T15:47:56.606] [DEBUG] logDebug.js - kapotot: err_user_not_exists_or_token_not_match
[2021-06-09T15:47:56.683] [DEBUG] logDebug.js - kapotot: err_user_not_exists_or_token_not_match
[2021-06-09T15:47:56.760] [DEBUG] logDebug.js - kapotot: err_user_not_exists_or_token_not_match
[2021-06-09T15:47:56.853] [DEBUG] logDebug.js - kapotot: err_user_not_exists_or_token_not_match
[2021-06-09T15:47:56.934] [DEBUG] logDebug.js - kapotot: err_user_not_exists_or_token_not_match
[2021-06-09T15:47:57.015] [DEBUG] logDebug.js - kapotot: err_user_not_exists_or_token_not_match
[2021-06-09T15:47:57.097] [DEBUG] logDebug.js - kapotot: err_user_not_exists_or_token_not_match
[2021-06-09T15:47:57.180] [DEBUG] logDebug.js - kapotot: err_user_not_exists_or_token_not_match
[2021-06-09T15:47:57.265] [DEBUG] logDebug.js - kapotot: err_user_not_exists_or_token_not_match
[2021-06-09T15:47:57.342] [DEBUG] logDebug.js - kapotot: err_user_not_exists_or_token_not_match
[2021-06-09T15:47:57.418] [DEBUG] logDebug.js - kapotot: err_user_not_exists_or_token_not_match
[2021-06-09T15:47:57.500] [DEBUG] logDebug.js - kapotot: err_user_not_exists_or_token_not_match
[2021-06-09T15:47:57.631] [DEBUG] logDebug.js - kapotot: err_user_not_exists_or_token_not_match
[2021-06-09T15:47:57.803] [DEBUG] logDebug.js - kapotot: err_user_not_exists_or_token_not_match
[2021-06-09T15:47:58.138] [DEBUG] logDebug.js - kapotot: err_user_not_exists_or_token_not_match
[2021-06-09T15:47:58.401] [DEBUG] logDebug.js - kapotot: err_user_not_exists_or_token_not_match
[2021-06-09T15:47:58.521] [DEBUG] logDebug.js - kapotot: err_user_not_exists_or_token_not_match
[2021-06-09T15:47:58.758] [DEBUG] logDebug.js - kapotot: err_user_not_exists_or_token_not_match
[2021-06-09T15:47:58.951] [DEBUG] logDebug.js - kapotot: err_user_not_exists_or_token_not_match
[2021-06-09T15:47:59.089] [DEBUG] logDebug.js - kapotot: err_user_not_exists_or_token_not_match
[2021-06-09T15:47:59.184] [DEBUG] logDebug.js - kapotot: err_user_not_exists_or_token_not_match
[2021-06-09T15:47:59.301] [DEBUG] logDebug.js - kapotot: err_user_not_exists_or_token_not_match
[2021-06-09T15:47:59.604] [DEBUG] logDebug.js - kapotot: err_user_not_exists_or_token_not_match
[2021-06-09T15:47:59.752] [DEBUG] logDebug.js - kapotot: err_user_not_exists_or_token_not_match
[2021-06-09T15:47:59.868] [DEBUG] logDebug.js - kapotot: err_user_not_exists_or_token_not_match
[2021-06-09T15:48:00.062] [DEBUG] logDebug.js - kapotot: err_user_not_exists_or_token_not_match
[2021-06-09T15:48:00.191] [DEBUG] logDebug.js - kapotot: err_user_not_exists_or_token_not_match
[2021-06-09T15:48:00.304] [DEBUG] logDebug.js - kapotot: err_user_not_exists_or_token_not_match
[2021-06-09T15:48:00.391] [DEBUG] logDebug.js - kapotot: err_user_not_exists_or_token_not_match
[2021-06-09T15:48:00.482] [DEBUG] logDebug.js - kapotot: err_user_not_exists_or_token_not_match
[2021-06-09T15:48:00.567] [DEBUG] logDebug.js - kapotot: err_user_not_exists_or_token_not_match
[2021-06-09T15:48:00.656] [DEBUG] logDebug.js - kapotot: err_user_not_exists_or_token_not_match
[2021-06-09T15:48:00.831] [DEBUG] logDebug.js - kapotot: err_user_not_exists_or_token_not_match
[2021-06-09T15:48:00.929] [DEBUG] logDebug.js - kapotot: err_user_not_exists_or_token_not_match
[2021-06-09T15:48:01.033] [DEBUG] logDebug.js - kapotot: err_user_not_exists_or_token_not_match
[2021-06-09T15:48:01.202] [DEBUG] logDebug.js - kapotot: err_user_not_exists_or_token_not_match
[2021-06-09T15:48:01.288] [DEBUG] logDebug.js - kapotot: err_user_not_exists_or_token_not_match
[2021-06-09T15:48:01.364] [DEBUG] logDebug.js - kapotot: err_user_not_exists_or_token_not_match
[2021-06-09T15:48:01.440] [DEBUG] logDebug.js - kapotot: err_user_not_exists_or_token_not_match
[2021-06-09T15:48:01.517] [DEBUG] logDebug.js - kapotot: err_user_not_exists_or_token_not_match
[2021-06-09T15:48:01.610] [DEBUG] logDebug.js - kapotot: err_user_not_exists_or_token_not_match
[2021-06-09T15:48:01.686] [DEBUG] logDebug.js - kapotot: err_user_not_exists_or_token_not_match
[2021-06-09T15:48:01.764] [DEBUG] logDebug.js - kapotot: err_user_not_exists_or_token_not_match
[2021-06-09T15:48:01.858] [DEBUG] logDebug.js - kapotot: err_user_not_exists_or_token_not_match
[2021-06-09T15:48:01.939] [DEBUG] logDebug.js - kapotot: err_user_not_exists_or_token_not_match
[2021-06-09T15:48:02.015] [DEBUG] logDebug.js - kapotot: err_user_not_exists_or_token_not_match
[2021-06-09T15:48:02.090] [DEBUG] logDebug.js - kapotot: err_user_not_exists_or_token_not_match
[2021-06-09T15:48:02.168] [DEBUG] logDebug.js - kapotot: err_user_not_exists_or_token_not_match
[2021-06-09T15:48:02.245] [DEBUG] logDebug.js - kapotot: err_user_not_exists_or_token_not_match
[2021-06-09T15:48:02.320] [DEBUG] logDebug.js - kapotot: err_user_not_exists_or_token_not_match
[2021-06-09T15:48:02.395] [DEBUG] logDebug.js - kapotot: err_user_not_exists_or_token_not_match
[2021-06-09T15:48:02.470] [DEBUG] logDebug.js - kapotot: err_user_not_exists_or_token_not_match
[2021-06-09T15:48:02.550] [DEBUG] logDebug.js - kapotot: err_user_not_exists_or_token_not_match
[2021-06-09T15:48:02.627] [DEBUG] logDebug.js - kapotot: err_user_not_exists_or_token_not_match
[2021-06-09T15:48:02.706] [DEBUG] logDebug.js - kapotot: err_user_not_exists_or_token_not_match
[2021-06-09T15:48:02.787] [DEBUG] logDebug.js - kapotot: err_user_not_exists_or_token_not_match
[2021-06-09T15:48:02.867] [DEBUG] logDebug.js - kapotot: err_user_not_exists_or_token_not_match
[2021-06-09T15:48:02.941] [DEBUG] logDebug.js - kapotot: err_user_not_exists_or_token_not_match
[2021-06-09T15:48:03.022] [DEBUG] logDebug.js - kapotot: err_user_not_exists_or_token_not_match
[2021-06-09T15:48:03.105] [DEBUG] logDebug.js - kapotot: err_user_not_exists_or_token_not_match
[2021-06-09T15:48:03.182] [DEBUG] logDebug.js - kapotot: err_user_not_exists_or_token_not_match
[2021-06-09T15:48:03.257] [DEBUG] logDebug.js - kapotot: err_user_not_exists_or_token_not_match
[2021-06-09T15:48:03.334] [DEBUG] logDebug.js - kapotot: err_user_not_exists_or_token_not_match
[2021-06-09T15:48:03.415] [DEBUG] logDebug.js - kapotot: err_user_not_exists_or_token_not_match
[2021-06-09T15:48:03.489] [DEBUG] logDebug.js - kapotot: err_user_not_exists_or_token_not_match
[2021-06-09T15:48:03.564] [DEBUG] logDebug.js - kapotot: err_user_not_exists_or_token_not_match
[2021-06-09T15:48:03.641] [DEBUG] logDebug.js - kapotot: err_user_not_exists_or_token_not_match
[2021-06-09T15:48:03.722] [DEBUG] logDebug.js - kapotot: err_user_not_exists_or_token_not_match
[2021-06-09T15:48:03.803] [DEBUG] logDebug.js - kapotot: err_user_not_exists_or_token_not_match
[2021-06-09T15:48:03.882] [DEBUG] logDebug.js - kapotot: err_user_not_exists_or_token_not_match
[2021-06-09T15:48:03.970] [DEBUG] logDebug.js - kapotot: err_user_not_exists_or_token_not_match
[2021-06-09T15:48:04.044] [DEBUG] logDebug.js - kapotot: err_user_not_exists_or_token_not_match
[2021-06-09T15:48:04.123] [DEBUG] logDebug.js - kapotot: err_user_not_exists_or_token_not_match
[2021-06-09T15:48:04.216] [DEBUG] logDebug.js - kapotot: err_user_not_exists_or_token_not_match
[2021-06-09T15:48:04.298] [DEBUG] logDebug.js - kapotot: err_user_not_exists_or_token_not_match
[2021-06-09T15:48:04.376] [DEBUG] logDebug.js - kapotot: err_user_not_exists_or_token_not_match
[2021-06-09T15:48:04.458] [DEBUG] logDebug.js - kapotot: err_user_not_exists_or_token_not_match
[2021-06-09T15:48:04.534] [DEBUG] logDebug.js - kapotot: err_user_not_exists_or_token_not_match
[2021-06-09T15:48:04.608] [DEBUG] logDebug.js - kapotot: err_user_not_exists_or_token_not_match
[2021-06-09T15:48:04.685] [DEBUG] logDebug.js - kapotot: err_user_not_exists_or_token_not_match
[2021-06-09T15:48:04.770] [DEBUG] logDebug.js - kapotot: err_user_not_exists_or_token_not_match
[2021-06-09T15:48:04.852] [DEBUG] logDebug.js - kapotot: err_user_not_exists_or_token_not_match
[2021-06-09T15:48:04.931] [DEBUG] logDebug.js - kapotot: err_user_not_exists_or_token_not_match
[2021-06-09T15:48:05.009] [DEBUG] logDebug.js - kapotot: err_user_not_exists_or_token_not_match
[2021-06-09T15:48:05.093] [DEBUG] logDebug.js - kapotot: err_user_not_exists_or_token_not_match
[2021-06-09T15:48:05.170] [DEBUG] logDebug.js - kapotot: err_user_not_exists_or_token_not_match
[2021-06-09T15:48:05.250] [DEBUG] logDebug.js - kapotot: err_user_not_exists_or_token_not_match
[2021-06-09T15:48:05.329] [DEBUG] logDebug.js - kapotot: err_user_not_exists_or_token_not_match
[2021-06-09T15:48:05.406] [DEBUG] logDebug.js - kapotot: err_user_not_exists_or_token_not_match
[2021-06-09T15:48:05.481] [DEBUG] logDebug.js - kapotot: err_user_not_exists_or_token_not_match
[2021-06-09T15:48:05.558] [DEBUG] logDebug.js - kapotot: err_user_not_exists_or_token_not_match
[2021-06-09T15:48:05.637] [DEBUG] logDebug.js - kapotot: err_user_not_exists_or_token_not_match
[2021-06-09T15:48:05.721] [DEBUG] logDebug.js - kapotot: err_user_not_exists_or_token_not_match
[2021-06-09T15:48:05.798] [DEBUG] logDebug.js - kapotot: err_user_not_exists_or_token_not_match
[2021-06-09T15:48:05.876] [DEBUG] logDebug.js - kapotot: err_user_not_exists_or_token_not_match
[2021-06-09T15:48:05.963] [DEBUG] logDebug.js - kapotot: err_user_not_exists_or_token_not_match
[2021-06-09T15:48:06.039] [DEBUG] logDebug.js - kapotot: err_user_not_exists_or_token_not_match
[2021-06-09T15:48:06.114] [DEBUG] logDebug.js - kapotot: err_user_not_exists_or_token_not_match
[2021-06-09T15:48:06.193] [DEBUG] logDebug.js - kapotot: err_user_not_exists_or_token_not_match
[2021-06-09T15:48:06.292] [DEBUG] logDebug.js - kapotot: err_user_not_exists_or_token_not_match
[2021-06-09T15:48:06.393] [DEBUG] logDebug.js - kapotot: err_user_not_exists_or_token_not_match
[2021-06-09T15:48:06.478] [DEBUG] logDebug.js - kapotot: err_user_not_exists_or_token_not_match
[2021-06-09T15:48:06.577] [DEBUG] logDebug.js - kapotot: err_user_not_exists_or_token_not_match
[2021-06-09T15:48:06.676] [DEBUG] logDebug.js - kapotot: err_user_not_exists_or_token_not_match
[2021-06-09T15:48:06.790] [DEBUG] logDebug.js - kapotot: err_user_not_exists_or_token_not_match
[2021-06-09T15:48:06.887] [DEBUG] logDebug.js - kapotot: err_user_not_exists_or_token_not_match
[2021-06-09T15:48:06.990] [DEBUG] logDebug.js - kapotot: err_user_not_exists_or_token_not_match
[2021-06-09T15:48:07.086] [DEBUG] logDebug.js - kapotot: err_user_not_exists_or_token_not_match
[2021-06-09T15:48:07.186] [DEBUG] logDebug.js - kapotot: err_user_not_exists_or_token_not_match
[2021-06-09T15:48:07.268] [DEBUG] logDebug.js - kapotot: err_user_not_exists_or_token_not_match
[2021-06-09T15:48:07.363] [DEBUG] logDebug.js - kapotot: err_user_not_exists_or_token_not_match
[2021-06-09T15:48:07.473] [DEBUG] logDebug.js - kapotot: err_user_not_exists_or_token_not_match
[2021-06-09T15:48:07.574] [DEBUG] logDebug.js - kapotot: err_user_not_exists_or_token_not_match
[2021-06-09T15:48:07.662] [DEBUG] logDebug.js - kapotot: err_user_not_exists_or_token_not_match
[2021-06-09T15:48:07.801] [DEBUG] logDebug.js - kapotot: err_user_not_exists_or_token_not_match
[2021-06-09T15:48:07.922] [DEBUG] logDebug.js - kapotot: err_user_not_exists_or_token_not_match
[2021-06-09T15:48:08.010] [DEBUG] logDebug.js - kapotot: err_user_not_exists_or_token_not_match
[2021-06-09T15:48:08.110] [DEBUG] logDebug.js - kapotot: err_user_not_exists_or_token_not_match
[2021-06-09T15:48:08.190] [DEBUG] logDebug.js - kapotot: err_user_not_exists_or_token_not_match
[2021-06-09T15:48:08.274] [DEBUG] logDebug.js - kapotot: err_user_not_exists_or_token_not_match
[2021-06-09T15:48:08.350] [DEBUG] logDebug.js - kapotot: err_user_not_exists_or_token_not_match
[2021-06-09T15:48:08.430] [DEBUG] logDebug.js - kapotot: err_user_not_exists_or_token_not_match
[2021-06-09T15:48:08.506] [DEBUG] logDebug.js - kapotot: err_user_not_exists_or_token_not_match
[2021-06-09T15:48:08.590] [DEBUG] logDebug.js - kapotot: err_user_not_exists_or_token_not_match
[2021-06-09T15:48:08.666] [DEBUG] logDebug.js - kapotot: err_user_not_exists_or_token_not_match
[2021-06-09T15:48:08.744] [DEBUG] logDebug.js - kapotot: err_user_not_exists_or_token_not_match
[2021-06-09T15:48:08.820] [DEBUG] logDebug.js - kapotot: err_user_not_exists_or_token_not_match
[2021-06-09T15:48:08.903] [DEBUG] logDebug.js - kapotot: err_user_not_exists_or_token_not_match
[2021-06-09T15:48:08.984] [DEBUG] logDebug.js - kapotot: err_user_not_exists_or_token_not_match
[2021-06-09T15:48:09.066] [DEBUG] logDebug.js - kapotot: err_user_not_exists_or_token_not_match
[2021-06-09T15:48:09.142] [DEBUG] logDebug.js - kapotot: err_user_not_exists_or_token_not_match
[2021-06-09T15:48:09.221] [DEBUG] logDebug.js - kapotot: err_user_not_exists_or_token_not_match
[2021-06-09T15:48:09.299] [DEBUG] logDebug.js - kapotot: err_user_not_exists_or_token_not_match
[2021-06-09T15:48:09.374] [DEBUG] logDebug.js - kapotot: err_user_not_exists_or_token_not_match
[2021-06-09T15:48:09.453] [DEBUG] logDebug.js - kapotot: err_user_not_exists_or_token_not_match
[2021-06-09T15:48:09.531] [DEBUG] logDebug.js - kapotot: err_user_not_exists_or_token_not_match
[2021-06-09T15:48:09.609] [DEBUG] logDebug.js - kapotot: err_user_not_exists_or_token_not_match
[2021-06-09T15:48:09.698] [DEBUG] logDebug.js - kapotot: err_user_not_exists_or_token_not_match
[2021-06-09T15:48:09.778] [DEBUG] logDebug.js - kapotot: err_user_not_exists_or_token_not_match
[2021-06-09T15:48:09.860] [DEBUG] logDebug.js - kapotot: err_user_not_exists_or_token_not_match
[2021-06-09T15:48:09.942] [DEBUG] logDebug.js - kapotot: err_user_not_exists_or_token_not_match
[2021-06-09T15:48:10.022] [DEBUG] logDebug.js - kapotot: err_user_not_exists_or_token_not_match
[2021-06-09T15:48:10.106] [DEBUG] logDebug.js - kapotot: err_user_not_exists_or_token_not_match
[2021-06-09T15:48:10.190] [DEBUG] logDebug.js - kapotot: err_user_not_exists_or_token_not_match
[2021-06-09T15:48:10.267] [DEBUG] logDebug.js - kapotot: err_user_not_exists_or_token_not_match
[2021-06-09T15:48:10.340] [DEBUG] logDebug.js - kapotot: err_user_not_exists_or_token_not_match
[2021-06-09T15:48:10.416] [DEBUG] logDebug.js - kapotot: err_user_not_exists_or_token_not_match
[2021-06-09T15:48:10.497] [DEBUG] logDebug.js - kapotot: err_user_not_exists_or_token_not_match
[2021-06-09T15:48:10.579] [DEBUG] logDebug.js - kapotot: err_user_not_exists_or_token_not_match
[2021-06-09T15:48:10.662] [DEBUG] logDebug.js - kapotot: err_user_not_exists_or_token_not_match
[2021-06-09T15:48:10.738] [DEBUG] logDebug.js - kapotot: err_user_not_exists_or_token_not_match
[2021-06-09T15:48:10.821] [DEBUG] logDebug.js - kapotot: err_user_not_exists_or_token_not_match
[2021-06-09T15:48:10.900] [DEBUG] logDebug.js - kapotot: err_user_not_exists_or_token_not_match
[2021-06-09T15:48:10.977] [DEBUG] logDebug.js - kapotot: err_user_not_exists_or_token_not_match
[2021-06-09T15:48:11.066] [DEBUG] logDebug.js - kapotot: err_user_not_exists_or_token_not_match
[2021-06-09T15:48:11.148] [DEBUG] logDebug.js - kapotot: err_user_not_exists_or_token_not_match
[2021-06-09T15:48:11.220] [DEBUG] logDebug.js - kapotot: err_user_not_exists_or_token_not_match
[2021-06-09T15:48:11.299] [DEBUG] logDebug.js - kapotot: err_user_not_exists_or_token_not_match
[2021-06-09T15:48:11.379] [DEBUG] logDebug.js - kapotot: err_user_not_exists_or_token_not_match
[2021-06-09T15:48:11.456] [DEBUG] logDebug.js - kapotot: err_user_not_exists_or_token_not_match
[2021-06-09T15:48:11.540] [DEBUG] logDebug.js - kapotot: err_user_not_exists_or_token_not_match
[2021-06-09T15:48:11.618] [DEBUG] logDebug.js - kapotot: err_user_not_exists_or_token_not_match
[2021-06-09T15:48:11.699] [DEBUG] logDebug.js - kapotot: err_user_not_exists_or_token_not_match
[2021-06-09T15:48:11.782] [DEBUG] logDebug.js - kapotot: err_user_not_exists_or_token_not_match
[2021-06-09T15:48:11.859] [DEBUG] logDebug.js - kapotot: err_user_not_exists_or_token_not_match
[2021-06-09T15:48:11.938] [DEBUG] logDebug.js - kapotot: err_user_not_exists_or_token_not_match
[2021-06-09T15:48:12.019] [DEBUG] logDebug.js - kapotot: err_user_not_exists_or_token_not_match
[2021-06-09T15:48:12.106] [DEBUG] logDebug.js - kapotot: err_user_not_exists_or_token_not_match
[2021-06-09T15:48:12.189] [DEBUG] logDebug.js - kapotot: err_user_not_exists_or_token_not_match
[2021-06-09T15:48:12.267] [DEBUG] logDebug.js - kapotot: err_user_not_exists_or_token_not_match
[2021-06-09T15:48:12.348] [DEBUG] logDebug.js - kapotot: err_user_not_exists_or_token_not_match
[2021-06-09T15:48:12.425] [DEBUG] logDebug.js - kapotot: err_user_not_exists_or_token_not_match
[2021-06-09T15:48:12.513] [DEBUG] logDebug.js - kapotot: err_user_not_exists_or_token_not_match
[2021-06-09T15:48:12.590] [DEBUG] logDebug.js - kapotot: err_user_not_exists_or_token_not_match
[2021-06-09T15:48:12.671] [DEBUG] logDebug.js - kapotot: err_user_not_exists_or_token_not_match
[2021-06-09T15:48:12.781] [DEBUG] logDebug.js - kapotot: err_user_not_exists_or_token_not_match
[2021-06-09T15:48:12.859] [DEBUG] logDebug.js - kapotot: err_user_not_exists_or_token_not_match
[2021-06-09T15:48:12.970] [DEBUG] logDebug.js - kapotot: err_user_not_exists_or_token_not_match
[2021-06-09T15:48:13.073] [DEBUG] logDebug.js - kapotot: err_user_not_exists_or_token_not_match
[2021-06-09T15:48:13.164] [DEBUG] logDebug.js - kapotot: err_user_not_exists_or_token_not_match
[2021-06-09T15:48:13.258] [DEBUG] logDebug.js - kapotot: err_user_not_exists_or_token_not_match
[2021-06-09T15:48:13.349] [DEBUG] logDebug.js - kapotot: err_user_not_exists_or_token_not_match
[2021-06-09T15:48:13.437] [DEBUG] logDebug.js - kapotot: err_user_not_exists_or_token_not_match
[2021-06-09T15:48:13.538] [DEBUG] logDebug.js - kapotot: err_user_not_exists_or_token_not_match
[2021-06-09T15:48:13.672] [DEBUG] logDebug.js - kapotot: err_user_not_exists_or_token_not_match
[2021-06-09T15:48:13.931] [DEBUG] logDebug.js - kapotot: err_user_not_exists_or_token_not_match
[2021-06-09T15:48:14.119] [DEBUG] logDebug.js - kapotot: err_user_not_exists_or_token_not_match
[2021-06-09T15:48:14.222] [DEBUG] logDebug.js - kapotot: err_user_not_exists_or_token_not_match
[2021-06-09T15:48:14.342] [DEBUG] logDebug.js - kapotot: err_user_not_exists_or_token_not_match
[2021-06-09T15:48:14.425] [DEBUG] logDebug.js - kapotot: err_user_not_exists_or_token_not_match
[2021-06-09T15:48:14.522] [DEBUG] logDebug.js - kapotot: err_user_not_exists_or_token_not_match
[2021-06-09T15:48:14.616] [DEBUG] logDebug.js - kapotot: err_user_not_exists_or_token_not_match
[2021-06-09T15:48:14.696] [DEBUG] logDebug.js - kapotot: err_user_not_exists_or_token_not_match
[2021-06-09T15:48:14.781] [DEBUG] logDebug.js - kapotot: err_user_not_exists_or_token_not_match
[2021-06-09T15:48:14.882] [DEBUG] logDebug.js - kapotot: err_user_not_exists_or_token_not_match
[2021-06-09T15:48:15.062] [DEBUG] logDebug.js - kapotot: err_user_not_exists_or_token_not_match
[2021-06-09T15:48:15.258] [DEBUG] logDebug.js - kapotot: err_user_not_exists_or_token_not_match
[2021-06-09T15:48:15.339] [DEBUG] logDebug.js - kapotot: err_user_not_exists_or_token_not_match
[2021-06-09T15:48:15.423] [DEBUG] logDebug.js - kapotot: err_user_not_exists_or_token_not_match
[2021-06-09T15:48:15.503] [DEBUG] logDebug.js - kapotot: err_user_not_exists_or_token_not_match
[2021-06-09T15:48:15.598] [DEBUG] logDebug.js - kapotot: err_user_not_exists_or_token_not_match
[2021-06-09T15:48:15.685] [DEBUG] logDebug.js - kapotot: err_user_not_exists_or_token_not_match
[2021-06-09T15:48:15.872] [DEBUG] logDebug.js - kapotot: err_user_not_exists_or_token_not_match
[2021-06-09T15:48:16.082] [DEBUG] logDebug.js - kapotot: err_user_not_exists_or_token_not_match
[2021-06-09T15:48:16.157] [DEBUG] logDebug.js - kapotot: err_user_not_exists_or_token_not_match
[2021-06-09T15:48:16.231] [DEBUG] logDebug.js - kapotot: err_user_not_exists_or_token_not_match
[2021-06-09T15:48:16.308] [DEBUG] logDebug.js - kapotot: err_user_not_exists_or_token_not_match
[2021-06-09T15:48:16.384] [DEBUG] logDebug.js - kapotot: err_user_not_exists_or_token_not_match
[2021-06-09T15:48:16.464] [DEBUG] logDebug.js - kapotot: err_user_not_exists_or_token_not_match
[2021-06-09T15:48:16.546] [DEBUG] logDebug.js - kapotot: err_user_not_exists_or_token_not_match
[2021-06-09T15:48:16.630] [DEBUG] logDebug.js - kapotot: err_user_not_exists_or_token_not_match
[2021-06-09T15:48:16.734] [DEBUG] logDebug.js - kapotot: err_user_not_exists_or_token_not_match
[2021-06-09T15:48:16.817] [DEBUG] logDebug.js - kapotot: err_user_not_exists_or_token_not_match
[2021-06-09T15:48:16.897] [DEBUG] logDebug.js - kapotot: err_user_not_exists_or_token_not_match
[2021-06-09T15:48:17.017] [DEBUG] logDebug.js - kapotot: err_user_not_exists_or_token_not_match
[2021-06-09T15:48:17.119] [DEBUG] logDebug.js - kapotot: err_user_not_exists_or_token_not_match
[2021-06-09T15:48:17.198] [DEBUG] logDebug.js - kapotot: err_user_not_exists_or_token_not_match
[2021-06-09T15:48:17.277] [DEBUG] logDebug.js - kapotot: err_user_not_exists_or_token_not_match
[2021-06-09T15:48:17.360] [DEBUG] logDebug.js - kapotot: err_user_not_exists_or_token_not_match
[2021-06-09T15:48:17.450] [DEBUG] logDebug.js - kapotot: err_user_not_exists_or_token_not_match
[2021-06-09T15:48:17.534] [DEBUG] logDebug.js - kapotot: err_user_not_exists_or_token_not_match
[2021-06-09T15:48:17.650] [DEBUG] logDebug.js - kapotot: err_user_not_exists_or_token_not_match
[2021-06-09T15:48:17.731] [DEBUG] logDebug.js - kapotot: err_user_not_exists_or_token_not_match
[2021-06-09T15:48:17.811] [DEBUG] logDebug.js - kapotot: err_user_not_exists_or_token_not_match
[2021-06-09T15:48:17.890] [DEBUG] logDebug.js - kapotot: err_user_not_exists_or_token_not_match
[2021-06-09T15:48:18.000] [DEBUG] logDebug.js - kapotot: err_user_not_exists_or_token_not_match
[2021-06-09T15:48:18.080] [DEBUG] logDebug.js - kapotot: err_user_not_exists_or_token_not_match
[2021-06-09T15:48:18.157] [DEBUG] logDebug.js - kapotot: err_user_not_exists_or_token_not_match
[2021-06-09T15:48:18.236] [DEBUG] logDebug.js - kapotot: err_user_not_exists_or_token_not_match
[2021-06-09T15:48:18.317] [DEBUG] logDebug.js - kapotot: err_user_not_exists_or_token_not_match
[2021-06-09T15:48:18.393] [DEBUG] logDebug.js - kapotot: err_user_not_exists_or_token_not_match
[2021-06-09T15:48:18.469] [DEBUG] logDebug.js - kapotot: err_user_not_exists_or_token_not_match
[2021-06-09T15:48:18.546] [DEBUG] logDebug.js - kapotot: err_user_not_exists_or_token_not_match
[2021-06-09T15:48:18.630] [DEBUG] logDebug.js - kapotot: err_user_not_exists_or_token_not_match
[2021-06-09T15:48:18.713] [DEBUG] logDebug.js - kapotot: err_user_not_exists_or_token_not_match
[2021-06-09T15:48:18.796] [DEBUG] logDebug.js - kapotot: err_user_not_exists_or_token_not_match
[2021-06-09T15:48:18.872] [DEBUG] logDebug.js - kapotot: err_user_not_exists_or_token_not_match
[2021-06-09T15:48:18.966] [DEBUG] logDebug.js - kapotot: err_user_not_exists_or_token_not_match
[2021-06-09T15:48:19.071] [DEBUG] logDebug.js - kapotot: err_user_not_exists_or_token_not_match
[2021-06-09T15:48:19.157] [DEBUG] logDebug.js - kapotot: err_user_not_exists_or_token_not_match
[2021-06-09T15:48:19.244] [DEBUG] logDebug.js - kapotot: err_user_not_exists_or_token_not_match
[2021-06-09T15:48:19.324] [DEBUG] logDebug.js - kapotot: err_user_not_exists_or_token_not_match
[2021-06-09T15:48:19.408] [DEBUG] logDebug.js - kapotot: err_user_not_exists_or_token_not_match
[2021-06-09T15:48:19.485] [DEBUG] logDebug.js - kapotot: err_user_not_exists_or_token_not_match
[2021-06-09T15:48:19.569] [DEBUG] logDebug.js - kapotot: err_user_not_exists_or_token_not_match
[2021-06-09T15:48:19.652] [DEBUG] logDebug.js - kapotot: err_user_not_exists_or_token_not_match
[2021-06-09T15:48:19.769] [DEBUG] logDebug.js - kapotot: err_user_not_exists_or_token_not_match
[2021-06-09T15:48:19.857] [DEBUG] logDebug.js - kapotot: err_user_not_exists_or_token_not_match
[2021-06-09T15:48:19.937] [DEBUG] logDebug.js - kapotot: err_user_not_exists_or_token_not_match
[2021-06-09T15:48:20.015] [DEBUG] logDebug.js - kapotot: err_user_not_exists_or_token_not_match
[2021-06-09T15:48:20.091] [DEBUG] logDebug.js - kapotot: err_user_not_exists_or_token_not_match
[2021-06-09T15:48:20.172] [DEBUG] logDebug.js - kapotot: err_user_not_exists_or_token_not_match
[2021-06-09T15:48:20.257] [DEBUG] logDebug.js - kapotot: err_user_not_exists_or_token_not_match
[2021-06-09T15:48:20.335] [DEBUG] logDebug.js - kapotot: err_user_not_exists_or_token_not_match
[2021-06-09T15:48:20.413] [DEBUG] logDebug.js - kapotot: err_user_not_exists_or_token_not_match
[2021-06-09T15:48:20.491] [DEBUG] logDebug.js - kapotot: err_user_not_exists_or_token_not_match
[2021-06-09T15:48:20.565] [DEBUG] logDebug.js - kapotot: err_user_not_exists_or_token_not_match
[2021-06-09T15:48:20.650] [DEBUG] logDebug.js - kapotot: err_user_not_exists_or_token_not_match
[2021-06-09T15:48:20.724] [DEBUG] logDebug.js - kapotot: err_user_not_exists_or_token_not_match
[2021-06-09T15:48:20.818] [DEBUG] logDebug.js - kapotot: err_user_not_exists_or_token_not_match
[2021-06-09T15:48:20.895] [DEBUG] logDebug.js - kapotot: err_user_not_exists_or_token_not_match
[2021-06-09T15:48:20.971] [DEBUG] logDebug.js - kapotot: err_user_not_exists_or_token_not_match
[2021-06-09T15:48:21.047] [DEBUG] logDebug.js - kapotot: err_user_not_exists_or_token_not_match
[2021-06-09T15:48:21.123] [DEBUG] logDebug.js - kapotot: err_user_not_exists_or_token_not_match
[2021-06-09T15:48:21.200] [DEBUG] logDebug.js - kapotot: err_user_not_exists_or_token_not_match
[2021-06-09T15:48:21.277] [DEBUG] logDebug.js - kapotot: err_user_not_exists_or_token_not_match
[2021-06-09T15:48:21.367] [DEBUG] logDebug.js - kapotot: err_user_not_exists_or_token_not_match
[2021-06-09T15:48:21.442] [DEBUG] logDebug.js - kapotot: err_user_not_exists_or_token_not_match
[2021-06-09T15:48:21.519] [DEBUG] logDebug.js - kapotot: err_user_not_exists_or_token_not_match
[2021-06-09T15:48:21.597] [DEBUG] logDebug.js - kapotot: err_user_not_exists_or_token_not_match
[2021-06-09T15:48:21.674] [DEBUG] logDebug.js - kapotot: err_user_not_exists_or_token_not_match
[2021-06-09T15:48:21.756] [DEBUG] logDebug.js - kapotot: err_user_not_exists_or_token_not_match
[2021-06-09T15:48:21.839] [DEBUG] logDebug.js - kapotot: err_user_not_exists_or_token_not_match
[2021-06-09T15:48:21.917] [DEBUG] logDebug.js - kapotot: err_user_not_exists_or_token_not_match
[2021-06-09T15:48:21.995] [DEBUG] logDebug.js - kapotot: err_user_not_exists_or_token_not_match
[2021-06-09T15:48:22.072] [DEBUG] logDebug.js - kapotot: err_user_not_exists_or_token_not_match
[2021-06-09T15:48:22.151] [DEBUG] logDebug.js - kapotot: err_user_not_exists_or_token_not_match
[2021-06-09T15:48:22.228] [DEBUG] logDebug.js - kapotot: err_user_not_exists_or_token_not_match
[2021-06-09T15:48:22.309] [DEBUG] logDebug.js - kapotot: err_user_not_exists_or_token_not_match
[2021-06-09T15:48:22.389] [DEBUG] logDebug.js - kapotot: err_user_not_exists_or_token_not_match
[2021-06-09T15:48:22.469] [DEBUG] logDebug.js - kapotot: err_user_not_exists_or_token_not_match
[2021-06-09T15:48:22.556] [DEBUG] logDebug.js - kapotot: err_user_not_exists_or_token_not_match
[2021-06-09T15:48:22.631] [DEBUG] logDebug.js - kapotot: err_user_not_exists_or_token_not_match
[2021-06-09T15:48:22.714] [DEBUG] logDebug.js - kapotot: err_user_not_exists_or_token_not_match
[2021-06-09T15:48:22.792] [DEBUG] logDebug.js - kapotot: err_user_not_exists_or_token_not_match
[2021-06-09T15:48:22.869] [DEBUG] logDebug.js - kapotot: err_user_not_exists_or_token_not_match
[2021-06-09T15:48:22.945] [DEBUG] logDebug.js - kapotot: err_user_not_exists_or_token_not_match
[2021-06-09T15:48:23.024] [DEBUG] logDebug.js - kapotot: err_user_not_exists_or_token_not_match
[2021-06-09T15:48:23.103] [DEBUG] logDebug.js - kapotot: err_user_not_exists_or_token_not_match
[2021-06-09T15:48:23.183] [DEBUG] logDebug.js - kapotot: err_user_not_exists_or_token_not_match
[2021-06-09T15:48:23.258] [DEBUG] logDebug.js - kapotot: err_user_not_exists_or_token_not_match
[2021-06-09T15:48:23.341] [DEBUG] logDebug.js - kapotot: err_user_not_exists_or_token_not_match
[2021-06-09T15:48:23.422] [DEBUG] logDebug.js - kapotot: err_user_not_exists_or_token_not_match
[2021-06-09T15:48:23.500] [DEBUG] logDebug.js - kapotot: err_user_not_exists_or_token_not_match
[2021-06-09T15:48:23.624] [DEBUG] logDebug.js - kapotot: err_user_not_exists_or_token_not_match
[2021-06-09T15:48:23.759] [DEBUG] logDebug.js - kapotot: err_user_not_exists_or_token_not_match
[2021-06-09T15:48:23.859] [DEBUG] logDebug.js - kapotot: err_user_not_exists_or_token_not_match
[2021-06-09T15:48:23.943] [DEBUG] logDebug.js - kapotot: err_user_not_exists_or_token_not_match
[2021-06-09T15:48:24.023] [DEBUG] logDebug.js - kapotot: err_user_not_exists_or_token_not_match
[2021-06-09T15:48:24.102] [DEBUG] logDebug.js - kapotot: err_user_not_exists_or_token_not_match
[2021-06-09T15:48:24.232] [DEBUG] logDebug.js - kapotot: err_user_not_exists_or_token_not_match
[2021-06-09T15:48:24.316] [DEBUG] logDebug.js - kapotot: err_user_not_exists_or_token_not_match
[2021-06-09T15:48:24.401] [DEBUG] logDebug.js - kapotot: err_user_not_exists_or_token_not_match
[2021-06-09T15:48:24.478] [DEBUG] logDebug.js - kapotot: err_user_not_exists_or_token_not_match
[2021-06-09T15:48:24.554] [DEBUG] logDebug.js - kapotot: err_user_not_exists_or_token_not_match
[2021-06-09T15:48:24.626] [DEBUG] logDebug.js - kapotot: err_user_not_exists_or_token_not_match
[2021-06-09T15:48:24.813] [DEBUG] logDebug.js - kapotot: err_user_not_exists_or_token_not_match
[2021-06-09T15:48:24.908] [DEBUG] logDebug.js - kapotot: err_user_not_exists_or_token_not_match
[2021-06-09T15:48:25.038] [DEBUG] logDebug.js - kapotot: err_user_not_exists_or_token_not_match
[2021-06-09T15:48:25.134] [DEBUG] logDebug.js - kapotot: err_user_not_exists_or_token_not_match
[2021-06-09T15:48:25.219] [DEBUG] logDebug.js - kapotot: err_user_not_exists_or_token_not_match
[2021-06-09T15:48:25.305] [DEBUG] logDebug.js - kapotot: err_user_not_exists_or_token_not_match
[2021-06-09T15:48:25.403] [DEBUG] logDebug.js - kapotot: err_user_not_exists_or_token_not_match
[2021-06-09T15:48:25.483] [DEBUG] logDebug.js - kapotot: err_user_not_exists_or_token_not_match
[2021-06-09T15:48:25.593] [DEBUG] logDebug.js - kapotot: err_user_not_exists_or_token_not_match
[2021-06-09T15:48:25.690] [DEBUG] logDebug.js - kapotot: err_user_not_exists_or_token_not_match
[2021-06-09T15:48:25.804] [DEBUG] logDebug.js - kapotot: err_user_not_exists_or_token_not_match
[2021-06-09T15:48:25.929] [DEBUG] logDebug.js - kapotot: err_user_not_exists_or_token_not_match
[2021-06-09T15:48:26.061] [DEBUG] logDebug.js - kapotot: err_user_not_exists_or_token_not_match
[2021-06-09T15:48:26.155] [DEBUG] logDebug.js - kapotot: err_user_not_exists_or_token_not_match
[2021-06-09T15:48:26.427] [DEBUG] logDebug.js - kapotot: err_user_not_exists_or_token_not_match
[2021-06-09T15:48:26.537] [DEBUG] logDebug.js - kapotot: err_user_not_exists_or_token_not_match
[2021-06-09T15:48:26.623] [DEBUG] logDebug.js - kapotot: err_user_not_exists_or_token_not_match
[2021-06-09T15:48:26.715] [DEBUG] logDebug.js - kapotot: err_user_not_exists_or_token_not_match
[2021-06-09T15:48:26.794] [DEBUG] logDebug.js - kapotot: err_user_not_exists_or_token_not_match
[2021-06-09T15:48:26.897] [DEBUG] logDebug.js - kapotot: err_user_not_exists_or_token_not_match
[2021-06-09T15:48:26.981] [DEBUG] logDebug.js - kapotot: err_user_not_exists_or_token_not_match
[2021-06-09T15:48:27.067] [DEBUG] logDebug.js - kapotot: err_user_not_exists_or_token_not_match
[2021-06-09T15:48:27.140] [DEBUG] logDebug.js - kapotot: err_user_not_exists_or_token_not_match
[2021-06-09T15:48:27.218] [DEBUG] logDebug.js - kapotot: err_user_not_exists_or_token_not_match
[2021-06-09T15:48:27.294] [DEBUG] logDebug.js - kapotot: err_user_not_exists_or_token_not_match
[2021-06-09T15:48:27.368] [DEBUG] logDebug.js - kapotot: err_user_not_exists_or_token_not_match
[2021-06-09T15:48:27.447] [DEBUG] logDebug.js - kapotot: err_user_not_exists_or_token_not_match
[2021-06-09T15:48:27.533] [DEBUG] logDebug.js - kapotot: err_user_not_exists_or_token_not_match
[2021-06-09T15:48:27.631] [DEBUG] logDebug.js - kapotot: err_user_not_exists_or_token_not_match
[2021-06-09T15:48:27.781] [DEBUG] logDebug.js - kapotot: err_user_not_exists_or_token_not_match
[2021-06-09T15:48:28.142] [DEBUG] logDebug.js - kapotot: err_user_not_exists_or_token_not_match
[2021-06-09T15:48:28.220] [DEBUG] logDebug.js - kapotot: err_user_not_exists_or_token_not_match
[2021-06-09T15:48:28.300] [DEBUG] logDebug.js - kapotot: err_user_not_exists_or_token_not_match
[2021-06-09T15:48:28.374] [DEBUG] logDebug.js - kapotot: err_user_not_exists_or_token_not_match
[2021-06-09T15:48:28.450] [DEBUG] logDebug.js - kapotot: err_user_not_exists_or_token_not_match
[2021-06-09T15:48:28.524] [DEBUG] logDebug.js - kapotot: err_user_not_exists_or_token_not_match
[2021-06-09T15:48:28.598] [DEBUG] logDebug.js - kapotot: err_user_not_exists_or_token_not_match
[2021-06-09T15:48:28.675] [DEBUG] logDebug.js - kapotot: err_user_not_exists_or_token_not_match
[2021-06-09T15:48:28.756] [DEBUG] logDebug.js - kapotot: err_user_not_exists_or_token_not_match
[2021-06-09T15:48:28.839] [DEBUG] logDebug.js - kapotot: err_user_not_exists_or_token_not_match
[2021-06-09T15:48:28.919] [DEBUG] logDebug.js - kapotot: err_user_not_exists_or_token_not_match
[2021-06-09T15:48:29.109] [DEBUG] logDebug.js - kapotot: err_user_not_exists_or_token_not_match
[2021-06-09T15:48:29.310] [DEBUG] logDebug.js - kapotot: err_user_not_exists_or_token_not_match
[2021-06-09T15:48:29.420] [DEBUG] logDebug.js - kapotot: err_user_not_exists_or_token_not_match
[2021-06-09T15:48:29.512] [DEBUG] logDebug.js - kapotot: err_user_not_exists_or_token_not_match
[2021-06-09T15:48:29.588] [DEBUG] logDebug.js - kapotot: err_user_not_exists_or_token_not_match
[2021-06-09T15:48:29.670] [DEBUG] logDebug.js - kapotot: err_user_not_exists_or_token_not_match
[2021-06-09T15:48:29.804] [DEBUG] logDebug.js - kapotot: err_user_not_exists_or_token_not_match
[2021-06-09T15:48:29.891] [DEBUG] logDebug.js - kapotot: err_user_not_exists_or_token_not_match
[2021-06-09T15:48:29.974] [DEBUG] logDebug.js - kapotot: err_user_not_exists_or_token_not_match
[2021-06-09T15:48:30.052] [DEBUG] logDebug.js - kapotot: err_user_not_exists_or_token_not_match
[2021-06-09T15:48:30.136] [DEBUG] logDebug.js - kapotot: err_user_not_exists_or_token_not_match
[2021-06-09T15:48:30.212] [DEBUG] logDebug.js - kapotot: err_user_not_exists_or_token_not_match
[2021-06-09T15:48:30.289] [DEBUG] logDebug.js - kapotot: err_user_not_exists_or_token_not_match
[2021-06-09T15:48:30.366] [DEBUG] logDebug.js - kapotot: err_user_not_exists_or_token_not_match
[2021-06-09T15:48:30.493] [DEBUG] logDebug.js - kapotot: err_user_not_exists_or_token_not_match
[2021-06-09T15:48:30.577] [DEBUG] logDebug.js - kapotot: err_user_not_exists_or_token_not_match
[2021-06-09T15:48:30.723] [DEBUG] logDebug.js - kapotot: err_user_not_exists_or_token_not_match
[2021-06-09T15:48:30.843] [DEBUG] logDebug.js - kapotot: err_user_not_exists_or_token_not_match
[2021-06-09T15:48:30.931] [DEBUG] logDebug.js - kapotot: err_user_not_exists_or_token_not_match
[2021-06-09T15:48:31.021] [DEBUG] logDebug.js - kapotot: err_user_not_exists_or_token_not_match
[2021-06-09T15:48:31.113] [DEBUG] logDebug.js - kapotot: err_user_not_exists_or_token_not_match
[2021-06-09T15:48:31.204] [DEBUG] logDebug.js - kapotot: err_user_not_exists_or_token_not_match
[2021-06-09T15:48:31.280] [DEBUG] logDebug.js - kapotot: err_user_not_exists_or_token_not_match
[2021-06-09T15:48:31.363] [DEBUG] logDebug.js - kapotot: err_user_not_exists_or_token_not_match
[2021-06-09T15:48:31.451] [DEBUG] logDebug.js - kapotot: err_user_not_exists_or_token_not_match
[2021-06-09T15:48:31.555] [DEBUG] logDebug.js - kapotot: err_user_not_exists_or_token_not_match
[2021-06-09T15:48:31.644] [DEBUG] logDebug.js - kapotot: err_user_not_exists_or_token_not_match
[2021-06-09T15:48:31.738] [DEBUG] logDebug.js - kapotot: err_user_not_exists_or_token_not_match
[2021-06-09T15:48:31.822] [DEBUG] logDebug.js - kapotot: err_user_not_exists_or_token_not_match
[2021-06-09T15:48:31.915] [DEBUG] logDebug.js - kapotot: err_user_not_exists_or_token_not_match
[2021-06-09T15:48:32.029] [DEBUG] logDebug.js - kapotot: err_user_not_exists_or_token_not_match
[2021-06-09T15:48:32.150] [DEBUG] logDebug.js - kapotot: err_user_not_exists_or_token_not_match
[2021-06-09T15:48:32.241] [DEBUG] logDebug.js - kapotot: err_user_not_exists_or_token_not_match
[2021-06-09T15:48:32.321] [DEBUG] logDebug.js - kapotot: err_user_not_exists_or_token_not_match
[2021-06-09T15:48:32.403] [DEBUG] logDebug.js - kapotot: err_user_not_exists_or_token_not_match
[2021-06-09T15:48:32.560] [DEBUG] logDebug.js - kapotot: err_user_not_exists_or_token_not_match
[2021-06-09T15:48:32.639] [DEBUG] logDebug.js - kapotot: err_user_not_exists_or_token_not_match
[2021-06-09T15:48:32.714] [DEBUG] logDebug.js - kapotot: err_user_not_exists_or_token_not_match
[2021-06-09T15:48:32.812] [DEBUG] logDebug.js - kapotot: err_user_not_exists_or_token_not_match
[2021-06-09T15:48:32.898] [DEBUG] logDebug.js - kapotot: err_user_not_exists_or_token_not_match
[2021-06-09T15:48:32.982] [DEBUG] logDebug.js - kapotot: err_user_not_exists_or_token_not_match
[2021-06-09T15:48:33.072] [DEBUG] logDebug.js - kapotot: err_user_not_exists_or_token_not_match
[2021-06-09T15:48:33.174] [DEBUG] logDebug.js - kapotot: err_user_not_exists_or_token_not_match
[2021-06-09T15:48:33.255] [DEBUG] logDebug.js - kapotot: err_user_not_exists_or_token_not_match
[2021-06-09T15:48:33.335] [DEBUG] logDebug.js - kapotot: err_user_not_exists_or_token_not_match
[2021-06-09T15:48:33.623] [DEBUG] logDebug.js - kapotot: err_user_not_exists_or_token_not_match
[2021-06-09T15:48:33.791] [DEBUG] logDebug.js - kapotot: err_user_not_exists_or_token_not_match
[2021-06-09T15:48:33.872] [DEBUG] logDebug.js - kapotot: err_user_not_exists_or_token_not_match
[2021-06-09T15:48:33.949] [DEBUG] logDebug.js - kapotot: err_user_not_exists_or_token_not_match
[2021-06-09T15:48:34.027] [DEBUG] logDebug.js - kapotot: err_user_not_exists_or_token_not_match
[2021-06-09T15:48:34.106] [DEBUG] logDebug.js - kapotot: err_user_not_exists_or_token_not_match
[2021-06-09T15:48:34.190] [DEBUG] logDebug.js - kapotot: err_user_not_exists_or_token_not_match
[2021-06-09T15:48:34.291] [DEBUG] logDebug.js - kapotot: err_user_not_exists_or_token_not_match
[2021-06-09T15:48:34.397] [DEBUG] logDebug.js - kapotot: err_user_not_exists_or_token_not_match
[2021-06-09T15:48:34.480] [DEBUG] logDebug.js - kapotot: err_user_not_exists_or_token_not_match
[2021-06-09T15:48:34.582] [DEBUG] logDebug.js - kapotot: err_user_not_exists_or_token_not_match
[2021-06-09T15:48:34.658] [DEBUG] logDebug.js - kapotot: err_user_not_exists_or_token_not_match
[2021-06-09T15:48:34.739] [DEBUG] logDebug.js - kapotot: err_user_not_exists_or_token_not_match
[2021-06-09T15:48:34.817] [DEBUG] logDebug.js - kapotot: err_user_not_exists_or_token_not_match
[2021-06-09T15:48:34.892] [DEBUG] logDebug.js - kapotot: err_user_not_exists_or_token_not_match
[2021-06-09T15:48:34.973] [DEBUG] logDebug.js - kapotot: err_user_not_exists_or_token_not_match
[2021-06-09T15:48:35.108] [DEBUG] logDebug.js - kapotot: err_user_not_exists_or_token_not_match
[2021-06-09T15:48:35.203] [DEBUG] logDebug.js - kapotot: err_user_not_exists_or_token_not_match
[2021-06-09T15:48:35.280] [DEBUG] logDebug.js - kapotot: err_user_not_exists_or_token_not_match
[2021-06-09T15:48:35.362] [DEBUG] logDebug.js - kapotot: err_user_not_exists_or_token_not_match
[2021-06-09T15:48:35.490] [DEBUG] logDebug.js - kapotot: err_user_not_exists_or_token_not_match
[2021-06-09T15:48:35.634] [DEBUG] logDebug.js - kapotot: err_user_not_exists_or_token_not_match
[2021-06-09T15:48:35.739] [DEBUG] logDebug.js - kapotot: err_user_not_exists_or_token_not_match
[2021-06-09T15:48:35.819] [DEBUG] logDebug.js - kapotot: err_user_not_exists_or_token_not_match
[2021-06-09T15:48:35.895] [DEBUG] logDebug.js - kapotot: err_user_not_exists_or_token_not_match
[2021-06-09T15:48:35.979] [DEBUG] logDebug.js - kapotot: err_user_not_exists_or_token_not_match
[2021-06-09T15:48:36.064] [DEBUG] logDebug.js - kapotot: err_user_not_exists_or_token_not_match
[2021-06-09T15:48:36.139] [DEBUG] logDebug.js - kapotot: err_user_not_exists_or_token_not_match
[2021-06-09T15:48:36.219] [DEBUG] logDebug.js - kapotot: err_user_not_exists_or_token_not_match
[2021-06-09T15:48:36.331] [DEBUG] logDebug.js - kapotot: err_user_not_exists_or_token_not_match
[2021-06-09T15:48:36.435] [DEBUG] logDebug.js - kapotot: err_user_not_exists_or_token_not_match
[2021-06-09T15:48:36.519] [DEBUG] logDebug.js - kapotot: err_user_not_exists_or_token_not_match
[2021-06-09T15:48:36.594] [DEBUG] logDebug.js - kapotot: err_user_not_exists_or_token_not_match
[2021-06-09T15:48:36.674] [DEBUG] logDebug.js - kapotot: err_user_not_exists_or_token_not_match
[2021-06-09T15:48:36.753] [DEBUG] logDebug.js - kapotot: err_user_not_exists_or_token_not_match
[2021-06-09T15:48:36.858] [DEBUG] logDebug.js - kapotot: err_user_not_exists_or_token_not_match
[2021-06-09T15:48:36.974] [DEBUG] logDebug.js - kapotot: err_user_not_exists_or_token_not_match
[2021-06-09T15:48:37.095] [DEBUG] logDebug.js - kapotot: err_user_not_exists_or_token_not_match
[2021-06-09T15:48:37.186] [DEBUG] logDebug.js - kapotot: err_user_not_exists_or_token_not_match
[2021-06-09T15:48:37.277] [DEBUG] logDebug.js - kapotot: err_user_not_exists_or_token_not_match
[2021-06-09T15:48:37.499] [DEBUG] logDebug.js - kapotot: err_user_not_exists_or_token_not_match
[2021-06-09T15:48:37.591] [DEBUG] logDebug.js - kapotot: err_user_not_exists_or_token_not_match
[2021-06-09T15:48:37.669] [DEBUG] logDebug.js - kapotot: err_user_not_exists_or_token_not_match
[2021-06-09T15:48:37.780] [DEBUG] logDebug.js - kapotot: err_user_not_exists_or_token_not_match
[2021-06-09T15:48:37.908] [DEBUG] logDebug.js - kapotot: err_user_not_exists_or_token_not_match
[2021-06-09T15:48:38.113] [DEBUG] logDebug.js - kapotot: err_user_not_exists_or_token_not_match
[2021-06-09T15:48:38.225] [DEBUG] logDebug.js - kapotot: err_user_not_exists_or_token_not_match
[2021-06-09T15:48:38.325] [DEBUG] logDebug.js - kapotot: err_user_not_exists_or_token_not_match
[2021-06-09T15:48:38.410] [DEBUG] logDebug.js - kapotot: err_user_not_exists_or_token_not_match
[2021-06-09T15:48:38.489] [DEBUG] logDebug.js - kapotot: err_user_not_exists_or_token_not_match
[2021-06-09T15:48:38.616] [DEBUG] logDebug.js - kapotot: err_user_not_exists_or_token_not_match
[2021-06-09T15:48:38.735] [DEBUG] logDebug.js - kapotot: err_user_not_exists_or_token_not_match
[2021-06-09T15:48:38.922] [DEBUG] logDebug.js - kapotot: err_user_not_exists_or_token_not_match
[2021-06-09T15:48:39.190] [DEBUG] logDebug.js - kapotot: err_user_not_exists_or_token_not_match
[2021-06-09T15:48:39.352] [DEBUG] logDebug.js - kapotot: err_user_not_exists_or_token_not_match
[2021-06-09T15:48:39.469] [DEBUG] logDebug.js - kapotot: err_user_not_exists_or_token_not_match
[2021-06-09T15:48:39.551] [DEBUG] logDebug.js - kapotot: err_user_not_exists_or_token_not_match
[2021-06-09T15:48:39.640] [DEBUG] logDebug.js - kapotot: err_user_not_exists_or_token_not_match
[2021-06-09T15:48:39.724] [DEBUG] logDebug.js - kapotot: err_user_not_exists_or_token_not_match
[2021-06-09T15:48:39.862] [DEBUG] logDebug.js - kapotot: err_user_not_exists_or_token_not_match
[2021-06-09T15:48:39.958] [DEBUG] logDebug.js - kapotot: err_user_not_exists_or_token_not_match
[2021-06-09T15:48:40.041] [DEBUG] logDebug.js - kapotot: err_user_not_exists_or_token_not_match
[2021-06-09T15:48:40.147] [DEBUG] logDebug.js - kapotot: err_user_not_exists_or_token_not_match
[2021-06-09T15:48:40.225] [DEBUG] logDebug.js - kapotot: err_user_not_exists_or_token_not_match
[2021-06-09T15:48:40.304] [DEBUG] logDebug.js - kapotot: err_user_not_exists_or_token_not_match
[2021-06-09T15:48:40.382] [DEBUG] logDebug.js - kapotot: err_user_not_exists_or_token_not_match
[2021-06-09T15:48:40.458] [DEBUG] logDebug.js - kapotot: err_user_not_exists_or_token_not_match
[2021-06-09T15:48:40.547] [DEBUG] logDebug.js - kapotot: err_user_not_exists_or_token_not_match
[2021-06-09T15:48:40.624] [DEBUG] logDebug.js - kapotot: err_user_not_exists_or_token_not_match
[2021-06-09T15:48:40.702] [DEBUG] logDebug.js - kapotot: err_user_not_exists_or_token_not_match
[2021-06-09T15:48:40.779] [DEBUG] logDebug.js - kapotot: err_user_not_exists_or_token_not_match
[2021-06-09T15:48:40.864] [DEBUG] logDebug.js - kapotot: err_user_not_exists_or_token_not_match
[2021-06-09T15:48:40.968] [DEBUG] logDebug.js - kapotot: err_user_not_exists_or_token_not_match
[2021-06-09T15:48:41.048] [DEBUG] logDebug.js - kapotot: err_user_not_exists_or_token_not_match
[2021-06-09T15:48:41.126] [DEBUG] logDebug.js - kapotot: err_user_not_exists_or_token_not_match
[2021-06-09T15:48:41.250] [DEBUG] logDebug.js - kapotot: err_user_not_exists_or_token_not_match
[2021-06-09T15:48:41.326] [DEBUG] logDebug.js - kapotot: err_user_not_exists_or_token_not_match
[2021-06-09T15:48:41.401] [DEBUG] logDebug.js - kapotot: err_user_not_exists_or_token_not_match
[2021-06-09T15:48:41.480] [DEBUG] logDebug.js - kapotot: err_user_not_exists_or_token_not_match
[2021-06-09T15:48:41.558] [DEBUG] logDebug.js - kapotot: err_user_not_exists_or_token_not_match
[2021-06-09T15:48:41.633] [DEBUG] logDebug.js - kapotot: err_user_not_exists_or_token_not_match
[2021-06-09T15:48:41.720] [DEBUG] logDebug.js - kapotot: err_user_not_exists_or_token_not_match
[2021-06-09T15:48:41.798] [DEBUG] logDebug.js - kapotot: err_user_not_exists_or_token_not_match
[2021-06-09T15:48:41.881] [DEBUG] logDebug.js - kapotot: err_user_not_exists_or_token_not_match
[2021-06-09T15:48:41.958] [DEBUG] logDebug.js - kapotot: err_user_not_exists_or_token_not_match
[2021-06-09T15:48:42.038] [DEBUG] logDebug.js - kapotot: err_user_not_exists_or_token_not_match
[2021-06-09T15:48:42.113] [DEBUG] logDebug.js - kapotot: err_user_not_exists_or_token_not_match
[2021-06-09T15:48:42.193] [DEBUG] logDebug.js - kapotot: err_user_not_exists_or_token_not_match
[2021-06-09T15:48:42.272] [DEBUG] logDebug.js - kapotot: err_user_not_exists_or_token_not_match
[2021-06-09T15:48:42.346] [DEBUG] logDebug.js - kapotot: err_user_not_exists_or_token_not_match
[2021-06-09T15:48:42.422] [DEBUG] logDebug.js - kapotot: err_user_not_exists_or_token_not_match
[2021-06-09T15:48:42.498] [DEBUG] logDebug.js - kapotot: err_user_not_exists_or_token_not_match
[2021-06-09T15:48:42.575] [DEBUG] logDebug.js - kapotot: err_user_not_exists_or_token_not_match
[2021-06-09T15:48:42.665] [DEBUG] logDebug.js - kapotot: err_user_not_exists_or_token_not_match
[2021-06-09T15:48:42.742] [DEBUG] logDebug.js - kapotot: err_user_not_exists_or_token_not_match
[2021-06-09T15:48:42.820] [DEBUG] logDebug.js - kapotot: err_user_not_exists_or_token_not_match
[2021-06-09T15:48:42.900] [DEBUG] logDebug.js - kapotot: err_user_not_exists_or_token_not_match
[2021-06-09T15:48:42.975] [DEBUG] logDebug.js - kapotot: err_user_not_exists_or_token_not_match
[2021-06-09T15:48:43.057] [DEBUG] logDebug.js - kapotot: err_user_not_exists_or_token_not_match
[2021-06-09T15:48:43.140] [DEBUG] logDebug.js - kapotot: err_user_not_exists_or_token_not_match
[2021-06-09T15:48:43.218] [DEBUG] logDebug.js - kapotot: err_user_not_exists_or_token_not_match
[2021-06-09T15:48:43.291] [DEBUG] logDebug.js - kapotot: err_user_not_exists_or_token_not_match
[2021-06-09T15:48:43.366] [DEBUG] logDebug.js - kapotot: err_user_not_exists_or_token_not_match
[2021-06-09T15:48:43.446] [DEBUG] logDebug.js - kapotot: err_user_not_exists_or_token_not_match
[2021-06-09T15:48:43.524] [DEBUG] logDebug.js - kapotot: err_user_not_exists_or_token_not_match
[2021-06-09T15:48:43.598] [DEBUG] logDebug.js - kapotot: err_user_not_exists_or_token_not_match
[2021-06-09T15:48:43.671] [DEBUG] logDebug.js - kapotot: err_user_not_exists_or_token_not_match
[2021-06-09T15:48:43.747] [DEBUG] logDebug.js - kapotot: err_user_not_exists_or_token_not_match
[2021-06-09T15:48:43.822] [DEBUG] logDebug.js - kapotot: err_user_not_exists_or_token_not_match
[2021-06-09T15:48:43.896] [DEBUG] logDebug.js - kapotot: err_user_not_exists_or_token_not_match
[2021-06-09T15:48:43.976] [DEBUG] logDebug.js - kapotot: err_user_not_exists_or_token_not_match
[2021-06-09T15:48:44.053] [DEBUG] logDebug.js - kapotot: err_user_not_exists_or_token_not_match
[2021-06-09T15:48:44.134] [DEBUG] logDebug.js - kapotot: err_user_not_exists_or_token_not_match
[2021-06-09T15:48:44.222] [DEBUG] logDebug.js - kapotot: err_user_not_exists_or_token_not_match
[2021-06-09T15:48:44.300] [DEBUG] logDebug.js - kapotot: err_user_not_exists_or_token_not_match
[2021-06-09T15:48:44.378] [DEBUG] logDebug.js - kapotot: err_user_not_exists_or_token_not_match
[2021-06-09T15:48:44.455] [DEBUG] logDebug.js - kapotot: err_user_not_exists_or_token_not_match
[2021-06-09T15:48:44.540] [DEBUG] logDebug.js - kapotot: err_user_not_exists_or_token_not_match
[2021-06-09T15:48:44.665] [DEBUG] logDebug.js - kapotot: err_user_not_exists_or_token_not_match
[2021-06-09T15:48:44.754] [DEBUG] logDebug.js - kapotot: err_user_not_exists_or_token_not_match
[2021-06-09T15:48:44.856] [DEBUG] logDebug.js - kapotot: err_user_not_exists_or_token_not_match
[2021-06-09T15:48:44.940] [DEBUG] logDebug.js - kapotot: err_user_not_exists_or_token_not_match
[2021-06-09T15:48:45.040] [DEBUG] logDebug.js - kapotot: err_user_not_exists_or_token_not_match
[2021-06-09T15:48:45.143] [DEBUG] logDebug.js - kapotot: err_user_not_exists_or_token_not_match
[2021-06-09T15:48:45.223] [DEBUG] logDebug.js - kapotot: err_user_not_exists_or_token_not_match
[2021-06-09T15:48:45.303] [DEBUG] logDebug.js - kapotot: err_user_not_exists_or_token_not_match
[2021-06-09T15:48:45.385] [DEBUG] logDebug.js - kapotot: err_user_not_exists_or_token_not_match
[2021-06-09T15:48:45.465] [DEBUG] logDebug.js - kapotot: err_user_not_exists_or_token_not_match
[2021-06-09T15:48:45.549] [DEBUG] logDebug.js - kapotot: err_user_not_exists_or_token_not_match
[2021-06-09T15:48:45.627] [DEBUG] logDebug.js - kapotot: err_user_not_exists_or_token_not_match
[2021-06-09T15:48:45.710] [DEBUG] logDebug.js - kapotot: err_user_not_exists_or_token_not_match
[2021-06-09T15:48:45.788] [DEBUG] logDebug.js - kapotot: err_user_not_exists_or_token_not_match
[2021-06-09T15:48:45.868] [DEBUG] logDebug.js - kapotot: err_user_not_exists_or_token_not_match
[2021-06-09T15:48:45.953] [DEBUG] logDebug.js - kapotot: err_user_not_exists_or_token_not_match
[2021-06-09T15:48:46.035] [DEBUG] logDebug.js - kapotot: err_user_not_exists_or_token_not_match
[2021-06-09T15:48:46.119] [DEBUG] logDebug.js - kapotot: err_user_not_exists_or_token_not_match
[2021-06-09T15:48:46.202] [DEBUG] logDebug.js - kapotot: err_user_not_exists_or_token_not_match
[2021-06-09T15:48:46.279] [DEBUG] logDebug.js - kapotot: err_user_not_exists_or_token_not_match
[2021-06-09T15:48:46.356] [DEBUG] logDebug.js - kapotot: err_user_not_exists_or_token_not_match
[2021-06-09T15:48:46.430] [DEBUG] logDebug.js - kapotot: err_user_not_exists_or_token_not_match
[2021-06-09T15:48:46.504] [DEBUG] logDebug.js - kapotot: err_user_not_exists_or_token_not_match
[2021-06-09T15:48:46.585] [DEBUG] logDebug.js - kapotot: err_user_not_exists_or_token_not_match
[2021-06-09T15:48:46.661] [DEBUG] logDebug.js - kapotot: err_user_not_exists_or_token_not_match
[2021-06-09T15:48:46.738] [DEBUG] logDebug.js - kapotot: err_user_not_exists_or_token_not_match
[2021-06-09T15:48:46.817] [DEBUG] logDebug.js - kapotot: err_user_not_exists_or_token_not_match
[2021-06-09T15:48:46.893] [DEBUG] logDebug.js - kapotot: err_user_not_exists_or_token_not_match
[2021-06-09T15:48:46.986] [DEBUG] logDebug.js - kapotot: err_user_not_exists_or_token_not_match
[2021-06-09T15:48:47.066] [DEBUG] logDebug.js - kapotot: err_user_not_exists_or_token_not_match
[2021-06-09T15:48:47.148] [DEBUG] logDebug.js - kapotot: err_user_not_exists_or_token_not_match
[2021-06-09T15:48:47.483] [DEBUG] logDebug.js - kapotot: err_user_not_exists_or_token_not_match
[2021-06-09T15:48:47.565] [DEBUG] logDebug.js - kapotot: err_user_not_exists_or_token_not_match
[2021-06-09T15:48:47.645] [DEBUG] logDebug.js - kapotot: err_user_not_exists_or_token_not_match
[2021-06-09T15:48:47.723] [DEBUG] logDebug.js - kapotot: err_user_not_exists_or_token_not_match
[2021-06-09T15:48:47.798] [DEBUG] logDebug.js - kapotot: err_user_not_exists_or_token_not_match
[2021-06-09T15:48:47.874] [DEBUG] logDebug.js - kapotot: err_user_not_exists_or_token_not_match
[2021-06-09T15:48:47.986] [DEBUG] logDebug.js - kapotot: err_user_not_exists_or_token_not_match
[2021-06-09T15:48:48.076] [DEBUG] logDebug.js - kapotot: err_user_not_exists_or_token_not_match
[2021-06-09T15:48:48.162] [DEBUG] logDebug.js - kapotot: err_user_not_exists_or_token_not_match
[2021-06-09T15:48:48.239] [DEBUG] logDebug.js - kapotot: err_user_not_exists_or_token_not_match
[2021-06-09T15:48:48.317] [DEBUG] logDebug.js - kapotot: err_user_not_exists_or_token_not_match
[2021-06-09T15:48:48.397] [DEBUG] logDebug.js - kapotot: err_user_not_exists_or_token_not_match
[2021-06-09T15:48:48.475] [DEBUG] logDebug.js - kapotot: err_user_not_exists_or_token_not_match
[2021-06-09T15:48:48.552] [DEBUG] logDebug.js - kapotot: err_user_not_exists_or_token_not_match
[2021-06-09T15:48:48.656] [DEBUG] logDebug.js - kapotot: err_user_not_exists_or_token_not_match
[2021-06-09T15:48:48.736] [DEBUG] logDebug.js - kapotot: err_user_not_exists_or_token_not_match
[2021-06-09T15:48:48.818] [DEBUG] logDebug.js - kapotot: err_user_not_exists_or_token_not_match
[2021-06-09T15:48:48.897] [DEBUG] logDebug.js - kapotot: err_user_not_exists_or_token_not_match
[2021-06-09T15:48:48.975] [DEBUG] logDebug.js - kapotot: err_user_not_exists_or_token_not_match
[2021-06-09T15:48:49.063] [DEBUG] logDebug.js - kapotot: err_user_not_exists_or_token_not_match
[2021-06-09T15:48:49.224] [DEBUG] logDebug.js - kapotot: err_user_not_exists_or_token_not_match
[2021-06-09T15:48:49.310] [DEBUG] logDebug.js - kapotot: err_user_not_exists_or_token_not_match
[2021-06-09T15:48:49.390] [DEBUG] logDebug.js - kapotot: err_user_not_exists_or_token_not_match
[2021-06-09T15:48:49.469] [DEBUG] logDebug.js - kapotot: err_user_not_exists_or_token_not_match
[2021-06-09T15:48:49.549] [DEBUG] logDebug.js - kapotot: err_user_not_exists_or_token_not_match
[2021-06-09T15:48:49.626] [DEBUG] logDebug.js - kapotot: err_user_not_exists_or_token_not_match
[2021-06-09T15:48:49.704] [DEBUG] logDebug.js - kapotot: err_user_not_exists_or_token_not_match
[2021-06-09T15:48:49.783] [DEBUG] logDebug.js - kapotot: err_user_not_exists_or_token_not_match
[2021-06-09T15:48:49.860] [DEBUG] logDebug.js - kapotot: err_user_not_exists_or_token_not_match
[2021-06-09T15:48:49.937] [DEBUG] logDebug.js - kapotot: err_user_not_exists_or_token_not_match
[2021-06-09T15:48:50.049] [DEBUG] logDebug.js - kapotot: err_user_not_exists_or_token_not_match
[2021-06-09T15:48:50.245] [DEBUG] logDebug.js - kapotot: err_user_not_exists_or_token_not_match
[2021-06-09T15:48:50.343] [DEBUG] logDebug.js - kapotot: err_user_not_exists_or_token_not_match
[2021-06-09T15:48:50.483] [DEBUG] logDebug.js - kapotot: err_user_not_exists_or_token_not_match
[2021-06-09T15:48:50.699] [DEBUG] logDebug.js - kapotot: err_user_not_exists_or_token_not_match
[2021-06-09T15:48:50.976] [DEBUG] logDebug.js - kapotot: err_user_not_exists_or_token_not_match
[2021-06-09T15:48:51.138] [DEBUG] logDebug.js - kapotot: err_user_not_exists_or_token_not_match
[2021-06-09T15:48:51.246] [DEBUG] logDebug.js - kapotot: err_user_not_exists_or_token_not_match
[2021-06-09T15:48:51.363] [DEBUG] logDebug.js - kapotot: err_user_not_exists_or_token_not_match
[2021-06-09T15:48:51.462] [DEBUG] logDebug.js - kapotot: err_user_not_exists_or_token_not_match
[2021-06-09T15:48:51.550] [DEBUG] logDebug.js - kapotot: err_user_not_exists_or_token_not_match
[2021-06-09T15:48:51.629] [DEBUG] logDebug.js - kapotot: err_user_not_exists_or_token_not_match
[2021-06-09T15:48:51.732] [DEBUG] logDebug.js - kapotot: err_user_not_exists_or_token_not_match
[2021-06-09T15:48:51.817] [DEBUG] logDebug.js - kapotot: err_user_not_exists_or_token_not_match
[2021-06-09T15:48:51.905] [DEBUG] logDebug.js - kapotot: err_user_not_exists_or_token_not_match
[2021-06-09T15:48:52.038] [DEBUG] logDebug.js - kapotot: err_user_not_exists_or_token_not_match
[2021-06-09T15:48:52.161] [DEBUG] logDebug.js - kapotot: err_user_not_exists_or_token_not_match
[2021-06-09T15:48:52.260] [DEBUG] logDebug.js - kapotot: err_user_not_exists_or_token_not_match
[2021-06-09T15:48:52.344] [DEBUG] logDebug.js - kapotot: err_user_not_exists_or_token_not_match
[2021-06-09T15:48:52.423] [DEBUG] logDebug.js - kapotot: err_user_not_exists_or_token_not_match
[2021-06-09T15:48:52.505] [DEBUG] logDebug.js - kapotot: err_user_not_exists_or_token_not_match
[2021-06-09T15:48:52.604] [DEBUG] logDebug.js - kapotot: err_user_not_exists_or_token_not_match
[2021-06-09T15:48:52.759] [DEBUG] logDebug.js - kapotot: err_user_not_exists_or_token_not_match
[2021-06-09T15:48:52.860] [DEBUG] logDebug.js - kapotot: err_user_not_exists_or_token_not_match
[2021-06-09T15:48:52.955] [DEBUG] logDebug.js - kapotot: err_user_not_exists_or_token_not_match
[2021-06-09T15:48:53.056] [DEBUG] logDebug.js - kapotot: err_user_not_exists_or_token_not_match
[2021-06-09T15:48:53.159] [DEBUG] logDebug.js - kapotot: err_user_not_exists_or_token_not_match
[2021-06-09T15:48:53.290] [DEBUG] logDebug.js - kapotot: err_user_not_exists_or_token_not_match
[2021-06-09T15:48:53.396] [DEBUG] logDebug.js - kapotot: err_user_not_exists_or_token_not_match
[2021-06-09T15:48:53.483] [DEBUG] logDebug.js - kapotot: err_user_not_exists_or_token_not_match
[2021-06-09T15:48:53.571] [DEBUG] logDebug.js - kapotot: err_user_not_exists_or_token_not_match
[2021-06-09T15:48:53.652] [DEBUG] logDebug.js - kapotot: err_user_not_exists_or_token_not_match
[2021-06-09T15:48:53.731] [DEBUG] logDebug.js - kapotot: err_user_not_exists_or_token_not_match
[2021-06-09T15:48:53.808] [DEBUG] logDebug.js - kapotot: err_user_not_exists_or_token_not_match
[2021-06-09T15:48:53.885] [DEBUG] logDebug.js - kapotot: err_user_not_exists_or_token_not_match
[2021-06-09T15:48:53.963] [DEBUG] logDebug.js - kapotot: err_user_not_exists_or_token_not_match
[2021-06-09T15:48:54.038] [DEBUG] logDebug.js - kapotot: err_user_not_exists_or_token_not_match
[2021-06-09T15:48:54.138] [DEBUG] logDebug.js - kapotot: err_user_not_exists_or_token_not_match
[2021-06-09T15:48:54.235] [DEBUG] logDebug.js - kapotot: err_user_not_exists_or_token_not_match
[2021-06-09T15:48:54.312] [DEBUG] logDebug.js - kapotot: err_user_not_exists_or_token_not_match
[2021-06-09T15:48:54.386] [DEBUG] logDebug.js - kapotot: err_user_not_exists_or_token_not_match
[2021-06-09T15:48:54.461] [DEBUG] logDebug.js - kapotot: err_user_not_exists_or_token_not_match
[2021-06-09T15:48:54.615] [DEBUG] logDebug.js - kapotot: err_user_not_exists_or_token_not_match
[2021-06-09T15:48:54.695] [DEBUG] logDebug.js - kapotot: err_user_not_exists_or_token_not_match
[2021-06-09T15:48:54.810] [DEBUG] logDebug.js - kapotot: err_user_not_exists_or_token_not_match
[2021-06-09T15:48:55.097] [DEBUG] logDebug.js - kapotot: err_user_not_exists_or_token_not_match
[2021-06-09T15:48:55.186] [DEBUG] logDebug.js - kapotot: err_user_not_exists_or_token_not_match
[2021-06-09T15:48:55.266] [DEBUG] logDebug.js - kapotot: err_user_not_exists_or_token_not_match
[2021-06-09T15:48:55.346] [DEBUG] logDebug.js - kapotot: err_user_not_exists_or_token_not_match
[2021-06-09T15:48:55.426] [DEBUG] logDebug.js - kapotot: err_user_not_exists_or_token_not_match
[2021-06-09T15:48:55.505] [DEBUG] logDebug.js - kapotot: err_user_not_exists_or_token_not_match
[2021-06-09T15:48:55.582] [DEBUG] logDebug.js - kapotot: err_user_not_exists_or_token_not_match
[2021-06-09T15:48:55.655] [DEBUG] logDebug.js - kapotot: err_user_not_exists_or_token_not_match
[2021-06-09T15:48:55.807] [DEBUG] logDebug.js - kapotot: err_user_not_exists_or_token_not_match
[2021-06-09T15:48:55.893] [DEBUG] logDebug.js - kapotot: err_user_not_exists_or_token_not_match
[2021-06-09T15:48:55.984] [DEBUG] logDebug.js - kapotot: err_user_not_exists_or_token_not_match
[2021-06-09T15:48:56.062] [DEBUG] logDebug.js - kapotot: err_user_not_exists_or_token_not_match
[2021-06-09T15:48:56.168] [DEBUG] logDebug.js - kapotot: err_user_not_exists_or_token_not_match
[2021-06-09T15:48:56.254] [DEBUG] logDebug.js - kapotot: err_user_not_exists_or_token_not_match
[2021-06-09T15:48:56.335] [DEBUG] logDebug.js - kapotot: err_user_not_exists_or_token_not_match
[2021-06-09T15:48:56.416] [DEBUG] logDebug.js - kapotot: err_user_not_exists_or_token_not_match
[2021-06-09T15:48:56.498] [DEBUG] logDebug.js - kapotot: err_user_not_exists_or_token_not_match
[2021-06-09T15:48:56.580] [DEBUG] logDebug.js - kapotot: err_user_not_exists_or_token_not_match
[2021-06-09T15:48:56.698] [DEBUG] logDebug.js - kapotot: err_user_not_exists_or_token_not_match
[2021-06-09T15:48:56.835] [DEBUG] logDebug.js - kapotot: err_user_not_exists_or_token_not_match
[2021-06-09T15:48:56.925] [DEBUG] logDebug.js - kapotot: err_user_not_exists_or_token_not_match
[2021-06-09T15:48:57.009] [DEBUG] logDebug.js - kapotot: err_user_not_exists_or_token_not_match
[2021-06-09T15:48:57.208] [DEBUG] logDebug.js - kapotot: err_user_not_exists_or_token_not_match
[2021-06-09T15:48:57.326] [DEBUG] logDebug.js - kapotot: err_user_not_exists_or_token_not_match
[2021-06-09T15:48:57.456] [DEBUG] logDebug.js - kapotot: err_user_not_exists_or_token_not_match
[2021-06-09T15:48:57.579] [DEBUG] logDebug.js - kapotot: err_user_not_exists_or_token_not_match
[2021-06-09T15:48:57.773] [DEBUG] logDebug.js - kapotot: err_user_not_exists_or_token_not_match
[2021-06-09T15:48:58.044] [DEBUG] logDebug.js - kapotot: err_user_not_exists_or_token_not_match
[2021-06-09T15:48:58.237] [DEBUG] logDebug.js - kapotot: err_user_not_exists_or_token_not_match
[2021-06-09T15:48:58.411] [DEBUG] logDebug.js - kapotot: err_user_not_exists_or_token_not_match
[2021-06-09T15:48:58.753] [DEBUG] logDebug.js - kapotot: err_user_not_exists_or_token_not_match
[2021-06-09T15:48:58.930] [DEBUG] logDebug.js - kapotot: err_user_not_exists_or_token_not_match
[2021-06-09T15:48:59.051] [DEBUG] logDebug.js - kapotot: err_user_not_exists_or_token_not_match
[2021-06-09T15:48:59.137] [DEBUG] logDebug.js - kapotot: err_user_not_exists_or_token_not_match
[2021-06-09T15:48:59.235] [DEBUG] logDebug.js - kapotot: err_user_not_exists_or_token_not_match
[2021-06-09T15:48:59.322] [DEBUG] logDebug.js - kapotot: err_user_not_exists_or_token_not_match
[2021-06-09T15:48:59.456] [DEBUG] logDebug.js - kapotot: err_user_not_exists_or_token_not_match
[2021-06-09T15:48:59.740] [DEBUG] logDebug.js - kapotot: err_user_not_exists_or_token_not_match
[2021-06-09T15:48:59.939] [DEBUG] logDebug.js - kapotot: err_user_not_exists_or_token_not_match
[2021-06-09T15:49:00.277] [DEBUG] logDebug.js - kapotot: err_user_not_exists_or_token_not_match
[2021-06-09T15:49:00.549] [DEBUG] logDebug.js - kapotot: err_user_not_exists_or_token_not_match
[2021-06-09T15:49:00.793] [DEBUG] logDebug.js - kapotot: err_user_not_exists_or_token_not_match
[2021-06-09T15:49:00.974] [DEBUG] logDebug.js - kapotot: err_user_not_exists_or_token_not_match
[2021-06-09T15:49:01.165] [DEBUG] logDebug.js - kapotot: err_user_not_exists_or_token_not_match
[2021-06-09T15:49:01.257] [DEBUG] logDebug.js - kapotot: err_user_not_exists_or_token_not_match
[2021-06-09T15:49:01.347] [DEBUG] logDebug.js - kapotot: err_user_not_exists_or_token_not_match
[2021-06-09T15:49:01.425] [DEBUG] logDebug.js - kapotot: err_user_not_exists_or_token_not_match
[2021-06-09T15:49:01.506] [DEBUG] logDebug.js - kapotot: err_user_not_exists_or_token_not_match
[2021-06-09T15:49:01.585] [DEBUG] logDebug.js - kapotot: err_user_not_exists_or_token_not_match
[2021-06-09T15:49:01.662] [DEBUG] logDebug.js - kapotot: err_user_not_exists_or_token_not_match
[2021-06-09T15:49:01.745] [DEBUG] logDebug.js - kapotot: err_user_not_exists_or_token_not_match
[2021-06-09T15:49:01.824] [DEBUG] logDebug.js - kapotot: err_user_not_exists_or_token_not_match
[2021-06-09T15:49:01.902] [DEBUG] logDebug.js - kapotot: err_user_not_exists_or_token_not_match
[2021-06-09T15:49:01.981] [DEBUG] logDebug.js - kapotot: err_user_not_exists_or_token_not_match
[2021-06-09T15:49:02.066] [DEBUG] logDebug.js - kapotot: err_user_not_exists_or_token_not_match
[2021-06-09T15:49:02.144] [DEBUG] logDebug.js - kapotot: err_user_not_exists_or_token_not_match
[2021-06-09T15:49:02.270] [DEBUG] logDebug.js - kapotot: err_user_not_exists_or_token_not_match
[2021-06-09T15:49:02.402] [DEBUG] logDebug.js - kapotot: err_user_not_exists_or_token_not_match
[2021-06-09T15:49:02.543] [DEBUG] logDebug.js - kapotot: err_user_not_exists_or_token_not_match
[2021-06-09T15:49:02.632] [DEBUG] logDebug.js - kapotot: err_user_not_exists_or_token_not_match
[2021-06-09T15:49:02.715] [DEBUG] logDebug.js - kapotot: err_user_not_exists_or_token_not_match
[2021-06-09T15:49:02.806] [DEBUG] logDebug.js - kapotot: err_user_not_exists_or_token_not_match
[2021-06-09T15:49:02.884] [DEBUG] logDebug.js - kapotot: err_user_not_exists_or_token_not_match
[2021-06-09T15:49:02.960] [DEBUG] logDebug.js - kapotot: err_user_not_exists_or_token_not_match
[2021-06-09T15:49:03.040] [DEBUG] logDebug.js - kapotot: err_user_not_exists_or_token_not_match
[2021-06-09T15:49:03.120] [DEBUG] logDebug.js - kapotot: err_user_not_exists_or_token_not_match
[2021-06-09T15:49:03.197] [DEBUG] logDebug.js - kapotot: err_user_not_exists_or_token_not_match
[2021-06-09T15:49:03.275] [DEBUG] logDebug.js - kapotot: err_user_not_exists_or_token_not_match
[2021-06-09T15:49:03.354] [DEBUG] logDebug.js - kapotot: err_user_not_exists_or_token_not_match
[2021-06-09T15:49:03.430] [DEBUG] logDebug.js - kapotot: err_user_not_exists_or_token_not_match
[2021-06-09T15:49:03.508] [DEBUG] logDebug.js - kapotot: err_user_not_exists_or_token_not_match
[2021-06-09T15:49:03.589] [DEBUG] logDebug.js - kapotot: err_user_not_exists_or_token_not_match
[2021-06-09T15:49:03.607] [INFO] defaultRequestHandler.js - ::1 requested to /tafonya.jsx?user=afonya
[2021-06-09T15:49:03.664] [DEBUG] logDebug.js - kapotot: err_user_not_exists_or_token_not_match
[2021-06-09T15:49:03.690] [DEBUG] logDebug.js - kapotot: err_user_not_exists_or_token_not_match
[2021-06-09T15:49:03.742] [DEBUG] logDebug.js - kapotot: err_user_not_exists_or_token_not_match
[2021-06-09T15:49:03.776] [DEBUG] logDebug.js - kapotot: err_user_not_exists_or_token_not_match
[2021-06-09T15:49:03.867] [DEBUG] logDebug.js - kapotot: err_user_not_exists_or_token_not_match
[2021-06-09T15:49:03.876] [DEBUG] logDebug.js - kapotot: err_user_not_exists_or_token_not_match
[2021-06-09T15:49:03.948] [DEBUG] logDebug.js - kapotot: err_user_not_exists_or_token_not_match
[2021-06-09T15:49:03.952] [DEBUG] logDebug.js - kapotot: err_user_not_exists_or_token_not_match
[2021-06-09T15:49:04.023] [DEBUG] logDebug.js - kapotot: err_user_not_exists_or_token_not_match
[2021-06-09T15:49:04.030] [DEBUG] logDebug.js - kapotot: err_user_not_exists_or_token_not_match
[2021-06-09T15:49:04.099] [DEBUG] logDebug.js - kapotot: err_user_not_exists_or_token_not_match
[2021-06-09T15:49:04.117] [DEBUG] logDebug.js - kapotot: err_user_not_exists_or_token_not_match
[2021-06-09T15:49:04.238] [DEBUG] logDebug.js - kapotot: err_user_not_exists_or_token_not_match
[2021-06-09T15:49:04.272] [DEBUG] logDebug.js - kapotot: err_user_not_exists_or_token_not_match
[2021-06-09T15:49:04.420] [DEBUG] logDebug.js - kapotot: err_user_not_exists_or_token_not_match
[2021-06-09T15:49:04.434] [DEBUG] logDebug.js - kapotot: err_user_not_exists_or_token_not_match
[2021-06-09T15:49:04.507] [DEBUG] logDebug.js - kapotot: err_user_not_exists_or_token_not_match
[2021-06-09T15:49:04.525] [DEBUG] logDebug.js - kapotot: err_user_not_exists_or_token_not_match
[2021-06-09T15:49:04.626] [DEBUG] logDebug.js - kapotot: err_user_not_exists_or_token_not_match
[2021-06-09T15:49:04.637] [DEBUG] logDebug.js - kapotot: err_user_not_exists_or_token_not_match
[2021-06-09T15:49:04.772] [DEBUG] logDebug.js - kapotot: err_user_not_exists_or_token_not_match
[2021-06-09T15:49:04.775] [DEBUG] logDebug.js - kapotot: err_user_not_exists_or_token_not_match
[2021-06-09T15:49:04.860] [DEBUG] logDebug.js - kapotot: err_user_not_exists_or_token_not_match
[2021-06-09T15:49:04.870] [DEBUG] logDebug.js - kapotot: err_user_not_exists_or_token_not_match
[2021-06-09T15:49:04.950] [DEBUG] logDebug.js - kapotot: err_user_not_exists_or_token_not_match
[2021-06-09T15:49:04.958] [DEBUG] logDebug.js - kapotot: err_user_not_exists_or_token_not_match
[2021-06-09T15:49:05.032] [DEBUG] logDebug.js - kapotot: err_user_not_exists_or_token_not_match
[2021-06-09T15:49:05.037] [DEBUG] logDebug.js - kapotot: err_user_not_exists_or_token_not_match
[2021-06-09T15:49:05.108] [DEBUG] logDebug.js - kapotot: err_user_not_exists_or_token_not_match
[2021-06-09T15:49:05.115] [DEBUG] logDebug.js - kapotot: err_user_not_exists_or_token_not_match
[2021-06-09T15:49:05.201] [DEBUG] logDebug.js - kapotot: err_user_not_exists_or_token_not_match
[2021-06-09T15:49:05.203] [DEBUG] logDebug.js - kapotot: err_user_not_exists_or_token_not_match
[2021-06-09T15:49:05.424] [DEBUG] logDebug.js - kapotot: err_user_not_exists_or_token_not_match
[2021-06-09T15:49:05.469] [DEBUG] logDebug.js - kapotot: err_user_not_exists_or_token_not_match
[2021-06-09T15:49:05.633] [DEBUG] logDebug.js - kapotot: err_user_not_exists_or_token_not_match
[2021-06-09T15:49:05.662] [DEBUG] logDebug.js - kapotot: err_user_not_exists_or_token_not_match
[2021-06-09T15:49:05.721] [DEBUG] logDebug.js - kapotot: err_user_not_exists_or_token_not_match
[2021-06-09T15:49:05.758] [DEBUG] logDebug.js - kapotot: err_user_not_exists_or_token_not_match
[2021-06-09T15:49:05.799] [DEBUG] logDebug.js - kapotot: err_user_not_exists_or_token_not_match
[2021-06-09T15:49:05.863] [DEBUG] logDebug.js - kapotot: err_user_not_exists_or_token_not_match
[2021-06-09T15:49:05.920] [DEBUG] logDebug.js - kapotot: err_user_not_exists_or_token_not_match
