[2021-06-09T15:45:22.365] [INFO] default - |-----------------|
[2021-06-09T15:45:22.370] [INFO] default - |ExtraServer START|
[2021-06-09T15:45:22.371] [INFO] default - |-----------------|
[2021-06-09T15:45:22.372] [INFO] default - creating server...
[2021-06-09T15:45:22.372] [INFO] default - Loading plugins...
[2021-06-09T15:45:22.375] [ERROR] default - Cloud not load plugin asdasd.json: TypeError: require(...).onStart is not a function
[2021-06-09T15:45:22.624] [ERROR] default - Cloud not load plugin chat.js: TypeError [ERR_INVALID_ARG_TYPE]: The "emitter" argument must be an instance of EventEmitter. Received type string ('connection')
[2021-06-09T15:45:22.627] [INFO] defaultRequestHandler.js - DefaultRequestHandler was made by BomberPlayz.
[2021-06-09T15:45:22.628] [INFO] default - Loaded plugin defaultRequestHandler.js
[2021-06-09T15:45:22.641] [ERROR] default - Cloud not load plugin directoryList.js: TypeError: require(...).onStart is not a function
[2021-06-09T15:45:22.642] [INFO] logDebug.js - logDebug plugin by BomberPlayz!
[2021-06-09T15:45:22.645] [INFO] default - Loaded plugin logDebug.js
[2021-06-09T15:45:22.647] [ERROR] default - Cloud not load plugin tuccc.json: SyntaxError: D:\OneDrive\Desktop\progs\ExtraServer\server_plugins\tuccc.json: Unexpected number in JSON at position 57948
[2021-06-09T15:45:22.655] [INFO] _compatibleMode.js - CopatibleMode plugin was made by BomberPLayz
[2021-06-09T15:45:22.657] [INFO] default - Loaded plugin _compatibleMode.js
[2021-06-09T15:45:22.658] [INFO] default - Starting to listen...
[2021-06-09T15:45:22.665] [INFO] default - Server started!
[2021-06-09T15:45:22.669] [INFO] default - tictuc! elindult!
[2021-06-09T15:45:27.753] [INFO] defaultRequestHandler.js - ::1 requested to /
[2021-06-09T15:45:27.897] [INFO] defaultRequestHandler.js - ::1 requested to /index.html
[2021-06-09T15:45:28.235] [INFO] defaultRequestHandler.js - ::1 requested to /favicon.ico
[2021-06-09T15:45:28.245] [WARN] defaultRequestHandler.js - Requested file not found: /favicon.ico
[2021-06-09T15:45:46.287] [INFO] defaultRequestHandler.js - ::1 requested to /tafonya.jsx?user=afonya
[2021-06-09T15:45:46.635] [DEBUG] logDebug.js - kapotot: err_user_not_exists_or_token_not_match
[2021-06-09T15:45:46.738] [DEBUG] logDebug.js - kapotot: err_user_not_exists_or_token_not_match
[2021-06-09T15:45:46.918] [DEBUG] logDebug.js - kapotot: err_user_not_exists_or_token_not_match
[2021-06-09T15:45:47.002] [DEBUG] logDebug.js - kapotot: err_user_not_exists_or_token_not_match
[2021-06-09T15:45:47.100] [DEBUG] logDebug.js - kapotot: err_user_not_exists_or_token_not_match
[2021-06-09T15:45:47.208] [DEBUG] logDebug.js - kapotot: err_user_not_exists_or_token_not_match
[2021-06-09T15:45:47.312] [DEBUG] logDebug.js - kapotot: err_user_not_exists_or_token_not_match
[2021-06-09T15:45:47.398] [DEBUG] logDebug.js - kapotot: err_user_not_exists_or_token_not_match
[2021-06-09T15:45:47.491] [DEBUG] logDebug.js - kapotot: err_user_not_exists_or_token_not_match
[2021-06-09T15:45:47.579] [DEBUG] logDebug.js - kapotot: err_user_not_exists_or_token_not_match
[2021-06-09T15:45:47.659] [DEBUG] logDebug.js - kapotot: err_user_not_exists_or_token_not_match
[2021-06-09T15:45:47.807] [DEBUG] logDebug.js - kapotot: err_user_not_exists_or_token_not_match
[2021-06-09T15:45:47.897] [DEBUG] logDebug.js - kapotot: err_user_not_exists_or_token_not_match
[2021-06-09T15:45:47.985] [DEBUG] logDebug.js - kapotot: err_user_not_exists_or_token_not_match
[2021-06-09T15:45:48.064] [DEBUG] logDebug.js - kapotot: err_user_not_exists_or_token_not_match
[2021-06-09T15:45:48.150] [DEBUG] logDebug.js - kapotot: err_user_not_exists_or_token_not_match
[2021-06-09T15:45:48.256] [DEBUG] logDebug.js - kapotot: err_user_not_exists_or_token_not_match
[2021-06-09T15:45:48.370] [DEBUG] logDebug.js - kapotot: err_user_not_exists_or_token_not_match
[2021-06-09T15:45:48.464] [DEBUG] logDebug.js - kapotot: err_user_not_exists_or_token_not_match
[2021-06-09T15:45:48.572] [DEBUG] logDebug.js - kapotot: err_user_not_exists_or_token_not_match
[2021-06-09T15:45:48.678] [DEBUG] logDebug.js - kapotot: err_user_not_exists_or_token_not_match
[2021-06-09T15:45:48.782] [DEBUG] logDebug.js - kapotot: err_user_not_exists_or_token_not_match
[2021-06-09T15:45:48.885] [DEBUG] logDebug.js - kapotot: err_user_not_exists_or_token_not_match
[2021-06-09T15:45:48.968] [DEBUG] logDebug.js - kapotot: err_user_not_exists_or_token_not_match
[2021-06-09T15:45:49.060] [DEBUG] logDebug.js - kapotot: err_user_not_exists_or_token_not_match
[2021-06-09T15:45:49.140] [DEBUG] logDebug.js - kapotot: err_user_not_exists_or_token_not_match
[2021-06-09T15:45:49.219] [DEBUG] logDebug.js - kapotot: err_user_not_exists_or_token_not_match
[2021-06-09T15:45:49.301] [DEBUG] logDebug.js - kapotot: err_user_not_exists_or_token_not_match
[2021-06-09T15:45:49.382] [DEBUG] logDebug.js - kapotot: err_user_not_exists_or_token_not_match
[2021-06-09T15:45:49.461] [DEBUG] logDebug.js - kapotot: err_user_not_exists_or_token_not_match
[2021-06-09T15:45:49.542] [DEBUG] logDebug.js - kapotot: err_user_not_exists_or_token_not_match
[2021-06-09T15:45:49.623] [DEBUG] logDebug.js - kapotot: err_user_not_exists_or_token_not_match
[2021-06-09T15:45:49.706] [DEBUG] logDebug.js - kapotot: err_user_not_exists_or_token_not_match
[2021-06-09T15:45:49.809] [DEBUG] logDebug.js - kapotot: err_user_not_exists_or_token_not_match
[2021-06-09T15:45:49.893] [DEBUG] logDebug.js - kapotot: err_user_not_exists_or_token_not_match
[2021-06-09T15:45:49.972] [DEBUG] logDebug.js - kapotot: err_user_not_exists_or_token_not_match
[2021-06-09T15:45:50.051] [DEBUG] logDebug.js - kapotot: err_user_not_exists_or_token_not_match
[2021-06-09T15:45:50.134] [DEBUG] logDebug.js - kapotot: err_user_not_exists_or_token_not_match
[2021-06-09T15:45:50.221] [DEBUG] logDebug.js - kapotot: err_user_not_exists_or_token_not_match
[2021-06-09T15:45:50.300] [DEBUG] logDebug.js - kapotot: err_user_not_exists_or_token_not_match
[2021-06-09T15:45:50.381] [DEBUG] logDebug.js - kapotot: err_user_not_exists_or_token_not_match
[2021-06-09T15:45:50.465] [DEBUG] logDebug.js - kapotot: err_user_not_exists_or_token_not_match
[2021-06-09T15:45:50.550] [DEBUG] logDebug.js - kapotot: err_user_not_exists_or_token_not_match
[2021-06-09T15:45:50.628] [DEBUG] logDebug.js - kapotot: err_user_not_exists_or_token_not_match
[2021-06-09T15:45:50.710] [DEBUG] logDebug.js - kapotot: err_user_not_exists_or_token_not_match
[2021-06-09T15:45:50.792] [DEBUG] logDebug.js - kapotot: err_user_not_exists_or_token_not_match
[2021-06-09T15:45:50.883] [DEBUG] logDebug.js - kapotot: err_user_not_exists_or_token_not_match
[2021-06-09T15:45:50.970] [DEBUG] logDebug.js - kapotot: err_user_not_exists_or_token_not_match
[2021-06-09T15:45:51.059] [DEBUG] logDebug.js - kapotot: err_user_not_exists_or_token_not_match
[2021-06-09T15:45:51.141] [DEBUG] logDebug.js - kapotot: err_user_not_exists_or_token_not_match
[2021-06-09T15:45:51.225] [DEBUG] logDebug.js - kapotot: err_user_not_exists_or_token_not_match
[2021-06-09T15:45:51.305] [DEBUG] logDebug.js - kapotot: err_user_not_exists_or_token_not_match
[2021-06-09T15:45:51.396] [DEBUG] logDebug.js - kapotot: err_user_not_exists_or_token_not_match
[2021-06-09T15:45:51.486] [DEBUG] logDebug.js - kapotot: err_user_not_exists_or_token_not_match
[2021-06-09T15:45:51.572] [DEBUG] logDebug.js - kapotot: err_user_not_exists_or_token_not_match
[2021-06-09T15:45:51.667] [DEBUG] logDebug.js - kapotot: err_user_not_exists_or_token_not_match
[2021-06-09T15:45:51.774] [DEBUG] logDebug.js - kapotot: err_user_not_exists_or_token_not_match
[2021-06-09T15:45:51.865] [DEBUG] logDebug.js - kapotot: err_user_not_exists_or_token_not_match
[2021-06-09T15:45:51.956] [DEBUG] logDebug.js - kapotot: err_user_not_exists_or_token_not_match
[2021-06-09T15:45:52.083] [DEBUG] logDebug.js - kapotot: err_user_not_exists_or_token_not_match
[2021-06-09T15:45:52.175] [DEBUG] logDebug.js - kapotot: err_user_not_exists_or_token_not_match
[2021-06-09T15:45:52.262] [DEBUG] logDebug.js - kapotot: err_user_not_exists_or_token_not_match
[2021-06-09T15:45:52.354] [DEBUG] logDebug.js - kapotot: err_user_not_exists_or_token_not_match
[2021-06-09T15:45:52.455] [DEBUG] logDebug.js - kapotot: err_user_not_exists_or_token_not_match
[2021-06-09T15:45:52.554] [DEBUG] logDebug.js - kapotot: err_user_not_exists_or_token_not_match
[2021-06-09T15:45:52.639] [DEBUG] logDebug.js - kapotot: err_user_not_exists_or_token_not_match
[2021-06-09T15:45:52.750] [DEBUG] logDebug.js - kapotot: err_user_not_exists_or_token_not_match
[2021-06-09T15:45:52.833] [DEBUG] logDebug.js - kapotot: err_user_not_exists_or_token_not_match
[2021-06-09T15:45:52.913] [DEBUG] logDebug.js - kapotot: err_user_not_exists_or_token_not_match
[2021-06-09T15:45:52.990] [DEBUG] logDebug.js - kapotot: err_user_not_exists_or_token_not_match
[2021-06-09T15:45:53.074] [DEBUG] logDebug.js - kapotot: err_user_not_exists_or_token_not_match
[2021-06-09T15:45:53.152] [DEBUG] logDebug.js - kapotot: err_user_not_exists_or_token_not_match
[2021-06-09T15:45:53.232] [DEBUG] logDebug.js - kapotot: err_user_not_exists_or_token_not_match
[2021-06-09T15:45:53.321] [DEBUG] logDebug.js - kapotot: err_user_not_exists_or_token_not_match
[2021-06-09T15:45:53.405] [DEBUG] logDebug.js - kapotot: err_user_not_exists_or_token_not_match
[2021-06-09T15:45:53.486] [DEBUG] logDebug.js - kapotot: err_user_not_exists_or_token_not_match
[2021-06-09T15:45:53.567] [DEBUG] logDebug.js - kapotot: err_user_not_exists_or_token_not_match
[2021-06-09T15:45:53.648] [DEBUG] logDebug.js - kapotot: err_user_not_exists_or_token_not_match
[2021-06-09T15:45:53.732] [DEBUG] logDebug.js - kapotot: err_user_not_exists_or_token_not_match
[2021-06-09T15:45:53.814] [DEBUG] logDebug.js - kapotot: err_user_not_exists_or_token_not_match
[2021-06-09T15:45:53.898] [DEBUG] logDebug.js - kapotot: err_user_not_exists_or_token_not_match
[2021-06-09T15:45:53.982] [DEBUG] logDebug.js - kapotot: err_user_not_exists_or_token_not_match
[2021-06-09T15:45:54.060] [DEBUG] logDebug.js - kapotot: err_user_not_exists_or_token_not_match
[2021-06-09T15:45:54.142] [DEBUG] logDebug.js - kapotot: err_user_not_exists_or_token_not_match
[2021-06-09T15:45:54.225] [DEBUG] logDebug.js - kapotot: err_user_not_exists_or_token_not_match
[2021-06-09T15:45:54.314] [DEBUG] logDebug.js - kapotot: err_user_not_exists_or_token_not_match
[2021-06-09T15:45:54.394] [DEBUG] logDebug.js - kapotot: err_user_not_exists_or_token_not_match
[2021-06-09T15:45:54.475] [DEBUG] logDebug.js - kapotot: err_user_not_exists_or_token_not_match
[2021-06-09T15:45:54.555] [DEBUG] logDebug.js - kapotot: err_user_not_exists_or_token_not_match
[2021-06-09T15:45:54.634] [DEBUG] logDebug.js - kapotot: err_user_not_exists_or_token_not_match
[2021-06-09T15:45:54.716] [DEBUG] logDebug.js - kapotot: err_user_not_exists_or_token_not_match
[2021-06-09T15:45:54.793] [DEBUG] logDebug.js - kapotot: err_user_not_exists_or_token_not_match
[2021-06-09T15:45:54.899] [DEBUG] logDebug.js - kapotot: err_user_not_exists_or_token_not_match
[2021-06-09T15:45:54.995] [DEBUG] logDebug.js - kapotot: err_user_not_exists_or_token_not_match
[2021-06-09T15:45:55.087] [DEBUG] logDebug.js - kapotot: err_user_not_exists_or_token_not_match
[2021-06-09T15:45:55.197] [DEBUG] logDebug.js - kapotot: err_user_not_exists_or_token_not_match
[2021-06-09T15:45:55.279] [DEBUG] logDebug.js - kapotot: err_user_not_exists_or_token_not_match
[2021-06-09T15:45:55.358] [DEBUG] logDebug.js - kapotot: err_user_not_exists_or_token_not_match
[2021-06-09T15:45:55.439] [DEBUG] logDebug.js - kapotot: err_user_not_exists_or_token_not_match
[2021-06-09T15:45:55.525] [DEBUG] logDebug.js - kapotot: err_user_not_exists_or_token_not_match
[2021-06-09T15:45:55.604] [DEBUG] logDebug.js - kapotot: err_user_not_exists_or_token_not_match
[2021-06-09T15:45:55.687] [DEBUG] logDebug.js - kapotot: err_user_not_exists_or_token_not_match
[2021-06-09T15:45:55.774] [DEBUG] logDebug.js - kapotot: err_user_not_exists_or_token_not_match
[2021-06-09T15:45:55.865] [DEBUG] logDebug.js - kapotot: err_user_not_exists_or_token_not_match
[2021-06-09T15:45:55.951] [DEBUG] logDebug.js - kapotot: err_user_not_exists_or_token_not_match
[2021-06-09T15:45:56.034] [DEBUG] logDebug.js - kapotot: err_user_not_exists_or_token_not_match
[2021-06-09T15:45:56.112] [DEBUG] logDebug.js - kapotot: err_user_not_exists_or_token_not_match
[2021-06-09T15:45:56.188] [DEBUG] logDebug.js - kapotot: err_user_not_exists_or_token_not_match
[2021-06-09T15:45:56.267] [DEBUG] logDebug.js - kapotot: err_user_not_exists_or_token_not_match
[2021-06-09T15:45:56.345] [DEBUG] logDebug.js - kapotot: err_user_not_exists_or_token_not_match
[2021-06-09T15:45:56.425] [DEBUG] logDebug.js - kapotot: err_user_not_exists_or_token_not_match
[2021-06-09T15:45:56.504] [DEBUG] logDebug.js - kapotot: err_user_not_exists_or_token_not_match
[2021-06-09T15:45:56.582] [DEBUG] logDebug.js - kapotot: err_user_not_exists_or_token_not_match
[2021-06-09T15:45:56.699] [DEBUG] logDebug.js - kapotot: err_user_not_exists_or_token_not_match
[2021-06-09T15:45:56.784] [DEBUG] logDebug.js - kapotot: err_user_not_exists_or_token_not_match
[2021-06-09T15:45:56.884] [DEBUG] logDebug.js - kapotot: err_user_not_exists_or_token_not_match
[2021-06-09T15:45:56.966] [DEBUG] logDebug.js - kapotot: err_user_not_exists_or_token_not_match
[2021-06-09T15:45:57.046] [DEBUG] logDebug.js - kapotot: err_user_not_exists_or_token_not_match
[2021-06-09T15:45:57.127] [DEBUG] logDebug.js - kapotot: err_user_not_exists_or_token_not_match
[2021-06-09T15:45:57.213] [DEBUG] logDebug.js - kapotot: err_user_not_exists_or_token_not_match
[2021-06-09T15:45:57.297] [DEBUG] logDebug.js - kapotot: err_user_not_exists_or_token_not_match
[2021-06-09T15:45:57.382] [DEBUG] logDebug.js - kapotot: err_user_not_exists_or_token_not_match
[2021-06-09T15:45:57.463] [DEBUG] logDebug.js - kapotot: err_user_not_exists_or_token_not_match
[2021-06-09T15:45:57.546] [DEBUG] logDebug.js - kapotot: err_user_not_exists_or_token_not_match
[2021-06-09T15:45:57.641] [DEBUG] logDebug.js - kapotot: err_user_not_exists_or_token_not_match
[2021-06-09T15:45:57.758] [DEBUG] logDebug.js - kapotot: err_user_not_exists_or_token_not_match
[2021-06-09T15:45:57.868] [DEBUG] logDebug.js - kapotot: err_user_not_exists_or_token_not_match
[2021-06-09T15:45:57.957] [DEBUG] logDebug.js - kapotot: err_user_not_exists_or_token_not_match
[2021-06-09T15:45:58.053] [DEBUG] logDebug.js - kapotot: err_user_not_exists_or_token_not_match
[2021-06-09T15:45:58.151] [DEBUG] logDebug.js - kapotot: err_user_not_exists_or_token_not_match
[2021-06-09T15:45:58.246] [DEBUG] logDebug.js - kapotot: err_user_not_exists_or_token_not_match
[2021-06-09T15:45:58.326] [DEBUG] logDebug.js - kapotot: err_user_not_exists_or_token_not_match
[2021-06-09T15:45:58.424] [DEBUG] logDebug.js - kapotot: err_user_not_exists_or_token_not_match
[2021-06-09T15:45:58.542] [DEBUG] logDebug.js - kapotot: err_user_not_exists_or_token_not_match
[2021-06-09T15:45:58.657] [DEBUG] logDebug.js - kapotot: err_user_not_exists_or_token_not_match
[2021-06-09T15:45:58.764] [DEBUG] logDebug.js - kapotot: err_user_not_exists_or_token_not_match
[2021-06-09T15:45:58.855] [DEBUG] logDebug.js - kapotot: err_user_not_exists_or_token_not_match
[2021-06-09T15:45:58.937] [DEBUG] logDebug.js - kapotot: err_user_not_exists_or_token_not_match
[2021-06-09T15:45:59.029] [DEBUG] logDebug.js - kapotot: err_user_not_exists_or_token_not_match
[2021-06-09T15:45:59.115] [DEBUG] logDebug.js - kapotot: err_user_not_exists_or_token_not_match
[2021-06-09T15:45:59.195] [DEBUG] logDebug.js - kapotot: err_user_not_exists_or_token_not_match
[2021-06-09T15:45:59.274] [DEBUG] logDebug.js - kapotot: err_user_not_exists_or_token_not_match
[2021-06-09T15:45:59.354] [DEBUG] logDebug.js - kapotot: err_user_not_exists_or_token_not_match
[2021-06-09T15:45:59.435] [DEBUG] logDebug.js - kapotot: err_user_not_exists_or_token_not_match
[2021-06-09T15:45:59.517] [DEBUG] logDebug.js - kapotot: err_user_not_exists_or_token_not_match
[2021-06-09T15:45:59.597] [DEBUG] logDebug.js - kapotot: err_user_not_exists_or_token_not_match
[2021-06-09T15:45:59.687] [DEBUG] logDebug.js - kapotot: err_user_not_exists_or_token_not_match
[2021-06-09T15:45:59.771] [DEBUG] logDebug.js - kapotot: err_user_not_exists_or_token_not_match
[2021-06-09T15:45:59.859] [DEBUG] logDebug.js - kapotot: err_user_not_exists_or_token_not_match
[2021-06-09T15:45:59.944] [DEBUG] logDebug.js - kapotot: err_user_not_exists_or_token_not_match
[2021-06-09T15:46:00.029] [DEBUG] logDebug.js - kapotot: err_user_not_exists_or_token_not_match
[2021-06-09T15:46:00.107] [DEBUG] logDebug.js - kapotot: err_user_not_exists_or_token_not_match
[2021-06-09T15:46:00.185] [DEBUG] logDebug.js - kapotot: err_user_not_exists_or_token_not_match
[2021-06-09T15:46:00.269] [DEBUG] logDebug.js - kapotot: err_user_not_exists_or_token_not_match
[2021-06-09T15:46:00.348] [DEBUG] logDebug.js - kapotot: err_user_not_exists_or_token_not_match
[2021-06-09T15:46:00.431] [DEBUG] logDebug.js - kapotot: err_user_not_exists_or_token_not_match
[2021-06-09T15:46:00.511] [DEBUG] logDebug.js - kapotot: err_user_not_exists_or_token_not_match
[2021-06-09T15:46:00.595] [DEBUG] logDebug.js - kapotot: err_user_not_exists_or_token_not_match
[2021-06-09T15:46:00.687] [DEBUG] logDebug.js - kapotot: err_user_not_exists_or_token_not_match
[2021-06-09T15:46:00.771] [DEBUG] logDebug.js - kapotot: err_user_not_exists_or_token_not_match
[2021-06-09T15:46:00.867] [DEBUG] logDebug.js - kapotot: err_user_not_exists_or_token_not_match
[2021-06-09T15:46:00.949] [DEBUG] logDebug.js - kapotot: err_user_not_exists_or_token_not_match
[2021-06-09T15:46:01.028] [DEBUG] logDebug.js - kapotot: err_user_not_exists_or_token_not_match
[2021-06-09T15:46:01.113] [DEBUG] logDebug.js - kapotot: err_user_not_exists_or_token_not_match
[2021-06-09T15:46:01.199] [DEBUG] logDebug.js - kapotot: err_user_not_exists_or_token_not_match
[2021-06-09T15:46:01.280] [DEBUG] logDebug.js - kapotot: err_user_not_exists_or_token_not_match
[2021-06-09T15:46:01.375] [DEBUG] logDebug.js - kapotot: err_user_not_exists_or_token_not_match
[2021-06-09T15:46:01.455] [DEBUG] logDebug.js - kapotot: err_user_not_exists_or_token_not_match
[2021-06-09T15:46:01.533] [DEBUG] logDebug.js - kapotot: err_user_not_exists_or_token_not_match
[2021-06-09T15:46:01.619] [DEBUG] logDebug.js - kapotot: err_user_not_exists_or_token_not_match
[2021-06-09T15:46:01.701] [DEBUG] logDebug.js - kapotot: err_user_not_exists_or_token_not_match
[2021-06-09T15:46:01.784] [DEBUG] logDebug.js - kapotot: err_user_not_exists_or_token_not_match
[2021-06-09T15:46:01.865] [DEBUG] logDebug.js - kapotot: err_user_not_exists_or_token_not_match
[2021-06-09T15:46:01.947] [DEBUG] logDebug.js - kapotot: err_user_not_exists_or_token_not_match
[2021-06-09T15:46:02.032] [DEBUG] logDebug.js - kapotot: err_user_not_exists_or_token_not_match
[2021-06-09T15:46:02.116] [DEBUG] logDebug.js - kapotot: err_user_not_exists_or_token_not_match
[2021-06-09T15:46:02.197] [DEBUG] logDebug.js - kapotot: err_user_not_exists_or_token_not_match
[2021-06-09T15:46:02.281] [DEBUG] logDebug.js - kapotot: err_user_not_exists_or_token_not_match
[2021-06-09T15:46:02.365] [DEBUG] logDebug.js - kapotot: err_user_not_exists_or_token_not_match
[2021-06-09T15:46:02.454] [DEBUG] logDebug.js - kapotot: err_user_not_exists_or_token_not_match
[2021-06-09T15:46:02.534] [DEBUG] logDebug.js - kapotot: err_user_not_exists_or_token_not_match
[2021-06-09T15:46:02.617] [DEBUG] logDebug.js - kapotot: err_user_not_exists_or_token_not_match
[2021-06-09T15:46:02.718] [DEBUG] logDebug.js - kapotot: err_user_not_exists_or_token_not_match
[2021-06-09T15:46:02.797] [DEBUG] logDebug.js - kapotot: err_user_not_exists_or_token_not_match
[2021-06-09T15:46:02.882] [DEBUG] logDebug.js - kapotot: err_user_not_exists_or_token_not_match
[2021-06-09T15:46:02.965] [DEBUG] logDebug.js - kapotot: err_user_not_exists_or_token_not_match
[2021-06-09T15:46:03.043] [DEBUG] logDebug.js - kapotot: err_user_not_exists_or_token_not_match
[2021-06-09T15:46:03.126] [DEBUG] logDebug.js - kapotot: err_user_not_exists_or_token_not_match
[2021-06-09T15:46:03.211] [DEBUG] logDebug.js - kapotot: err_user_not_exists_or_token_not_match
[2021-06-09T15:46:03.291] [DEBUG] logDebug.js - kapotot: err_user_not_exists_or_token_not_match
[2021-06-09T15:46:03.374] [DEBUG] logDebug.js - kapotot: err_user_not_exists_or_token_not_match
[2021-06-09T15:46:03.453] [DEBUG] logDebug.js - kapotot: err_user_not_exists_or_token_not_match
[2021-06-09T15:46:03.534] [DEBUG] logDebug.js - kapotot: err_user_not_exists_or_token_not_match
[2021-06-09T15:46:03.614] [DEBUG] logDebug.js - kapotot: err_user_not_exists_or_token_not_match
[2021-06-09T15:46:03.722] [DEBUG] logDebug.js - kapotot: err_user_not_exists_or_token_not_match
[2021-06-09T15:46:03.814] [DEBUG] logDebug.js - kapotot: err_user_not_exists_or_token_not_match
[2021-06-09T15:46:03.909] [DEBUG] logDebug.js - kapotot: err_user_not_exists_or_token_not_match
[2021-06-09T15:46:03.995] [DEBUG] logDebug.js - kapotot: err_user_not_exists_or_token_not_match
[2021-06-09T15:46:04.104] [DEBUG] logDebug.js - kapotot: err_user_not_exists_or_token_not_match
[2021-06-09T15:46:04.189] [DEBUG] logDebug.js - kapotot: err_user_not_exists_or_token_not_match
[2021-06-09T15:46:04.290] [DEBUG] logDebug.js - kapotot: err_user_not_exists_or_token_not_match
[2021-06-09T15:46:04.398] [DEBUG] logDebug.js - kapotot: err_user_not_exists_or_token_not_match
[2021-06-09T15:46:04.499] [DEBUG] logDebug.js - kapotot: err_user_not_exists_or_token_not_match
[2021-06-09T15:46:04.596] [DEBUG] logDebug.js - kapotot: err_user_not_exists_or_token_not_match
[2021-06-09T15:46:04.703] [DEBUG] logDebug.js - kapotot: err_user_not_exists_or_token_not_match
[2021-06-09T15:46:04.805] [DEBUG] logDebug.js - kapotot: err_user_not_exists_or_token_not_match
[2021-06-09T15:46:04.908] [DEBUG] logDebug.js - kapotot: err_user_not_exists_or_token_not_match
[2021-06-09T15:46:04.998] [DEBUG] logDebug.js - kapotot: err_user_not_exists_or_token_not_match
[2021-06-09T15:46:05.087] [DEBUG] logDebug.js - kapotot: err_user_not_exists_or_token_not_match
[2021-06-09T15:46:05.175] [DEBUG] logDebug.js - kapotot: err_user_not_exists_or_token_not_match
[2021-06-09T15:46:05.254] [DEBUG] logDebug.js - kapotot: err_user_not_exists_or_token_not_match
[2021-06-09T15:46:05.338] [DEBUG] logDebug.js - kapotot: err_user_not_exists_or_token_not_match
[2021-06-09T15:46:05.442] [DEBUG] logDebug.js - kapotot: err_user_not_exists_or_token_not_match
[2021-06-09T15:46:05.525] [DEBUG] logDebug.js - kapotot: err_user_not_exists_or_token_not_match
[2021-06-09T15:46:05.610] [DEBUG] logDebug.js - kapotot: err_user_not_exists_or_token_not_match
[2021-06-09T15:46:05.695] [DEBUG] logDebug.js - kapotot: err_user_not_exists_or_token_not_match
[2021-06-09T15:46:05.779] [DEBUG] logDebug.js - kapotot: err_user_not_exists_or_token_not_match
[2021-06-09T15:46:05.865] [DEBUG] logDebug.js - kapotot: err_user_not_exists_or_token_not_match
[2021-06-09T15:46:05.952] [DEBUG] logDebug.js - kapotot: err_user_not_exists_or_token_not_match
[2021-06-09T15:46:06.033] [DEBUG] logDebug.js - kapotot: err_user_not_exists_or_token_not_match
[2021-06-09T15:46:06.114] [DEBUG] logDebug.js - kapotot: err_user_not_exists_or_token_not_match
[2021-06-09T15:46:06.191] [DEBUG] logDebug.js - kapotot: err_user_not_exists_or_token_not_match
[2021-06-09T15:46:06.278] [DEBUG] logDebug.js - kapotot: err_user_not_exists_or_token_not_match
[2021-06-09T15:46:06.364] [DEBUG] logDebug.js - kapotot: err_user_not_exists_or_token_not_match
[2021-06-09T15:46:06.445] [DEBUG] logDebug.js - kapotot: err_user_not_exists_or_token_not_match
[2021-06-09T15:46:06.523] [DEBUG] logDebug.js - kapotot: err_user_not_exists_or_token_not_match
[2021-06-09T15:46:06.608] [DEBUG] logDebug.js - kapotot: err_user_not_exists_or_token_not_match
[2021-06-09T15:46:06.706] [DEBUG] logDebug.js - kapotot: err_user_not_exists_or_token_not_match
[2021-06-09T15:46:06.791] [DEBUG] logDebug.js - kapotot: err_user_not_exists_or_token_not_match
[2021-06-09T15:46:06.875] [DEBUG] logDebug.js - kapotot: err_user_not_exists_or_token_not_match
[2021-06-09T15:46:06.958] [DEBUG] logDebug.js - kapotot: err_user_not_exists_or_token_not_match
[2021-06-09T15:46:07.043] [DEBUG] logDebug.js - kapotot: err_user_not_exists_or_token_not_match
[2021-06-09T15:46:07.124] [DEBUG] logDebug.js - kapotot: err_user_not_exists_or_token_not_match
[2021-06-09T15:46:07.204] [DEBUG] logDebug.js - kapotot: err_user_not_exists_or_token_not_match
[2021-06-09T15:46:07.284] [DEBUG] logDebug.js - kapotot: err_user_not_exists_or_token_not_match
[2021-06-09T15:46:07.364] [DEBUG] logDebug.js - kapotot: err_user_not_exists_or_token_not_match
[2021-06-09T15:46:07.445] [DEBUG] logDebug.js - kapotot: err_user_not_exists_or_token_not_match
[2021-06-09T15:46:07.527] [DEBUG] logDebug.js - kapotot: err_user_not_exists_or_token_not_match
[2021-06-09T15:46:07.612] [DEBUG] logDebug.js - kapotot: err_user_not_exists_or_token_not_match
[2021-06-09T15:46:07.694] [DEBUG] logDebug.js - kapotot: err_user_not_exists_or_token_not_match
[2021-06-09T15:46:07.773] [DEBUG] logDebug.js - kapotot: err_user_not_exists_or_token_not_match
[2021-06-09T15:46:07.853] [DEBUG] logDebug.js - kapotot: err_user_not_exists_or_token_not_match
[2021-06-09T15:46:07.939] [DEBUG] logDebug.js - kapotot: err_user_not_exists_or_token_not_match
[2021-06-09T15:46:08.024] [DEBUG] logDebug.js - kapotot: err_user_not_exists_or_token_not_match
[2021-06-09T15:46:08.109] [DEBUG] logDebug.js - kapotot: err_user_not_exists_or_token_not_match
[2021-06-09T15:46:08.190] [DEBUG] logDebug.js - kapotot: err_user_not_exists_or_token_not_match
[2021-06-09T15:46:08.273] [DEBUG] logDebug.js - kapotot: err_user_not_exists_or_token_not_match
[2021-06-09T15:46:08.356] [DEBUG] logDebug.js - kapotot: err_user_not_exists_or_token_not_match
[2021-06-09T15:46:08.442] [DEBUG] logDebug.js - kapotot: err_user_not_exists_or_token_not_match
[2021-06-09T15:46:08.533] [DEBUG] logDebug.js - kapotot: err_user_not_exists_or_token_not_match
[2021-06-09T15:46:08.619] [DEBUG] logDebug.js - kapotot: err_user_not_exists_or_token_not_match
[2021-06-09T15:46:08.699] [DEBUG] logDebug.js - kapotot: err_user_not_exists_or_token_not_match
[2021-06-09T15:46:08.780] [DEBUG] logDebug.js - kapotot: err_user_not_exists_or_token_not_match
[2021-06-09T15:46:08.862] [DEBUG] logDebug.js - kapotot: err_user_not_exists_or_token_not_match
[2021-06-09T15:46:08.946] [DEBUG] logDebug.js - kapotot: err_user_not_exists_or_token_not_match
[2021-06-09T15:46:09.025] [DEBUG] logDebug.js - kapotot: err_user_not_exists_or_token_not_match
[2021-06-09T15:46:09.106] [DEBUG] logDebug.js - kapotot: err_user_not_exists_or_token_not_match
[2021-06-09T15:46:09.186] [DEBUG] logDebug.js - kapotot: err_user_not_exists_or_token_not_match
[2021-06-09T15:46:09.271] [DEBUG] logDebug.js - kapotot: err_user_not_exists_or_token_not_match
[2021-06-09T15:46:09.351] [DEBUG] logDebug.js - kapotot: err_user_not_exists_or_token_not_match
[2021-06-09T15:46:09.431] [DEBUG] logDebug.js - kapotot: err_user_not_exists_or_token_not_match
[2021-06-09T15:46:09.509] [DEBUG] logDebug.js - kapotot: err_user_not_exists_or_token_not_match
[2021-06-09T15:46:09.590] [DEBUG] logDebug.js - kapotot: err_user_not_exists_or_token_not_match
[2021-06-09T15:46:09.674] [DEBUG] logDebug.js - kapotot: err_user_not_exists_or_token_not_match
[2021-06-09T15:46:09.763] [DEBUG] logDebug.js - kapotot: err_user_not_exists_or_token_not_match
[2021-06-09T15:46:09.854] [DEBUG] logDebug.js - kapotot: err_user_not_exists_or_token_not_match
[2021-06-09T15:46:09.938] [DEBUG] logDebug.js - kapotot: err_user_not_exists_or_token_not_match
[2021-06-09T15:46:10.019] [DEBUG] logDebug.js - kapotot: err_user_not_exists_or_token_not_match
[2021-06-09T15:46:10.100] [DEBUG] logDebug.js - kapotot: err_user_not_exists_or_token_not_match
[2021-06-09T15:46:10.189] [DEBUG] logDebug.js - kapotot: err_user_not_exists_or_token_not_match
[2021-06-09T15:46:10.282] [DEBUG] logDebug.js - kapotot: err_user_not_exists_or_token_not_match
[2021-06-09T15:46:10.375] [DEBUG] logDebug.js - kapotot: err_user_not_exists_or_token_not_match
[2021-06-09T15:46:10.469] [DEBUG] logDebug.js - kapotot: err_user_not_exists_or_token_not_match
[2021-06-09T15:46:10.558] [DEBUG] logDebug.js - kapotot: err_user_not_exists_or_token_not_match
[2021-06-09T15:46:10.662] [DEBUG] logDebug.js - kapotot: err_user_not_exists_or_token_not_match
[2021-06-09T15:46:10.799] [DEBUG] logDebug.js - kapotot: err_user_not_exists_or_token_not_match
[2021-06-09T15:46:10.925] [DEBUG] logDebug.js - kapotot: err_user_not_exists_or_token_not_match
[2021-06-09T15:46:11.114] [DEBUG] logDebug.js - kapotot: err_user_not_exists_or_token_not_match
[2021-06-09T15:46:11.297] [DEBUG] logDebug.js - kapotot: err_user_not_exists_or_token_not_match
[2021-06-09T15:46:11.405] [DEBUG] logDebug.js - kapotot: err_user_not_exists_or_token_not_match
[2021-06-09T15:46:11.487] [DEBUG] logDebug.js - kapotot: err_user_not_exists_or_token_not_match
[2021-06-09T15:46:11.583] [DEBUG] logDebug.js - kapotot: err_user_not_exists_or_token_not_match
[2021-06-09T15:46:11.693] [DEBUG] logDebug.js - kapotot: err_user_not_exists_or_token_not_match
[2021-06-09T15:46:11.780] [DEBUG] logDebug.js - kapotot: err_user_not_exists_or_token_not_match
[2021-06-09T15:46:11.866] [DEBUG] logDebug.js - kapotot: err_user_not_exists_or_token_not_match
[2021-06-09T15:46:11.948] [DEBUG] logDebug.js - kapotot: err_user_not_exists_or_token_not_match
[2021-06-09T15:46:12.033] [DEBUG] logDebug.js - kapotot: err_user_not_exists_or_token_not_match
[2021-06-09T15:46:12.114] [DEBUG] logDebug.js - kapotot: err_user_not_exists_or_token_not_match
[2021-06-09T15:46:12.197] [DEBUG] logDebug.js - kapotot: err_user_not_exists_or_token_not_match
[2021-06-09T15:46:12.279] [DEBUG] logDebug.js - kapotot: err_user_not_exists_or_token_not_match
[2021-06-09T15:46:12.359] [DEBUG] logDebug.js - kapotot: err_user_not_exists_or_token_not_match
[2021-06-09T15:46:12.441] [DEBUG] logDebug.js - kapotot: err_user_not_exists_or_token_not_match
[2021-06-09T15:46:12.523] [DEBUG] logDebug.js - kapotot: err_user_not_exists_or_token_not_match
[2021-06-09T15:46:12.610] [DEBUG] logDebug.js - kapotot: err_user_not_exists_or_token_not_match
[2021-06-09T15:46:12.691] [DEBUG] logDebug.js - kapotot: err_user_not_exists_or_token_not_match
[2021-06-09T15:46:12.780] [DEBUG] logDebug.js - kapotot: err_user_not_exists_or_token_not_match
[2021-06-09T15:46:12.859] [DEBUG] logDebug.js - kapotot: err_user_not_exists_or_token_not_match
[2021-06-09T15:46:12.939] [DEBUG] logDebug.js - kapotot: err_user_not_exists_or_token_not_match
[2021-06-09T15:46:13.023] [DEBUG] logDebug.js - kapotot: err_user_not_exists_or_token_not_match
[2021-06-09T15:46:13.107] [DEBUG] logDebug.js - kapotot: err_user_not_exists_or_token_not_match
[2021-06-09T15:46:13.187] [DEBUG] logDebug.js - kapotot: err_user_not_exists_or_token_not_match
[2021-06-09T15:46:13.270] [DEBUG] logDebug.js - kapotot: err_user_not_exists_or_token_not_match
[2021-06-09T15:46:13.356] [DEBUG] logDebug.js - kapotot: err_user_not_exists_or_token_not_match
[2021-06-09T15:46:13.439] [DEBUG] logDebug.js - kapotot: err_user_not_exists_or_token_not_match
[2021-06-09T15:46:13.522] [DEBUG] logDebug.js - kapotot: err_user_not_exists_or_token_not_match
[2021-06-09T15:46:13.606] [DEBUG] logDebug.js - kapotot: err_user_not_exists_or_token_not_match
[2021-06-09T15:46:13.695] [DEBUG] logDebug.js - kapotot: err_user_not_exists_or_token_not_match
[2021-06-09T15:46:13.781] [DEBUG] logDebug.js - kapotot: err_user_not_exists_or_token_not_match
[2021-06-09T15:46:13.867] [DEBUG] logDebug.js - kapotot: err_user_not_exists_or_token_not_match
[2021-06-09T15:46:13.954] [DEBUG] logDebug.js - kapotot: err_user_not_exists_or_token_not_match
[2021-06-09T15:46:14.035] [DEBUG] logDebug.js - kapotot: err_user_not_exists_or_token_not_match
[2021-06-09T15:46:14.117] [DEBUG] logDebug.js - kapotot: err_user_not_exists_or_token_not_match
[2021-06-09T15:46:14.200] [DEBUG] logDebug.js - kapotot: err_user_not_exists_or_token_not_match
[2021-06-09T15:46:14.283] [DEBUG] logDebug.js - kapotot: err_user_not_exists_or_token_not_match
[2021-06-09T15:46:14.364] [DEBUG] logDebug.js - kapotot: err_user_not_exists_or_token_not_match
[2021-06-09T15:46:14.443] [DEBUG] logDebug.js - kapotot: err_user_not_exists_or_token_not_match
[2021-06-09T15:46:14.521] [DEBUG] logDebug.js - kapotot: err_user_not_exists_or_token_not_match
[2021-06-09T15:46:14.601] [DEBUG] logDebug.js - kapotot: err_user_not_exists_or_token_not_match
[2021-06-09T15:46:14.689] [DEBUG] logDebug.js - kapotot: err_user_not_exists_or_token_not_match
[2021-06-09T15:46:14.770] [DEBUG] logDebug.js - kapotot: err_user_not_exists_or_token_not_match
[2021-06-09T15:46:14.861] [DEBUG] logDebug.js - kapotot: err_user_not_exists_or_token_not_match
[2021-06-09T15:46:14.950] [DEBUG] logDebug.js - kapotot: err_user_not_exists_or_token_not_match
[2021-06-09T15:46:15.031] [DEBUG] logDebug.js - kapotot: err_user_not_exists_or_token_not_match
[2021-06-09T15:46:15.118] [DEBUG] logDebug.js - kapotot: err_user_not_exists_or_token_not_match
[2021-06-09T15:46:15.202] [DEBUG] logDebug.js - kapotot: err_user_not_exists_or_token_not_match
[2021-06-09T15:46:15.282] [DEBUG] logDebug.js - kapotot: err_user_not_exists_or_token_not_match
[2021-06-09T15:46:15.363] [DEBUG] logDebug.js - kapotot: err_user_not_exists_or_token_not_match
[2021-06-09T15:46:15.443] [DEBUG] logDebug.js - kapotot: err_user_not_exists_or_token_not_match
[2021-06-09T15:46:15.532] [DEBUG] logDebug.js - kapotot: err_user_not_exists_or_token_not_match
[2021-06-09T15:46:15.609] [DEBUG] logDebug.js - kapotot: err_user_not_exists_or_token_not_match
[2021-06-09T15:46:15.688] [DEBUG] logDebug.js - kapotot: err_user_not_exists_or_token_not_match
[2021-06-09T15:46:15.770] [DEBUG] logDebug.js - kapotot: err_user_not_exists_or_token_not_match
[2021-06-09T15:46:15.854] [DEBUG] logDebug.js - kapotot: err_user_not_exists_or_token_not_match
[2021-06-09T15:46:15.938] [DEBUG] logDebug.js - kapotot: err_user_not_exists_or_token_not_match
[2021-06-09T15:46:16.017] [DEBUG] logDebug.js - kapotot: err_user_not_exists_or_token_not_match
[2021-06-09T15:46:16.099] [DEBUG] logDebug.js - kapotot: err_user_not_exists_or_token_not_match
[2021-06-09T15:46:16.188] [DEBUG] logDebug.js - kapotot: err_user_not_exists_or_token_not_match
[2021-06-09T15:46:16.268] [DEBUG] logDebug.js - kapotot: err_user_not_exists_or_token_not_match
[2021-06-09T15:46:16.348] [DEBUG] logDebug.js - kapotot: err_user_not_exists_or_token_not_match
[2021-06-09T15:46:16.441] [DEBUG] logDebug.js - kapotot: err_user_not_exists_or_token_not_match
[2021-06-09T15:46:16.534] [DEBUG] logDebug.js - kapotot: err_user_not_exists_or_token_not_match
[2021-06-09T15:46:16.619] [DEBUG] logDebug.js - kapotot: err_user_not_exists_or_token_not_match
[2021-06-09T15:46:16.716] [DEBUG] logDebug.js - kapotot: err_user_not_exists_or_token_not_match
[2021-06-09T15:46:16.837] [DEBUG] logDebug.js - kapotot: err_user_not_exists_or_token_not_match
[2021-06-09T15:46:16.953] [DEBUG] logDebug.js - kapotot: err_user_not_exists_or_token_not_match
[2021-06-09T15:46:17.152] [DEBUG] logDebug.js - kapotot: err_user_not_exists_or_token_not_match
[2021-06-09T15:46:17.373] [DEBUG] logDebug.js - kapotot: err_user_not_exists_or_token_not_match
[2021-06-09T15:46:17.485] [DEBUG] logDebug.js - kapotot: err_user_not_exists_or_token_not_match
[2021-06-09T15:46:17.589] [DEBUG] logDebug.js - kapotot: err_user_not_exists_or_token_not_match
[2021-06-09T15:46:17.752] [DEBUG] logDebug.js - kapotot: err_user_not_exists_or_token_not_match
[2021-06-09T15:46:17.867] [DEBUG] logDebug.js - kapotot: err_user_not_exists_or_token_not_match
[2021-06-09T15:46:17.990] [DEBUG] logDebug.js - kapotot: err_user_not_exists_or_token_not_match
[2021-06-09T15:46:18.085] [DEBUG] logDebug.js - kapotot: err_user_not_exists_or_token_not_match
[2021-06-09T15:46:18.175] [DEBUG] logDebug.js - kapotot: err_user_not_exists_or_token_not_match
[2021-06-09T15:46:18.264] [DEBUG] logDebug.js - kapotot: err_user_not_exists_or_token_not_match
[2021-06-09T15:46:18.347] [DEBUG] logDebug.js - kapotot: err_user_not_exists_or_token_not_match
[2021-06-09T15:46:18.429] [DEBUG] logDebug.js - kapotot: err_user_not_exists_or_token_not_match
[2021-06-09T15:46:18.513] [DEBUG] logDebug.js - kapotot: err_user_not_exists_or_token_not_match
[2021-06-09T15:46:18.601] [DEBUG] logDebug.js - kapotot: err_user_not_exists_or_token_not_match
[2021-06-09T15:46:18.732] [DEBUG] logDebug.js - kapotot: err_user_not_exists_or_token_not_match
[2021-06-09T15:46:18.861] [DEBUG] logDebug.js - kapotot: err_user_not_exists_or_token_not_match
[2021-06-09T15:46:18.956] [DEBUG] logDebug.js - kapotot: err_user_not_exists_or_token_not_match
[2021-06-09T15:46:19.116] [DEBUG] logDebug.js - kapotot: err_user_not_exists_or_token_not_match
[2021-06-09T15:46:19.216] [DEBUG] logDebug.js - kapotot: err_user_not_exists_or_token_not_match
[2021-06-09T15:46:19.307] [DEBUG] logDebug.js - kapotot: err_user_not_exists_or_token_not_match
[2021-06-09T15:46:19.396] [DEBUG] logDebug.js - kapotot: err_user_not_exists_or_token_not_match
[2021-06-09T15:46:19.478] [DEBUG] logDebug.js - kapotot: err_user_not_exists_or_token_not_match
[2021-06-09T15:46:19.557] [DEBUG] logDebug.js - kapotot: err_user_not_exists_or_token_not_match
[2021-06-09T15:46:19.642] [DEBUG] logDebug.js - kapotot: err_user_not_exists_or_token_not_match
[2021-06-09T15:46:19.723] [DEBUG] logDebug.js - kapotot: err_user_not_exists_or_token_not_match
[2021-06-09T15:46:19.806] [DEBUG] logDebug.js - kapotot: err_user_not_exists_or_token_not_match
[2021-06-09T15:46:19.886] [DEBUG] logDebug.js - kapotot: err_user_not_exists_or_token_not_match
[2021-06-09T15:46:19.965] [DEBUG] logDebug.js - kapotot: err_user_not_exists_or_token_not_match
[2021-06-09T15:46:20.048] [DEBUG] logDebug.js - kapotot: err_user_not_exists_or_token_not_match
[2021-06-09T15:46:20.131] [DEBUG] logDebug.js - kapotot: err_user_not_exists_or_token_not_match
[2021-06-09T15:46:20.215] [DEBUG] logDebug.js - kapotot: err_user_not_exists_or_token_not_match
[2021-06-09T15:46:20.292] [DEBUG] logDebug.js - kapotot: err_user_not_exists_or_token_not_match
[2021-06-09T15:46:20.373] [DEBUG] logDebug.js - kapotot: err_user_not_exists_or_token_not_match
[2021-06-09T15:46:20.453] [DEBUG] logDebug.js - kapotot: err_user_not_exists_or_token_not_match
[2021-06-09T15:46:20.535] [DEBUG] logDebug.js - kapotot: err_user_not_exists_or_token_not_match
[2021-06-09T15:46:20.615] [DEBUG] logDebug.js - kapotot: err_user_not_exists_or_token_not_match
[2021-06-09T15:46:20.699] [DEBUG] logDebug.js - kapotot: err_user_not_exists_or_token_not_match
[2021-06-09T15:46:20.786] [DEBUG] logDebug.js - kapotot: err_user_not_exists_or_token_not_match
[2021-06-09T15:46:20.878] [DEBUG] logDebug.js - kapotot: err_user_not_exists_or_token_not_match
[2021-06-09T15:46:20.955] [DEBUG] logDebug.js - kapotot: err_user_not_exists_or_token_not_match
[2021-06-09T15:46:21.036] [DEBUG] logDebug.js - kapotot: err_user_not_exists_or_token_not_match
[2021-06-09T15:46:21.116] [DEBUG] logDebug.js - kapotot: err_user_not_exists_or_token_not_match
[2021-06-09T15:46:21.197] [DEBUG] logDebug.js - kapotot: err_user_not_exists_or_token_not_match
[2021-06-09T15:46:21.276] [DEBUG] logDebug.js - kapotot: err_user_not_exists_or_token_not_match
[2021-06-09T15:46:21.356] [DEBUG] logDebug.js - kapotot: err_user_not_exists_or_token_not_match
[2021-06-09T15:46:21.440] [DEBUG] logDebug.js - kapotot: err_user_not_exists_or_token_not_match
[2021-06-09T15:46:21.521] [DEBUG] logDebug.js - kapotot: err_user_not_exists_or_token_not_match
[2021-06-09T15:46:21.601] [DEBUG] logDebug.js - kapotot: err_user_not_exists_or_token_not_match
[2021-06-09T15:46:21.684] [DEBUG] logDebug.js - kapotot: err_user_not_exists_or_token_not_match
[2021-06-09T15:46:21.766] [DEBUG] logDebug.js - kapotot: err_user_not_exists_or_token_not_match
[2021-06-09T15:46:21.849] [DEBUG] logDebug.js - kapotot: err_user_not_exists_or_token_not_match
[2021-06-09T15:46:21.929] [DEBUG] logDebug.js - kapotot: err_user_not_exists_or_token_not_match
[2021-06-09T15:46:22.011] [DEBUG] logDebug.js - kapotot: err_user_not_exists_or_token_not_match
[2021-06-09T15:46:22.090] [DEBUG] logDebug.js - kapotot: err_user_not_exists_or_token_not_match
[2021-06-09T15:46:22.172] [DEBUG] logDebug.js - kapotot: err_user_not_exists_or_token_not_match
[2021-06-09T15:46:22.252] [DEBUG] logDebug.js - kapotot: err_user_not_exists_or_token_not_match
[2021-06-09T15:46:22.335] [DEBUG] logDebug.js - kapotot: err_user_not_exists_or_token_not_match
[2021-06-09T15:46:22.416] [DEBUG] logDebug.js - kapotot: err_user_not_exists_or_token_not_match
[2021-06-09T15:46:22.496] [DEBUG] logDebug.js - kapotot: err_user_not_exists_or_token_not_match
[2021-06-09T15:46:22.576] [DEBUG] logDebug.js - kapotot: err_user_not_exists_or_token_not_match
[2021-06-09T15:46:22.656] [DEBUG] logDebug.js - kapotot: err_user_not_exists_or_token_not_match
[2021-06-09T15:46:22.736] [DEBUG] logDebug.js - kapotot: err_user_not_exists_or_token_not_match
[2021-06-09T15:46:22.815] [DEBUG] logDebug.js - kapotot: err_user_not_exists_or_token_not_match
[2021-06-09T15:46:22.894] [DEBUG] logDebug.js - kapotot: err_user_not_exists_or_token_not_match
[2021-06-09T15:46:22.979] [DEBUG] logDebug.js - kapotot: err_user_not_exists_or_token_not_match
[2021-06-09T15:46:23.061] [DEBUG] logDebug.js - kapotot: err_user_not_exists_or_token_not_match
[2021-06-09T15:46:23.143] [DEBUG] logDebug.js - kapotot: err_user_not_exists_or_token_not_match
[2021-06-09T15:46:23.223] [DEBUG] logDebug.js - kapotot: err_user_not_exists_or_token_not_match
[2021-06-09T15:46:23.306] [DEBUG] logDebug.js - kapotot: err_user_not_exists_or_token_not_match
[2021-06-09T15:46:23.386] [DEBUG] logDebug.js - kapotot: err_user_not_exists_or_token_not_match
[2021-06-09T15:46:23.474] [DEBUG] logDebug.js - kapotot: err_user_not_exists_or_token_not_match
[2021-06-09T15:46:23.559] [DEBUG] logDebug.js - kapotot: err_user_not_exists_or_token_not_match
[2021-06-09T15:46:23.645] [DEBUG] logDebug.js - kapotot: err_user_not_exists_or_token_not_match
[2021-06-09T15:46:23.750] [DEBUG] logDebug.js - kapotot: err_user_not_exists_or_token_not_match
[2021-06-09T15:46:23.856] [DEBUG] logDebug.js - kapotot: err_user_not_exists_or_token_not_match
[2021-06-09T15:46:23.944] [DEBUG] logDebug.js - kapotot: err_user_not_exists_or_token_not_match
[2021-06-09T15:46:24.041] [DEBUG] logDebug.js - kapotot: err_user_not_exists_or_token_not_match
[2021-06-09T15:46:24.140] [DEBUG] logDebug.js - kapotot: err_user_not_exists_or_token_not_match
[2021-06-09T15:46:24.229] [DEBUG] logDebug.js - kapotot: err_user_not_exists_or_token_not_match
[2021-06-09T15:46:24.308] [DEBUG] logDebug.js - kapotot: err_user_not_exists_or_token_not_match
[2021-06-09T15:46:24.390] [DEBUG] logDebug.js - kapotot: err_user_not_exists_or_token_not_match
[2021-06-09T15:46:24.477] [DEBUG] logDebug.js - kapotot: err_user_not_exists_or_token_not_match
[2021-06-09T15:46:24.556] [DEBUG] logDebug.js - kapotot: err_user_not_exists_or_token_not_match
[2021-06-09T15:46:24.638] [DEBUG] logDebug.js - kapotot: err_user_not_exists_or_token_not_match
[2021-06-09T15:46:24.749] [DEBUG] logDebug.js - kapotot: err_user_not_exists_or_token_not_match
[2021-06-09T15:46:24.859] [DEBUG] logDebug.js - kapotot: err_user_not_exists_or_token_not_match
[2021-06-09T15:46:24.942] [DEBUG] logDebug.js - kapotot: err_user_not_exists_or_token_not_match
[2021-06-09T15:46:25.021] [DEBUG] logDebug.js - kapotot: err_user_not_exists_or_token_not_match
[2021-06-09T15:46:25.103] [DEBUG] logDebug.js - kapotot: err_user_not_exists_or_token_not_match
[2021-06-09T15:46:25.182] [DEBUG] logDebug.js - kapotot: err_user_not_exists_or_token_not_match
[2021-06-09T15:46:25.264] [DEBUG] logDebug.js - kapotot: err_user_not_exists_or_token_not_match
[2021-06-09T15:46:25.345] [DEBUG] logDebug.js - kapotot: err_user_not_exists_or_token_not_match
[2021-06-09T15:46:25.425] [DEBUG] logDebug.js - kapotot: err_user_not_exists_or_token_not_match
[2021-06-09T15:46:25.507] [DEBUG] logDebug.js - kapotot: err_user_not_exists_or_token_not_match
[2021-06-09T15:46:25.585] [DEBUG] logDebug.js - kapotot: err_user_not_exists_or_token_not_match
[2021-06-09T15:46:25.672] [DEBUG] logDebug.js - kapotot: err_user_not_exists_or_token_not_match
[2021-06-09T15:46:25.764] [DEBUG] logDebug.js - kapotot: err_user_not_exists_or_token_not_match
[2021-06-09T15:46:25.853] [DEBUG] logDebug.js - kapotot: err_user_not_exists_or_token_not_match
[2021-06-09T15:46:25.932] [DEBUG] logDebug.js - kapotot: err_user_not_exists_or_token_not_match
[2021-06-09T15:46:26.021] [DEBUG] logDebug.js - kapotot: err_user_not_exists_or_token_not_match
[2021-06-09T15:46:26.104] [DEBUG] logDebug.js - kapotot: err_user_not_exists_or_token_not_match
[2021-06-09T15:46:26.184] [DEBUG] logDebug.js - kapotot: err_user_not_exists_or_token_not_match
[2021-06-09T15:46:26.264] [DEBUG] logDebug.js - kapotot: err_user_not_exists_or_token_not_match
[2021-06-09T15:46:26.344] [DEBUG] logDebug.js - kapotot: err_user_not_exists_or_token_not_match
[2021-06-09T15:46:26.422] [DEBUG] logDebug.js - kapotot: err_user_not_exists_or_token_not_match
[2021-06-09T15:46:26.504] [DEBUG] logDebug.js - kapotot: err_user_not_exists_or_token_not_match
[2021-06-09T15:46:26.586] [DEBUG] logDebug.js - kapotot: err_user_not_exists_or_token_not_match
[2021-06-09T15:46:26.671] [DEBUG] logDebug.js - kapotot: err_user_not_exists_or_token_not_match
[2021-06-09T15:46:26.751] [DEBUG] logDebug.js - kapotot: err_user_not_exists_or_token_not_match
[2021-06-09T15:46:26.857] [DEBUG] logDebug.js - kapotot: err_user_not_exists_or_token_not_match
[2021-06-09T15:46:26.941] [DEBUG] logDebug.js - kapotot: err_user_not_exists_or_token_not_match
[2021-06-09T15:46:27.022] [DEBUG] logDebug.js - kapotot: err_user_not_exists_or_token_not_match
[2021-06-09T15:46:27.100] [DEBUG] logDebug.js - kapotot: err_user_not_exists_or_token_not_match
[2021-06-09T15:46:27.180] [DEBUG] logDebug.js - kapotot: err_user_not_exists_or_token_not_match
[2021-06-09T15:46:27.263] [DEBUG] logDebug.js - kapotot: err_user_not_exists_or_token_not_match
[2021-06-09T15:46:27.344] [DEBUG] logDebug.js - kapotot: err_user_not_exists_or_token_not_match
[2021-06-09T15:46:27.430] [DEBUG] logDebug.js - kapotot: err_user_not_exists_or_token_not_match
[2021-06-09T15:46:27.519] [DEBUG] logDebug.js - kapotot: err_user_not_exists_or_token_not_match
[2021-06-09T15:46:27.609] [DEBUG] logDebug.js - kapotot: err_user_not_exists_or_token_not_match
[2021-06-09T15:46:27.756] [DEBUG] logDebug.js - kapotot: err_user_not_exists_or_token_not_match
[2021-06-09T15:46:27.892] [DEBUG] logDebug.js - kapotot: err_user_not_exists_or_token_not_match
[2021-06-09T15:46:27.979] [DEBUG] logDebug.js - kapotot: err_user_not_exists_or_token_not_match
[2021-06-09T15:46:28.067] [DEBUG] logDebug.js - kapotot: err_user_not_exists_or_token_not_match
[2021-06-09T15:46:28.147] [DEBUG] logDebug.js - kapotot: err_user_not_exists_or_token_not_match
[2021-06-09T15:46:28.229] [DEBUG] logDebug.js - kapotot: err_user_not_exists_or_token_not_match
[2021-06-09T15:46:28.308] [DEBUG] logDebug.js - kapotot: err_user_not_exists_or_token_not_match
[2021-06-09T15:46:28.387] [DEBUG] logDebug.js - kapotot: err_user_not_exists_or_token_not_match
[2021-06-09T15:46:28.468] [DEBUG] logDebug.js - kapotot: err_user_not_exists_or_token_not_match
[2021-06-09T15:46:28.563] [DEBUG] logDebug.js - kapotot: err_user_not_exists_or_token_not_match
[2021-06-09T15:46:28.641] [DEBUG] logDebug.js - kapotot: err_user_not_exists_or_token_not_match
[2021-06-09T15:46:28.754] [DEBUG] logDebug.js - kapotot: err_user_not_exists_or_token_not_match
[2021-06-09T15:46:28.856] [DEBUG] logDebug.js - kapotot: err_user_not_exists_or_token_not_match
[2021-06-09T15:46:28.935] [DEBUG] logDebug.js - kapotot: err_user_not_exists_or_token_not_match
[2021-06-09T15:46:29.015] [DEBUG] logDebug.js - kapotot: err_user_not_exists_or_token_not_match
[2021-06-09T15:46:29.096] [DEBUG] logDebug.js - kapotot: err_user_not_exists_or_token_not_match
[2021-06-09T15:46:29.174] [DEBUG] logDebug.js - kapotot: err_user_not_exists_or_token_not_match
[2021-06-09T15:46:29.272] [DEBUG] logDebug.js - kapotot: err_user_not_exists_or_token_not_match
[2021-06-09T15:46:29.352] [DEBUG] logDebug.js - kapotot: err_user_not_exists_or_token_not_match
[2021-06-09T15:46:29.441] [DEBUG] logDebug.js - kapotot: err_user_not_exists_or_token_not_match
[2021-06-09T15:46:29.549] [DEBUG] logDebug.js - kapotot: err_user_not_exists_or_token_not_match
[2021-06-09T15:46:29.643] [DEBUG] logDebug.js - kapotot: err_user_not_exists_or_token_not_match
[2021-06-09T15:46:29.746] [DEBUG] logDebug.js - kapotot: err_user_not_exists_or_token_not_match
[2021-06-09T15:46:29.872] [DEBUG] logDebug.js - kapotot: err_user_not_exists_or_token_not_match
[2021-06-09T15:46:29.968] [DEBUG] logDebug.js - kapotot: err_user_not_exists_or_token_not_match
[2021-06-09T15:46:30.063] [DEBUG] logDebug.js - kapotot: err_user_not_exists_or_token_not_match
[2021-06-09T15:46:30.148] [DEBUG] logDebug.js - kapotot: err_user_not_exists_or_token_not_match
[2021-06-09T15:46:30.250] [DEBUG] logDebug.js - kapotot: err_user_not_exists_or_token_not_match
[2021-06-09T15:46:30.338] [DEBUG] logDebug.js - kapotot: err_user_not_exists_or_token_not_match
[2021-06-09T15:46:30.421] [DEBUG] logDebug.js - kapotot: err_user_not_exists_or_token_not_match
[2021-06-09T15:46:30.503] [DEBUG] logDebug.js - kapotot: err_user_not_exists_or_token_not_match
[2021-06-09T15:46:30.582] [DEBUG] logDebug.js - kapotot: err_user_not_exists_or_token_not_match
[2021-06-09T15:46:30.663] [DEBUG] logDebug.js - kapotot: err_user_not_exists_or_token_not_match
[2021-06-09T15:46:30.744] [DEBUG] logDebug.js - kapotot: err_user_not_exists_or_token_not_match
[2021-06-09T15:46:30.855] [DEBUG] logDebug.js - kapotot: err_user_not_exists_or_token_not_match
[2021-06-09T15:46:30.938] [DEBUG] logDebug.js - kapotot: err_user_not_exists_or_token_not_match
[2021-06-09T15:46:31.017] [DEBUG] logDebug.js - kapotot: err_user_not_exists_or_token_not_match
[2021-06-09T15:46:31.098] [DEBUG] logDebug.js - kapotot: err_user_not_exists_or_token_not_match
[2021-06-09T15:46:31.176] [DEBUG] logDebug.js - kapotot: err_user_not_exists_or_token_not_match
[2021-06-09T15:46:31.256] [DEBUG] logDebug.js - kapotot: err_user_not_exists_or_token_not_match
[2021-06-09T15:46:31.338] [DEBUG] logDebug.js - kapotot: err_user_not_exists_or_token_not_match
[2021-06-09T15:46:31.441] [DEBUG] logDebug.js - kapotot: err_user_not_exists_or_token_not_match
[2021-06-09T15:46:31.520] [DEBUG] logDebug.js - kapotot: err_user_not_exists_or_token_not_match
[2021-06-09T15:46:31.599] [DEBUG] logDebug.js - kapotot: err_user_not_exists_or_token_not_match
[2021-06-09T15:46:31.679] [DEBUG] logDebug.js - kapotot: err_user_not_exists_or_token_not_match
[2021-06-09T15:46:31.767] [DEBUG] logDebug.js - kapotot: err_user_not_exists_or_token_not_match
[2021-06-09T15:46:31.850] [DEBUG] logDebug.js - kapotot: err_user_not_exists_or_token_not_match
[2021-06-09T15:46:31.936] [DEBUG] logDebug.js - kapotot: err_user_not_exists_or_token_not_match
[2021-06-09T15:46:32.017] [DEBUG] logDebug.js - kapotot: err_user_not_exists_or_token_not_match
[2021-06-09T15:46:32.102] [DEBUG] logDebug.js - kapotot: err_user_not_exists_or_token_not_match
[2021-06-09T15:46:32.183] [DEBUG] logDebug.js - kapotot: err_user_not_exists_or_token_not_match
[2021-06-09T15:46:32.266] [DEBUG] logDebug.js - kapotot: err_user_not_exists_or_token_not_match
[2021-06-09T15:46:32.348] [DEBUG] logDebug.js - kapotot: err_user_not_exists_or_token_not_match
[2021-06-09T15:46:32.429] [DEBUG] logDebug.js - kapotot: err_user_not_exists_or_token_not_match
[2021-06-09T15:46:32.508] [DEBUG] logDebug.js - kapotot: err_user_not_exists_or_token_not_match
[2021-06-09T15:46:32.592] [DEBUG] logDebug.js - kapotot: err_user_not_exists_or_token_not_match
[2021-06-09T15:46:32.672] [DEBUG] logDebug.js - kapotot: err_user_not_exists_or_token_not_match
[2021-06-09T15:46:32.756] [DEBUG] logDebug.js - kapotot: err_user_not_exists_or_token_not_match
[2021-06-09T15:46:32.850] [DEBUG] logDebug.js - kapotot: err_user_not_exists_or_token_not_match
[2021-06-09T15:46:32.929] [DEBUG] logDebug.js - kapotot: err_user_not_exists_or_token_not_match
[2021-06-09T15:46:33.007] [DEBUG] logDebug.js - kapotot: err_user_not_exists_or_token_not_match
[2021-06-09T15:46:33.095] [DEBUG] logDebug.js - kapotot: err_user_not_exists_or_token_not_match
[2021-06-09T15:46:33.176] [DEBUG] logDebug.js - kapotot: err_user_not_exists_or_token_not_match
[2021-06-09T15:46:33.259] [DEBUG] logDebug.js - kapotot: err_user_not_exists_or_token_not_match
[2021-06-09T15:46:33.338] [DEBUG] logDebug.js - kapotot: err_user_not_exists_or_token_not_match
[2021-06-09T15:46:33.421] [DEBUG] logDebug.js - kapotot: err_user_not_exists_or_token_not_match
[2021-06-09T15:46:33.501] [DEBUG] logDebug.js - kapotot: err_user_not_exists_or_token_not_match
[2021-06-09T15:46:33.581] [DEBUG] logDebug.js - kapotot: err_user_not_exists_or_token_not_match
[2021-06-09T15:46:33.662] [DEBUG] logDebug.js - kapotot: err_user_not_exists_or_token_not_match
[2021-06-09T15:46:33.742] [DEBUG] logDebug.js - kapotot: err_user_not_exists_or_token_not_match
[2021-06-09T15:46:33.826] [DEBUG] logDebug.js - kapotot: err_user_not_exists_or_token_not_match
[2021-06-09T15:46:33.909] [DEBUG] logDebug.js - kapotot: err_user_not_exists_or_token_not_match
[2021-06-09T15:46:34.001] [DEBUG] logDebug.js - kapotot: err_user_not_exists_or_token_not_match
[2021-06-09T15:46:34.081] [DEBUG] logDebug.js - kapotot: err_user_not_exists_or_token_not_match
[2021-06-09T15:46:34.166] [DEBUG] logDebug.js - kapotot: err_user_not_exists_or_token_not_match
[2021-06-09T15:46:34.247] [DEBUG] logDebug.js - kapotot: err_user_not_exists_or_token_not_match
[2021-06-09T15:46:34.329] [DEBUG] logDebug.js - kapotot: err_user_not_exists_or_token_not_match
[2021-06-09T15:46:34.408] [DEBUG] logDebug.js - kapotot: err_user_not_exists_or_token_not_match
[2021-06-09T15:46:34.487] [DEBUG] logDebug.js - kapotot: err_user_not_exists_or_token_not_match
[2021-06-09T15:46:34.567] [DEBUG] logDebug.js - kapotot: err_user_not_exists_or_token_not_match
[2021-06-09T15:46:34.649] [DEBUG] logDebug.js - kapotot: err_user_not_exists_or_token_not_match
[2021-06-09T15:46:34.734] [DEBUG] logDebug.js - kapotot: err_user_not_exists_or_token_not_match
[2021-06-09T15:46:34.816] [DEBUG] logDebug.js - kapotot: err_user_not_exists_or_token_not_match
[2021-06-09T15:46:34.897] [DEBUG] logDebug.js - kapotot: err_user_not_exists_or_token_not_match
[2021-06-09T15:46:34.977] [DEBUG] logDebug.js - kapotot: err_user_not_exists_or_token_not_match
[2021-06-09T15:46:35.058] [DEBUG] logDebug.js - kapotot: err_user_not_exists_or_token_not_match
[2021-06-09T15:46:35.140] [DEBUG] logDebug.js - kapotot: err_user_not_exists_or_token_not_match
[2021-06-09T15:46:35.221] [DEBUG] logDebug.js - kapotot: err_user_not_exists_or_token_not_match
[2021-06-09T15:46:35.309] [DEBUG] logDebug.js - kapotot: err_user_not_exists_or_token_not_match
[2021-06-09T15:46:35.388] [DEBUG] logDebug.js - kapotot: err_user_not_exists_or_token_not_match
[2021-06-09T15:46:35.469] [DEBUG] logDebug.js - kapotot: err_user_not_exists_or_token_not_match
[2021-06-09T15:46:35.550] [DEBUG] logDebug.js - kapotot: err_user_not_exists_or_token_not_match
[2021-06-09T15:46:35.648] [DEBUG] logDebug.js - kapotot: err_user_not_exists_or_token_not_match
[2021-06-09T15:46:35.752] [DEBUG] logDebug.js - kapotot: err_user_not_exists_or_token_not_match
[2021-06-09T15:46:35.869] [DEBUG] logDebug.js - kapotot: err_user_not_exists_or_token_not_match
[2021-06-09T15:46:35.964] [DEBUG] logDebug.js - kapotot: err_user_not_exists_or_token_not_match
[2021-06-09T15:46:36.054] [DEBUG] logDebug.js - kapotot: err_user_not_exists_or_token_not_match
[2021-06-09T15:46:36.157] [DEBUG] logDebug.js - kapotot: err_user_not_exists_or_token_not_match
[2021-06-09T15:46:36.251] [DEBUG] logDebug.js - kapotot: err_user_not_exists_or_token_not_match
[2021-06-09T15:46:36.340] [DEBUG] logDebug.js - kapotot: err_user_not_exists_or_token_not_match
[2021-06-09T15:46:36.421] [DEBUG] logDebug.js - kapotot: err_user_not_exists_or_token_not_match
[2021-06-09T15:46:36.517] [DEBUG] logDebug.js - kapotot: err_user_not_exists_or_token_not_match
[2021-06-09T15:46:36.604] [DEBUG] logDebug.js - kapotot: err_user_not_exists_or_token_not_match
[2021-06-09T15:46:36.686] [DEBUG] logDebug.js - kapotot: err_user_not_exists_or_token_not_match
[2021-06-09T15:46:36.778] [DEBUG] logDebug.js - kapotot: err_user_not_exists_or_token_not_match
[2021-06-09T15:46:36.873] [DEBUG] logDebug.js - kapotot: err_user_not_exists_or_token_not_match
[2021-06-09T15:46:36.954] [DEBUG] logDebug.js - kapotot: err_user_not_exists_or_token_not_match
[2021-06-09T15:46:37.040] [DEBUG] logDebug.js - kapotot: err_user_not_exists_or_token_not_match
[2021-06-09T15:46:37.118] [DEBUG] logDebug.js - kapotot: err_user_not_exists_or_token_not_match
[2021-06-09T15:46:37.200] [DEBUG] logDebug.js - kapotot: err_user_not_exists_or_token_not_match
[2021-06-09T15:46:37.282] [DEBUG] logDebug.js - kapotot: err_user_not_exists_or_token_not_match
[2021-06-09T15:46:37.371] [DEBUG] logDebug.js - kapotot: err_user_not_exists_or_token_not_match
[2021-06-09T15:46:37.449] [DEBUG] logDebug.js - kapotot: err_user_not_exists_or_token_not_match
[2021-06-09T15:46:37.533] [DEBUG] logDebug.js - kapotot: err_user_not_exists_or_token_not_match
[2021-06-09T15:46:37.622] [DEBUG] logDebug.js - kapotot: err_user_not_exists_or_token_not_match
[2021-06-09T15:46:37.703] [DEBUG] logDebug.js - kapotot: err_user_not_exists_or_token_not_match
[2021-06-09T15:46:37.784] [DEBUG] logDebug.js - kapotot: err_user_not_exists_or_token_not_match
[2021-06-09T15:46:37.874] [DEBUG] logDebug.js - kapotot: err_user_not_exists_or_token_not_match
[2021-06-09T15:46:37.952] [DEBUG] logDebug.js - kapotot: err_user_not_exists_or_token_not_match
[2021-06-09T15:46:38.033] [DEBUG] logDebug.js - kapotot: err_user_not_exists_or_token_not_match
[2021-06-09T15:46:38.116] [DEBUG] logDebug.js - kapotot: err_user_not_exists_or_token_not_match
[2021-06-09T15:46:38.203] [DEBUG] logDebug.js - kapotot: err_user_not_exists_or_token_not_match
[2021-06-09T15:46:38.283] [DEBUG] logDebug.js - kapotot: err_user_not_exists_or_token_not_match
[2021-06-09T15:46:38.363] [DEBUG] logDebug.js - kapotot: err_user_not_exists_or_token_not_match
[2021-06-09T15:46:38.442] [DEBUG] logDebug.js - kapotot: err_user_not_exists_or_token_not_match
[2021-06-09T15:46:38.522] [DEBUG] logDebug.js - kapotot: err_user_not_exists_or_token_not_match
[2021-06-09T15:46:38.600] [DEBUG] logDebug.js - kapotot: err_user_not_exists_or_token_not_match
[2021-06-09T15:46:38.677] [DEBUG] logDebug.js - kapotot: err_user_not_exists_or_token_not_match
[2021-06-09T15:46:38.757] [DEBUG] logDebug.js - kapotot: err_user_not_exists_or_token_not_match
[2021-06-09T15:46:38.837] [DEBUG] logDebug.js - kapotot: err_user_not_exists_or_token_not_match
[2021-06-09T15:46:38.919] [DEBUG] logDebug.js - kapotot: err_user_not_exists_or_token_not_match
[2021-06-09T15:46:39.007] [DEBUG] logDebug.js - kapotot: err_user_not_exists_or_token_not_match
[2021-06-09T15:46:39.083] [DEBUG] logDebug.js - kapotot: err_user_not_exists_or_token_not_match
[2021-06-09T15:46:39.164] [DEBUG] logDebug.js - kapotot: err_user_not_exists_or_token_not_match
[2021-06-09T15:46:39.245] [DEBUG] logDebug.js - kapotot: err_user_not_exists_or_token_not_match
[2021-06-09T15:46:39.324] [DEBUG] logDebug.js - kapotot: err_user_not_exists_or_token_not_match
[2021-06-09T15:46:39.403] [DEBUG] logDebug.js - kapotot: err_user_not_exists_or_token_not_match
[2021-06-09T15:46:39.482] [DEBUG] logDebug.js - kapotot: err_user_not_exists_or_token_not_match
[2021-06-09T15:46:39.562] [DEBUG] logDebug.js - kapotot: err_user_not_exists_or_token_not_match
[2021-06-09T15:46:39.645] [DEBUG] logDebug.js - kapotot: err_user_not_exists_or_token_not_match
[2021-06-09T15:46:39.735] [DEBUG] logDebug.js - kapotot: err_user_not_exists_or_token_not_match
[2021-06-09T15:46:39.823] [DEBUG] logDebug.js - kapotot: err_user_not_exists_or_token_not_match
[2021-06-09T15:46:39.908] [DEBUG] logDebug.js - kapotot: err_user_not_exists_or_token_not_match
[2021-06-09T15:46:39.987] [DEBUG] logDebug.js - kapotot: err_user_not_exists_or_token_not_match
[2021-06-09T15:46:40.069] [DEBUG] logDebug.js - kapotot: err_user_not_exists_or_token_not_match
[2021-06-09T15:46:40.146] [DEBUG] logDebug.js - kapotot: err_user_not_exists_or_token_not_match
[2021-06-09T15:46:40.234] [DEBUG] logDebug.js - kapotot: err_user_not_exists_or_token_not_match
[2021-06-09T15:46:40.316] [DEBUG] logDebug.js - kapotot: err_user_not_exists_or_token_not_match
[2021-06-09T15:46:40.394] [DEBUG] logDebug.js - kapotot: err_user_not_exists_or_token_not_match
[2021-06-09T15:46:40.475] [DEBUG] logDebug.js - kapotot: err_user_not_exists_or_token_not_match
[2021-06-09T15:46:40.557] [DEBUG] logDebug.js - kapotot: err_user_not_exists_or_token_not_match
[2021-06-09T15:46:40.637] [DEBUG] logDebug.js - kapotot: err_user_not_exists_or_token_not_match
[2021-06-09T15:46:40.728] [DEBUG] logDebug.js - kapotot: err_user_not_exists_or_token_not_match
[2021-06-09T15:46:40.806] [DEBUG] logDebug.js - kapotot: err_user_not_exists_or_token_not_match
[2021-06-09T15:46:40.891] [DEBUG] logDebug.js - kapotot: err_user_not_exists_or_token_not_match
[2021-06-09T15:46:40.974] [DEBUG] logDebug.js - kapotot: err_user_not_exists_or_token_not_match
[2021-06-09T15:46:41.053] [DEBUG] logDebug.js - kapotot: err_user_not_exists_or_token_not_match
[2021-06-09T15:46:41.134] [DEBUG] logDebug.js - kapotot: err_user_not_exists_or_token_not_match
[2021-06-09T15:46:41.212] [DEBUG] logDebug.js - kapotot: err_user_not_exists_or_token_not_match
[2021-06-09T15:46:41.294] [DEBUG] logDebug.js - kapotot: err_user_not_exists_or_token_not_match
[2021-06-09T15:46:41.375] [DEBUG] logDebug.js - kapotot: err_user_not_exists_or_token_not_match
[2021-06-09T15:46:41.457] [DEBUG] logDebug.js - kapotot: err_user_not_exists_or_token_not_match
[2021-06-09T15:46:41.538] [DEBUG] logDebug.js - kapotot: err_user_not_exists_or_token_not_match
[2021-06-09T15:46:41.623] [DEBUG] logDebug.js - kapotot: err_user_not_exists_or_token_not_match
[2021-06-09T15:46:41.716] [DEBUG] logDebug.js - kapotot: err_user_not_exists_or_token_not_match
[2021-06-09T15:46:41.808] [DEBUG] logDebug.js - kapotot: err_user_not_exists_or_token_not_match
[2021-06-09T15:46:41.891] [DEBUG] logDebug.js - kapotot: err_user_not_exists_or_token_not_match
[2021-06-09T15:46:41.998] [DEBUG] logDebug.js - kapotot: err_user_not_exists_or_token_not_match
[2021-06-09T15:46:42.086] [DEBUG] logDebug.js - kapotot: err_user_not_exists_or_token_not_match
[2021-06-09T15:46:42.253] [DEBUG] logDebug.js - kapotot: err_user_not_exists_or_token_not_match
[2021-06-09T15:46:42.365] [DEBUG] logDebug.js - kapotot: err_user_not_exists_or_token_not_match
[2021-06-09T15:46:42.520] [DEBUG] logDebug.js - kapotot: err_user_not_exists_or_token_not_match
[2021-06-09T15:46:42.611] [DEBUG] logDebug.js - kapotot: err_user_not_exists_or_token_not_match
[2021-06-09T15:46:42.709] [DEBUG] logDebug.js - kapotot: err_user_not_exists_or_token_not_match
[2021-06-09T15:46:42.812] [DEBUG] logDebug.js - kapotot: err_user_not_exists_or_token_not_match
[2021-06-09T15:46:42.912] [DEBUG] logDebug.js - kapotot: err_user_not_exists_or_token_not_match
[2021-06-09T15:46:42.997] [DEBUG] logDebug.js - kapotot: err_user_not_exists_or_token_not_match
[2021-06-09T15:46:43.078] [DEBUG] logDebug.js - kapotot: err_user_not_exists_or_token_not_match
[2021-06-09T15:46:43.165] [DEBUG] logDebug.js - kapotot: err_user_not_exists_or_token_not_match
[2021-06-09T15:46:43.249] [DEBUG] logDebug.js - kapotot: err_user_not_exists_or_token_not_match
[2021-06-09T15:46:43.332] [DEBUG] logDebug.js - kapotot: err_user_not_exists_or_token_not_match
[2021-06-09T15:46:43.412] [DEBUG] logDebug.js - kapotot: err_user_not_exists_or_token_not_match
[2021-06-09T15:46:43.490] [DEBUG] logDebug.js - kapotot: err_user_not_exists_or_token_not_match
[2021-06-09T15:46:43.572] [DEBUG] logDebug.js - kapotot: err_user_not_exists_or_token_not_match
[2021-06-09T15:46:43.654] [DEBUG] logDebug.js - kapotot: err_user_not_exists_or_token_not_match
[2021-06-09T15:46:43.745] [DEBUG] logDebug.js - kapotot: err_user_not_exists_or_token_not_match
[2021-06-09T15:46:43.857] [DEBUG] logDebug.js - kapotot: err_user_not_exists_or_token_not_match
[2021-06-09T15:46:43.938] [DEBUG] logDebug.js - kapotot: err_user_not_exists_or_token_not_match
[2021-06-09T15:46:44.016] [DEBUG] logDebug.js - kapotot: err_user_not_exists_or_token_not_match
[2021-06-09T15:46:44.098] [DEBUG] logDebug.js - kapotot: err_user_not_exists_or_token_not_match
[2021-06-09T15:46:44.182] [DEBUG] logDebug.js - kapotot: err_user_not_exists_or_token_not_match
[2021-06-09T15:46:44.265] [DEBUG] logDebug.js - kapotot: err_user_not_exists_or_token_not_match
[2021-06-09T15:46:44.345] [DEBUG] logDebug.js - kapotot: err_user_not_exists_or_token_not_match
[2021-06-09T15:46:44.423] [DEBUG] logDebug.js - kapotot: err_user_not_exists_or_token_not_match
[2021-06-09T15:46:44.506] [DEBUG] logDebug.js - kapotot: err_user_not_exists_or_token_not_match
[2021-06-09T15:46:44.585] [DEBUG] logDebug.js - kapotot: err_user_not_exists_or_token_not_match
[2021-06-09T15:46:44.671] [DEBUG] logDebug.js - kapotot: err_user_not_exists_or_token_not_match
[2021-06-09T15:46:44.752] [DEBUG] logDebug.js - kapotot: err_user_not_exists_or_token_not_match
[2021-06-09T15:46:44.832] [DEBUG] logDebug.js - kapotot: err_user_not_exists_or_token_not_match
[2021-06-09T15:46:44.914] [DEBUG] logDebug.js - kapotot: err_user_not_exists_or_token_not_match
[2021-06-09T15:46:44.995] [DEBUG] logDebug.js - kapotot: err_user_not_exists_or_token_not_match
[2021-06-09T15:46:45.074] [DEBUG] logDebug.js - kapotot: err_user_not_exists_or_token_not_match
[2021-06-09T15:46:45.155] [DEBUG] logDebug.js - kapotot: err_user_not_exists_or_token_not_match
[2021-06-09T15:46:45.240] [DEBUG] logDebug.js - kapotot: err_user_not_exists_or_token_not_match
[2021-06-09T15:46:45.331] [DEBUG] logDebug.js - kapotot: err_user_not_exists_or_token_not_match
[2021-06-09T15:46:45.413] [DEBUG] logDebug.js - kapotot: err_user_not_exists_or_token_not_match
[2021-06-09T15:46:45.491] [DEBUG] logDebug.js - kapotot: err_user_not_exists_or_token_not_match
[2021-06-09T15:46:45.573] [DEBUG] logDebug.js - kapotot: err_user_not_exists_or_token_not_match
[2021-06-09T15:46:45.652] [DEBUG] logDebug.js - kapotot: err_user_not_exists_or_token_not_match
[2021-06-09T15:46:45.741] [DEBUG] logDebug.js - kapotot: err_user_not_exists_or_token_not_match
[2021-06-09T15:46:45.820] [DEBUG] logDebug.js - kapotot: err_user_not_exists_or_token_not_match
[2021-06-09T15:46:45.899] [DEBUG] logDebug.js - kapotot: err_user_not_exists_or_token_not_match
[2021-06-09T15:46:45.983] [DEBUG] logDebug.js - kapotot: err_user_not_exists_or_token_not_match
[2021-06-09T15:46:46.065] [DEBUG] logDebug.js - kapotot: err_user_not_exists_or_token_not_match
[2021-06-09T15:46:46.145] [DEBUG] logDebug.js - kapotot: err_user_not_exists_or_token_not_match
[2021-06-09T15:46:46.226] [DEBUG] logDebug.js - kapotot: err_user_not_exists_or_token_not_match
[2021-06-09T15:46:46.306] [DEBUG] logDebug.js - kapotot: err_user_not_exists_or_token_not_match
[2021-06-09T15:46:46.402] [DEBUG] logDebug.js - kapotot: err_user_not_exists_or_token_not_match
[2021-06-09T15:46:46.483] [DEBUG] logDebug.js - kapotot: err_user_not_exists_or_token_not_match
[2021-06-09T15:46:46.565] [DEBUG] logDebug.js - kapotot: err_user_not_exists_or_token_not_match
[2021-06-09T15:46:46.644] [DEBUG] logDebug.js - kapotot: err_user_not_exists_or_token_not_match
[2021-06-09T15:46:46.726] [DEBUG] logDebug.js - kapotot: err_user_not_exists_or_token_not_match
[2021-06-09T15:46:46.811] [DEBUG] logDebug.js - kapotot: err_user_not_exists_or_token_not_match
[2021-06-09T15:46:46.891] [DEBUG] logDebug.js - kapotot: err_user_not_exists_or_token_not_match
[2021-06-09T15:46:46.970] [DEBUG] logDebug.js - kapotot: err_user_not_exists_or_token_not_match
[2021-06-09T15:46:47.048] [DEBUG] logDebug.js - kapotot: err_user_not_exists_or_token_not_match
[2021-06-09T15:46:47.146] [DEBUG] logDebug.js - kapotot: err_user_not_exists_or_token_not_match
[2021-06-09T15:46:47.228] [DEBUG] logDebug.js - kapotot: err_user_not_exists_or_token_not_match
[2021-06-09T15:46:47.309] [DEBUG] logDebug.js - kapotot: err_user_not_exists_or_token_not_match
[2021-06-09T15:46:47.395] [DEBUG] logDebug.js - kapotot: err_user_not_exists_or_token_not_match
[2021-06-09T15:46:47.478] [DEBUG] logDebug.js - kapotot: err_user_not_exists_or_token_not_match
[2021-06-09T15:46:47.556] [DEBUG] logDebug.js - kapotot: err_user_not_exists_or_token_not_match
[2021-06-09T15:46:47.635] [DEBUG] logDebug.js - kapotot: err_user_not_exists_or_token_not_match
[2021-06-09T15:46:47.745] [DEBUG] logDebug.js - kapotot: err_user_not_exists_or_token_not_match
[2021-06-09T15:46:47.824] [DEBUG] logDebug.js - kapotot: err_user_not_exists_or_token_not_match
[2021-06-09T15:46:47.909] [DEBUG] logDebug.js - kapotot: err_user_not_exists_or_token_not_match
[2021-06-09T15:46:47.995] [DEBUG] logDebug.js - kapotot: err_user_not_exists_or_token_not_match
[2021-06-09T15:46:48.075] [DEBUG] logDebug.js - kapotot: err_user_not_exists_or_token_not_match
[2021-06-09T15:46:48.156] [DEBUG] logDebug.js - kapotot: err_user_not_exists_or_token_not_match
[2021-06-09T15:46:48.248] [DEBUG] logDebug.js - kapotot: err_user_not_exists_or_token_not_match
[2021-06-09T15:46:48.336] [DEBUG] logDebug.js - kapotot: err_user_not_exists_or_token_not_match
[2021-06-09T15:46:48.434] [DEBUG] logDebug.js - kapotot: err_user_not_exists_or_token_not_match
[2021-06-09T15:46:48.546] [DEBUG] logDebug.js - kapotot: err_user_not_exists_or_token_not_match
[2021-06-09T15:46:48.649] [DEBUG] logDebug.js - kapotot: err_user_not_exists_or_token_not_match
[2021-06-09T15:46:48.745] [DEBUG] logDebug.js - kapotot: err_user_not_exists_or_token_not_match
[2021-06-09T15:46:48.831] [DEBUG] logDebug.js - kapotot: err_user_not_exists_or_token_not_match
[2021-06-09T15:46:48.928] [DEBUG] logDebug.js - kapotot: err_user_not_exists_or_token_not_match
[2021-06-09T15:46:49.014] [DEBUG] logDebug.js - kapotot: err_user_not_exists_or_token_not_match
[2021-06-09T15:46:49.109] [DEBUG] logDebug.js - kapotot: err_user_not_exists_or_token_not_match
[2021-06-09T15:46:49.203] [DEBUG] logDebug.js - kapotot: err_user_not_exists_or_token_not_match
[2021-06-09T15:46:49.287] [DEBUG] logDebug.js - kapotot: err_user_not_exists_or_token_not_match
[2021-06-09T15:46:49.367] [DEBUG] logDebug.js - kapotot: err_user_not_exists_or_token_not_match
[2021-06-09T15:46:49.450] [DEBUG] logDebug.js - kapotot: err_user_not_exists_or_token_not_match
[2021-06-09T15:46:49.530] [DEBUG] logDebug.js - kapotot: err_user_not_exists_or_token_not_match
[2021-06-09T15:46:49.609] [DEBUG] logDebug.js - kapotot: err_user_not_exists_or_token_not_match
[2021-06-09T15:46:49.695] [DEBUG] logDebug.js - kapotot: err_user_not_exists_or_token_not_match
[2021-06-09T15:46:49.774] [DEBUG] logDebug.js - kapotot: err_user_not_exists_or_token_not_match
[2021-06-09T15:46:49.857] [DEBUG] logDebug.js - kapotot: err_user_not_exists_or_token_not_match
[2021-06-09T15:46:49.936] [DEBUG] logDebug.js - kapotot: err_user_not_exists_or_token_not_match
[2021-06-09T15:46:50.017] [DEBUG] logDebug.js - kapotot: err_user_not_exists_or_token_not_match
[2021-06-09T15:46:50.101] [DEBUG] logDebug.js - kapotot: err_user_not_exists_or_token_not_match
[2021-06-09T15:46:50.189] [DEBUG] logDebug.js - kapotot: err_user_not_exists_or_token_not_match
[2021-06-09T15:46:50.270] [DEBUG] logDebug.js - kapotot: err_user_not_exists_or_token_not_match
[2021-06-09T15:46:50.349] [DEBUG] logDebug.js - kapotot: err_user_not_exists_or_token_not_match
[2021-06-09T15:46:50.432] [DEBUG] logDebug.js - kapotot: err_user_not_exists_or_token_not_match
[2021-06-09T15:46:50.513] [DEBUG] logDebug.js - kapotot: err_user_not_exists_or_token_not_match
[2021-06-09T15:46:50.595] [DEBUG] logDebug.js - kapotot: err_user_not_exists_or_token_not_match
[2021-06-09T15:46:50.674] [DEBUG] logDebug.js - kapotot: err_user_not_exists_or_token_not_match
[2021-06-09T15:46:50.752] [DEBUG] logDebug.js - kapotot: err_user_not_exists_or_token_not_match
[2021-06-09T15:46:50.832] [DEBUG] logDebug.js - kapotot: err_user_not_exists_or_token_not_match
[2021-06-09T15:46:50.909] [DEBUG] logDebug.js - kapotot: err_user_not_exists_or_token_not_match
[2021-06-09T15:46:50.989] [DEBUG] logDebug.js - kapotot: err_user_not_exists_or_token_not_match
[2021-06-09T15:46:51.068] [DEBUG] logDebug.js - kapotot: err_user_not_exists_or_token_not_match
[2021-06-09T15:46:51.147] [DEBUG] logDebug.js - kapotot: err_user_not_exists_or_token_not_match
[2021-06-09T15:46:51.227] [DEBUG] logDebug.js - kapotot: err_user_not_exists_or_token_not_match
[2021-06-09T15:46:51.307] [DEBUG] logDebug.js - kapotot: err_user_not_exists_or_token_not_match
[2021-06-09T15:46:51.388] [DEBUG] logDebug.js - kapotot: err_user_not_exists_or_token_not_match
[2021-06-09T15:46:51.472] [DEBUG] logDebug.js - kapotot: err_user_not_exists_or_token_not_match
[2021-06-09T15:46:51.553] [DEBUG] logDebug.js - kapotot: err_user_not_exists_or_token_not_match
[2021-06-09T15:46:51.636] [DEBUG] logDebug.js - kapotot: err_user_not_exists_or_token_not_match
[2021-06-09T15:46:51.720] [DEBUG] logDebug.js - kapotot: err_user_not_exists_or_token_not_match
[2021-06-09T15:46:51.799] [DEBUG] logDebug.js - kapotot: err_user_not_exists_or_token_not_match
[2021-06-09T15:46:51.880] [DEBUG] logDebug.js - kapotot: err_user_not_exists_or_token_not_match
[2021-06-09T15:46:51.957] [DEBUG] logDebug.js - kapotot: err_user_not_exists_or_token_not_match
[2021-06-09T15:46:52.049] [DEBUG] logDebug.js - kapotot: err_user_not_exists_or_token_not_match
[2021-06-09T15:46:52.130] [DEBUG] logDebug.js - kapotot: err_user_not_exists_or_token_not_match
[2021-06-09T15:46:52.208] [DEBUG] logDebug.js - kapotot: err_user_not_exists_or_token_not_match
[2021-06-09T15:46:52.288] [DEBUG] logDebug.js - kapotot: err_user_not_exists_or_token_not_match
[2021-06-09T15:46:52.370] [DEBUG] logDebug.js - kapotot: err_user_not_exists_or_token_not_match
[2021-06-09T15:46:52.448] [DEBUG] logDebug.js - kapotot: err_user_not_exists_or_token_not_match
[2021-06-09T15:46:52.527] [DEBUG] logDebug.js - kapotot: err_user_not_exists_or_token_not_match
[2021-06-09T15:46:52.607] [DEBUG] logDebug.js - kapotot: err_user_not_exists_or_token_not_match
[2021-06-09T15:46:52.691] [DEBUG] logDebug.js - kapotot: err_user_not_exists_or_token_not_match
[2021-06-09T15:46:52.774] [DEBUG] logDebug.js - kapotot: err_user_not_exists_or_token_not_match
[2021-06-09T15:46:52.854] [DEBUG] logDebug.js - kapotot: err_user_not_exists_or_token_not_match
[2021-06-09T15:46:52.938] [DEBUG] logDebug.js - kapotot: err_user_not_exists_or_token_not_match
[2021-06-09T15:46:53.021] [DEBUG] logDebug.js - kapotot: err_user_not_exists_or_token_not_match
[2021-06-09T15:46:53.100] [DEBUG] logDebug.js - kapotot: err_user_not_exists_or_token_not_match
[2021-06-09T15:46:53.181] [DEBUG] logDebug.js - kapotot: err_user_not_exists_or_token_not_match
[2021-06-09T15:46:53.263] [DEBUG] logDebug.js - kapotot: err_user_not_exists_or_token_not_match
[2021-06-09T15:46:53.341] [DEBUG] logDebug.js - kapotot: err_user_not_exists_or_token_not_match
[2021-06-09T15:46:53.419] [DEBUG] logDebug.js - kapotot: err_user_not_exists_or_token_not_match
[2021-06-09T15:46:53.502] [DEBUG] logDebug.js - kapotot: err_user_not_exists_or_token_not_match
[2021-06-09T15:46:53.585] [DEBUG] logDebug.js - kapotot: err_user_not_exists_or_token_not_match
[2021-06-09T15:46:53.669] [DEBUG] logDebug.js - kapotot: err_user_not_exists_or_token_not_match
[2021-06-09T15:46:53.758] [DEBUG] logDebug.js - kapotot: err_user_not_exists_or_token_not_match
[2021-06-09T15:46:53.861] [DEBUG] logDebug.js - kapotot: err_user_not_exists_or_token_not_match
[2021-06-09T15:46:53.945] [DEBUG] logDebug.js - kapotot: err_user_not_exists_or_token_not_match
[2021-06-09T15:46:54.027] [DEBUG] logDebug.js - kapotot: err_user_not_exists_or_token_not_match
[2021-06-09T15:46:54.106] [DEBUG] logDebug.js - kapotot: err_user_not_exists_or_token_not_match
[2021-06-09T15:46:54.185] [DEBUG] logDebug.js - kapotot: err_user_not_exists_or_token_not_match
[2021-06-09T15:46:54.267] [DEBUG] logDebug.js - kapotot: err_user_not_exists_or_token_not_match
[2021-06-09T15:46:54.346] [DEBUG] logDebug.js - kapotot: err_user_not_exists_or_token_not_match
[2021-06-09T15:46:54.442] [DEBUG] logDebug.js - kapotot: err_user_not_exists_or_token_not_match
[2021-06-09T15:46:54.537] [DEBUG] logDebug.js - kapotot: err_user_not_exists_or_token_not_match
[2021-06-09T15:46:54.623] [DEBUG] logDebug.js - kapotot: err_user_not_exists_or_token_not_match
[2021-06-09T15:46:54.736] [DEBUG] logDebug.js - kapotot: err_user_not_exists_or_token_not_match
[2021-06-09T15:46:54.828] [DEBUG] logDebug.js - kapotot: err_user_not_exists_or_token_not_match
[2021-06-09T15:46:54.912] [DEBUG] logDebug.js - kapotot: err_user_not_exists_or_token_not_match
[2021-06-09T15:46:55.002] [DEBUG] logDebug.js - kapotot: err_user_not_exists_or_token_not_match
[2021-06-09T15:46:55.094] [DEBUG] logDebug.js - kapotot: err_user_not_exists_or_token_not_match
[2021-06-09T15:46:55.196] [DEBUG] logDebug.js - kapotot: err_user_not_exists_or_token_not_match
[2021-06-09T15:46:55.278] [DEBUG] logDebug.js - kapotot: err_user_not_exists_or_token_not_match
[2021-06-09T15:46:55.359] [DEBUG] logDebug.js - kapotot: err_user_not_exists_or_token_not_match
[2021-06-09T15:46:55.441] [DEBUG] logDebug.js - kapotot: err_user_not_exists_or_token_not_match
[2021-06-09T15:46:55.528] [DEBUG] logDebug.js - kapotot: err_user_not_exists_or_token_not_match
[2021-06-09T15:46:55.606] [DEBUG] logDebug.js - kapotot: err_user_not_exists_or_token_not_match
[2021-06-09T15:46:55.687] [DEBUG] logDebug.js - kapotot: err_user_not_exists_or_token_not_match
[2021-06-09T15:46:55.764] [DEBUG] logDebug.js - kapotot: err_user_not_exists_or_token_not_match
[2021-06-09T15:46:55.858] [DEBUG] logDebug.js - kapotot: err_user_not_exists_or_token_not_match
[2021-06-09T15:46:55.941] [DEBUG] logDebug.js - kapotot: err_user_not_exists_or_token_not_match
[2021-06-09T15:46:56.021] [DEBUG] logDebug.js - kapotot: err_user_not_exists_or_token_not_match
[2021-06-09T15:46:56.102] [DEBUG] logDebug.js - kapotot: err_user_not_exists_or_token_not_match
[2021-06-09T15:46:56.200] [DEBUG] logDebug.js - kapotot: err_user_not_exists_or_token_not_match
[2021-06-09T15:46:56.280] [DEBUG] logDebug.js - kapotot: err_user_not_exists_or_token_not_match
[2021-06-09T15:46:56.362] [DEBUG] logDebug.js - kapotot: err_user_not_exists_or_token_not_match
[2021-06-09T15:46:56.440] [DEBUG] logDebug.js - kapotot: err_user_not_exists_or_token_not_match
[2021-06-09T15:46:56.521] [DEBUG] logDebug.js - kapotot: err_user_not_exists_or_token_not_match
[2021-06-09T15:46:56.600] [DEBUG] logDebug.js - kapotot: err_user_not_exists_or_token_not_match
[2021-06-09T15:46:56.679] [DEBUG] logDebug.js - kapotot: err_user_not_exists_or_token_not_match
[2021-06-09T15:46:56.770] [DEBUG] logDebug.js - kapotot: err_user_not_exists_or_token_not_match
[2021-06-09T15:46:56.861] [DEBUG] logDebug.js - kapotot: err_user_not_exists_or_token_not_match
[2021-06-09T15:46:56.947] [DEBUG] logDebug.js - kapotot: err_user_not_exists_or_token_not_match
[2021-06-09T15:46:57.031] [DEBUG] logDebug.js - kapotot: err_user_not_exists_or_token_not_match
[2021-06-09T15:46:57.112] [DEBUG] logDebug.js - kapotot: err_user_not_exists_or_token_not_match
[2021-06-09T15:46:57.201] [DEBUG] logDebug.js - kapotot: err_user_not_exists_or_token_not_match
[2021-06-09T15:46:57.278] [DEBUG] logDebug.js - kapotot: err_user_not_exists_or_token_not_match
[2021-06-09T15:46:57.357] [DEBUG] logDebug.js - kapotot: err_user_not_exists_or_token_not_match
[2021-06-09T15:46:57.439] [DEBUG] logDebug.js - kapotot: err_user_not_exists_or_token_not_match
[2021-06-09T15:46:57.520] [DEBUG] logDebug.js - kapotot: err_user_not_exists_or_token_not_match
[2021-06-09T15:46:57.601] [DEBUG] logDebug.js - kapotot: err_user_not_exists_or_token_not_match
[2021-06-09T15:46:57.699] [DEBUG] logDebug.js - kapotot: err_user_not_exists_or_token_not_match
[2021-06-09T15:46:57.782] [DEBUG] logDebug.js - kapotot: err_user_not_exists_or_token_not_match
[2021-06-09T15:46:57.864] [DEBUG] logDebug.js - kapotot: err_user_not_exists_or_token_not_match
[2021-06-09T15:46:57.954] [DEBUG] logDebug.js - kapotot: err_user_not_exists_or_token_not_match
[2021-06-09T15:46:58.034] [DEBUG] logDebug.js - kapotot: err_user_not_exists_or_token_not_match
[2021-06-09T15:46:58.111] [DEBUG] logDebug.js - kapotot: err_user_not_exists_or_token_not_match
[2021-06-09T15:46:58.189] [DEBUG] logDebug.js - kapotot: err_user_not_exists_or_token_not_match
[2021-06-09T15:46:58.269] [DEBUG] logDebug.js - kapotot: err_user_not_exists_or_token_not_match
[2021-06-09T15:46:58.353] [DEBUG] logDebug.js - kapotot: err_user_not_exists_or_token_not_match
[2021-06-09T15:46:58.433] [DEBUG] logDebug.js - kapotot: err_user_not_exists_or_token_not_match
[2021-06-09T15:46:58.514] [DEBUG] logDebug.js - kapotot: err_user_not_exists_or_token_not_match
[2021-06-09T15:46:58.596] [DEBUG] logDebug.js - kapotot: err_user_not_exists_or_token_not_match
[2021-06-09T15:46:58.678] [DEBUG] logDebug.js - kapotot: err_user_not_exists_or_token_not_match
[2021-06-09T15:46:58.760] [DEBUG] logDebug.js - kapotot: err_user_not_exists_or_token_not_match
[2021-06-09T15:46:58.864] [DEBUG] logDebug.js - kapotot: err_user_not_exists_or_token_not_match
[2021-06-09T15:46:58.942] [DEBUG] logDebug.js - kapotot: err_user_not_exists_or_token_not_match
[2021-06-09T15:46:59.032] [DEBUG] logDebug.js - kapotot: err_user_not_exists_or_token_not_match
[2021-06-09T15:46:59.114] [DEBUG] logDebug.js - kapotot: err_user_not_exists_or_token_not_match
[2021-06-09T15:46:59.196] [DEBUG] logDebug.js - kapotot: err_user_not_exists_or_token_not_match
[2021-06-09T15:46:59.275] [DEBUG] logDebug.js - kapotot: err_user_not_exists_or_token_not_match
[2021-06-09T15:46:59.366] [DEBUG] logDebug.js - kapotot: err_user_not_exists_or_token_not_match
[2021-06-09T15:46:59.449] [DEBUG] logDebug.js - kapotot: err_user_not_exists_or_token_not_match
[2021-06-09T15:46:59.535] [DEBUG] logDebug.js - kapotot: err_user_not_exists_or_token_not_match
[2021-06-09T15:46:59.616] [DEBUG] logDebug.js - kapotot: err_user_not_exists_or_token_not_match
[2021-06-09T15:46:59.708] [DEBUG] logDebug.js - kapotot: err_user_not_exists_or_token_not_match
[2021-06-09T15:46:59.795] [DEBUG] logDebug.js - kapotot: err_user_not_exists_or_token_not_match
[2021-06-09T15:46:59.883] [DEBUG] logDebug.js - kapotot: err_user_not_exists_or_token_not_match
[2021-06-09T15:46:59.964] [DEBUG] logDebug.js - kapotot: err_user_not_exists_or_token_not_match
[2021-06-09T15:47:00.046] [DEBUG] logDebug.js - kapotot: err_user_not_exists_or_token_not_match
[2021-06-09T15:47:00.130] [DEBUG] logDebug.js - kapotot: err_user_not_exists_or_token_not_match
[2021-06-09T15:47:00.209] [DEBUG] logDebug.js - kapotot: err_user_not_exists_or_token_not_match
[2021-06-09T15:47:00.292] [DEBUG] logDebug.js - kapotot: err_user_not_exists_or_token_not_match
[2021-06-09T15:47:00.371] [DEBUG] logDebug.js - kapotot: err_user_not_exists_or_token_not_match
[2021-06-09T15:47:00.470] [DEBUG] logDebug.js - kapotot: err_user_not_exists_or_token_not_match
[2021-06-09T15:47:00.556] [DEBUG] logDebug.js - kapotot: err_user_not_exists_or_token_not_match
[2021-06-09T15:47:00.640] [DEBUG] logDebug.js - kapotot: err_user_not_exists_or_token_not_match
[2021-06-09T15:47:00.763] [DEBUG] logDebug.js - kapotot: err_user_not_exists_or_token_not_match
[2021-06-09T15:47:00.856] [DEBUG] logDebug.js - kapotot: err_user_not_exists_or_token_not_match
[2021-06-09T15:47:00.936] [DEBUG] logDebug.js - kapotot: err_user_not_exists_or_token_not_match
[2021-06-09T15:47:01.019] [DEBUG] logDebug.js - kapotot: err_user_not_exists_or_token_not_match
[2021-06-09T15:47:01.122] [DEBUG] logDebug.js - kapotot: err_user_not_exists_or_token_not_match
[2021-06-09T15:47:01.212] [DEBUG] logDebug.js - kapotot: err_user_not_exists_or_token_not_match
[2021-06-09T15:47:01.300] [DEBUG] logDebug.js - kapotot: err_user_not_exists_or_token_not_match
[2021-06-09T15:47:01.405] [DEBUG] logDebug.js - kapotot: err_user_not_exists_or_token_not_match
[2021-06-09T15:47:01.508] [DEBUG] logDebug.js - kapotot: err_user_not_exists_or_token_not_match
[2021-06-09T15:47:01.625] [DEBUG] logDebug.js - kapotot: err_user_not_exists_or_token_not_match
[2021-06-09T15:47:01.805] [DEBUG] logDebug.js - kapotot: err_user_not_exists_or_token_not_match
[2021-06-09T15:47:01.890] [DEBUG] logDebug.js - kapotot: err_user_not_exists_or_token_not_match
[2021-06-09T15:47:01.970] [DEBUG] logDebug.js - kapotot: err_user_not_exists_or_token_not_match
[2021-06-09T15:47:02.049] [DEBUG] logDebug.js - kapotot: err_user_not_exists_or_token_not_match
[2021-06-09T15:47:02.130] [DEBUG] logDebug.js - kapotot: err_user_not_exists_or_token_not_match
[2021-06-09T15:47:02.211] [DEBUG] logDebug.js - kapotot: err_user_not_exists_or_token_not_match
[2021-06-09T15:47:02.292] [DEBUG] logDebug.js - kapotot: err_user_not_exists_or_token_not_match
[2021-06-09T15:47:02.371] [DEBUG] logDebug.js - kapotot: err_user_not_exists_or_token_not_match
[2021-06-09T15:47:02.459] [DEBUG] logDebug.js - kapotot: err_user_not_exists_or_token_not_match
[2021-06-09T15:47:02.541] [DEBUG] logDebug.js - kapotot: err_user_not_exists_or_token_not_match
[2021-06-09T15:47:02.621] [DEBUG] logDebug.js - kapotot: err_user_not_exists_or_token_not_match
[2021-06-09T15:47:02.723] [DEBUG] logDebug.js - kapotot: err_user_not_exists_or_token_not_match
[2021-06-09T15:47:02.811] [DEBUG] logDebug.js - kapotot: err_user_not_exists_or_token_not_match
[2021-06-09T15:47:02.890] [DEBUG] logDebug.js - kapotot: err_user_not_exists_or_token_not_match
[2021-06-09T15:47:02.970] [DEBUG] logDebug.js - kapotot: err_user_not_exists_or_token_not_match
[2021-06-09T15:47:03.052] [DEBUG] logDebug.js - kapotot: err_user_not_exists_or_token_not_match
[2021-06-09T15:47:03.140] [DEBUG] logDebug.js - kapotot: err_user_not_exists_or_token_not_match
[2021-06-09T15:47:03.223] [DEBUG] logDebug.js - kapotot: err_user_not_exists_or_token_not_match
[2021-06-09T15:47:03.304] [DEBUG] logDebug.js - kapotot: err_user_not_exists_or_token_not_match
[2021-06-09T15:47:03.383] [DEBUG] logDebug.js - kapotot: err_user_not_exists_or_token_not_match
[2021-06-09T15:47:03.469] [DEBUG] logDebug.js - kapotot: err_user_not_exists_or_token_not_match
[2021-06-09T15:47:03.548] [DEBUG] logDebug.js - kapotot: err_user_not_exists_or_token_not_match
[2021-06-09T15:47:03.631] [DEBUG] logDebug.js - kapotot: err_user_not_exists_or_token_not_match
[2021-06-09T15:47:03.711] [DEBUG] logDebug.js - kapotot: err_user_not_exists_or_token_not_match
[2021-06-09T15:47:03.791] [DEBUG] logDebug.js - kapotot: err_user_not_exists_or_token_not_match
[2021-06-09T15:47:03.873] [DEBUG] logDebug.js - kapotot: err_user_not_exists_or_token_not_match
[2021-06-09T15:47:03.956] [DEBUG] logDebug.js - kapotot: err_user_not_exists_or_token_not_match
[2021-06-09T15:47:04.038] [DEBUG] logDebug.js - kapotot: err_user_not_exists_or_token_not_match
[2021-06-09T15:47:04.116] [DEBUG] logDebug.js - kapotot: err_user_not_exists_or_token_not_match
[2021-06-09T15:47:04.196] [DEBUG] logDebug.js - kapotot: err_user_not_exists_or_token_not_match
[2021-06-09T15:47:04.276] [DEBUG] logDebug.js - kapotot: err_user_not_exists_or_token_not_match
[2021-06-09T15:47:04.360] [DEBUG] logDebug.js - kapotot: err_user_not_exists_or_token_not_match
[2021-06-09T15:47:04.441] [DEBUG] logDebug.js - kapotot: err_user_not_exists_or_token_not_match
[2021-06-09T15:47:04.532] [DEBUG] logDebug.js - kapotot: err_user_not_exists_or_token_not_match
[2021-06-09T15:47:04.611] [DEBUG] logDebug.js - kapotot: err_user_not_exists_or_token_not_match
[2021-06-09T15:47:04.691] [DEBUG] logDebug.js - kapotot: err_user_not_exists_or_token_not_match
[2021-06-09T15:47:04.810] [DEBUG] logDebug.js - kapotot: err_user_not_exists_or_token_not_match
[2021-06-09T15:47:04.889] [DEBUG] logDebug.js - kapotot: err_user_not_exists_or_token_not_match
[2021-06-09T15:47:04.969] [DEBUG] logDebug.js - kapotot: err_user_not_exists_or_token_not_match
[2021-06-09T15:47:05.050] [DEBUG] logDebug.js - kapotot: err_user_not_exists_or_token_not_match
[2021-06-09T15:47:05.131] [DEBUG] logDebug.js - kapotot: err_user_not_exists_or_token_not_match
[2021-06-09T15:47:05.212] [DEBUG] logDebug.js - kapotot: err_user_not_exists_or_token_not_match
[2021-06-09T15:47:05.295] [DEBUG] logDebug.js - kapotot: err_user_not_exists_or_token_not_match
[2021-06-09T15:47:05.377] [DEBUG] logDebug.js - kapotot: err_user_not_exists_or_token_not_match
[2021-06-09T15:47:05.462] [DEBUG] logDebug.js - kapotot: err_user_not_exists_or_token_not_match
[2021-06-09T15:47:05.542] [DEBUG] logDebug.js - kapotot: err_user_not_exists_or_token_not_match
[2021-06-09T15:47:05.623] [DEBUG] logDebug.js - kapotot: err_user_not_exists_or_token_not_match
[2021-06-09T15:47:05.730] [DEBUG] logDebug.js - kapotot: err_user_not_exists_or_token_not_match
[2021-06-09T15:47:05.816] [DEBUG] logDebug.js - kapotot: err_user_not_exists_or_token_not_match
[2021-06-09T15:47:05.912] [DEBUG] logDebug.js - kapotot: err_user_not_exists_or_token_not_match
[2021-06-09T15:47:05.994] [DEBUG] logDebug.js - kapotot: err_user_not_exists_or_token_not_match
[2021-06-09T15:47:06.077] [DEBUG] logDebug.js - kapotot: err_user_not_exists_or_token_not_match
[2021-06-09T15:47:06.159] [DEBUG] logDebug.js - kapotot: err_user_not_exists_or_token_not_match
[2021-06-09T15:47:06.261] [DEBUG] logDebug.js - kapotot: err_user_not_exists_or_token_not_match
[2021-06-09T15:47:06.339] [DEBUG] logDebug.js - kapotot: err_user_not_exists_or_token_not_match
[2021-06-09T15:47:06.421] [DEBUG] logDebug.js - kapotot: err_user_not_exists_or_token_not_match
[2021-06-09T15:47:06.507] [DEBUG] logDebug.js - kapotot: err_user_not_exists_or_token_not_match
[2021-06-09T15:47:06.618] [DEBUG] logDebug.js - kapotot: err_user_not_exists_or_token_not_match
[2021-06-09T15:47:06.722] [DEBUG] logDebug.js - kapotot: err_user_not_exists_or_token_not_match
[2021-06-09T15:47:06.820] [DEBUG] logDebug.js - kapotot: err_user_not_exists_or_token_not_match
[2021-06-09T15:47:06.908] [DEBUG] logDebug.js - kapotot: err_user_not_exists_or_token_not_match
[2021-06-09T15:47:06.997] [DEBUG] logDebug.js - kapotot: err_user_not_exists_or_token_not_match
[2021-06-09T15:47:07.089] [DEBUG] logDebug.js - kapotot: err_user_not_exists_or_token_not_match
[2021-06-09T15:47:07.203] [DEBUG] logDebug.js - kapotot: err_user_not_exists_or_token_not_match
[2021-06-09T15:47:07.287] [DEBUG] logDebug.js - kapotot: err_user_not_exists_or_token_not_match
[2021-06-09T15:47:07.378] [DEBUG] logDebug.js - kapotot: err_user_not_exists_or_token_not_match
[2021-06-09T15:47:07.471] [DEBUG] logDebug.js - kapotot: err_user_not_exists_or_token_not_match
[2021-06-09T15:47:07.551] [DEBUG] logDebug.js - kapotot: err_user_not_exists_or_token_not_match
[2021-06-09T15:47:07.638] [DEBUG] logDebug.js - kapotot: err_user_not_exists_or_token_not_match
[2021-06-09T15:47:07.722] [DEBUG] logDebug.js - kapotot: err_user_not_exists_or_token_not_match
[2021-06-09T15:47:07.803] [DEBUG] logDebug.js - kapotot: err_user_not_exists_or_token_not_match
[2021-06-09T15:47:07.892] [DEBUG] logDebug.js - kapotot: err_user_not_exists_or_token_not_match
[2021-06-09T15:47:07.973] [DEBUG] logDebug.js - kapotot: err_user_not_exists_or_token_not_match
[2021-06-09T15:47:08.053] [DEBUG] logDebug.js - kapotot: err_user_not_exists_or_token_not_match
[2021-06-09T15:47:08.133] [DEBUG] logDebug.js - kapotot: err_user_not_exists_or_token_not_match
[2021-06-09T15:47:08.215] [DEBUG] logDebug.js - kapotot: err_user_not_exists_or_token_not_match
[2021-06-09T15:47:08.300] [DEBUG] logDebug.js - kapotot: err_user_not_exists_or_token_not_match
[2021-06-09T15:47:08.381] [DEBUG] logDebug.js - kapotot: err_user_not_exists_or_token_not_match
[2021-06-09T15:47:08.464] [DEBUG] logDebug.js - kapotot: err_user_not_exists_or_token_not_match
[2021-06-09T15:47:08.542] [DEBUG] logDebug.js - kapotot: err_user_not_exists_or_token_not_match
[2021-06-09T15:47:08.624] [DEBUG] logDebug.js - kapotot: err_user_not_exists_or_token_not_match
[2021-06-09T15:47:08.708] [DEBUG] logDebug.js - kapotot: err_user_not_exists_or_token_not_match
[2021-06-09T15:47:08.792] [DEBUG] logDebug.js - kapotot: err_user_not_exists_or_token_not_match
[2021-06-09T15:47:08.870] [DEBUG] logDebug.js - kapotot: err_user_not_exists_or_token_not_match
[2021-06-09T15:47:08.949] [DEBUG] logDebug.js - kapotot: err_user_not_exists_or_token_not_match
[2021-06-09T15:47:09.027] [DEBUG] logDebug.js - kapotot: err_user_not_exists_or_token_not_match
[2021-06-09T15:47:09.108] [DEBUG] logDebug.js - kapotot: err_user_not_exists_or_token_not_match
[2021-06-09T15:47:09.187] [DEBUG] logDebug.js - kapotot: err_user_not_exists_or_token_not_match
[2021-06-09T15:47:09.266] [DEBUG] logDebug.js - kapotot: err_user_not_exists_or_token_not_match
[2021-06-09T15:47:09.346] [DEBUG] logDebug.js - kapotot: err_user_not_exists_or_token_not_match
[2021-06-09T15:47:09.428] [DEBUG] logDebug.js - kapotot: err_user_not_exists_or_token_not_match
[2021-06-09T15:47:09.509] [DEBUG] logDebug.js - kapotot: err_user_not_exists_or_token_not_match
[2021-06-09T15:47:09.591] [DEBUG] logDebug.js - kapotot: err_user_not_exists_or_token_not_match
[2021-06-09T15:47:09.671] [DEBUG] logDebug.js - kapotot: err_user_not_exists_or_token_not_match
[2021-06-09T15:47:09.752] [DEBUG] logDebug.js - kapotot: err_user_not_exists_or_token_not_match
[2021-06-09T15:47:09.866] [DEBUG] logDebug.js - kapotot: err_user_not_exists_or_token_not_match
[2021-06-09T15:47:09.950] [DEBUG] logDebug.js - kapotot: err_user_not_exists_or_token_not_match
[2021-06-09T15:47:10.029] [DEBUG] logDebug.js - kapotot: err_user_not_exists_or_token_not_match
[2021-06-09T15:47:10.111] [DEBUG] logDebug.js - kapotot: err_user_not_exists_or_token_not_match
[2021-06-09T15:47:10.189] [DEBUG] logDebug.js - kapotot: err_user_not_exists_or_token_not_match
[2021-06-09T15:47:10.271] [DEBUG] logDebug.js - kapotot: err_user_not_exists_or_token_not_match
[2021-06-09T15:47:10.350] [DEBUG] logDebug.js - kapotot: err_user_not_exists_or_token_not_match
[2021-06-09T15:47:10.431] [DEBUG] logDebug.js - kapotot: err_user_not_exists_or_token_not_match
[2021-06-09T15:47:10.511] [DEBUG] logDebug.js - kapotot: err_user_not_exists_or_token_not_match
[2021-06-09T15:47:10.597] [DEBUG] logDebug.js - kapotot: err_user_not_exists_or_token_not_match
[2021-06-09T15:47:10.675] [FATAL] default - uncaughtException: FetchError: request to http://win.crackpixel.hu:1028/api?usr=afonya&token=966&mode=verify failed, reason: read ECONNRESET
    at ClientRequest.<anonymous> (D:\OneDrive\Desktop\progs\ExtraServer\node_modules\node-fetch\lib\index.js:1461:11)
    at ClientRequest.emit (node:events:365:28)
    at Socket.socketErrorListener (node:_http_client:447:9)
    at Socket.emit (node:events:365:28)
    at emitErrorNT (node:internal/streams/destroy:193:8)
    at emitErrorCloseNT (node:internal/streams/destroy:158:3)
    at processTicksAndRejections (node:internal/process/task_queues:83:21)
