[2021-06-09T19:05:23.775] [INFO] default - |-----------------|
[2021-06-09T19:05:23.778] [INFO] default - |ExtraServer START|
[2021-06-09T19:05:23.778] [INFO] default - |-----------------|
[2021-06-09T19:05:23.778] [INFO] default - creating server...
[2021-06-09T19:05:23.779] [INFO] default - Loading plugins...
[2021-06-09T19:05:23.783] [ERROR] default - Cloud not load plugin asdasd.json: TypeError: require(...).onStart is not a function
[2021-06-09T19:05:23.953] [ERROR] default - Cloud not load plugin chat.js: TypeError [ERR_INVALID_ARG_TYPE]: The "emitter" argument must be an instance of EventEmitter. Received type string ('connection')
[2021-06-09T19:05:23.955] [INFO] defaultRequestHandler.js - DefaultRequestHandler was made by BomberPlayz.
[2021-06-09T19:05:23.956] [INFO] default - Loaded plugin defaultRequestHandler.js
[2021-06-09T19:05:23.957] [ERROR] default - Cloud not load plugin directoryList.js: TypeError: require(...).onStart is not a function
[2021-06-09T19:05:23.961] [INFO] logDebug.js - logDebug plugin by BomberPlayz!
[2021-06-09T19:05:23.961] [INFO] default - Loaded plugin logDebug.js
[2021-06-09T19:05:23.962] [ERROR] default - Cloud not load plugin tuccc.json: SyntaxError: D:\OneDrive\Desktop\progs\ExtraServer\server_plugins\tuccc.json: Unexpected number in JSON at position 57948
[2021-06-09T19:05:23.964] [INFO] _compatibleMode.js - CopatibleMode plugin was made by BomberPLayz
[2021-06-09T19:05:23.964] [INFO] default - Loaded plugin _compatibleMode.js
[2021-06-09T19:05:23.965] [INFO] default - Starting to listen...
[2021-06-09T19:05:23.967] [INFO] default - Server started!
[2021-06-09T19:05:23.968] [INFO] default - tictuc! elindult!
[2021-06-09T19:05:24.167] [INFO] defaultRequestHandler.js - ::ffff:127.0.0.1 requested to /dos.jsx?ip=http%3A%2F%2Fwin.crackpixel.hu%3A1028%2F%3Fusr%3Dasd%26token%3D7562&req=50000
[2021-06-09T19:05:24.194] [DEBUG] logDebug.js - http://win.crackpixel.hu:1028/?usr=asd&token=7562
[2021-06-09T19:07:02.721] [FATAL] default - uncaughtException: FetchError: request to http://win.crackpixel.hu:1028/?usr=asd&token=7562 failed, reason: connect ETIMEDOUT 78.47.14.209:1028
    at ClientRequest.<anonymous> (D:\OneDrive\Desktop\progs\ExtraServer\node_modules\node-fetch\lib\index.js:1461:11)
    at ClientRequest.emit (node:events:365:28)
    at Socket.socketErrorListener (node:_http_client:447:9)
    at Socket.emit (node:events:365:28)
    at emitErrorNT (node:internal/streams/destroy:193:8)
    at emitErrorCloseNT (node:internal/streams/destroy:158:3)
    at processTicksAndRejections (node:internal/process/task_queues:83:21)
