[2021-07-30T17:13:19.738] [INFO] default - |-----------------|
[2021-07-30T17:13:20.186] [INFO] default - |ExtraServer START|
[2021-07-30T17:13:20.186] [INFO] default - |-----------------|
[2021-07-30T17:13:20.187] [INFO] default - starting newrelic...
[2021-07-30T17:13:30.895] [INFO] default - creating server...
[2021-07-30T17:13:30.896] [INFO] default - Loading plugins...
[2021-07-30T17:13:30.930] [ERROR] default - Cloud not load plugin asdasd.json: TypeError: require(...).onStart is not a function
[2021-07-30T17:13:32.813] [ERROR] default - Cloud not load plugin chat.js: TypeError [ERR_INVALID_ARG_TYPE]: The "emitter" argument must be an instance of EventEmitter. Received type string ('connection')
[2021-07-30T17:13:32.817] [ERROR] default - Cloud not load plugin data.json: TypeError: require(...).onStart is not a function
[2021-07-30T17:13:32.861] [INFO] defaultRequestHandler.js - DefaultRequestHandler was made by BomberPlayz.
[2021-07-30T17:13:32.864] [INFO] default - Loaded plugin defaultRequestHandler.js
[2021-07-30T17:13:32.887] [ERROR] default - Cloud not load plugin directoryList.js: TypeError: require(...).onStart is not a function
[2021-07-30T17:13:32.888] [ERROR] default - Cloud not load plugin ereeeeeeeeeeeeeeeee: Error: Cannot find module '././server_plugins/ereeeeeeeeeeeeeeeee'
Require stack:
- D:\OneDrive\Desktop\progs\ExtraServer\server.js
[2021-07-30T17:13:32.890] [INFO] logDebug.js - logDebug plugin by BomberPlayz!
[2021-07-30T17:13:32.890] [INFO] default - Loaded plugin logDebug.js
[2021-07-30T17:13:32.927] [ERROR] default - Cloud not load plugin tuccc.json: SyntaxError: D:\OneDrive\Desktop\progs\ExtraServer\server_plugins\tuccc.json: Unexpected number in JSON at position 57948
[2021-07-30T17:13:32.962] [INFO] _compatibleMode.js - CopatibleMode plugin was made by BomberPLayz
[2021-07-30T17:13:32.963] [INFO] default - Loaded plugin _compatibleMode.js
[2021-07-30T17:13:32.963] [INFO] default - Starting to listen...
[2021-07-30T17:13:32.992] [INFO] default - Server started!
[2021-07-30T17:13:32.993] [INFO] default - tictuc! elindult!
