[2021-06-09T19:19:18.888] [INFO] default - |-----------------|
[2021-06-09T19:19:18.893] [INFO] default - |ExtraServer START|
[2021-06-09T19:19:18.905] [INFO] default - |-----------------|
[2021-06-09T19:19:18.909] [INFO] default - creating server...
[2021-06-09T19:19:18.914] [INFO] default - Loading plugins...
[2021-06-09T19:19:18.922] [ERROR] default - Cloud not load plugin asdasd.json: TypeError: require(...).onStart is not a function
[2021-06-09T19:19:19.145] [ERROR] default - Cloud not load plugin chat.js: TypeError [ERR_INVALID_ARG_TYPE]: The "emitter" argument must be an instance of EventEmitter. Received type string ('connection')
[2021-06-09T19:19:19.161] [INFO] defaultRequestHandler.js - DefaultRequestHandler was made by BomberPlayz.
[2021-06-09T19:19:19.163] [INFO] default - Loaded plugin defaultRequestHandler.js
[2021-06-09T19:19:19.174] [ERROR] default - Cloud not load plugin directoryList.js: TypeError: require(...).onStart is not a function
[2021-06-09T19:19:19.182] [INFO] logDebug.js - logDebug plugin by BomberPlayz!
[2021-06-09T19:19:19.210] [INFO] default - Loaded plugin logDebug.js
[2021-06-09T19:19:19.214] [ERROR] default - Cloud not load plugin tuccc.json: SyntaxError: D:\OneDrive\Desktop\progs\ExtraServer\server_plugins\tuccc.json: Unexpected number in JSON at position 57948
[2021-06-09T19:19:19.225] [INFO] _compatibleMode.js - CopatibleMode plugin was made by BomberPLayz
[2021-06-09T19:19:19.230] [INFO] default - Loaded plugin _compatibleMode.js
[2021-06-09T19:19:19.233] [INFO] default - Starting to listen...
[2021-06-09T19:19:19.239] [INFO] default - Server started!
[2021-06-09T19:19:19.240] [INFO] default - tictuc! elindult!
[2021-06-09T19:19:21.074] [INFO] defaultRequestHandler.js - ::1 requested to /dos.jsx?ip=http%3A%2F%2Fwin.crackpixel.hu%3A1028%2F%3Fusr%3Dasd%26token%3D7562&req=1000
[2021-06-09T19:19:21.159] [ERROR] defaultRequestHandler.js - An error occured while loading a file: SyntaxError: missing ) after argument list
[2021-06-09T19:19:59.050] [INFO] defaultRequestHandler.js - ::1 requested to /dos.jsx?ip=http%3A%2F%2Fwin.crackpixel.hu%3A1028%2F%3Fusr%3Dasd%26token%3D7562&req=1000
[2021-06-09T19:19:59.061] [ERROR] defaultRequestHandler.js - An error occured while loading a file: SyntaxError: Unexpected token ')'
[2021-06-09T19:20:15.407] [INFO] defaultRequestHandler.js - ::1 requested to /dos.jsx?ip=http%3A%2F%2Fwin.crackpixel.hu%3A1028%2F%3Fusr%3Dasd%26token%3D7562&req=1000
[2021-06-09T19:20:15.427] [DEBUG] logDebug.js - http://win.crackpixel.hu:1028/?usr=asd&token=7562
[2021-06-09T19:20:15.672] [DEBUG] logDebug.js - DONE 1 REQ got data: Your ip has ben banned
[2021-06-09T19:20:15.675] [DEBUG] logDebug.js - DONE 1 REQ got data: Your ip has ben banned
[2021-06-09T19:20:15.681] [DEBUG] logDebug.js - DONE 1 REQ got data: Your ip has ben banned
[2021-06-09T19:20:15.697] [DEBUG] logDebug.js - DONE 1 REQ got data: Your ip has ben banned
[2021-06-09T19:20:15.725] [DEBUG] logDebug.js - DONE 1 REQ got data: Your ip has ben banned
[2021-06-09T19:20:15.736] [DEBUG] logDebug.js - DONE 1 REQ got data: Your ip has ben banned
[2021-06-09T19:20:15.744] [DEBUG] logDebug.js - DONE 1 REQ got data: Your ip has ben banned
[2021-06-09T19:20:15.761] [DEBUG] logDebug.js - DONE 1 REQ got data: Your ip has ben banned
[2021-06-09T19:20:15.766] [DEBUG] logDebug.js - DONE 1 REQ got data: Your ip has ben banned
[2021-06-09T19:20:15.767] [DEBUG] logDebug.js - DONE 1 REQ got data: Your ip has ben banned
[2021-06-09T19:20:15.781] [DEBUG] logDebug.js - DONE 1 REQ got data: Your ip has ben banned
[2021-06-09T19:20:15.798] [DEBUG] logDebug.js - DONE 1 REQ got data: Your ip has ben banned
[2021-06-09T19:20:15.798] [DEBUG] logDebug.js - DONE 1 REQ got data: Your ip has ben banned
[2021-06-09T19:20:15.800] [DEBUG] logDebug.js - DONE 1 REQ got data: Your ip has ben banned
[2021-06-09T19:20:15.823] [DEBUG] logDebug.js - DONE 1 REQ got data: Your ip has ben banned
[2021-06-09T19:20:15.825] [DEBUG] logDebug.js - DONE 1 REQ got data: Your ip has ben banned
[2021-06-09T19:20:15.829] [DEBUG] logDebug.js - DONE 1 REQ got data: Your ip has ben banned
[2021-06-09T19:20:15.830] [DEBUG] logDebug.js - DONE 1 REQ got data: Your ip has ben banned
[2021-06-09T19:20:15.831] [DEBUG] logDebug.js - DONE 1 REQ got data: Your ip has ben banned
[2021-06-09T19:20:15.835] [DEBUG] logDebug.js - DONE 1 REQ got data: Your ip has ben banned
[2021-06-09T19:20:15.841] [DEBUG] logDebug.js - DONE 1 REQ got data: Your ip has ben banned
[2021-06-09T19:20:15.851] [DEBUG] logDebug.js - DONE 1 REQ got data: Your ip has ben banned
[2021-06-09T19:20:15.859] [DEBUG] logDebug.js - DONE 1 REQ got data: Your ip has ben banned
[2021-06-09T19:20:15.863] [DEBUG] logDebug.js - DONE 1 REQ got data: Your ip has ben banned
[2021-06-09T19:20:15.864] [DEBUG] logDebug.js - DONE 1 REQ got data: Your ip has ben banned
[2021-06-09T19:20:15.866] [DEBUG] logDebug.js - DONE 1 REQ got data: Your ip has ben banned
[2021-06-09T19:20:15.877] [DEBUG] logDebug.js - DONE 1 REQ got data: Your ip has ben banned
[2021-06-09T19:20:15.880] [DEBUG] logDebug.js - DONE 1 REQ got data: Your ip has ben banned
[2021-06-09T19:20:15.881] [DEBUG] logDebug.js - DONE 1 REQ got data: Your ip has ben banned
[2021-06-09T19:20:15.901] [DEBUG] logDebug.js - DONE 1 REQ got data: Your ip has ben banned
[2021-06-09T19:20:15.902] [DEBUG] logDebug.js - DONE 1 REQ got data: Your ip has ben banned
[2021-06-09T19:20:15.907] [DEBUG] logDebug.js - DONE 1 REQ got data: Your ip has ben banned
[2021-06-09T19:20:15.918] [DEBUG] logDebug.js - DONE 1 REQ got data: Your ip has ben banned
[2021-06-09T19:20:15.922] [DEBUG] logDebug.js - DONE 1 REQ got data: Your ip has ben banned
[2021-06-09T19:20:15.926] [DEBUG] logDebug.js - DONE 1 REQ got data: Your ip has ben banned
[2021-06-09T19:20:15.928] [DEBUG] logDebug.js - DONE 1 REQ got data: Your ip has ben banned
[2021-06-09T19:20:15.929] [DEBUG] logDebug.js - DONE 1 REQ got data: Your ip has ben banned
[2021-06-09T19:20:15.929] [DEBUG] logDebug.js - DONE 1 REQ got data: Your ip has ben banned
[2021-06-09T19:20:15.932] [DEBUG] logDebug.js - DONE 1 REQ got data: Your ip has ben banned
[2021-06-09T19:20:15.934] [DEBUG] logDebug.js - DONE 1 REQ got data: Your ip has ben banned
[2021-06-09T19:20:15.942] [DEBUG] logDebug.js - DONE 1 REQ got data: Your ip has ben banned
[2021-06-09T19:20:15.943] [DEBUG] logDebug.js - DONE 1 REQ got data: Your ip has ben banned
[2021-06-09T19:20:15.948] [DEBUG] logDebug.js - DONE 1 REQ got data: Your ip has ben banned
[2021-06-09T19:20:15.950] [DEBUG] logDebug.js - DONE 1 REQ got data: Your ip has ben banned
[2021-06-09T19:20:15.952] [DEBUG] logDebug.js - DONE 1 REQ got data: Your ip has ben banned
[2021-06-09T19:20:15.955] [DEBUG] logDebug.js - DONE 1 REQ got data: Your ip has ben banned
[2021-06-09T19:20:15.956] [DEBUG] logDebug.js - DONE 1 REQ got data: Your ip has ben banned
[2021-06-09T19:20:15.962] [DEBUG] logDebug.js - DONE 1 REQ got data: Your ip has ben banned
[2021-06-09T19:20:15.964] [DEBUG] logDebug.js - DONE 1 REQ got data: Your ip has ben banned
[2021-06-09T19:20:15.973] [DEBUG] logDebug.js - DONE 1 REQ got data: Your ip has ben banned
[2021-06-09T19:20:15.973] [DEBUG] logDebug.js - DONE 1 REQ got data: Your ip has ben banned
[2021-06-09T19:20:15.974] [DEBUG] logDebug.js - DONE 1 REQ got data: Your ip has ben banned
[2021-06-09T19:20:15.975] [DEBUG] logDebug.js - DONE 1 REQ got data: Your ip has ben banned
[2021-06-09T19:20:15.975] [DEBUG] logDebug.js - DONE 1 REQ got data: Your ip has ben banned
[2021-06-09T19:20:15.977] [DEBUG] logDebug.js - DONE 1 REQ got data: Your ip has ben banned
[2021-06-09T19:20:15.983] [DEBUG] logDebug.js - DONE 1 REQ got data: Your ip has ben banned
[2021-06-09T19:20:15.984] [DEBUG] logDebug.js - DONE 1 REQ got data: Your ip has ben banned
[2021-06-09T19:20:15.985] [DEBUG] logDebug.js - DONE 1 REQ got data: Your ip has ben banned
[2021-06-09T19:20:15.986] [DEBUG] logDebug.js - DONE 1 REQ got data: Your ip has ben banned
[2021-06-09T19:20:15.993] [DEBUG] logDebug.js - DONE 1 REQ got data: Your ip has ben banned
[2021-06-09T19:20:15.996] [DEBUG] logDebug.js - DONE 1 REQ got data: Your ip has ben banned
[2021-06-09T19:20:15.998] [DEBUG] logDebug.js - DONE 1 REQ got data: Your ip has ben banned
[2021-06-09T19:20:16.000] [DEBUG] logDebug.js - DONE 1 REQ got data: Your ip has ben banned
[2021-06-09T19:20:16.007] [DEBUG] logDebug.js - DONE 1 REQ got data: Your ip has ben banned
[2021-06-09T19:20:16.013] [DEBUG] logDebug.js - DONE 1 REQ got data: Your ip has ben banned
[2021-06-09T19:20:16.015] [DEBUG] logDebug.js - DONE 1 REQ got data: Your ip has ben banned
[2021-06-09T19:20:16.016] [DEBUG] logDebug.js - DONE 1 REQ got data: Your ip has ben banned
[2021-06-09T19:20:16.026] [DEBUG] logDebug.js - DONE 1 REQ got data: Your ip has ben banned
[2021-06-09T19:20:16.027] [DEBUG] logDebug.js - DONE 1 REQ got data: Your ip has ben banned
[2021-06-09T19:20:16.028] [DEBUG] logDebug.js - DONE 1 REQ got data: Your ip has ben banned
[2021-06-09T19:20:16.031] [DEBUG] logDebug.js - DONE 1 REQ got data: Your ip has ben banned
[2021-06-09T19:20:16.040] [DEBUG] logDebug.js - DONE 1 REQ got data: Your ip has ben banned
[2021-06-09T19:20:16.095] [DEBUG] logDebug.js - DONE 1 REQ got data: Your ip has ben banned
[2021-06-09T19:20:16.102] [DEBUG] logDebug.js - DONE 1 REQ got data: Your ip has ben banned
[2021-06-09T19:20:16.102] [DEBUG] logDebug.js - DONE 1 REQ got data: Your ip has ben banned
[2021-06-09T19:20:16.105] [DEBUG] logDebug.js - DONE 1 REQ got data: Your ip has ben banned
[2021-06-09T19:20:16.106] [DEBUG] logDebug.js - DONE 1 REQ got data: Your ip has ben banned
[2021-06-09T19:20:16.107] [DEBUG] logDebug.js - DONE 1 REQ got data: Your ip has ben banned
[2021-06-09T19:20:16.108] [DEBUG] logDebug.js - DONE 1 REQ got data: Your ip has ben banned
[2021-06-09T19:20:16.110] [DEBUG] logDebug.js - DONE 1 REQ got data: Your ip has ben banned
[2021-06-09T19:20:16.111] [DEBUG] logDebug.js - DONE 1 REQ got data: Your ip has ben banned
[2021-06-09T19:20:16.111] [DEBUG] logDebug.js - DONE 1 REQ got data: Your ip has ben banned
[2021-06-09T19:20:16.112] [DEBUG] logDebug.js - DONE 1 REQ got data: Your ip has ben banned
[2021-06-09T19:20:16.113] [DEBUG] logDebug.js - DONE 1 REQ got data: Your ip has ben banned
[2021-06-09T19:20:16.113] [DEBUG] logDebug.js - DONE 1 REQ got data: Your ip has ben banned
[2021-06-09T19:20:16.114] [DEBUG] logDebug.js - DONE 1 REQ got data: Your ip has ben banned
[2021-06-09T19:20:16.115] [DEBUG] logDebug.js - DONE 1 REQ got data: Your ip has ben banned
[2021-06-09T19:20:16.116] [DEBUG] logDebug.js - DONE 1 REQ got data: Your ip has ben banned
[2021-06-09T19:20:16.116] [DEBUG] logDebug.js - DONE 1 REQ got data: Your ip has ben banned
[2021-06-09T19:20:16.118] [DEBUG] logDebug.js - DONE 1 REQ got data: Your ip has ben banned
[2021-06-09T19:20:16.119] [DEBUG] logDebug.js - DONE 1 REQ got data: Your ip has ben banned
[2021-06-09T19:20:16.129] [DEBUG] logDebug.js - DONE 1 REQ got data: Your ip has ben banned
[2021-06-09T19:20:16.130] [DEBUG] logDebug.js - DONE 1 REQ got data: Your ip has ben banned
[2021-06-09T19:20:16.131] [DEBUG] logDebug.js - DONE 1 REQ got data: Your ip has ben banned
[2021-06-09T19:20:16.132] [DEBUG] logDebug.js - DONE 1 REQ got data: Your ip has ben banned
[2021-06-09T19:20:16.150] [DEBUG] logDebug.js - DONE 1 REQ got data: Your ip has ben banned
[2021-06-09T19:20:16.152] [DEBUG] logDebug.js - DONE 1 REQ got data: Your ip has ben banned
[2021-06-09T19:20:16.154] [DEBUG] logDebug.js - DONE 1 REQ got data: Your ip has ben banned
[2021-06-09T19:20:16.156] [DEBUG] logDebug.js - DONE 1 REQ got data: Your ip has ben banned
[2021-06-09T19:20:16.157] [DEBUG] logDebug.js - DONE 1 REQ got data: Your ip has ben banned
[2021-06-09T19:20:16.159] [DEBUG] logDebug.js - DONE 1 REQ got data: Your ip has ben banned
[2021-06-09T19:20:16.162] [DEBUG] logDebug.js - DONE 1 REQ got data: Your ip has ben banned
[2021-06-09T19:20:16.163] [DEBUG] logDebug.js - DONE 1 REQ got data: Your ip has ben banned
[2021-06-09T19:20:16.163] [DEBUG] logDebug.js - DONE 1 REQ got data: Your ip has ben banned
[2021-06-09T19:20:16.164] [DEBUG] logDebug.js - DONE 1 REQ got data: Your ip has ben banned
[2021-06-09T19:20:16.164] [DEBUG] logDebug.js - DONE 1 REQ got data: Your ip has ben banned
[2021-06-09T19:20:16.165] [DEBUG] logDebug.js - DONE 1 REQ got data: Your ip has ben banned
[2021-06-09T19:20:16.175] [DEBUG] logDebug.js - DONE 1 REQ got data: Your ip has ben banned
[2021-06-09T19:20:16.176] [DEBUG] logDebug.js - DONE 1 REQ got data: Your ip has ben banned
[2021-06-09T19:20:16.179] [DEBUG] logDebug.js - DONE 1 REQ got data: Your ip has ben banned
[2021-06-09T19:20:16.179] [DEBUG] logDebug.js - DONE 1 REQ got data: Your ip has ben banned
[2021-06-09T19:20:16.180] [DEBUG] logDebug.js - DONE 1 REQ got data: Your ip has ben banned
[2021-06-09T19:20:16.182] [DEBUG] logDebug.js - DONE 1 REQ got data: Your ip has ben banned
[2021-06-09T19:20:16.197] [DEBUG] logDebug.js - DONE 1 REQ got data: Your ip has ben banned
[2021-06-09T19:20:16.198] [DEBUG] logDebug.js - DONE 1 REQ got data: Your ip has ben banned
[2021-06-09T19:20:16.199] [DEBUG] logDebug.js - DONE 1 REQ got data: Your ip has ben banned
[2021-06-09T19:20:16.200] [DEBUG] logDebug.js - DONE 1 REQ got data: Your ip has ben banned
[2021-06-09T19:20:16.200] [DEBUG] logDebug.js - DONE 1 REQ got data: Your ip has ben banned
[2021-06-09T19:20:16.201] [DEBUG] logDebug.js - DONE 1 REQ got data: Your ip has ben banned
[2021-06-09T19:20:16.232] [DEBUG] logDebug.js - DONE 1 REQ got data: Your ip has ben banned
[2021-06-09T19:20:16.233] [DEBUG] logDebug.js - DONE 1 REQ got data: Your ip has ben banned
[2021-06-09T19:20:16.234] [DEBUG] logDebug.js - DONE 1 REQ got data: Your ip has ben banned
[2021-06-09T19:20:16.251] [DEBUG] logDebug.js - DONE 1 REQ got data: Your ip has ben banned
[2021-06-09T19:20:16.252] [DEBUG] logDebug.js - DONE 1 REQ got data: Your ip has ben banned
[2021-06-09T19:20:16.254] [DEBUG] logDebug.js - DONE 1 REQ got data: Your ip has ben banned
[2021-06-09T19:20:16.257] [DEBUG] logDebug.js - DONE 1 REQ got data: Your ip has ben banned
[2021-06-09T19:20:16.260] [DEBUG] logDebug.js - DONE 1 REQ got data: Your ip has ben banned
[2021-06-09T19:20:16.261] [DEBUG] logDebug.js - DONE 1 REQ got data: Your ip has ben banned
[2021-06-09T19:20:16.285] [DEBUG] logDebug.js - DONE 1 REQ got data: Your ip has ben banned
[2021-06-09T19:20:16.287] [DEBUG] logDebug.js - DONE 1 REQ got data: Your ip has ben banned
[2021-06-09T19:20:16.289] [DEBUG] logDebug.js - DONE 1 REQ got data: Your ip has ben banned
[2021-06-09T19:20:16.291] [DEBUG] logDebug.js - DONE 1 REQ got data: Your ip has ben banned
[2021-06-09T19:20:16.293] [DEBUG] logDebug.js - DONE 1 REQ got data: Your ip has ben banned
[2021-06-09T19:20:16.293] [DEBUG] logDebug.js - DONE 1 REQ got data: Your ip has ben banned
[2021-06-09T19:20:16.294] [DEBUG] logDebug.js - DONE 1 REQ got data: Your ip has ben banned
[2021-06-09T19:20:16.295] [DEBUG] logDebug.js - DONE 1 REQ got data: Your ip has ben banned
[2021-06-09T19:20:16.299] [DEBUG] logDebug.js - DONE 1 REQ got data: Your ip has ben banned
[2021-06-09T19:20:16.300] [DEBUG] logDebug.js - DONE 1 REQ got data: Your ip has ben banned
[2021-06-09T19:20:16.301] [DEBUG] logDebug.js - DONE 1 REQ got data: Your ip has ben banned
[2021-06-09T19:20:16.315] [DEBUG] logDebug.js - DONE 1 REQ got data: Your ip has ben banned
[2021-06-09T19:20:16.317] [DEBUG] logDebug.js - DONE 1 REQ got data: Your ip has ben banned
[2021-06-09T19:20:16.317] [DEBUG] logDebug.js - DONE 1 REQ got data: Your ip has ben banned
[2021-06-09T19:20:16.318] [DEBUG] logDebug.js - DONE 1 REQ got data: Your ip has ben banned
[2021-06-09T19:20:16.318] [DEBUG] logDebug.js - DONE 1 REQ got data: Your ip has ben banned
[2021-06-09T19:20:16.319] [DEBUG] logDebug.js - DONE 1 REQ got data: Your ip has ben banned
[2021-06-09T19:20:16.319] [DEBUG] logDebug.js - DONE 1 REQ got data: Your ip has ben banned
[2021-06-09T19:20:16.321] [DEBUG] logDebug.js - DONE 1 REQ got data: Your ip has ben banned
[2021-06-09T19:20:16.325] [DEBUG] logDebug.js - DONE 1 REQ got data: Your ip has ben banned
[2021-06-09T19:20:16.325] [DEBUG] logDebug.js - DONE 1 REQ got data: Your ip has ben banned
[2021-06-09T19:20:16.326] [DEBUG] logDebug.js - DONE 1 REQ got data: Your ip has ben banned
[2021-06-09T19:20:16.327] [DEBUG] logDebug.js - DONE 1 REQ got data: Your ip has ben banned
[2021-06-09T19:20:16.327] [DEBUG] logDebug.js - DONE 1 REQ got data: Your ip has ben banned
[2021-06-09T19:20:16.329] [DEBUG] logDebug.js - DONE 1 REQ got data: Your ip has ben banned
[2021-06-09T19:20:16.331] [DEBUG] logDebug.js - DONE 1 REQ got data: Your ip has ben banned
[2021-06-09T19:20:16.331] [DEBUG] logDebug.js - DONE 1 REQ got data: Your ip has ben banned
[2021-06-09T19:20:16.332] [DEBUG] logDebug.js - DONE 1 REQ got data: Your ip has ben banned
[2021-06-09T19:20:16.333] [DEBUG] logDebug.js - DONE 1 REQ got data: Your ip has ben banned
[2021-06-09T19:20:16.333] [DEBUG] logDebug.js - DONE 1 REQ got data: Your ip has ben banned
[2021-06-09T19:20:16.334] [DEBUG] logDebug.js - DONE 1 REQ got data: Your ip has ben banned
[2021-06-09T19:20:16.336] [DEBUG] logDebug.js - DONE 1 REQ got data: Your ip has ben banned
[2021-06-09T19:20:16.338] [DEBUG] logDebug.js - DONE 1 REQ got data: Your ip has ben banned
[2021-06-09T19:20:16.370] [DEBUG] logDebug.js - DONE 1 REQ got data: Your ip has ben banned
[2021-06-09T19:20:16.374] [DEBUG] logDebug.js - DONE 1 REQ got data: Your ip has ben banned
[2021-06-09T19:20:16.375] [DEBUG] logDebug.js - DONE 1 REQ got data: Your ip has ben banned
[2021-06-09T19:20:16.376] [DEBUG] logDebug.js - DONE 1 REQ got data: Your ip has ben banned
[2021-06-09T19:20:16.377] [DEBUG] logDebug.js - DONE 1 REQ got data: Your ip has ben banned
[2021-06-09T19:20:16.378] [DEBUG] logDebug.js - DONE 1 REQ got data: Your ip has ben banned
[2021-06-09T19:20:16.378] [DEBUG] logDebug.js - DONE 1 REQ got data: Your ip has ben banned
[2021-06-09T19:20:16.380] [DEBUG] logDebug.js - DONE 1 REQ got data: Your ip has ben banned
[2021-06-09T19:20:16.380] [DEBUG] logDebug.js - DONE 1 REQ got data: Your ip has ben banned
[2021-06-09T19:20:16.381] [DEBUG] logDebug.js - DONE 1 REQ got data: Your ip has ben banned
[2021-06-09T19:20:16.381] [DEBUG] logDebug.js - DONE 1 REQ got data: Your ip has ben banned
[2021-06-09T19:20:16.382] [DEBUG] logDebug.js - DONE 1 REQ got data: Your ip has ben banned
[2021-06-09T19:20:16.383] [DEBUG] logDebug.js - DONE 1 REQ got data: Your ip has ben banned
[2021-06-09T19:20:16.384] [DEBUG] logDebug.js - DONE 1 REQ got data: Your ip has ben banned
[2021-06-09T19:20:16.384] [DEBUG] logDebug.js - DONE 1 REQ got data: Your ip has ben banned
[2021-06-09T19:20:16.393] [DEBUG] logDebug.js - DONE 1 REQ got data: Your ip has ben banned
[2021-06-09T19:20:16.393] [DEBUG] logDebug.js - DONE 1 REQ got data: Your ip has ben banned
[2021-06-09T19:20:16.432] [DEBUG] logDebug.js - DONE 1 REQ got data: Your ip has ben banned
[2021-06-09T19:20:16.445] [DEBUG] logDebug.js - DONE 1 REQ got data: Your ip has ben banned
[2021-06-09T19:20:16.445] [DEBUG] logDebug.js - DONE 1 REQ got data: Your ip has ben banned
[2021-06-09T19:20:16.446] [DEBUG] logDebug.js - DONE 1 REQ got data: Your ip has ben banned
[2021-06-09T19:20:16.446] [DEBUG] logDebug.js - DONE 1 REQ got data: Your ip has ben banned
[2021-06-09T19:20:16.447] [DEBUG] logDebug.js - DONE 1 REQ got data: Your ip has ben banned
[2021-06-09T19:20:16.447] [DEBUG] logDebug.js - DONE 1 REQ got data: Your ip has ben banned
[2021-06-09T19:20:16.448] [DEBUG] logDebug.js - DONE 1 REQ got data: Your ip has ben banned
[2021-06-09T19:20:16.448] [DEBUG] logDebug.js - DONE 1 REQ got data: Your ip has ben banned
[2021-06-09T19:20:16.449] [DEBUG] logDebug.js - DONE 1 REQ got data: Your ip has ben banned
[2021-06-09T19:20:16.449] [DEBUG] logDebug.js - DONE 1 REQ got data: Your ip has ben banned
[2021-06-09T19:20:16.450] [DEBUG] logDebug.js - DONE 1 REQ got data: Your ip has ben banned
[2021-06-09T19:20:16.450] [DEBUG] logDebug.js - DONE 1 REQ got data: Your ip has ben banned
[2021-06-09T19:20:16.450] [DEBUG] logDebug.js - DONE 1 REQ got data: Your ip has ben banned
[2021-06-09T19:20:16.451] [DEBUG] logDebug.js - DONE 1 REQ got data: Your ip has ben banned
[2021-06-09T19:20:16.451] [DEBUG] logDebug.js - DONE 1 REQ got data: Your ip has ben banned
[2021-06-09T19:20:16.452] [DEBUG] logDebug.js - DONE 1 REQ got data: Your ip has ben banned
[2021-06-09T19:20:16.456] [DEBUG] logDebug.js - DONE 1 REQ got data: Your ip has ben banned
[2021-06-09T19:20:16.457] [DEBUG] logDebug.js - DONE 1 REQ got data: Your ip has ben banned
[2021-06-09T19:20:16.458] [DEBUG] logDebug.js - DONE 1 REQ got data: Your ip has ben banned
[2021-06-09T19:20:16.458] [DEBUG] logDebug.js - DONE 1 REQ got data: Your ip has ben banned
[2021-06-09T19:20:16.459] [DEBUG] logDebug.js - DONE 1 REQ got data: Your ip has ben banned
[2021-06-09T19:20:16.460] [DEBUG] logDebug.js - DONE 1 REQ got data: Your ip has ben banned
[2021-06-09T19:20:16.467] [DEBUG] logDebug.js - DONE 1 REQ got data: Your ip has ben banned
[2021-06-09T19:20:16.467] [DEBUG] logDebug.js - DONE 1 REQ got data: Your ip has ben banned
[2021-06-09T19:20:16.483] [DEBUG] logDebug.js - DONE 1 REQ got data: Your ip has ben banned
[2021-06-09T19:20:16.487] [DEBUG] logDebug.js - DONE 1 REQ got data: Your ip has ben banned
[2021-06-09T19:20:16.489] [DEBUG] logDebug.js - DONE 1 REQ got data: Your ip has ben banned
[2021-06-09T19:20:16.490] [DEBUG] logDebug.js - DONE 1 REQ got data: Your ip has ben banned
[2021-06-09T19:20:16.491] [DEBUG] logDebug.js - DONE 1 REQ got data: Your ip has ben banned
[2021-06-09T19:20:16.491] [DEBUG] logDebug.js - DONE 1 REQ got data: Your ip has ben banned
[2021-06-09T19:20:16.492] [DEBUG] logDebug.js - DONE 1 REQ got data: Your ip has ben banned
[2021-06-09T19:20:16.492] [DEBUG] logDebug.js - DONE 1 REQ got data: Your ip has ben banned
[2021-06-09T19:20:16.493] [DEBUG] logDebug.js - DONE 1 REQ got data: Your ip has ben banned
[2021-06-09T19:20:16.493] [DEBUG] logDebug.js - DONE 1 REQ got data: Your ip has ben banned
[2021-06-09T19:20:16.493] [DEBUG] logDebug.js - DONE 1 REQ got data: Your ip has ben banned
[2021-06-09T19:20:16.501] [DEBUG] logDebug.js - DONE 1 REQ got data: Your ip has ben banned
[2021-06-09T19:20:16.502] [DEBUG] logDebug.js - DONE 1 REQ got data: Your ip has ben banned
[2021-06-09T19:20:16.502] [DEBUG] logDebug.js - DONE 1 REQ got data: Your ip has ben banned
[2021-06-09T19:20:16.503] [DEBUG] logDebug.js - DONE 1 REQ got data: Your ip has ben banned
[2021-06-09T19:20:16.504] [DEBUG] logDebug.js - DONE 1 REQ got data: Your ip has ben banned
[2021-06-09T19:20:16.505] [DEBUG] logDebug.js - DONE 1 REQ got data: Your ip has ben banned
[2021-06-09T19:20:16.506] [DEBUG] logDebug.js - DONE 1 REQ got data: Your ip has ben banned
[2021-06-09T19:20:16.511] [DEBUG] logDebug.js - DONE 1 REQ got data: Your ip has ben banned
[2021-06-09T19:20:16.512] [DEBUG] logDebug.js - DONE 1 REQ got data: Your ip has ben banned
[2021-06-09T19:20:16.512] [DEBUG] logDebug.js - DONE 1 REQ got data: Your ip has ben banned
[2021-06-09T19:20:16.513] [DEBUG] logDebug.js - DONE 1 REQ got data: Your ip has ben banned
[2021-06-09T19:20:16.515] [DEBUG] logDebug.js - DONE 1 REQ got data: Your ip has ben banned
[2021-06-09T19:20:16.516] [DEBUG] logDebug.js - DONE 1 REQ got data: Your ip has ben banned
[2021-06-09T19:20:16.517] [DEBUG] logDebug.js - DONE 1 REQ got data: Your ip has ben banned
[2021-06-09T19:20:16.518] [DEBUG] logDebug.js - DONE 1 REQ got data: Your ip has ben banned
[2021-06-09T19:20:16.519] [DEBUG] logDebug.js - DONE 1 REQ got data: Your ip has ben banned
[2021-06-09T19:20:16.521] [DEBUG] logDebug.js - DONE 1 REQ got data: Your ip has ben banned
[2021-06-09T19:20:16.521] [DEBUG] logDebug.js - DONE 1 REQ got data: Your ip has ben banned
[2021-06-09T19:20:16.522] [DEBUG] logDebug.js - DONE 1 REQ got data: Your ip has ben banned
[2021-06-09T19:20:16.531] [DEBUG] logDebug.js - DONE 1 REQ got data: Your ip has ben banned
[2021-06-09T19:20:16.532] [DEBUG] logDebug.js - DONE 1 REQ got data: Your ip has ben banned
[2021-06-09T19:20:16.532] [DEBUG] logDebug.js - DONE 1 REQ got data: Your ip has ben banned
[2021-06-09T19:20:16.533] [DEBUG] logDebug.js - DONE 1 REQ got data: Your ip has ben banned
[2021-06-09T19:20:16.534] [DEBUG] logDebug.js - DONE 1 REQ got data: Your ip has ben banned
[2021-06-09T19:20:16.535] [DEBUG] logDebug.js - DONE 1 REQ got data: Your ip has ben banned
[2021-06-09T19:20:16.536] [DEBUG] logDebug.js - DONE 1 REQ got data: Your ip has ben banned
[2021-06-09T19:20:16.536] [DEBUG] logDebug.js - DONE 1 REQ got data: Your ip has ben banned
[2021-06-09T19:20:16.537] [DEBUG] logDebug.js - DONE 1 REQ got data: Your ip has ben banned
[2021-06-09T19:20:16.538] [DEBUG] logDebug.js - DONE 1 REQ got data: Your ip has ben banned
[2021-06-09T19:20:16.539] [DEBUG] logDebug.js - DONE 1 REQ got data: Your ip has ben banned
[2021-06-09T19:20:16.540] [DEBUG] logDebug.js - DONE 1 REQ got data: Your ip has ben banned
[2021-06-09T19:20:16.540] [DEBUG] logDebug.js - DONE 1 REQ got data: Your ip has ben banned
[2021-06-09T19:20:16.540] [DEBUG] logDebug.js - DONE 1 REQ got data: Your ip has ben banned
[2021-06-09T19:20:16.541] [DEBUG] logDebug.js - DONE 1 REQ got data: Your ip has ben banned
[2021-06-09T19:20:16.542] [DEBUG] logDebug.js - DONE 1 REQ got data: Your ip has ben banned
[2021-06-09T19:20:16.543] [DEBUG] logDebug.js - DONE 1 REQ got data: Your ip has ben banned
[2021-06-09T19:20:16.544] [DEBUG] logDebug.js - DONE 1 REQ got data: Your ip has ben banned
[2021-06-09T19:20:16.552] [DEBUG] logDebug.js - DONE 1 REQ got data: Your ip has ben banned
[2021-06-09T19:20:16.553] [DEBUG] logDebug.js - DONE 1 REQ got data: Your ip has ben banned
[2021-06-09T19:20:16.554] [DEBUG] logDebug.js - DONE 1 REQ got data: Your ip has ben banned
[2021-06-09T19:20:16.554] [DEBUG] logDebug.js - DONE 1 REQ got data: Your ip has ben banned
[2021-06-09T19:20:16.555] [DEBUG] logDebug.js - DONE 1 REQ got data: Your ip has ben banned
[2021-06-09T19:20:16.555] [DEBUG] logDebug.js - DONE 1 REQ got data: Your ip has ben banned
[2021-06-09T19:20:16.559] [DEBUG] logDebug.js - DONE 1 REQ got data: Your ip has ben banned
[2021-06-09T19:20:16.560] [DEBUG] logDebug.js - DONE 1 REQ got data: Your ip has ben banned
[2021-06-09T19:20:16.561] [DEBUG] logDebug.js - DONE 1 REQ got data: Your ip has ben banned
[2021-06-09T19:20:16.562] [DEBUG] logDebug.js - DONE 1 REQ got data: Your ip has ben banned
[2021-06-09T19:20:16.563] [DEBUG] logDebug.js - DONE 1 REQ got data: Your ip has ben banned
[2021-06-09T19:20:16.563] [DEBUG] logDebug.js - DONE 1 REQ got data: Your ip has ben banned
[2021-06-09T19:20:16.564] [DEBUG] logDebug.js - DONE 1 REQ got data: Your ip has ben banned
[2021-06-09T19:20:16.564] [DEBUG] logDebug.js - DONE 1 REQ got data: Your ip has ben banned
[2021-06-09T19:20:16.566] [DEBUG] logDebug.js - DONE 1 REQ got data: Your ip has ben banned
[2021-06-09T19:20:16.615] [DEBUG] logDebug.js - DONE 1 REQ got data: Your ip has ben banned
[2021-06-09T19:20:16.630] [DEBUG] logDebug.js - DONE 1 REQ got data: Your ip has ben banned
[2021-06-09T19:20:16.633] [DEBUG] logDebug.js - DONE 1 REQ got data: Your ip has ben banned
[2021-06-09T19:20:16.633] [DEBUG] logDebug.js - DONE 1 REQ got data: Your ip has ben banned
[2021-06-09T19:20:16.634] [DEBUG] logDebug.js - DONE 1 REQ got data: Your ip has ben banned
[2021-06-09T19:20:16.635] [DEBUG] logDebug.js - DONE 1 REQ got data: Your ip has ben banned
[2021-06-09T19:20:16.636] [DEBUG] logDebug.js - DONE 1 REQ got data: Your ip has ben banned
[2021-06-09T19:20:16.762] [DEBUG] logDebug.js - DONE 1 REQ got data: Your ip has ben banned
[2021-06-09T19:20:16.772] [DEBUG] logDebug.js - DONE 1 REQ got data: Your ip has ben banned
[2021-06-09T19:20:16.802] [DEBUG] logDebug.js - DONE 1 REQ got data: Your ip has ben banned
[2021-06-09T19:20:16.816] [DEBUG] logDebug.js - DONE 1 REQ got data: Your ip has ben banned
[2021-06-09T19:20:16.836] [DEBUG] logDebug.js - DONE 1 REQ got data: Your ip has ben banned
[2021-06-09T19:20:16.843] [DEBUG] logDebug.js - DONE 1 REQ got data: Your ip has ben banned
[2021-06-09T19:20:16.851] [DEBUG] logDebug.js - DONE 1 REQ got data: Your ip has ben banned
[2021-06-09T19:20:16.856] [DEBUG] logDebug.js - DONE 1 REQ got data: Your ip has ben banned
[2021-06-09T19:20:16.863] [DEBUG] logDebug.js - DONE 1 REQ got data: Your ip has ben banned
[2021-06-09T19:20:16.868] [DEBUG] logDebug.js - DONE 1 REQ got data: Your ip has ben banned
[2021-06-09T19:20:16.872] [DEBUG] logDebug.js - DONE 1 REQ got data: Your ip has ben banned
[2021-06-09T19:20:16.875] [DEBUG] logDebug.js - DONE 1 REQ got data: Your ip has ben banned
[2021-06-09T19:20:16.882] [DEBUG] logDebug.js - DONE 1 REQ got data: Your ip has ben banned
[2021-06-09T19:20:16.884] [DEBUG] logDebug.js - DONE 1 REQ got data: Your ip has ben banned
[2021-06-09T19:20:16.888] [DEBUG] logDebug.js - DONE 1 REQ got data: Your ip has ben banned
[2021-06-09T19:20:16.890] [DEBUG] logDebug.js - DONE 1 REQ got data: Your ip has ben banned
[2021-06-09T19:20:16.893] [DEBUG] logDebug.js - DONE 1 REQ got data: Your ip has ben banned
[2021-06-09T19:20:16.901] [DEBUG] logDebug.js - DONE 1 REQ got data: Your ip has ben banned
[2021-06-09T19:20:16.907] [DEBUG] logDebug.js - DONE 1 REQ got data: Your ip has ben banned
[2021-06-09T19:20:16.915] [DEBUG] logDebug.js - DONE 1 REQ got data: Your ip has ben banned
[2021-06-09T19:20:16.918] [DEBUG] logDebug.js - DONE 1 REQ got data: Your ip has ben banned
[2021-06-09T19:20:16.923] [DEBUG] logDebug.js - DONE 1 REQ got data: Your ip has ben banned
[2021-06-09T19:20:16.928] [DEBUG] logDebug.js - DONE 1 REQ got data: Your ip has ben banned
[2021-06-09T19:20:16.932] [DEBUG] logDebug.js - DONE 1 REQ got data: Your ip has ben banned
[2021-06-09T19:20:16.938] [DEBUG] logDebug.js - DONE 1 REQ got data: Your ip has ben banned
[2021-06-09T19:20:16.944] [DEBUG] logDebug.js - DONE 1 REQ got data: Your ip has ben banned
[2021-06-09T19:20:16.958] [DEBUG] logDebug.js - DONE 1 REQ got data: Your ip has ben banned
[2021-06-09T19:20:16.968] [DEBUG] logDebug.js - DONE 1 REQ got data: Your ip has ben banned
[2021-06-09T19:20:16.975] [DEBUG] logDebug.js - DONE 1 REQ got data: Your ip has ben banned
[2021-06-09T19:20:16.982] [DEBUG] logDebug.js - DONE 1 REQ got data: Your ip has ben banned
[2021-06-09T19:20:16.985] [DEBUG] logDebug.js - DONE 1 REQ got data: Your ip has ben banned
[2021-06-09T19:20:16.991] [DEBUG] logDebug.js - DONE 1 REQ got data: Your ip has ben banned
[2021-06-09T19:20:16.995] [DEBUG] logDebug.js - DONE 1 REQ got data: Your ip has ben banned
[2021-06-09T19:20:17.015] [DEBUG] logDebug.js - DONE 1 REQ got data: Your ip has ben banned
[2021-06-09T19:20:17.024] [DEBUG] logDebug.js - DONE 1 REQ got data: Your ip has ben banned
[2021-06-09T19:20:17.032] [DEBUG] logDebug.js - DONE 1 REQ got data: Your ip has ben banned
[2021-06-09T19:20:17.033] [DEBUG] logDebug.js - DONE 1 REQ got data: Your ip has ben banned
[2021-06-09T19:20:17.037] [DEBUG] logDebug.js - DONE 1 REQ got data: Your ip has ben banned
[2021-06-09T19:20:17.038] [DEBUG] logDebug.js - DONE 1 REQ got data: Your ip has ben banned
[2021-06-09T19:20:17.039] [DEBUG] logDebug.js - DONE 1 REQ got data: Your ip has ben banned
[2021-06-09T19:20:17.040] [DEBUG] logDebug.js - DONE 1 REQ got data: Your ip has ben banned
[2021-06-09T19:20:17.041] [DEBUG] logDebug.js - DONE 1 REQ got data: Your ip has ben banned
[2021-06-09T19:20:17.042] [DEBUG] logDebug.js - DONE 1 REQ got data: Your ip has ben banned
[2021-06-09T19:20:17.044] [DEBUG] logDebug.js - DONE 1 REQ got data: Your ip has ben banned
[2021-06-09T19:20:17.046] [DEBUG] logDebug.js - DONE 1 REQ got data: Your ip has ben banned
[2021-06-09T19:20:17.047] [DEBUG] logDebug.js - DONE 1 REQ got data: Your ip has ben banned
[2021-06-09T19:20:17.048] [DEBUG] logDebug.js - DONE 1 REQ got data: Your ip has ben banned
[2021-06-09T19:20:17.050] [DEBUG] logDebug.js - DONE 1 REQ got data: Your ip has ben banned
[2021-06-09T19:20:17.050] [DEBUG] logDebug.js - DONE 1 REQ got data: Your ip has ben banned
[2021-06-09T19:20:17.051] [DEBUG] logDebug.js - DONE 1 REQ got data: Your ip has ben banned
[2021-06-09T19:20:17.054] [DEBUG] logDebug.js - DONE 1 REQ got data: Your ip has ben banned
[2021-06-09T19:20:17.055] [DEBUG] logDebug.js - DONE 1 REQ got data: Your ip has ben banned
[2021-06-09T19:20:17.056] [DEBUG] logDebug.js - DONE 1 REQ got data: Your ip has ben banned
[2021-06-09T19:20:17.057] [DEBUG] logDebug.js - DONE 1 REQ got data: Your ip has ben banned
[2021-06-09T19:20:17.058] [DEBUG] logDebug.js - DONE 1 REQ got data: Your ip has ben banned
[2021-06-09T19:20:17.058] [DEBUG] logDebug.js - DONE 1 REQ got data: Your ip has ben banned
[2021-06-09T19:20:17.086] [DEBUG] logDebug.js - DONE 1 REQ got data: Your ip has ben banned
[2021-06-09T19:20:17.087] [DEBUG] logDebug.js - DONE 1 REQ got data: Your ip has ben banned
[2021-06-09T19:20:17.088] [DEBUG] logDebug.js - DONE 1 REQ got data: Your ip has ben banned
[2021-06-09T19:20:17.089] [DEBUG] logDebug.js - DONE 1 REQ got data: Your ip has ben banned
[2021-06-09T19:20:17.089] [DEBUG] logDebug.js - DONE 1 REQ got data: Your ip has ben banned
[2021-06-09T19:20:17.090] [DEBUG] logDebug.js - DONE 1 REQ got data: Your ip has ben banned
[2021-06-09T19:20:17.090] [DEBUG] logDebug.js - DONE 1 REQ got data: Your ip has ben banned
[2021-06-09T19:20:17.091] [DEBUG] logDebug.js - DONE 1 REQ got data: Your ip has ben banned
[2021-06-09T19:20:17.092] [DEBUG] logDebug.js - DONE 1 REQ got data: Your ip has ben banned
[2021-06-09T19:20:17.092] [DEBUG] logDebug.js - DONE 1 REQ got data: Your ip has ben banned
[2021-06-09T19:20:17.093] [DEBUG] logDebug.js - DONE 1 REQ got data: Your ip has ben banned
[2021-06-09T19:20:17.093] [DEBUG] logDebug.js - DONE 1 REQ got data: Your ip has ben banned
[2021-06-09T19:20:17.094] [DEBUG] logDebug.js - DONE 1 REQ got data: Your ip has ben banned
[2021-06-09T19:20:17.094] [DEBUG] logDebug.js - DONE 1 REQ got data: Your ip has ben banned
[2021-06-09T19:20:17.097] [DEBUG] logDebug.js - DONE 1 REQ got data: Your ip has ben banned
[2021-06-09T19:20:17.098] [DEBUG] logDebug.js - DONE 1 REQ got data: Your ip has ben banned
[2021-06-09T19:20:17.102] [DEBUG] logDebug.js - DONE 1 REQ got data: Your ip has ben banned
[2021-06-09T19:20:17.108] [DEBUG] logDebug.js - DONE 1 REQ got data: Your ip has ben banned
[2021-06-09T19:20:17.118] [DEBUG] logDebug.js - DONE 1 REQ got data: Your ip has ben banned
[2021-06-09T19:20:17.126] [DEBUG] logDebug.js - DONE 1 REQ got data: Your ip has ben banned
[2021-06-09T19:20:17.130] [DEBUG] logDebug.js - DONE 1 REQ got data: Your ip has ben banned
[2021-06-09T19:20:17.138] [DEBUG] logDebug.js - DONE 1 REQ got data: Your ip has ben banned
[2021-06-09T19:20:17.147] [DEBUG] logDebug.js - DONE 1 REQ got data: Your ip has ben banned
[2021-06-09T19:20:17.169] [DEBUG] logDebug.js - DONE 1 REQ got data: Your ip has ben banned
[2021-06-09T19:20:17.193] [DEBUG] logDebug.js - DONE 1 REQ got data: Your ip has ben banned
[2021-06-09T19:20:17.196] [DEBUG] logDebug.js - DONE 1 REQ got data: Your ip has ben banned
[2021-06-09T19:20:17.197] [DEBUG] logDebug.js - DONE 1 REQ got data: Your ip has ben banned
[2021-06-09T19:20:17.198] [DEBUG] logDebug.js - DONE 1 REQ got data: Your ip has ben banned
[2021-06-09T19:20:17.199] [DEBUG] logDebug.js - DONE 1 REQ got data: Your ip has ben banned
[2021-06-09T19:20:17.200] [DEBUG] logDebug.js - DONE 1 REQ got data: Your ip has ben banned
[2021-06-09T19:20:17.201] [DEBUG] logDebug.js - DONE 1 REQ got data: Your ip has ben banned
[2021-06-09T19:20:17.202] [DEBUG] logDebug.js - DONE 1 REQ got data: Your ip has ben banned
[2021-06-09T19:20:17.203] [DEBUG] logDebug.js - DONE 1 REQ got data: Your ip has ben banned
[2021-06-09T19:20:17.204] [DEBUG] logDebug.js - DONE 1 REQ got data: Your ip has ben banned
[2021-06-09T19:20:17.205] [DEBUG] logDebug.js - DONE 1 REQ got data: Your ip has ben banned
[2021-06-09T19:20:17.206] [DEBUG] logDebug.js - DONE 1 REQ got data: Your ip has ben banned
[2021-06-09T19:20:17.207] [DEBUG] logDebug.js - DONE 1 REQ got data: Your ip has ben banned
[2021-06-09T19:20:17.214] [DEBUG] logDebug.js - DONE 1 REQ got data: Your ip has ben banned
[2021-06-09T19:20:17.216] [DEBUG] logDebug.js - DONE 1 REQ got data: Your ip has ben banned
[2021-06-09T19:20:17.218] [DEBUG] logDebug.js - DONE 1 REQ got data: Your ip has ben banned
[2021-06-09T19:20:17.219] [DEBUG] logDebug.js - DONE 1 REQ got data: Your ip has ben banned
[2021-06-09T19:20:17.220] [DEBUG] logDebug.js - DONE 1 REQ got data: Your ip has ben banned
[2021-06-09T19:20:17.222] [DEBUG] logDebug.js - DONE 1 REQ got data: Your ip has ben banned
[2021-06-09T19:20:17.222] [DEBUG] logDebug.js - DONE 1 REQ got data: Your ip has ben banned
[2021-06-09T19:20:17.224] [DEBUG] logDebug.js - DONE 1 REQ got data: Your ip has ben banned
[2021-06-09T19:20:17.227] [DEBUG] logDebug.js - DONE 1 REQ got data: Your ip has ben banned
[2021-06-09T19:20:17.228] [DEBUG] logDebug.js - DONE 1 REQ got data: Your ip has ben banned
[2021-06-09T19:20:17.230] [DEBUG] logDebug.js - DONE 1 REQ got data: Your ip has ben banned
[2021-06-09T19:20:17.232] [DEBUG] logDebug.js - DONE 1 REQ got data: Your ip has ben banned
[2021-06-09T19:20:17.235] [DEBUG] logDebug.js - DONE 1 REQ got data: Your ip has ben banned
[2021-06-09T19:20:17.236] [DEBUG] logDebug.js - DONE 1 REQ got data: Your ip has ben banned
[2021-06-09T19:20:17.238] [DEBUG] logDebug.js - DONE 1 REQ got data: Your ip has ben banned
[2021-06-09T19:20:17.239] [DEBUG] logDebug.js - DONE 1 REQ got data: Your ip has ben banned
[2021-06-09T19:20:17.241] [DEBUG] logDebug.js - DONE 1 REQ got data: Your ip has ben banned
[2021-06-09T19:20:17.242] [DEBUG] logDebug.js - DONE 1 REQ got data: Your ip has ben banned
[2021-06-09T19:20:17.243] [DEBUG] logDebug.js - DONE 1 REQ got data: Your ip has ben banned
[2021-06-09T19:20:17.244] [DEBUG] logDebug.js - DONE 1 REQ got data: Your ip has ben banned
[2021-06-09T19:20:17.245] [DEBUG] logDebug.js - DONE 1 REQ got data: Your ip has ben banned
[2021-06-09T19:20:17.245] [DEBUG] logDebug.js - DONE 1 REQ got data: Your ip has ben banned
[2021-06-09T19:20:17.246] [DEBUG] logDebug.js - DONE 1 REQ got data: Your ip has ben banned
[2021-06-09T19:20:17.247] [DEBUG] logDebug.js - DONE 1 REQ got data: Your ip has ben banned
[2021-06-09T19:20:17.247] [DEBUG] logDebug.js - DONE 1 REQ got data: Your ip has ben banned
[2021-06-09T19:20:17.248] [DEBUG] logDebug.js - DONE 1 REQ got data: Your ip has ben banned
[2021-06-09T19:20:17.248] [DEBUG] logDebug.js - DONE 1 REQ got data: Your ip has ben banned
[2021-06-09T19:20:17.249] [DEBUG] logDebug.js - DONE 1 REQ got data: Your ip has ben banned
[2021-06-09T19:20:17.250] [DEBUG] logDebug.js - DONE 1 REQ got data: Your ip has ben banned
[2021-06-09T19:20:17.250] [DEBUG] logDebug.js - DONE 1 REQ got data: Your ip has ben banned
[2021-06-09T19:20:17.250] [DEBUG] logDebug.js - DONE 1 REQ got data: Your ip has ben banned
[2021-06-09T19:20:17.266] [DEBUG] logDebug.js - DONE 1 REQ got data: Your ip has ben banned
[2021-06-09T19:20:17.267] [DEBUG] logDebug.js - DONE 1 REQ got data: Your ip has ben banned
[2021-06-09T19:20:17.267] [DEBUG] logDebug.js - DONE 1 REQ got data: Your ip has ben banned
[2021-06-09T19:20:17.268] [DEBUG] logDebug.js - DONE 1 REQ got data: Your ip has ben banned
[2021-06-09T19:20:17.268] [DEBUG] logDebug.js - DONE 1 REQ got data: Your ip has ben banned
[2021-06-09T19:20:17.268] [DEBUG] logDebug.js - DONE 1 REQ got data: Your ip has ben banned
[2021-06-09T19:20:17.269] [DEBUG] logDebug.js - DONE 1 REQ got data: Your ip has ben banned
[2021-06-09T19:20:17.269] [DEBUG] logDebug.js - DONE 1 REQ got data: Your ip has ben banned
[2021-06-09T19:20:17.270] [DEBUG] logDebug.js - DONE 1 REQ got data: Your ip has ben banned
[2021-06-09T19:20:17.271] [DEBUG] logDebug.js - DONE 1 REQ got data: Your ip has ben banned
[2021-06-09T19:20:17.272] [DEBUG] logDebug.js - DONE 1 REQ got data: Your ip has ben banned
[2021-06-09T19:20:17.274] [DEBUG] logDebug.js - DONE 1 REQ got data: Your ip has ben banned
[2021-06-09T19:20:17.275] [DEBUG] logDebug.js - DONE 1 REQ got data: Your ip has ben banned
[2021-06-09T19:20:17.275] [DEBUG] logDebug.js - DONE 1 REQ got data: Your ip has ben banned
[2021-06-09T19:20:17.276] [DEBUG] logDebug.js - DONE 1 REQ got data: Your ip has ben banned
[2021-06-09T19:20:17.276] [DEBUG] logDebug.js - DONE 1 REQ got data: Your ip has ben banned
[2021-06-09T19:20:17.277] [DEBUG] logDebug.js - DONE 1 REQ got data: Your ip has ben banned
[2021-06-09T19:20:17.277] [DEBUG] logDebug.js - DONE 1 REQ got data: Your ip has ben banned
[2021-06-09T19:20:17.278] [DEBUG] logDebug.js - DONE 1 REQ got data: Your ip has ben banned
[2021-06-09T19:20:17.278] [DEBUG] logDebug.js - DONE 1 REQ got data: Your ip has ben banned
[2021-06-09T19:20:17.279] [DEBUG] logDebug.js - DONE 1 REQ got data: Your ip has ben banned
[2021-06-09T19:20:17.279] [DEBUG] logDebug.js - DONE 1 REQ got data: Your ip has ben banned
[2021-06-09T19:20:17.280] [DEBUG] logDebug.js - DONE 1 REQ got data: Your ip has ben banned
[2021-06-09T19:20:17.280] [DEBUG] logDebug.js - DONE 1 REQ got data: Your ip has ben banned
