[2021-06-09T15:49:08.049] [INFO] default - |-----------------|
[2021-06-09T15:49:08.060] [INFO] default - |ExtraServer START|
[2021-06-09T15:49:08.060] [INFO] default - |-----------------|
[2021-06-09T15:49:08.062] [INFO] default - creating server...
[2021-06-09T15:49:08.063] [INFO] default - Loading plugins...
[2021-06-09T15:49:08.068] [ERROR] default - Cloud not load plugin asdasd.json: TypeError: require(...).onStart is not a function
[2021-06-09T15:49:08.492] [ERROR] default - Cloud not load plugin chat.js: TypeError [ERR_INVALID_ARG_TYPE]: The "emitter" argument must be an instance of EventEmitter. Received type string ('connection')
[2021-06-09T15:49:08.495] [INFO] defaultRequestHandler.js - DefaultRequestHandler was made by BomberPlayz.
[2021-06-09T15:49:08.496] [INFO] default - Loaded plugin defaultRequestHandler.js
[2021-06-09T15:49:08.501] [ERROR] default - Cloud not load plugin directoryList.js: TypeError: require(...).onStart is not a function
[2021-06-09T15:49:08.503] [INFO] logDebug.js - logDebug plugin by BomberPlayz!
[2021-06-09T15:49:08.503] [INFO] default - Loaded plugin logDebug.js
[2021-06-09T15:49:08.505] [ERROR] default - Cloud not load plugin tuccc.json: SyntaxError: D:\OneDrive\Desktop\progs\ExtraServer\server_plugins\tuccc.json: Unexpected number in JSON at position 57948
[2021-06-09T15:49:08.508] [INFO] _compatibleMode.js - CopatibleMode plugin was made by BomberPLayz
[2021-06-09T15:49:08.509] [INFO] default - Loaded plugin _compatibleMode.js
[2021-06-09T15:49:08.509] [INFO] default - Starting to listen...
[2021-06-09T15:49:08.514] [INFO] default - Server started!
[2021-06-09T15:49:08.515] [INFO] default - tictuc! elindult!
[2021-06-09T15:49:11.699] [INFO] defaultRequestHandler.js - ::1 requested to /tafonya.jsx?user=afonya
[2021-06-09T15:49:11.902] [DEBUG] logDebug.js - kapotot: err_user_not_exists_or_token_not_match
[2021-06-09T15:49:11.994] [DEBUG] logDebug.js - kapotot: err_user_not_exists_or_token_not_match
[2021-06-09T15:49:12.113] [DEBUG] logDebug.js - kapotot: err_user_not_exists_or_token_not_match
[2021-06-09T15:49:12.222] [DEBUG] logDebug.js - kapotot: err_user_not_exists_or_token_not_match
[2021-06-09T15:49:12.301] [DEBUG] logDebug.js - kapotot: err_user_not_exists_or_token_not_match
[2021-06-09T15:49:12.390] [DEBUG] logDebug.js - kapotot: err_user_not_exists_or_token_not_match
[2021-06-09T15:49:12.471] [DEBUG] logDebug.js - kapotot: err_user_not_exists_or_token_not_match
[2021-06-09T15:49:12.549] [DEBUG] logDebug.js - kapotot: err_user_not_exists_or_token_not_match
[2021-06-09T15:49:12.629] [DEBUG] logDebug.js - kapotot: err_user_not_exists_or_token_not_match
[2021-06-09T15:49:12.753] [DEBUG] logDebug.js - kapotot: err_user_not_exists_or_token_not_match
[2021-06-09T15:49:12.897] [DEBUG] logDebug.js - kapotot: err_user_not_exists_or_token_not_match
[2021-06-09T15:49:13.002] [DEBUG] logDebug.js - kapotot: err_user_not_exists_or_token_not_match
[2021-06-09T15:49:13.115] [DEBUG] logDebug.js - kapotot: err_user_not_exists_or_token_not_match
[2021-06-09T15:49:13.227] [DEBUG] logDebug.js - kapotot: err_user_not_exists_or_token_not_match
[2021-06-09T15:49:13.316] [DEBUG] logDebug.js - kapotot: err_user_not_exists_or_token_not_match
[2021-06-09T15:49:13.399] [DEBUG] logDebug.js - kapotot: err_user_not_exists_or_token_not_match
[2021-06-09T15:49:13.504] [DEBUG] logDebug.js - kapotot: err_user_not_exists_or_token_not_match
[2021-06-09T15:49:13.598] [DEBUG] logDebug.js - kapotot: err_user_not_exists_or_token_not_match
[2021-06-09T15:49:13.694] [DEBUG] logDebug.js - kapotot: err_user_not_exists_or_token_not_match
[2021-06-09T15:49:13.812] [DEBUG] logDebug.js - kapotot: err_user_not_exists_or_token_not_match
[2021-06-09T15:49:13.908] [DEBUG] logDebug.js - kapotot: err_user_not_exists_or_token_not_match
[2021-06-09T15:49:14.075] [DEBUG] logDebug.js - kapotot: err_user_not_exists_or_token_not_match
[2021-06-09T15:49:14.248] [DEBUG] logDebug.js - kapotot: err_user_not_exists_or_token_not_match
[2021-06-09T15:49:14.386] [DEBUG] logDebug.js - kapotot: err_user_not_exists_or_token_not_match
[2021-06-09T15:49:14.491] [DEBUG] logDebug.js - kapotot: err_user_not_exists_or_token_not_match
[2021-06-09T15:49:14.571] [DEBUG] logDebug.js - kapotot: err_user_not_exists_or_token_not_match
[2021-06-09T15:49:14.662] [DEBUG] logDebug.js - kapotot: err_user_not_exists_or_token_not_match
[2021-06-09T15:49:14.790] [DEBUG] logDebug.js - kapotot: err_user_not_exists_or_token_not_match
[2021-06-09T15:49:14.945] [DEBUG] logDebug.js - kapotot: err_user_not_exists_or_token_not_match
[2021-06-09T15:49:15.053] [DEBUG] logDebug.js - kapotot: err_user_not_exists_or_token_not_match
[2021-06-09T15:49:15.162] [DEBUG] logDebug.js - kapotot: err_user_not_exists_or_token_not_match
[2021-06-09T15:49:15.251] [DEBUG] logDebug.js - kapotot: err_user_not_exists_or_token_not_match
[2021-06-09T15:49:15.360] [DEBUG] logDebug.js - kapotot: err_user_not_exists_or_token_not_match
[2021-06-09T15:49:15.449] [DEBUG] logDebug.js - kapotot: err_user_not_exists_or_token_not_match
[2021-06-09T15:49:15.558] [DEBUG] logDebug.js - kapotot: err_user_not_exists_or_token_not_match
[2021-06-09T15:49:15.637] [DEBUG] logDebug.js - kapotot: err_user_not_exists_or_token_not_match
[2021-06-09T15:49:15.717] [DEBUG] logDebug.js - kapotot: err_user_not_exists_or_token_not_match
[2021-06-09T15:49:15.795] [DEBUG] logDebug.js - kapotot: err_user_not_exists_or_token_not_match
[2021-06-09T15:49:15.873] [DEBUG] logDebug.js - kapotot: err_user_not_exists_or_token_not_match
[2021-06-09T15:49:15.961] [DEBUG] logDebug.js - kapotot: err_user_not_exists_or_token_not_match
[2021-06-09T15:49:16.042] [DEBUG] logDebug.js - kapotot: err_user_not_exists_or_token_not_match
[2021-06-09T15:49:16.120] [DEBUG] logDebug.js - kapotot: err_user_not_exists_or_token_not_match
[2021-06-09T15:49:16.200] [DEBUG] logDebug.js - kapotot: err_user_not_exists_or_token_not_match
[2021-06-09T15:49:16.275] [DEBUG] logDebug.js - kapotot: err_user_not_exists_or_token_not_match
[2021-06-09T15:49:16.357] [DEBUG] logDebug.js - kapotot: err_user_not_exists_or_token_not_match
[2021-06-09T15:49:16.438] [DEBUG] logDebug.js - kapotot: err_user_not_exists_or_token_not_match
[2021-06-09T15:49:16.514] [DEBUG] logDebug.js - kapotot: err_user_not_exists_or_token_not_match
[2021-06-09T15:49:16.590] [DEBUG] logDebug.js - kapotot: err_user_not_exists_or_token_not_match
[2021-06-09T15:49:16.672] [DEBUG] logDebug.js - kapotot: err_user_not_exists_or_token_not_match
[2021-06-09T15:49:16.749] [DEBUG] logDebug.js - kapotot: err_user_not_exists_or_token_not_match
[2021-06-09T15:49:16.854] [DEBUG] logDebug.js - kapotot: err_user_not_exists_or_token_not_match
[2021-06-09T15:49:16.930] [DEBUG] logDebug.js - kapotot: err_user_not_exists_or_token_not_match
[2021-06-09T15:49:17.008] [DEBUG] logDebug.js - kapotot: err_user_not_exists_or_token_not_match
[2021-06-09T15:49:17.124] [DEBUG] logDebug.js - kapotot: err_user_not_exists_or_token_not_match
[2021-06-09T15:49:17.224] [DEBUG] logDebug.js - kapotot: err_user_not_exists_or_token_not_match
[2021-06-09T15:49:17.307] [DEBUG] logDebug.js - kapotot: err_user_not_exists_or_token_not_match
[2021-06-09T15:49:17.496] [DEBUG] logDebug.js - kapotot: err_user_not_exists_or_token_not_match
[2021-06-09T15:49:17.583] [DEBUG] logDebug.js - kapotot: err_user_not_exists_or_token_not_match
[2021-06-09T15:49:17.714] [DEBUG] logDebug.js - kapotot: err_user_not_exists_or_token_not_match
[2021-06-09T15:49:17.790] [DEBUG] logDebug.js - kapotot: err_user_not_exists_or_token_not_match
[2021-06-09T15:49:17.894] [DEBUG] logDebug.js - kapotot: err_user_not_exists_or_token_not_match
[2021-06-09T15:49:17.973] [DEBUG] logDebug.js - kapotot: err_user_not_exists_or_token_not_match
[2021-06-09T15:49:18.057] [DEBUG] logDebug.js - kapotot: err_user_not_exists_or_token_not_match
[2021-06-09T15:49:18.166] [DEBUG] logDebug.js - kapotot: err_user_not_exists_or_token_not_match
[2021-06-09T15:49:18.247] [DEBUG] logDebug.js - kapotot: err_user_not_exists_or_token_not_match
[2021-06-09T15:49:18.322] [DEBUG] logDebug.js - kapotot: err_user_not_exists_or_token_not_match
[2021-06-09T15:49:18.420] [DEBUG] logDebug.js - kapotot: err_user_not_exists_or_token_not_match
[2021-06-09T15:49:18.532] [DEBUG] logDebug.js - kapotot: err_user_not_exists_or_token_not_match
[2021-06-09T15:49:18.610] [DEBUG] logDebug.js - kapotot: err_user_not_exists_or_token_not_match
[2021-06-09T15:49:18.687] [DEBUG] logDebug.js - kapotot: err_user_not_exists_or_token_not_match
[2021-06-09T15:49:18.763] [DEBUG] logDebug.js - kapotot: err_user_not_exists_or_token_not_match
[2021-06-09T15:49:18.853] [DEBUG] logDebug.js - kapotot: err_user_not_exists_or_token_not_match
[2021-06-09T15:49:18.948] [DEBUG] logDebug.js - kapotot: err_user_not_exists_or_token_not_match
[2021-06-09T15:49:19.033] [DEBUG] logDebug.js - kapotot: err_user_not_exists_or_token_not_match
[2021-06-09T15:49:19.118] [DEBUG] logDebug.js - kapotot: err_user_not_exists_or_token_not_match
[2021-06-09T15:49:19.259] [DEBUG] logDebug.js - kapotot: err_user_not_exists_or_token_not_match
[2021-06-09T15:49:19.342] [DEBUG] logDebug.js - kapotot: err_user_not_exists_or_token_not_match
[2021-06-09T15:49:19.426] [DEBUG] logDebug.js - kapotot: err_user_not_exists_or_token_not_match
[2021-06-09T15:49:19.522] [DEBUG] logDebug.js - kapotot: err_user_not_exists_or_token_not_match
[2021-06-09T15:49:19.609] [DEBUG] logDebug.js - kapotot: err_user_not_exists_or_token_not_match
[2021-06-09T15:49:19.695] [DEBUG] logDebug.js - kapotot: err_user_not_exists_or_token_not_match
[2021-06-09T15:49:19.790] [DEBUG] logDebug.js - kapotot: err_user_not_exists_or_token_not_match
[2021-06-09T15:49:19.883] [DEBUG] logDebug.js - kapotot: err_user_not_exists_or_token_not_match
[2021-06-09T15:49:19.958] [DEBUG] logDebug.js - kapotot: err_user_not_exists_or_token_not_match
[2021-06-09T15:49:20.033] [DEBUG] logDebug.js - kapotot: err_user_not_exists_or_token_not_match
[2021-06-09T15:49:20.109] [DEBUG] logDebug.js - kapotot: err_user_not_exists_or_token_not_match
[2021-06-09T15:49:20.192] [DEBUG] logDebug.js - kapotot: err_user_not_exists_or_token_not_match
[2021-06-09T15:49:20.277] [DEBUG] logDebug.js - kapotot: err_user_not_exists_or_token_not_match
[2021-06-09T15:49:20.357] [DEBUG] logDebug.js - kapotot: err_user_not_exists_or_token_not_match
[2021-06-09T15:49:20.435] [DEBUG] logDebug.js - kapotot: err_user_not_exists_or_token_not_match
[2021-06-09T15:49:20.512] [DEBUG] logDebug.js - kapotot: err_user_not_exists_or_token_not_match
[2021-06-09T15:49:20.589] [DEBUG] logDebug.js - kapotot: err_user_not_exists_or_token_not_match
[2021-06-09T15:49:20.677] [DEBUG] logDebug.js - kapotot: err_user_not_exists_or_token_not_match
[2021-06-09T15:49:20.781] [DEBUG] logDebug.js - kapotot: err_user_not_exists_or_token_not_match
[2021-06-09T15:49:20.856] [DEBUG] logDebug.js - kapotot: err_user_not_exists_or_token_not_match
[2021-06-09T15:49:20.940] [DEBUG] logDebug.js - kapotot: err_user_not_exists_or_token_not_match
[2021-06-09T15:49:21.020] [DEBUG] logDebug.js - kapotot: err_user_not_exists_or_token_not_match
[2021-06-09T15:49:21.101] [DEBUG] logDebug.js - kapotot: err_user_not_exists_or_token_not_match
[2021-06-09T15:49:21.185] [DEBUG] logDebug.js - kapotot: err_user_not_exists_or_token_not_match
[2021-06-09T15:49:21.275] [DEBUG] logDebug.js - kapotot: err_user_not_exists_or_token_not_match
[2021-06-09T15:49:21.371] [DEBUG] logDebug.js - kapotot: err_user_not_exists_or_token_not_match
[2021-06-09T15:49:21.463] [DEBUG] logDebug.js - kapotot: err_user_not_exists_or_token_not_match
[2021-06-09T15:49:21.549] [DEBUG] logDebug.js - kapotot: err_user_not_exists_or_token_not_match
[2021-06-09T15:49:21.628] [DEBUG] logDebug.js - kapotot: err_user_not_exists_or_token_not_match
[2021-06-09T15:49:21.727] [DEBUG] logDebug.js - kapotot: err_user_not_exists_or_token_not_match
[2021-06-09T15:49:21.812] [DEBUG] logDebug.js - kapotot: err_user_not_exists_or_token_not_match
[2021-06-09T15:49:21.889] [DEBUG] logDebug.js - kapotot: err_user_not_exists_or_token_not_match
[2021-06-09T15:49:21.982] [DEBUG] logDebug.js - kapotot: err_user_not_exists_or_token_not_match
[2021-06-09T15:49:22.058] [DEBUG] logDebug.js - kapotot: err_user_not_exists_or_token_not_match
[2021-06-09T15:49:22.142] [DEBUG] logDebug.js - kapotot: err_user_not_exists_or_token_not_match
[2021-06-09T15:49:22.223] [DEBUG] logDebug.js - kapotot: err_user_not_exists_or_token_not_match
[2021-06-09T15:49:22.302] [DEBUG] logDebug.js - kapotot: err_user_not_exists_or_token_not_match
[2021-06-09T15:49:22.381] [DEBUG] logDebug.js - kapotot: err_user_not_exists_or_token_not_match
[2021-06-09T15:49:22.460] [DEBUG] logDebug.js - kapotot: err_user_not_exists_or_token_not_match
[2021-06-09T15:49:22.569] [DEBUG] logDebug.js - kapotot: err_user_not_exists_or_token_not_match
[2021-06-09T15:49:22.659] [DEBUG] logDebug.js - kapotot: err_user_not_exists_or_token_not_match
[2021-06-09T15:49:22.741] [DEBUG] logDebug.js - kapotot: err_user_not_exists_or_token_not_match
[2021-06-09T15:49:22.817] [DEBUG] logDebug.js - kapotot: err_user_not_exists_or_token_not_match
[2021-06-09T15:49:22.895] [DEBUG] logDebug.js - kapotot: err_user_not_exists_or_token_not_match
[2021-06-09T15:49:22.980] [DEBUG] logDebug.js - kapotot: err_user_not_exists_or_token_not_match
[2021-06-09T15:49:23.053] [DEBUG] logDebug.js - kapotot: err_user_not_exists_or_token_not_match
[2021-06-09T15:49:23.130] [DEBUG] logDebug.js - kapotot: err_user_not_exists_or_token_not_match
[2021-06-09T15:49:23.214] [DEBUG] logDebug.js - kapotot: err_user_not_exists_or_token_not_match
[2021-06-09T15:49:23.297] [DEBUG] logDebug.js - kapotot: err_user_not_exists_or_token_not_match
[2021-06-09T15:49:23.387] [DEBUG] logDebug.js - kapotot: err_user_not_exists_or_token_not_match
[2021-06-09T15:49:23.491] [DEBUG] logDebug.js - kapotot: err_user_not_exists_or_token_not_match
[2021-06-09T15:49:23.588] [DEBUG] logDebug.js - kapotot: err_user_not_exists_or_token_not_match
[2021-06-09T15:49:23.669] [DEBUG] logDebug.js - kapotot: err_user_not_exists_or_token_not_match
[2021-06-09T15:49:23.750] [DEBUG] logDebug.js - kapotot: err_user_not_exists_or_token_not_match
[2021-06-09T15:49:23.849] [DEBUG] logDebug.js - kapotot: err_user_not_exists_or_token_not_match
[2021-06-09T15:49:23.924] [DEBUG] logDebug.js - kapotot: err_user_not_exists_or_token_not_match
[2021-06-09T15:49:24.011] [DEBUG] logDebug.js - kapotot: err_user_not_exists_or_token_not_match
[2021-06-09T15:49:24.160] [DEBUG] logDebug.js - kapotot: err_user_not_exists_or_token_not_match
[2021-06-09T15:49:24.252] [DEBUG] logDebug.js - kapotot: err_user_not_exists_or_token_not_match
[2021-06-09T15:49:24.333] [DEBUG] logDebug.js - kapotot: err_user_not_exists_or_token_not_match
[2021-06-09T15:49:24.418] [DEBUG] logDebug.js - kapotot: err_user_not_exists_or_token_not_match
[2021-06-09T15:49:24.510] [DEBUG] logDebug.js - kapotot: err_user_not_exists_or_token_not_match
[2021-06-09T15:49:24.592] [DEBUG] logDebug.js - kapotot: err_user_not_exists_or_token_not_match
[2021-06-09T15:49:24.669] [DEBUG] logDebug.js - kapotot: err_user_not_exists_or_token_not_match
[2021-06-09T15:49:24.800] [DEBUG] logDebug.js - kapotot: err_user_not_exists_or_token_not_match
[2021-06-09T15:49:24.880] [DEBUG] logDebug.js - kapotot: err_user_not_exists_or_token_not_match
[2021-06-09T15:49:24.984] [DEBUG] logDebug.js - kapotot: err_user_not_exists_or_token_not_match
[2021-06-09T15:49:25.076] [DEBUG] logDebug.js - kapotot: err_user_not_exists_or_token_not_match
[2021-06-09T15:49:25.187] [DEBUG] logDebug.js - kapotot: err_user_not_exists_or_token_not_match
[2021-06-09T15:49:25.300] [DEBUG] logDebug.js - kapotot: err_user_not_exists_or_token_not_match
[2021-06-09T15:49:25.400] [DEBUG] logDebug.js - kapotot: err_user_not_exists_or_token_not_match
[2021-06-09T15:49:25.477] [DEBUG] logDebug.js - kapotot: err_user_not_exists_or_token_not_match
[2021-06-09T15:49:25.567] [DEBUG] logDebug.js - kapotot: err_user_not_exists_or_token_not_match
[2021-06-09T15:49:25.652] [DEBUG] logDebug.js - kapotot: err_user_not_exists_or_token_not_match
[2021-06-09T15:49:25.818] [DEBUG] logDebug.js - kapotot: err_user_not_exists_or_token_not_match
[2021-06-09T15:49:25.919] [DEBUG] logDebug.js - kapotot: err_user_not_exists_or_token_not_match
[2021-06-09T15:49:26.018] [DEBUG] logDebug.js - kapotot: err_user_not_exists_or_token_not_match
[2021-06-09T15:49:26.111] [DEBUG] logDebug.js - kapotot: err_user_not_exists_or_token_not_match
[2021-06-09T15:49:26.191] [DEBUG] logDebug.js - kapotot: err_user_not_exists_or_token_not_match
[2021-06-09T15:49:26.283] [DEBUG] logDebug.js - kapotot: err_user_not_exists_or_token_not_match
[2021-06-09T15:49:26.410] [DEBUG] logDebug.js - kapotot: err_user_not_exists_or_token_not_match
[2021-06-09T15:49:26.497] [DEBUG] logDebug.js - kapotot: err_user_not_exists_or_token_not_match
[2021-06-09T15:49:26.590] [DEBUG] logDebug.js - kapotot: err_user_not_exists_or_token_not_match
[2021-06-09T15:49:26.683] [DEBUG] logDebug.js - kapotot: err_user_not_exists_or_token_not_match
[2021-06-09T15:49:26.775] [DEBUG] logDebug.js - kapotot: err_user_not_exists_or_token_not_match
[2021-06-09T15:49:26.856] [DEBUG] logDebug.js - kapotot: err_user_not_exists_or_token_not_match
[2021-06-09T15:49:26.934] [DEBUG] logDebug.js - kapotot: err_user_not_exists_or_token_not_match
[2021-06-09T15:49:27.008] [DEBUG] logDebug.js - kapotot: err_user_not_exists_or_token_not_match
[2021-06-09T15:49:27.091] [DEBUG] logDebug.js - kapotot: err_user_not_exists_or_token_not_match
[2021-06-09T15:49:27.189] [DEBUG] logDebug.js - kapotot: err_user_not_exists_or_token_not_match
[2021-06-09T15:49:27.270] [DEBUG] logDebug.js - kapotot: err_user_not_exists_or_token_not_match
[2021-06-09T15:49:27.415] [DEBUG] logDebug.js - kapotot: err_user_not_exists_or_token_not_match
[2021-06-09T15:49:27.499] [DEBUG] logDebug.js - kapotot: err_user_not_exists_or_token_not_match
[2021-06-09T15:49:27.608] [DEBUG] logDebug.js - kapotot: err_user_not_exists_or_token_not_match
[2021-06-09T15:49:27.792] [DEBUG] logDebug.js - kapotot: err_user_not_exists_or_token_not_match
[2021-06-09T15:49:27.919] [DEBUG] logDebug.js - kapotot: err_user_not_exists_or_token_not_match
[2021-06-09T15:49:28.353] [DEBUG] logDebug.js - kapotot: err_user_not_exists_or_token_not_match
[2021-06-09T15:49:28.471] [DEBUG] logDebug.js - kapotot: err_user_not_exists_or_token_not_match
[2021-06-09T15:49:28.610] [DEBUG] logDebug.js - kapotot: err_user_not_exists_or_token_not_match
[2021-06-09T15:49:28.692] [DEBUG] logDebug.js - kapotot: err_user_not_exists_or_token_not_match
[2021-06-09T15:49:28.784] [DEBUG] logDebug.js - kapotot: err_user_not_exists_or_token_not_match
[2021-06-09T15:49:28.865] [DEBUG] logDebug.js - kapotot: err_user_not_exists_or_token_not_match
[2021-06-09T15:49:28.941] [DEBUG] logDebug.js - kapotot: err_user_not_exists_or_token_not_match
[2021-06-09T15:49:29.018] [DEBUG] logDebug.js - kapotot: err_user_not_exists_or_token_not_match
[2021-06-09T15:49:29.099] [DEBUG] logDebug.js - kapotot: err_user_not_exists_or_token_not_match
[2021-06-09T15:49:29.175] [DEBUG] logDebug.js - kapotot: err_user_not_exists_or_token_not_match
[2021-06-09T15:49:29.258] [DEBUG] logDebug.js - kapotot: err_user_not_exists_or_token_not_match
[2021-06-09T15:49:29.343] [DEBUG] logDebug.js - kapotot: err_user_not_exists_or_token_not_match
[2021-06-09T15:49:29.447] [DEBUG] logDebug.js - kapotot: err_user_not_exists_or_token_not_match
[2021-06-09T15:49:29.683] [DEBUG] logDebug.js - kapotot: err_user_not_exists_or_token_not_match
[2021-06-09T15:49:29.788] [DEBUG] logDebug.js - kapotot: err_user_not_exists_or_token_not_match
[2021-06-09T15:49:29.865] [DEBUG] logDebug.js - kapotot: err_user_not_exists_or_token_not_match
[2021-06-09T15:49:29.945] [DEBUG] logDebug.js - kapotot: err_user_not_exists_or_token_not_match
[2021-06-09T15:49:30.022] [DEBUG] logDebug.js - kapotot: err_user_not_exists_or_token_not_match
[2021-06-09T15:49:30.102] [DEBUG] logDebug.js - kapotot: err_user_not_exists_or_token_not_match
[2021-06-09T15:49:30.177] [DEBUG] logDebug.js - kapotot: err_user_not_exists_or_token_not_match
[2021-06-09T15:49:30.257] [DEBUG] logDebug.js - kapotot: err_user_not_exists_or_token_not_match
[2021-06-09T15:49:30.334] [DEBUG] logDebug.js - kapotot: err_user_not_exists_or_token_not_match
[2021-06-09T15:49:30.415] [DEBUG] logDebug.js - kapotot: err_user_not_exists_or_token_not_match
[2021-06-09T15:49:30.492] [DEBUG] logDebug.js - kapotot: err_user_not_exists_or_token_not_match
[2021-06-09T15:49:30.569] [DEBUG] logDebug.js - kapotot: err_user_not_exists_or_token_not_match
[2021-06-09T15:49:30.647] [DEBUG] logDebug.js - kapotot: err_user_not_exists_or_token_not_match
[2021-06-09T15:49:30.733] [DEBUG] logDebug.js - kapotot: err_user_not_exists_or_token_not_match
[2021-06-09T15:49:30.816] [DEBUG] logDebug.js - kapotot: err_user_not_exists_or_token_not_match
[2021-06-09T15:49:30.895] [DEBUG] logDebug.js - kapotot: err_user_not_exists_or_token_not_match
[2021-06-09T15:49:30.971] [DEBUG] logDebug.js - kapotot: err_user_not_exists_or_token_not_match
[2021-06-09T15:49:31.052] [DEBUG] logDebug.js - kapotot: err_user_not_exists_or_token_not_match
[2021-06-09T15:49:31.134] [DEBUG] logDebug.js - kapotot: err_user_not_exists_or_token_not_match
[2021-06-09T15:49:31.235] [DEBUG] logDebug.js - kapotot: err_user_not_exists_or_token_not_match
[2021-06-09T15:49:31.340] [DEBUG] logDebug.js - kapotot: err_user_not_exists_or_token_not_match
[2021-06-09T15:49:31.451] [DEBUG] logDebug.js - kapotot: err_user_not_exists_or_token_not_match
[2021-06-09T15:49:31.553] [DEBUG] logDebug.js - kapotot: err_user_not_exists_or_token_not_match
[2021-06-09T15:49:31.636] [DEBUG] logDebug.js - kapotot: err_user_not_exists_or_token_not_match
[2021-06-09T15:49:31.732] [DEBUG] logDebug.js - kapotot: err_user_not_exists_or_token_not_match
[2021-06-09T15:49:31.814] [DEBUG] logDebug.js - kapotot: err_user_not_exists_or_token_not_match
[2021-06-09T15:49:31.892] [DEBUG] logDebug.js - kapotot: err_user_not_exists_or_token_not_match
[2021-06-09T15:49:31.985] [DEBUG] logDebug.js - kapotot: err_user_not_exists_or_token_not_match
[2021-06-09T15:49:32.067] [DEBUG] logDebug.js - kapotot: err_user_not_exists_or_token_not_match
[2021-06-09T15:49:32.156] [DEBUG] logDebug.js - kapotot: err_user_not_exists_or_token_not_match
[2021-06-09T15:49:32.242] [DEBUG] logDebug.js - kapotot: err_user_not_exists_or_token_not_match
[2021-06-09T15:49:32.331] [DEBUG] logDebug.js - kapotot: err_user_not_exists_or_token_not_match
[2021-06-09T15:49:32.415] [DEBUG] logDebug.js - kapotot: err_user_not_exists_or_token_not_match
[2021-06-09T15:49:32.498] [DEBUG] logDebug.js - kapotot: err_user_not_exists_or_token_not_match
[2021-06-09T15:49:32.581] [DEBUG] logDebug.js - kapotot: err_user_not_exists_or_token_not_match
[2021-06-09T15:49:32.673] [DEBUG] logDebug.js - kapotot: err_user_not_exists_or_token_not_match
[2021-06-09T15:49:32.757] [DEBUG] logDebug.js - kapotot: err_user_not_exists_or_token_not_match
[2021-06-09T15:49:32.854] [DEBUG] logDebug.js - kapotot: err_user_not_exists_or_token_not_match
[2021-06-09T15:49:32.928] [DEBUG] logDebug.js - kapotot: err_user_not_exists_or_token_not_match
[2021-06-09T15:49:33.006] [DEBUG] logDebug.js - kapotot: err_user_not_exists_or_token_not_match
[2021-06-09T15:49:33.092] [DEBUG] logDebug.js - kapotot: err_user_not_exists_or_token_not_match
[2021-06-09T15:49:33.190] [DEBUG] logDebug.js - kapotot: err_user_not_exists_or_token_not_match
[2021-06-09T15:49:33.271] [DEBUG] logDebug.js - kapotot: err_user_not_exists_or_token_not_match
[2021-06-09T15:49:33.347] [DEBUG] logDebug.js - kapotot: err_user_not_exists_or_token_not_match
[2021-06-09T15:49:33.427] [DEBUG] logDebug.js - kapotot: err_user_not_exists_or_token_not_match
[2021-06-09T15:49:33.510] [DEBUG] logDebug.js - kapotot: err_user_not_exists_or_token_not_match
[2021-06-09T15:49:33.586] [DEBUG] logDebug.js - kapotot: err_user_not_exists_or_token_not_match
[2021-06-09T15:49:33.665] [DEBUG] logDebug.js - kapotot: err_user_not_exists_or_token_not_match
[2021-06-09T15:49:33.742] [DEBUG] logDebug.js - kapotot: err_user_not_exists_or_token_not_match
[2021-06-09T15:49:33.819] [DEBUG] logDebug.js - kapotot: err_user_not_exists_or_token_not_match
[2021-06-09T15:49:33.899] [DEBUG] logDebug.js - kapotot: err_user_not_exists_or_token_not_match
[2021-06-09T15:49:33.975] [DEBUG] logDebug.js - kapotot: err_user_not_exists_or_token_not_match
[2021-06-09T15:49:34.052] [DEBUG] logDebug.js - kapotot: err_user_not_exists_or_token_not_match
[2021-06-09T15:49:34.131] [DEBUG] logDebug.js - kapotot: err_user_not_exists_or_token_not_match
[2021-06-09T15:49:34.207] [DEBUG] logDebug.js - kapotot: err_user_not_exists_or_token_not_match
[2021-06-09T15:49:34.287] [DEBUG] logDebug.js - kapotot: err_user_not_exists_or_token_not_match
[2021-06-09T15:49:34.372] [DEBUG] logDebug.js - kapotot: err_user_not_exists_or_token_not_match
[2021-06-09T15:49:34.486] [DEBUG] logDebug.js - kapotot: err_user_not_exists_or_token_not_match
[2021-06-09T15:49:34.589] [DEBUG] logDebug.js - kapotot: err_user_not_exists_or_token_not_match
[2021-06-09T15:49:34.686] [DEBUG] logDebug.js - kapotot: err_user_not_exists_or_token_not_match
[2021-06-09T15:49:34.770] [DEBUG] logDebug.js - kapotot: err_user_not_exists_or_token_not_match
[2021-06-09T15:49:34.855] [DEBUG] logDebug.js - kapotot: err_user_not_exists_or_token_not_match
[2021-06-09T15:49:34.937] [DEBUG] logDebug.js - kapotot: err_user_not_exists_or_token_not_match
[2021-06-09T15:49:35.037] [DEBUG] logDebug.js - kapotot: err_user_not_exists_or_token_not_match
[2021-06-09T15:49:35.116] [DEBUG] logDebug.js - kapotot: err_user_not_exists_or_token_not_match
[2021-06-09T15:49:35.243] [DEBUG] logDebug.js - kapotot: err_user_not_exists_or_token_not_match
[2021-06-09T15:49:35.372] [DEBUG] logDebug.js - kapotot: err_user_not_exists_or_token_not_match
[2021-06-09T15:49:35.571] [DEBUG] logDebug.js - kapotot: err_user_not_exists_or_token_not_match
[2021-06-09T15:49:35.712] [DEBUG] logDebug.js - kapotot: err_user_not_exists_or_token_not_match
[2021-06-09T15:49:35.873] [DEBUG] logDebug.js - kapotot: err_user_not_exists_or_token_not_match
[2021-06-09T15:49:35.953] [DEBUG] logDebug.js - kapotot: err_user_not_exists_or_token_not_match
[2021-06-09T15:49:36.035] [DEBUG] logDebug.js - kapotot: err_user_not_exists_or_token_not_match
[2021-06-09T15:49:36.114] [DEBUG] logDebug.js - kapotot: err_user_not_exists_or_token_not_match
[2021-06-09T15:49:36.189] [DEBUG] logDebug.js - kapotot: err_user_not_exists_or_token_not_match
[2021-06-09T15:49:36.268] [DEBUG] logDebug.js - kapotot: err_user_not_exists_or_token_not_match
[2021-06-09T15:49:36.354] [DEBUG] logDebug.js - kapotot: err_user_not_exists_or_token_not_match
[2021-06-09T15:49:36.455] [DEBUG] logDebug.js - kapotot: err_user_not_exists_or_token_not_match
[2021-06-09T15:49:36.555] [DEBUG] logDebug.js - kapotot: err_user_not_exists_or_token_not_match
[2021-06-09T15:49:36.633] [DEBUG] logDebug.js - kapotot: err_user_not_exists_or_token_not_match
[2021-06-09T15:49:36.719] [DEBUG] logDebug.js - kapotot: err_user_not_exists_or_token_not_match
[2021-06-09T15:49:36.827] [DEBUG] logDebug.js - kapotot: err_user_not_exists_or_token_not_match
[2021-06-09T15:49:36.926] [DEBUG] logDebug.js - kapotot: err_user_not_exists_or_token_not_match
[2021-06-09T15:49:37.017] [DEBUG] logDebug.js - kapotot: err_user_not_exists_or_token_not_match
[2021-06-09T15:49:37.094] [DEBUG] logDebug.js - kapotot: err_user_not_exists_or_token_not_match
[2021-06-09T15:49:37.194] [DEBUG] logDebug.js - kapotot: err_user_not_exists_or_token_not_match
[2021-06-09T15:49:37.340] [DEBUG] logDebug.js - kapotot: err_user_not_exists_or_token_not_match
[2021-06-09T15:49:37.441] [DEBUG] logDebug.js - kapotot: err_user_not_exists_or_token_not_match
[2021-06-09T15:49:37.526] [DEBUG] logDebug.js - kapotot: err_user_not_exists_or_token_not_match
[2021-06-09T15:49:37.619] [DEBUG] logDebug.js - kapotot: err_user_not_exists_or_token_not_match
[2021-06-09T15:49:37.719] [DEBUG] logDebug.js - kapotot: err_user_not_exists_or_token_not_match
[2021-06-09T15:49:37.833] [DEBUG] logDebug.js - kapotot: err_user_not_exists_or_token_not_match
[2021-06-09T15:49:38.068] [DEBUG] logDebug.js - kapotot: err_user_not_exists_or_token_not_match
[2021-06-09T15:49:38.417] [DEBUG] logDebug.js - kapotot: err_user_not_exists_or_token_not_match
[2021-06-09T15:49:38.603] [DEBUG] logDebug.js - kapotot: err_user_not_exists_or_token_not_match
[2021-06-09T15:49:38.735] [DEBUG] logDebug.js - kapotot: err_user_not_exists_or_token_not_match
[2021-06-09T15:49:38.875] [DEBUG] logDebug.js - kapotot: err_user_not_exists_or_token_not_match
[2021-06-09T15:49:38.989] [DEBUG] logDebug.js - kapotot: err_user_not_exists_or_token_not_match
[2021-06-09T15:49:39.367] [DEBUG] logDebug.js - kapotot: err_user_not_exists_or_token_not_match
[2021-06-09T15:49:39.460] [DEBUG] logDebug.js - kapotot: err_user_not_exists_or_token_not_match
[2021-06-09T15:49:39.626] [DEBUG] logDebug.js - kapotot: err_user_not_exists_or_token_not_match
[2021-06-09T15:49:39.750] [DEBUG] logDebug.js - kapotot: err_user_not_exists_or_token_not_match
[2021-06-09T15:49:39.859] [DEBUG] logDebug.js - kapotot: err_user_not_exists_or_token_not_match
[2021-06-09T15:49:39.942] [DEBUG] logDebug.js - kapotot: err_user_not_exists_or_token_not_match
[2021-06-09T15:49:40.048] [DEBUG] logDebug.js - kapotot: err_user_not_exists_or_token_not_match
[2021-06-09T15:49:40.150] [DEBUG] logDebug.js - kapotot: err_user_not_exists_or_token_not_match
[2021-06-09T15:49:40.269] [DEBUG] logDebug.js - kapotot: err_user_not_exists_or_token_not_match
[2021-06-09T15:49:40.478] [DEBUG] logDebug.js - kapotot: err_user_not_exists_or_token_not_match
[2021-06-09T15:49:40.635] [DEBUG] logDebug.js - kapotot: err_user_not_exists_or_token_not_match
[2021-06-09T15:49:40.793] [DEBUG] logDebug.js - kapotot: err_user_not_exists_or_token_not_match
[2021-06-09T15:49:40.899] [DEBUG] logDebug.js - kapotot: err_user_not_exists_or_token_not_match
[2021-06-09T15:49:41.028] [DEBUG] logDebug.js - kapotot: err_user_not_exists_or_token_not_match
[2021-06-09T15:49:41.129] [DEBUG] logDebug.js - kapotot: err_user_not_exists_or_token_not_match
[2021-06-09T15:49:41.291] [DEBUG] logDebug.js - kapotot: err_user_not_exists_or_token_not_match
[2021-06-09T15:49:41.552] [DEBUG] logDebug.js - kapotot: err_user_not_exists_or_token_not_match
[2021-06-09T15:49:41.685] [DEBUG] logDebug.js - kapotot: err_user_not_exists_or_token_not_match
[2021-06-09T15:49:41.769] [DEBUG] logDebug.js - kapotot: err_user_not_exists_or_token_not_match
[2021-06-09T15:49:41.864] [DEBUG] logDebug.js - kapotot: err_user_not_exists_or_token_not_match
[2021-06-09T15:49:41.940] [DEBUG] logDebug.js - kapotot: err_user_not_exists_or_token_not_match
[2021-06-09T15:49:42.017] [DEBUG] logDebug.js - kapotot: err_user_not_exists_or_token_not_match
[2021-06-09T15:49:42.100] [DEBUG] logDebug.js - kapotot: err_user_not_exists_or_token_not_match
[2021-06-09T15:49:42.175] [DEBUG] logDebug.js - kapotot: err_user_not_exists_or_token_not_match
[2021-06-09T15:49:42.257] [DEBUG] logDebug.js - kapotot: err_user_not_exists_or_token_not_match
[2021-06-09T15:49:42.341] [DEBUG] logDebug.js - kapotot: err_user_not_exists_or_token_not_match
[2021-06-09T15:49:42.434] [DEBUG] logDebug.js - kapotot: err_user_not_exists_or_token_not_match
[2021-06-09T15:49:42.519] [DEBUG] logDebug.js - kapotot: err_user_not_exists_or_token_not_match
[2021-06-09T15:49:42.633] [DEBUG] logDebug.js - kapotot: err_user_not_exists_or_token_not_match
[2021-06-09T15:49:42.738] [DEBUG] logDebug.js - kapotot: err_user_not_exists_or_token_not_match
[2021-06-09T15:49:42.819] [DEBUG] logDebug.js - kapotot: err_user_not_exists_or_token_not_match
[2021-06-09T15:49:42.914] [DEBUG] logDebug.js - kapotot: err_user_not_exists_or_token_not_match
[2021-06-09T15:49:43.054] [DEBUG] logDebug.js - kapotot: err_user_not_exists_or_token_not_match
[2021-06-09T15:49:43.134] [DEBUG] logDebug.js - kapotot: err_user_not_exists_or_token_not_match
[2021-06-09T15:49:43.216] [DEBUG] logDebug.js - kapotot: err_user_not_exists_or_token_not_match
[2021-06-09T15:49:43.300] [DEBUG] logDebug.js - kapotot: err_user_not_exists_or_token_not_match
[2021-06-09T15:49:43.383] [DEBUG] logDebug.js - kapotot: err_user_not_exists_or_token_not_match
[2021-06-09T15:49:43.491] [DEBUG] logDebug.js - kapotot: err_user_not_exists_or_token_not_match
[2021-06-09T15:49:43.570] [DEBUG] logDebug.js - kapotot: err_user_not_exists_or_token_not_match
[2021-06-09T15:49:43.647] [DEBUG] logDebug.js - kapotot: err_user_not_exists_or_token_not_match
[2021-06-09T15:49:43.724] [DEBUG] logDebug.js - kapotot: err_user_not_exists_or_token_not_match
[2021-06-09T15:49:43.797] [DEBUG] logDebug.js - kapotot: err_user_not_exists_or_token_not_match
[2021-06-09T15:49:43.875] [DEBUG] logDebug.js - kapotot: err_user_not_exists_or_token_not_match
[2021-06-09T15:49:43.952] [DEBUG] logDebug.js - kapotot: err_user_not_exists_or_token_not_match
[2021-06-09T15:49:44.027] [DEBUG] logDebug.js - kapotot: err_user_not_exists_or_token_not_match
[2021-06-09T15:49:44.106] [DEBUG] logDebug.js - kapotot: err_user_not_exists_or_token_not_match
[2021-06-09T15:49:44.184] [DEBUG] logDebug.js - kapotot: err_user_not_exists_or_token_not_match
[2021-06-09T15:49:44.258] [DEBUG] logDebug.js - kapotot: err_user_not_exists_or_token_not_match
[2021-06-09T15:49:44.339] [DEBUG] logDebug.js - kapotot: err_user_not_exists_or_token_not_match
[2021-06-09T15:49:44.460] [DEBUG] logDebug.js - kapotot: err_user_not_exists_or_token_not_match
[2021-06-09T15:49:44.665] [DEBUG] logDebug.js - kapotot: err_user_not_exists_or_token_not_match
[2021-06-09T15:49:44.893] [DEBUG] logDebug.js - kapotot: err_user_not_exists_or_token_not_match
[2021-06-09T15:49:45.085] [DEBUG] logDebug.js - kapotot: err_user_not_exists_or_token_not_match
[2021-06-09T15:49:45.339] [DEBUG] logDebug.js - kapotot: err_user_not_exists_or_token_not_match
[2021-06-09T15:49:45.585] [DEBUG] logDebug.js - kapotot: err_user_not_exists_or_token_not_match
[2021-06-09T15:49:45.830] [DEBUG] logDebug.js - kapotot: err_user_not_exists_or_token_not_match
[2021-06-09T15:49:46.020] [DEBUG] logDebug.js - kapotot: err_user_not_exists_or_token_not_match
[2021-06-09T15:49:46.104] [DEBUG] logDebug.js - kapotot: err_user_not_exists_or_token_not_match
[2021-06-09T15:49:46.187] [DEBUG] logDebug.js - kapotot: err_user_not_exists_or_token_not_match
[2021-06-09T15:49:46.267] [DEBUG] logDebug.js - kapotot: err_user_not_exists_or_token_not_match
[2021-06-09T15:49:46.386] [DEBUG] logDebug.js - kapotot: err_user_not_exists_or_token_not_match
[2021-06-09T15:49:46.484] [DEBUG] logDebug.js - kapotot: err_user_not_exists_or_token_not_match
[2021-06-09T15:49:46.591] [DEBUG] logDebug.js - kapotot: err_user_not_exists_or_token_not_match
[2021-06-09T15:49:46.704] [DEBUG] logDebug.js - kapotot: err_user_not_exists_or_token_not_match
[2021-06-09T15:49:46.825] [DEBUG] logDebug.js - kapotot: err_user_not_exists_or_token_not_match
[2021-06-09T15:49:46.906] [DEBUG] logDebug.js - kapotot: err_user_not_exists_or_token_not_match
[2021-06-09T15:49:46.988] [DEBUG] logDebug.js - kapotot: err_user_not_exists_or_token_not_match
[2021-06-09T15:49:47.068] [DEBUG] logDebug.js - kapotot: err_user_not_exists_or_token_not_match
[2021-06-09T15:49:47.148] [DEBUG] logDebug.js - kapotot: err_user_not_exists_or_token_not_match
[2021-06-09T15:49:47.275] [DEBUG] logDebug.js - kapotot: err_user_not_exists_or_token_not_match
[2021-06-09T15:49:47.393] [DEBUG] logDebug.js - kapotot: err_user_not_exists_or_token_not_match
[2021-06-09T15:49:47.518] [DEBUG] logDebug.js - kapotot: err_user_not_exists_or_token_not_match
[2021-06-09T15:49:47.625] [DEBUG] logDebug.js - kapotot: err_user_not_exists_or_token_not_match
[2021-06-09T15:49:47.746] [DEBUG] logDebug.js - kapotot: err_user_not_exists_or_token_not_match
[2021-06-09T15:49:47.844] [DEBUG] logDebug.js - kapotot: err_user_not_exists_or_token_not_match
[2021-06-09T15:49:48.023] [DEBUG] logDebug.js - kapotot: err_user_not_exists_or_token_not_match
[2021-06-09T15:49:48.188] [DEBUG] logDebug.js - kapotot: err_user_not_exists_or_token_not_match
[2021-06-09T15:49:48.269] [DEBUG] logDebug.js - kapotot: err_user_not_exists_or_token_not_match
[2021-06-09T15:49:48.348] [DEBUG] logDebug.js - kapotot: err_user_not_exists_or_token_not_match
[2021-06-09T15:49:48.427] [DEBUG] logDebug.js - kapotot: err_user_not_exists_or_token_not_match
[2021-06-09T15:49:48.505] [DEBUG] logDebug.js - kapotot: err_user_not_exists_or_token_not_match
[2021-06-09T15:49:48.582] [DEBUG] logDebug.js - kapotot: err_user_not_exists_or_token_not_match
[2021-06-09T15:49:48.657] [DEBUG] logDebug.js - kapotot: err_user_not_exists_or_token_not_match
[2021-06-09T15:49:48.755] [DEBUG] logDebug.js - kapotot: err_user_not_exists_or_token_not_match
[2021-06-09T15:49:48.831] [DEBUG] logDebug.js - kapotot: err_user_not_exists_or_token_not_match
[2021-06-09T15:49:48.907] [DEBUG] logDebug.js - kapotot: err_user_not_exists_or_token_not_match
[2021-06-09T15:49:48.990] [DEBUG] logDebug.js - kapotot: err_user_not_exists_or_token_not_match
[2021-06-09T15:49:49.067] [DEBUG] logDebug.js - kapotot: err_user_not_exists_or_token_not_match
[2021-06-09T15:49:49.115] [INFO] defaultRequestHandler.js - ::1 requested to /tafonya.jsx?user=afonya
[2021-06-09T15:49:49.174] [DEBUG] logDebug.js - kapotot: err_user_not_exists_or_token_not_match
[2021-06-09T15:49:49.222] [DEBUG] logDebug.js - kapotot: err_user_not_exists_or_token_not_match
[2021-06-09T15:49:49.266] [DEBUG] logDebug.js - kapotot: err_user_not_exists_or_token_not_match
[2021-06-09T15:49:49.305] [DEBUG] logDebug.js - kapotot: err_user_not_exists_or_token_not_match
[2021-06-09T15:49:49.473] [DEBUG] logDebug.js - kapotot: err_user_not_exists_or_token_not_match
[2021-06-09T15:49:49.501] [DEBUG] logDebug.js - kapotot: err_user_not_exists_or_token_not_match
[2021-06-09T15:49:49.612] [DEBUG] logDebug.js - kapotot: err_user_not_exists_or_token_not_match
[2021-06-09T15:49:49.619] [DEBUG] logDebug.js - kapotot: err_user_not_exists_or_token_not_match
[2021-06-09T15:49:49.787] [DEBUG] logDebug.js - kapotot: err_user_not_exists_or_token_not_match
[2021-06-09T15:49:49.790] [DEBUG] logDebug.js - kapotot: err_user_not_exists_or_token_not_match
[2021-06-09T15:49:49.864] [DEBUG] logDebug.js - kapotot: err_user_not_exists_or_token_not_match
[2021-06-09T15:49:49.871] [DEBUG] logDebug.js - kapotot: err_user_not_exists_or_token_not_match
[2021-06-09T15:49:49.966] [DEBUG] logDebug.js - kapotot: err_user_not_exists_or_token_not_match
[2021-06-09T15:49:49.977] [DEBUG] logDebug.js - kapotot: err_user_not_exists_or_token_not_match
[2021-06-09T15:49:50.149] [DEBUG] logDebug.js - kapotot: err_user_not_exists_or_token_not_match
[2021-06-09T15:49:50.171] [DEBUG] logDebug.js - kapotot: err_user_not_exists_or_token_not_match
[2021-06-09T15:49:50.223] [DEBUG] logDebug.js - kapotot: err_user_not_exists_or_token_not_match
[2021-06-09T15:49:50.257] [DEBUG] logDebug.js - kapotot: err_user_not_exists_or_token_not_match
[2021-06-09T15:49:50.322] [DEBUG] logDebug.js - kapotot: err_user_not_exists_or_token_not_match
[2021-06-09T15:49:50.351] [DEBUG] logDebug.js - kapotot: err_user_not_exists_or_token_not_match
[2021-06-09T15:49:50.401] [DEBUG] logDebug.js - kapotot: err_user_not_exists_or_token_not_match
[2021-06-09T15:49:50.434] [DEBUG] logDebug.js - kapotot: err_user_not_exists_or_token_not_match
[2021-06-09T15:49:50.485] [DEBUG] logDebug.js - kapotot: err_user_not_exists_or_token_not_match
[2021-06-09T15:49:50.519] [DEBUG] logDebug.js - kapotot: err_user_not_exists_or_token_not_match
[2021-06-09T15:49:50.585] [DEBUG] logDebug.js - kapotot: err_user_not_exists_or_token_not_match
[2021-06-09T15:49:50.609] [DEBUG] logDebug.js - kapotot: err_user_not_exists_or_token_not_match
[2021-06-09T15:49:50.658] [DEBUG] logDebug.js - kapotot: err_user_not_exists_or_token_not_match
[2021-06-09T15:49:50.688] [DEBUG] logDebug.js - kapotot: err_user_not_exists_or_token_not_match
[2021-06-09T15:49:50.740] [DEBUG] logDebug.js - kapotot: err_user_not_exists_or_token_not_match
[2021-06-09T15:49:50.773] [DEBUG] logDebug.js - kapotot: err_user_not_exists_or_token_not_match
[2021-06-09T15:49:50.831] [DEBUG] logDebug.js - kapotot: err_user_not_exists_or_token_not_match
[2021-06-09T15:49:50.859] [DEBUG] logDebug.js - kapotot: err_user_not_exists_or_token_not_match
[2021-06-09T15:49:50.907] [DEBUG] logDebug.js - kapotot: err_user_not_exists_or_token_not_match
[2021-06-09T15:49:50.950] [DEBUG] logDebug.js - kapotot: err_user_not_exists_or_token_not_match
[2021-06-09T15:49:50.998] [DEBUG] logDebug.js - kapotot: err_user_not_exists_or_token_not_match
[2021-06-09T15:49:51.038] [DEBUG] logDebug.js - kapotot: err_user_not_exists_or_token_not_match
[2021-06-09T15:49:51.083] [DEBUG] logDebug.js - kapotot: err_user_not_exists_or_token_not_match
[2021-06-09T15:49:51.133] [DEBUG] logDebug.js - kapotot: err_user_not_exists_or_token_not_match
[2021-06-09T15:49:51.171] [DEBUG] logDebug.js - kapotot: err_user_not_exists_or_token_not_match
[2021-06-09T15:49:51.244] [DEBUG] logDebug.js - kapotot: err_user_not_exists_or_token_not_match
[2021-06-09T15:49:51.355] [DEBUG] logDebug.js - kapotot: err_user_not_exists_or_token_not_match
[2021-06-09T15:49:51.441] [DEBUG] logDebug.js - kapotot: err_user_not_exists_or_token_not_match
[2021-06-09T15:49:51.559] [DEBUG] logDebug.js - kapotot: err_user_not_exists_or_token_not_match
[2021-06-09T15:49:51.569] [DEBUG] logDebug.js - kapotot: err_user_not_exists_or_token_not_match
[2021-06-09T15:49:51.723] [DEBUG] logDebug.js - kapotot: err_user_not_exists_or_token_not_match
[2021-06-09T15:49:51.727] [DEBUG] logDebug.js - kapotot: err_user_not_exists_or_token_not_match
[2021-06-09T15:49:51.819] [DEBUG] logDebug.js - kapotot: err_user_not_exists_or_token_not_match
[2021-06-09T15:49:51.821] [DEBUG] logDebug.js - kapotot: err_user_not_exists_or_token_not_match
[2021-06-09T15:49:51.907] [DEBUG] logDebug.js - kapotot: err_user_not_exists_or_token_not_match
[2021-06-09T15:49:51.908] [DEBUG] logDebug.js - kapotot: err_user_not_exists_or_token_not_match
[2021-06-09T15:49:51.989] [DEBUG] logDebug.js - kapotot: err_user_not_exists_or_token_not_match
[2021-06-09T15:49:51.993] [DEBUG] logDebug.js - kapotot: err_user_not_exists_or_token_not_match
[2021-06-09T15:49:52.073] [DEBUG] logDebug.js - kapotot: err_user_not_exists_or_token_not_match
[2021-06-09T15:49:52.075] [DEBUG] logDebug.js - kapotot: err_user_not_exists_or_token_not_match
[2021-06-09T15:49:52.154] [DEBUG] logDebug.js - kapotot: err_user_not_exists_or_token_not_match
[2021-06-09T15:49:52.156] [DEBUG] logDebug.js - kapotot: err_user_not_exists_or_token_not_match
[2021-06-09T15:49:52.236] [DEBUG] logDebug.js - kapotot: err_user_not_exists_or_token_not_match
[2021-06-09T15:49:52.238] [DEBUG] logDebug.js - kapotot: err_user_not_exists_or_token_not_match
[2021-06-09T15:49:52.332] [DEBUG] logDebug.js - kapotot: err_user_not_exists_or_token_not_match
[2021-06-09T15:49:52.334] [DEBUG] logDebug.js - kapotot: err_user_not_exists_or_token_not_match
[2021-06-09T15:49:52.412] [DEBUG] logDebug.js - kapotot: err_user_not_exists_or_token_not_match
[2021-06-09T15:49:52.414] [DEBUG] logDebug.js - kapotot: err_user_not_exists_or_token_not_match
[2021-06-09T15:49:52.489] [DEBUG] logDebug.js - kapotot: err_user_not_exists_or_token_not_match
[2021-06-09T15:49:52.497] [DEBUG] logDebug.js - kapotot: err_user_not_exists_or_token_not_match
[2021-06-09T15:49:52.581] [DEBUG] logDebug.js - kapotot: err_user_not_exists_or_token_not_match
[2021-06-09T15:49:52.582] [DEBUG] logDebug.js - kapotot: err_user_not_exists_or_token_not_match
[2021-06-09T15:49:52.663] [DEBUG] logDebug.js - kapotot: err_user_not_exists_or_token_not_match
[2021-06-09T15:49:52.664] [DEBUG] logDebug.js - kapotot: err_user_not_exists_or_token_not_match
[2021-06-09T15:49:52.749] [DEBUG] logDebug.js - kapotot: err_user_not_exists_or_token_not_match
[2021-06-09T15:49:52.753] [DEBUG] logDebug.js - kapotot: err_user_not_exists_or_token_not_match
[2021-06-09T15:49:52.837] [DEBUG] logDebug.js - kapotot: err_user_not_exists_or_token_not_match
[2021-06-09T15:49:52.841] [DEBUG] logDebug.js - kapotot: err_user_not_exists_or_token_not_match
[2021-06-09T15:49:52.963] [DEBUG] logDebug.js - kapotot: err_user_not_exists_or_token_not_match
[2021-06-09T15:49:52.969] [DEBUG] logDebug.js - kapotot: err_user_not_exists_or_token_not_match
[2021-06-09T15:49:53.077] [DEBUG] logDebug.js - kapotot: err_user_not_exists_or_token_not_match
[2021-06-09T15:49:53.107] [DEBUG] logDebug.js - kapotot: err_user_not_exists_or_token_not_match
[2021-06-09T15:49:53.236] [DEBUG] logDebug.js - kapotot: err_user_not_exists_or_token_not_match
[2021-06-09T15:49:53.249] [DEBUG] logDebug.js - kapotot: err_user_not_exists_or_token_not_match
[2021-06-09T15:49:53.385] [DEBUG] logDebug.js - kapotot: err_user_not_exists_or_token_not_match
[2021-06-09T15:49:53.408] [DEBUG] logDebug.js - kapotot: err_user_not_exists_or_token_not_match
[2021-06-09T15:49:53.513] [DEBUG] logDebug.js - kapotot: err_user_not_exists_or_token_not_match
[2021-06-09T15:49:53.518] [DEBUG] logDebug.js - kapotot: err_user_not_exists_or_token_not_match
[2021-06-09T15:49:53.630] [DEBUG] logDebug.js - kapotot: err_user_not_exists_or_token_not_match
[2021-06-09T15:49:53.632] [DEBUG] logDebug.js - kapotot: err_user_not_exists_or_token_not_match
[2021-06-09T15:49:53.709] [DEBUG] logDebug.js - kapotot: err_user_not_exists_or_token_not_match
[2021-06-09T15:49:53.710] [DEBUG] logDebug.js - kapotot: err_user_not_exists_or_token_not_match
[2021-06-09T15:49:53.809] [DEBUG] logDebug.js - kapotot: err_user_not_exists_or_token_not_match
[2021-06-09T15:49:53.819] [DEBUG] logDebug.js - kapotot: err_user_not_exists_or_token_not_match
[2021-06-09T15:49:53.894] [DEBUG] logDebug.js - kapotot: err_user_not_exists_or_token_not_match
[2021-06-09T15:49:53.917] [DEBUG] logDebug.js - kapotot: err_user_not_exists_or_token_not_match
[2021-06-09T15:49:53.986] [DEBUG] logDebug.js - kapotot: err_user_not_exists_or_token_not_match
[2021-06-09T15:49:54.018] [DEBUG] logDebug.js - kapotot: err_user_not_exists_or_token_not_match
[2021-06-09T15:49:54.086] [DEBUG] logDebug.js - kapotot: err_user_not_exists_or_token_not_match
[2021-06-09T15:49:54.139] [DEBUG] logDebug.js - kapotot: err_user_not_exists_or_token_not_match
[2021-06-09T15:49:54.235] [DEBUG] logDebug.js - kapotot: err_user_not_exists_or_token_not_match
[2021-06-09T15:49:54.349] [DEBUG] logDebug.js - kapotot: err_user_not_exists_or_token_not_match
[2021-06-09T15:49:54.408] [DEBUG] logDebug.js - kapotot: err_user_not_exists_or_token_not_match
[2021-06-09T15:49:54.465] [DEBUG] logDebug.js - kapotot: err_user_not_exists_or_token_not_match
[2021-06-09T15:49:54.585] [DEBUG] logDebug.js - kapotot: err_user_not_exists_or_token_not_match
[2021-06-09T15:49:54.604] [DEBUG] logDebug.js - kapotot: err_user_not_exists_or_token_not_match
[2021-06-09T15:49:54.697] [DEBUG] logDebug.js - kapotot: err_user_not_exists_or_token_not_match
[2021-06-09T15:49:54.706] [DEBUG] logDebug.js - kapotot: err_user_not_exists_or_token_not_match
[2021-06-09T15:49:54.793] [DEBUG] logDebug.js - kapotot: err_user_not_exists_or_token_not_match
[2021-06-09T15:49:54.798] [DEBUG] logDebug.js - kapotot: err_user_not_exists_or_token_not_match
[2021-06-09T15:49:54.870] [DEBUG] logDebug.js - kapotot: err_user_not_exists_or_token_not_match
[2021-06-09T15:49:54.872] [DEBUG] logDebug.js - kapotot: err_user_not_exists_or_token_not_match
[2021-06-09T15:49:54.949] [DEBUG] logDebug.js - kapotot: err_user_not_exists_or_token_not_match
[2021-06-09T15:49:54.953] [DEBUG] logDebug.js - kapotot: err_user_not_exists_or_token_not_match
[2021-06-09T15:49:55.030] [DEBUG] logDebug.js - kapotot: err_user_not_exists_or_token_not_match
[2021-06-09T15:49:55.079] [DEBUG] logDebug.js - kapotot: err_user_not_exists_or_token_not_match
[2021-06-09T15:49:55.162] [DEBUG] logDebug.js - kapotot: err_user_not_exists_or_token_not_match
[2021-06-09T15:49:55.177] [DEBUG] logDebug.js - kapotot: err_user_not_exists_or_token_not_match
[2021-06-09T15:49:55.248] [DEBUG] logDebug.js - kapotot: err_user_not_exists_or_token_not_match
[2021-06-09T15:49:55.264] [DEBUG] logDebug.js - kapotot: err_user_not_exists_or_token_not_match
[2021-06-09T15:49:55.340] [DEBUG] logDebug.js - kapotot: err_user_not_exists_or_token_not_match
[2021-06-09T15:49:55.352] [DEBUG] logDebug.js - kapotot: err_user_not_exists_or_token_not_match
[2021-06-09T15:49:55.434] [DEBUG] logDebug.js - kapotot: err_user_not_exists_or_token_not_match
[2021-06-09T15:49:55.439] [DEBUG] logDebug.js - kapotot: err_user_not_exists_or_token_not_match
[2021-06-09T15:49:55.521] [DEBUG] logDebug.js - kapotot: err_user_not_exists_or_token_not_match
[2021-06-09T15:49:55.523] [DEBUG] logDebug.js - kapotot: err_user_not_exists_or_token_not_match
[2021-06-09T15:49:55.610] [DEBUG] logDebug.js - kapotot: err_user_not_exists_or_token_not_match
[2021-06-09T15:49:55.613] [DEBUG] logDebug.js - kapotot: err_user_not_exists_or_token_not_match
[2021-06-09T15:49:55.691] [DEBUG] logDebug.js - kapotot: err_user_not_exists_or_token_not_match
[2021-06-09T15:49:55.693] [DEBUG] logDebug.js - kapotot: err_user_not_exists_or_token_not_match
[2021-06-09T15:49:55.773] [DEBUG] logDebug.js - kapotot: err_user_not_exists_or_token_not_match
[2021-06-09T15:49:55.780] [DEBUG] logDebug.js - kapotot: err_user_not_exists_or_token_not_match
[2021-06-09T15:49:55.848] [DEBUG] logDebug.js - kapotot: err_user_not_exists_or_token_not_match
[2021-06-09T15:49:55.855] [DEBUG] logDebug.js - kapotot: err_user_not_exists_or_token_not_match
[2021-06-09T15:49:55.924] [DEBUG] logDebug.js - kapotot: err_user_not_exists_or_token_not_match
[2021-06-09T15:49:55.932] [DEBUG] logDebug.js - kapotot: err_user_not_exists_or_token_not_match
[2021-06-09T15:49:56.002] [DEBUG] logDebug.js - kapotot: err_user_not_exists_or_token_not_match
[2021-06-09T15:49:56.006] [DEBUG] logDebug.js - kapotot: err_user_not_exists_or_token_not_match
[2021-06-09T15:49:56.077] [DEBUG] logDebug.js - kapotot: err_user_not_exists_or_token_not_match
[2021-06-09T15:49:56.082] [DEBUG] logDebug.js - kapotot: err_user_not_exists_or_token_not_match
[2021-06-09T15:49:56.155] [DEBUG] logDebug.js - kapotot: err_user_not_exists_or_token_not_match
[2021-06-09T15:49:56.157] [DEBUG] logDebug.js - kapotot: err_user_not_exists_or_token_not_match
[2021-06-09T15:49:56.233] [DEBUG] logDebug.js - kapotot: err_user_not_exists_or_token_not_match
[2021-06-09T15:49:56.234] [DEBUG] logDebug.js - kapotot: err_user_not_exists_or_token_not_match
[2021-06-09T15:49:56.392] [DEBUG] logDebug.js - kapotot: err_user_not_exists_or_token_not_match
[2021-06-09T15:49:56.403] [DEBUG] logDebug.js - kapotot: err_user_not_exists_or_token_not_match
[2021-06-09T15:49:56.507] [DEBUG] logDebug.js - kapotot: err_user_not_exists_or_token_not_match
[2021-06-09T15:49:56.510] [DEBUG] logDebug.js - kapotot: err_user_not_exists_or_token_not_match
[2021-06-09T15:49:56.587] [DEBUG] logDebug.js - kapotot: err_user_not_exists_or_token_not_match
[2021-06-09T15:49:56.591] [DEBUG] logDebug.js - kapotot: err_user_not_exists_or_token_not_match
[2021-06-09T15:49:56.663] [DEBUG] logDebug.js - kapotot: err_user_not_exists_or_token_not_match
[2021-06-09T15:49:56.670] [DEBUG] logDebug.js - kapotot: err_user_not_exists_or_token_not_match
[2021-06-09T15:49:56.740] [DEBUG] logDebug.js - kapotot: err_user_not_exists_or_token_not_match
[2021-06-09T15:49:56.747] [DEBUG] logDebug.js - kapotot: err_user_not_exists_or_token_not_match
[2021-06-09T15:49:56.816] [DEBUG] logDebug.js - kapotot: err_user_not_exists_or_token_not_match
[2021-06-09T15:49:56.828] [DEBUG] logDebug.js - kapotot: err_user_not_exists_or_token_not_match
[2021-06-09T15:49:56.890] [DEBUG] logDebug.js - kapotot: err_user_not_exists_or_token_not_match
[2021-06-09T15:49:56.908] [DEBUG] logDebug.js - kapotot: err_user_not_exists_or_token_not_match
[2021-06-09T15:49:56.967] [DEBUG] logDebug.js - kapotot: err_user_not_exists_or_token_not_match
[2021-06-09T15:49:56.984] [DEBUG] logDebug.js - kapotot: err_user_not_exists_or_token_not_match
[2021-06-09T15:49:57.043] [DEBUG] logDebug.js - kapotot: err_user_not_exists_or_token_not_match
[2021-06-09T15:49:57.059] [DEBUG] logDebug.js - kapotot: err_user_not_exists_or_token_not_match
[2021-06-09T15:49:57.119] [DEBUG] logDebug.js - kapotot: err_user_not_exists_or_token_not_match
[2021-06-09T15:49:57.139] [DEBUG] logDebug.js - kapotot: err_user_not_exists_or_token_not_match
[2021-06-09T15:49:57.197] [DEBUG] logDebug.js - kapotot: err_user_not_exists_or_token_not_match
[2021-06-09T15:49:57.216] [DEBUG] logDebug.js - kapotot: err_user_not_exists_or_token_not_match
[2021-06-09T15:49:57.272] [DEBUG] logDebug.js - kapotot: err_user_not_exists_or_token_not_match
[2021-06-09T15:49:57.298] [DEBUG] logDebug.js - kapotot: err_user_not_exists_or_token_not_match
[2021-06-09T15:49:57.349] [DEBUG] logDebug.js - kapotot: err_user_not_exists_or_token_not_match
[2021-06-09T15:49:57.377] [DEBUG] logDebug.js - kapotot: err_user_not_exists_or_token_not_match
[2021-06-09T15:49:57.422] [DEBUG] logDebug.js - kapotot: err_user_not_exists_or_token_not_match
[2021-06-09T15:49:57.453] [DEBUG] logDebug.js - kapotot: err_user_not_exists_or_token_not_match
[2021-06-09T15:49:57.501] [DEBUG] logDebug.js - kapotot: err_user_not_exists_or_token_not_match
[2021-06-09T15:49:57.552] [DEBUG] logDebug.js - kapotot: err_user_not_exists_or_token_not_match
[2021-06-09T15:49:57.592] [DEBUG] logDebug.js - kapotot: err_user_not_exists_or_token_not_match
[2021-06-09T15:49:57.633] [DEBUG] logDebug.js - kapotot: err_user_not_exists_or_token_not_match
[2021-06-09T15:49:57.671] [DEBUG] logDebug.js - kapotot: err_user_not_exists_or_token_not_match
[2021-06-09T15:49:57.709] [DEBUG] logDebug.js - kapotot: err_user_not_exists_or_token_not_match
[2021-06-09T15:49:57.751] [DEBUG] logDebug.js - kapotot: err_user_not_exists_or_token_not_match
[2021-06-09T15:49:57.789] [DEBUG] logDebug.js - kapotot: err_user_not_exists_or_token_not_match
[2021-06-09T15:49:57.827] [DEBUG] logDebug.js - kapotot: err_user_not_exists_or_token_not_match
[2021-06-09T15:49:57.870] [DEBUG] logDebug.js - kapotot: err_user_not_exists_or_token_not_match
[2021-06-09T15:49:57.908] [DEBUG] logDebug.js - kapotot: err_user_not_exists_or_token_not_match
[2021-06-09T15:49:57.952] [DEBUG] logDebug.js - kapotot: err_user_not_exists_or_token_not_match
[2021-06-09T15:49:57.992] [DEBUG] logDebug.js - kapotot: err_user_not_exists_or_token_not_match
[2021-06-09T15:49:58.042] [DEBUG] logDebug.js - kapotot: err_user_not_exists_or_token_not_match
[2021-06-09T15:49:58.068] [DEBUG] logDebug.js - kapotot: err_user_not_exists_or_token_not_match
[2021-06-09T15:49:58.119] [DEBUG] logDebug.js - kapotot: err_user_not_exists_or_token_not_match
[2021-06-09T15:49:58.145] [DEBUG] logDebug.js - kapotot: err_user_not_exists_or_token_not_match
[2021-06-09T15:49:58.200] [DEBUG] logDebug.js - kapotot: err_user_not_exists_or_token_not_match
[2021-06-09T15:49:58.223] [DEBUG] logDebug.js - kapotot: err_user_not_exists_or_token_not_match
[2021-06-09T15:49:58.279] [DEBUG] logDebug.js - kapotot: err_user_not_exists_or_token_not_match
[2021-06-09T15:49:58.307] [DEBUG] logDebug.js - kapotot: err_user_not_exists_or_token_not_match
[2021-06-09T15:49:58.364] [DEBUG] logDebug.js - kapotot: err_user_not_exists_or_token_not_match
[2021-06-09T15:49:58.417] [DEBUG] logDebug.js - kapotot: err_user_not_exists_or_token_not_match
[2021-06-09T15:49:58.477] [DEBUG] logDebug.js - kapotot: err_user_not_exists_or_token_not_match
[2021-06-09T15:49:58.502] [DEBUG] logDebug.js - kapotot: err_user_not_exists_or_token_not_match
[2021-06-09T15:49:58.590] [DEBUG] logDebug.js - kapotot: err_user_not_exists_or_token_not_match
[2021-06-09T15:49:58.601] [DEBUG] logDebug.js - kapotot: err_user_not_exists_or_token_not_match
[2021-06-09T15:49:58.672] [DEBUG] logDebug.js - kapotot: err_user_not_exists_or_token_not_match
[2021-06-09T15:49:58.677] [DEBUG] logDebug.js - kapotot: err_user_not_exists_or_token_not_match
[2021-06-09T15:49:58.766] [DEBUG] logDebug.js - kapotot: err_user_not_exists_or_token_not_match
[2021-06-09T15:49:58.771] [DEBUG] logDebug.js - kapotot: err_user_not_exists_or_token_not_match
[2021-06-09T15:49:58.860] [DEBUG] logDebug.js - kapotot: err_user_not_exists_or_token_not_match
[2021-06-09T15:49:58.863] [DEBUG] logDebug.js - kapotot: err_user_not_exists_or_token_not_match
[2021-06-09T15:49:58.965] [DEBUG] logDebug.js - kapotot: err_user_not_exists_or_token_not_match
[2021-06-09T15:49:58.967] [DEBUG] logDebug.js - kapotot: err_user_not_exists_or_token_not_match
[2021-06-09T15:49:59.049] [DEBUG] logDebug.js - kapotot: err_user_not_exists_or_token_not_match
[2021-06-09T15:49:59.050] [DEBUG] logDebug.js - kapotot: err_user_not_exists_or_token_not_match
[2021-06-09T15:49:59.137] [DEBUG] logDebug.js - kapotot: err_user_not_exists_or_token_not_match
[2021-06-09T15:49:59.139] [DEBUG] logDebug.js - kapotot: err_user_not_exists_or_token_not_match
[2021-06-09T15:49:59.236] [DEBUG] logDebug.js - kapotot: err_user_not_exists_or_token_not_match
[2021-06-09T15:49:59.242] [DEBUG] logDebug.js - kapotot: err_user_not_exists_or_token_not_match
[2021-06-09T15:49:59.325] [DEBUG] logDebug.js - kapotot: err_user_not_exists_or_token_not_match
[2021-06-09T15:49:59.330] [DEBUG] logDebug.js - kapotot: err_user_not_exists_or_token_not_match
[2021-06-09T15:49:59.415] [DEBUG] logDebug.js - kapotot: err_user_not_exists_or_token_not_match
[2021-06-09T15:49:59.425] [DEBUG] logDebug.js - kapotot: err_user_not_exists_or_token_not_match
[2021-06-09T15:49:59.521] [DEBUG] logDebug.js - kapotot: err_user_not_exists_or_token_not_match
[2021-06-09T15:49:59.530] [DEBUG] logDebug.js - kapotot: err_user_not_exists_or_token_not_match
[2021-06-09T15:49:59.702] [DEBUG] logDebug.js - kapotot: err_user_not_exists_or_token_not_match
[2021-06-09T15:49:59.765] [DEBUG] logDebug.js - kapotot: err_user_not_exists_or_token_not_match
[2021-06-09T15:49:59.812] [DEBUG] logDebug.js - kapotot: err_user_not_exists_or_token_not_match
[2021-06-09T15:49:59.849] [DEBUG] logDebug.js - kapotot: err_user_not_exists_or_token_not_match
[2021-06-09T15:49:59.893] [DEBUG] logDebug.js - kapotot: err_user_not_exists_or_token_not_match
[2021-06-09T15:49:59.938] [DEBUG] logDebug.js - kapotot: err_user_not_exists_or_token_not_match
[2021-06-09T15:49:59.989] [DEBUG] logDebug.js - kapotot: err_user_not_exists_or_token_not_match
[2021-06-09T15:50:00.099] [DEBUG] logDebug.js - kapotot: err_user_not_exists_or_token_not_match
[2021-06-09T15:50:00.166] [DEBUG] logDebug.js - kapotot: err_user_not_exists_or_token_not_match
[2021-06-09T15:50:00.237] [DEBUG] logDebug.js - kapotot: err_user_not_exists_or_token_not_match
[2021-06-09T15:50:00.309] [DEBUG] logDebug.js - kapotot: err_user_not_exists_or_token_not_match
[2021-06-09T15:50:00.357] [DEBUG] logDebug.js - kapotot: err_user_not_exists_or_token_not_match
[2021-06-09T15:50:00.434] [DEBUG] logDebug.js - kapotot: err_user_not_exists_or_token_not_match
[2021-06-09T15:50:00.482] [DEBUG] logDebug.js - kapotot: err_user_not_exists_or_token_not_match
[2021-06-09T15:50:00.557] [DEBUG] logDebug.js - kapotot: err_user_not_exists_or_token_not_match
[2021-06-09T15:50:00.592] [DEBUG] logDebug.js - kapotot: err_user_not_exists_or_token_not_match
[2021-06-09T15:50:00.650] [DEBUG] logDebug.js - kapotot: err_user_not_exists_or_token_not_match
[2021-06-09T15:50:00.683] [DEBUG] logDebug.js - kapotot: err_user_not_exists_or_token_not_match
[2021-06-09T15:50:00.754] [DEBUG] logDebug.js - kapotot: err_user_not_exists_or_token_not_match
[2021-06-09T15:50:00.814] [DEBUG] logDebug.js - kapotot: err_user_not_exists_or_token_not_match
[2021-06-09T15:50:00.852] [DEBUG] logDebug.js - kapotot: err_user_not_exists_or_token_not_match
[2021-06-09T15:50:00.908] [DEBUG] logDebug.js - kapotot: err_user_not_exists_or_token_not_match
[2021-06-09T15:50:00.935] [DEBUG] logDebug.js - kapotot: err_user_not_exists_or_token_not_match
[2021-06-09T15:50:01.020] [DEBUG] logDebug.js - kapotot: err_user_not_exists_or_token_not_match
[2021-06-09T15:50:01.053] [DEBUG] logDebug.js - kapotot: err_user_not_exists_or_token_not_match
[2021-06-09T15:50:01.115] [DEBUG] logDebug.js - kapotot: err_user_not_exists_or_token_not_match
[2021-06-09T15:50:01.145] [DEBUG] logDebug.js - kapotot: err_user_not_exists_or_token_not_match
[2021-06-09T15:50:01.208] [DEBUG] logDebug.js - kapotot: err_user_not_exists_or_token_not_match
[2021-06-09T15:50:01.238] [DEBUG] logDebug.js - kapotot: err_user_not_exists_or_token_not_match
[2021-06-09T15:50:01.307] [DEBUG] logDebug.js - kapotot: err_user_not_exists_or_token_not_match
[2021-06-09T15:50:01.320] [DEBUG] logDebug.js - kapotot: err_user_not_exists_or_token_not_match
[2021-06-09T15:50:01.392] [DEBUG] logDebug.js - kapotot: err_user_not_exists_or_token_not_match
[2021-06-09T15:50:01.402] [DEBUG] logDebug.js - kapotot: err_user_not_exists_or_token_not_match
[2021-06-09T15:50:01.472] [DEBUG] logDebug.js - kapotot: err_user_not_exists_or_token_not_match
[2021-06-09T15:50:01.484] [DEBUG] logDebug.js - kapotot: err_user_not_exists_or_token_not_match
[2021-06-09T15:50:01.549] [DEBUG] logDebug.js - kapotot: err_user_not_exists_or_token_not_match
[2021-06-09T15:50:01.564] [DEBUG] logDebug.js - kapotot: err_user_not_exists_or_token_not_match
[2021-06-09T15:50:01.630] [DEBUG] logDebug.js - kapotot: err_user_not_exists_or_token_not_match
[2021-06-09T15:50:01.639] [DEBUG] logDebug.js - kapotot: err_user_not_exists_or_token_not_match
[2021-06-09T15:50:01.706] [DEBUG] logDebug.js - kapotot: err_user_not_exists_or_token_not_match
[2021-06-09T15:50:01.715] [DEBUG] logDebug.js - kapotot: err_user_not_exists_or_token_not_match
[2021-06-09T15:50:01.786] [DEBUG] logDebug.js - kapotot: err_user_not_exists_or_token_not_match
[2021-06-09T15:50:01.796] [DEBUG] logDebug.js - kapotot: err_user_not_exists_or_token_not_match
[2021-06-09T15:50:01.863] [DEBUG] logDebug.js - kapotot: err_user_not_exists_or_token_not_match
[2021-06-09T15:50:01.872] [DEBUG] logDebug.js - kapotot: err_user_not_exists_or_token_not_match
[2021-06-09T15:50:01.940] [DEBUG] logDebug.js - kapotot: err_user_not_exists_or_token_not_match
[2021-06-09T15:50:01.949] [DEBUG] logDebug.js - kapotot: err_user_not_exists_or_token_not_match
[2021-06-09T15:50:02.020] [DEBUG] logDebug.js - kapotot: err_user_not_exists_or_token_not_match
[2021-06-09T15:50:02.026] [DEBUG] logDebug.js - kapotot: err_user_not_exists_or_token_not_match
[2021-06-09T15:50:02.100] [DEBUG] logDebug.js - kapotot: err_user_not_exists_or_token_not_match
[2021-06-09T15:50:02.103] [DEBUG] logDebug.js - kapotot: err_user_not_exists_or_token_not_match
