[2021-08-04T10:51:00.656] [INFO] default - |-----------------|
[2021-08-04T10:51:00.657] [INFO] default - |ExtraServer START|
[2021-08-04T10:51:00.657] [INFO] default - |-----------------|
[2021-08-04T10:51:00.658] [INFO] default - starting newrelic...
[2021-08-04T10:51:01.085] [INFO] default - creating server...
[2021-08-04T10:51:01.086] [INFO] default - Loading plugins...
[2021-08-04T10:51:01.087] [ERROR] default - Cloud not load plugin asdasd.json: TypeError: require(...).onStart is not a function
[2021-08-04T10:51:01.183] [ERROR] default - Cloud not load plugin chat.js: TypeError [ERR_INVALID_ARG_TYPE]: The "emitter" argument must be an instance of EventEmitter. Received type string ('connection')
[2021-08-04T10:51:01.185] [ERROR] default - Cloud not load plugin data.json: TypeError: require(...).onStart is not a function
[2021-08-04T10:51:01.187] [INFO] defaultRequestHandler.js - DefaultRequestHandler was made by BomberPlayz.
[2021-08-04T10:51:01.187] [INFO] default - Loaded plugin defaultRequestHandler.js
[2021-08-04T10:51:01.189] [ERROR] default - Cloud not load plugin directoryList.js: TypeError: require(...).onStart is not a function
[2021-08-04T10:51:01.190] [ERROR] default - Cloud not load plugin ereeeeeeeeeeeeeeeee: Error: Cannot find module '././server_plugins/ereeeeeeeeeeeeeeeee'
Require stack:
- D:\OneDrive\Desktop\progs\ExtraServer\server.js
[2021-08-04T10:51:01.191] [INFO] logDebug.js - logDebug plugin by BomberPlayz!
[2021-08-04T10:51:01.191] [INFO] default - Loaded plugin logDebug.js
[2021-08-04T10:51:01.192] [ERROR] default - Cloud not load plugin tuccc.json: SyntaxError: D:\OneDrive\Desktop\progs\ExtraServer\server_plugins\tuccc.json: Unexpected number in JSON at position 57948
[2021-08-04T10:51:01.194] [INFO] _compatibleMode.js - CopatibleMode plugin was made by BomberPLayz
[2021-08-04T10:51:01.194] [INFO] default - Loaded plugin _compatibleMode.js
[2021-08-04T10:51:01.194] [INFO] default - Starting to listen...
[2021-08-04T10:51:01.197] [INFO] default - Server started!
[2021-08-04T10:51:01.198] [INFO] default - tictuc! elindult!
