[2021-06-16T16:09:07.153] [INFO] default - |-----------------|
[2021-06-16T16:09:07.174] [INFO] default - |ExtraServer START|
[2021-06-16T16:09:07.194] [INFO] default - |-----------------|
[2021-06-16T16:09:07.196] [INFO] default - creating server...
[2021-06-16T16:09:07.197] [INFO] default - Loading plugins...
[2021-06-16T16:09:07.202] [ERROR] default - Cloud not load plugin asdasd.json: TypeError: require(...).onStart is not a function
[2021-06-16T16:09:07.373] [ERROR] default - Cloud not load plugin chat.js: TypeError [ERR_INVALID_ARG_TYPE]: The "emitter" argument must be an instance of EventEmitter. Received type string ('connection')
[2021-06-16T16:09:07.374] [ERROR] default - Cloud not load plugin data.json: TypeError: require(...).onStart is not a function
[2021-06-16T16:09:07.378] [INFO] defaultRequestHandler.js - DefaultRequestHandler was made by BomberPlayz.
[2021-06-16T16:09:07.379] [INFO] default - Loaded plugin defaultRequestHandler.js
[2021-06-16T16:09:07.381] [ERROR] default - Cloud not load plugin directoryList.js: TypeError: require(...).onStart is not a function
[2021-06-16T16:09:07.385] [ERROR] default - Cloud not load plugin ereeeeeeeeeeeeeeeee: Error: Cannot find module '././server_plugins/ereeeeeeeeeeeeeeeee'
Require stack:
- D:\OneDrive\Desktop\progs\ExtraServer\server.js
[2021-06-16T16:09:07.387] [INFO] logDebug.js - logDebug plugin by BomberPlayz!
[2021-06-16T16:09:07.388] [INFO] default - Loaded plugin logDebug.js
[2021-06-16T16:09:07.389] [ERROR] default - Cloud not load plugin tuccc.json: SyntaxError: D:\OneDrive\Desktop\progs\ExtraServer\server_plugins\tuccc.json: Unexpected number in JSON at position 57948
[2021-06-16T16:09:07.390] [INFO] _compatibleMode.js - CopatibleMode plugin was made by BomberPLayz
[2021-06-16T16:09:07.390] [INFO] default - Loaded plugin _compatibleMode.js
[2021-06-16T16:09:07.391] [INFO] default - Starting to listen...
[2021-06-16T16:09:07.393] [INFO] default - Server started!
[2021-06-16T16:09:07.394] [INFO] default - tictuc! elindult!
