[2021-06-09T20:47:35.375] [INFO] default - |-----------------|
[2021-06-09T20:47:35.378] [INFO] default - |ExtraServer START|
[2021-06-09T20:47:35.379] [INFO] default - |-----------------|
[2021-06-09T20:47:35.379] [INFO] default - creating server...
[2021-06-09T20:47:35.380] [INFO] default - Loading plugins...
[2021-06-09T20:47:35.384] [ERROR] default - Cloud not load plugin asdasd.json: TypeError: require(...).onStart is not a function
[2021-06-09T20:47:35.585] [ERROR] default - Cloud not load plugin chat.js: TypeError [ERR_INVALID_ARG_TYPE]: The "emitter" argument must be an instance of EventEmitter. Received type string ('connection')
[2021-06-09T20:47:35.593] [INFO] defaultRequestHandler.js - DefaultRequestHandler was made by BomberPlayz.
[2021-06-09T20:47:35.594] [INFO] default - Loaded plugin defaultRequestHandler.js
[2021-06-09T20:47:35.598] [ERROR] default - Cloud not load plugin directoryList.js: TypeError: require(...).onStart is not a function
[2021-06-09T20:47:35.612] [INFO] logDebug.js - logDebug plugin by BomberPlayz!
[2021-06-09T20:47:35.613] [INFO] default - Loaded plugin logDebug.js
[2021-06-09T20:47:35.616] [ERROR] default - Cloud not load plugin tuccc.json: SyntaxError: D:\OneDrive\Desktop\progs\ExtraServer\server_plugins\tuccc.json: Unexpected number in JSON at position 57948
[2021-06-09T20:47:35.619] [INFO] _compatibleMode.js - CopatibleMode plugin was made by BomberPLayz
[2021-06-09T20:47:35.620] [INFO] default - Loaded plugin _compatibleMode.js
[2021-06-09T20:47:35.620] [INFO] default - Starting to listen...
[2021-06-09T20:47:35.624] [INFO] default - Server started!
[2021-06-09T20:47:35.627] [INFO] default - tictuc! elindult!
[2021-06-09T20:48:06.480] [INFO] defaultRequestHandler.js - ::1 requested to /dos.jsx?ip=http%3A%2F%2Fwin.crackpixel.hu%3A1028%2Fpapi%3Fusr%3Dasd%26token%3D7562%26mode%3DcreateServer%26data%3DPower%26name%3Dasdasd%26hi%3DHI4352%26plan%3DFree&req=1000
[2021-06-09T20:48:06.517] [DEBUG] logDebug.js - http://win.crackpixel.hu:1028/papi?usr=asd&token=7562&mode=createServer&data=Power&name=asdasd&hi=HI4352&plan=Free
[2021-06-09T20:48:07.155] [DEBUG] logDebug.js - DONE 1 REQ got data: err_this_server_already_exists
[2021-06-09T20:48:07.449] [DEBUG] logDebug.js - DONE 1 REQ got data: err_this_server_already_exists
[2021-06-09T20:48:07.450] [DEBUG] logDebug.js - DONE 1 REQ got data: err_this_server_already_exists
[2021-06-09T20:48:07.500] [DEBUG] logDebug.js - DONE 1 REQ got data: err_this_server_already_exists
[2021-06-09T20:48:07.596] [DEBUG] logDebug.js - DONE 1 REQ got data: err_this_server_already_exists
[2021-06-09T20:48:07.597] [DEBUG] logDebug.js - DONE 1 REQ got data: err_this_server_already_exists
[2021-06-09T20:48:07.778] [DEBUG] logDebug.js - DONE 1 REQ got data: err_this_server_already_exists
[2021-06-09T20:48:07.782] [DEBUG] logDebug.js - DONE 1 REQ got data: err_this_server_already_exists
[2021-06-09T20:48:07.794] [DEBUG] logDebug.js - DONE 1 REQ got data: err_this_server_already_exists
[2021-06-09T20:48:07.901] [DEBUG] logDebug.js - DONE 1 REQ got data: err_this_server_already_exists
[2021-06-09T20:48:07.944] [DEBUG] logDebug.js - DONE 1 REQ got data: err_this_server_already_exists
[2021-06-09T20:48:08.147] [DEBUG] logDebug.js - DONE 1 REQ got data: err_this_server_already_exists
[2021-06-09T20:48:08.310] [DEBUG] logDebug.js - DONE 1 REQ got data: err_this_server_already_exists
[2021-06-09T20:48:08.388] [DEBUG] logDebug.js - DONE 1 REQ got data: err_this_server_already_exists
[2021-06-09T20:48:08.399] [DEBUG] logDebug.js - DONE 1 REQ got data: err_this_server_already_exists
[2021-06-09T20:48:08.638] [DEBUG] logDebug.js - DONE 1 REQ got data: err_this_server_already_exists
[2021-06-09T20:48:08.643] [DEBUG] logDebug.js - DONE 1 REQ got data: err_this_server_already_exists
[2021-06-09T20:48:08.646] [DEBUG] logDebug.js - DONE 1 REQ got data: err_this_server_already_exists
[2021-06-09T20:48:08.716] [DEBUG] logDebug.js - DONE 1 REQ got data: err_this_server_already_exists
[2021-06-09T20:48:08.793] [DEBUG] logDebug.js - DONE 1 REQ got data: err_this_server_already_exists
[2021-06-09T20:48:08.807] [DEBUG] logDebug.js - DONE 1 REQ got data: err_this_server_already_exists
[2021-06-09T20:48:08.896] [DEBUG] logDebug.js - DONE 1 REQ got data: err_this_server_already_exists
[2021-06-09T20:48:08.931] [DEBUG] logDebug.js - DONE 1 REQ got data: err_this_server_already_exists
[2021-06-09T20:48:09.019] [DEBUG] logDebug.js - DONE 1 REQ got data: err_this_server_already_exists
[2021-06-09T20:48:09.072] [DEBUG] logDebug.js - DONE 1 REQ got data: err_this_server_already_exists
[2021-06-09T20:48:09.078] [DEBUG] logDebug.js - DONE 1 REQ got data: err_this_server_already_exists
[2021-06-09T20:48:09.290] [DEBUG] logDebug.js - DONE 1 REQ got data: err_this_server_already_exists
[2021-06-09T20:48:09.298] [DEBUG] logDebug.js - DONE 1 REQ got data: err_this_server_already_exists
[2021-06-09T20:48:09.300] [DEBUG] logDebug.js - DONE 1 REQ got data: err_this_server_already_exists
[2021-06-09T20:48:09.440] [DEBUG] logDebug.js - DONE 1 REQ got data: err_this_server_already_exists
[2021-06-09T20:48:09.460] [DEBUG] logDebug.js - DONE 1 REQ got data: err_this_server_already_exists
[2021-06-09T20:48:09.521] [DEBUG] logDebug.js - DONE 1 REQ got data: err_this_server_already_exists
[2021-06-09T20:48:09.714] [DEBUG] logDebug.js - DONE 1 REQ got data: err_this_server_already_exists
[2021-06-09T20:48:09.811] [DEBUG] logDebug.js - DONE 1 REQ got data: err_this_server_already_exists
[2021-06-09T20:48:09.907] [DEBUG] logDebug.js - DONE 1 REQ got data: err_this_server_already_exists
[2021-06-09T20:48:09.917] [DEBUG] logDebug.js - DONE 1 REQ got data: err_this_server_already_exists
[2021-06-09T20:48:10.052] [DEBUG] logDebug.js - DONE 1 REQ got data: err_this_server_already_exists
[2021-06-09T20:48:10.059] [DEBUG] logDebug.js - DONE 1 REQ got data: err_this_server_already_exists
[2021-06-09T20:48:10.070] [DEBUG] logDebug.js - DONE 1 REQ got data: err_this_server_already_exists
[2021-06-09T20:48:10.083] [DEBUG] logDebug.js - DONE 1 REQ got data: err_this_server_already_exists
[2021-06-09T20:48:10.178] [DEBUG] logDebug.js - DONE 1 REQ got data: err_this_server_already_exists
[2021-06-09T20:48:10.219] [DEBUG] logDebug.js - DONE 1 REQ got data: err_this_server_already_exists
[2021-06-09T20:48:10.272] [DEBUG] logDebug.js - DONE 1 REQ got data: err_this_server_already_exists
[2021-06-09T20:48:10.309] [DEBUG] logDebug.js - DONE 1 REQ got data: err_this_server_already_exists
[2021-06-09T20:48:10.363] [DEBUG] logDebug.js - DONE 1 REQ got data: err_this_server_already_exists
[2021-06-09T20:48:10.401] [DEBUG] logDebug.js - DONE 1 REQ got data: err_this_server_already_exists
[2021-06-09T20:48:10.413] [DEBUG] logDebug.js - DONE 1 REQ got data: err_this_server_already_exists
[2021-06-09T20:48:10.437] [DEBUG] logDebug.js - DONE 1 REQ got data: err_this_server_already_exists
[2021-06-09T20:48:10.470] [DEBUG] logDebug.js - DONE 1 REQ got data: err_this_server_already_exists
[2021-06-09T20:48:10.521] [DEBUG] logDebug.js - DONE 1 REQ got data: err_this_server_already_exists
[2021-06-09T20:48:10.712] [DEBUG] logDebug.js - DONE 1 REQ got data: err_this_server_already_exists
[2021-06-09T20:48:10.905] [DEBUG] logDebug.js - DONE 1 REQ got data: err_this_server_already_exists
[2021-06-09T20:48:10.912] [DEBUG] logDebug.js - DONE 1 REQ got data: err_this_server_already_exists
[2021-06-09T20:48:10.921] [DEBUG] logDebug.js - DONE 1 REQ got data: err_this_server_already_exists
[2021-06-09T20:48:10.952] [DEBUG] logDebug.js - DONE 1 REQ got data: err_this_server_already_exists
[2021-06-09T20:48:10.986] [DEBUG] logDebug.js - DONE 1 REQ got data: err_this_server_already_exists
[2021-06-09T20:48:11.112] [DEBUG] logDebug.js - DONE 1 REQ got data: err_this_server_already_exists
[2021-06-09T20:48:11.249] [DEBUG] logDebug.js - DONE 1 REQ got data: err_this_server_already_exists
[2021-06-09T20:48:11.297] [DEBUG] logDebug.js - DONE 1 REQ got data: err_this_server_already_exists
[2021-06-09T20:48:11.304] [DEBUG] logDebug.js - DONE 1 REQ got data: err_this_server_already_exists
[2021-06-09T20:48:11.363] [DEBUG] logDebug.js - DONE 1 REQ got data: err_this_server_already_exists
[2021-06-09T20:48:11.437] [DEBUG] logDebug.js - DONE 1 REQ got data: err_this_server_already_exists
[2021-06-09T20:48:11.471] [DEBUG] logDebug.js - DONE 1 REQ got data: err_this_server_already_exists
[2021-06-09T20:48:11.536] [DEBUG] logDebug.js - DONE 1 REQ got data: err_this_server_already_exists
[2021-06-09T20:48:11.545] [DEBUG] logDebug.js - DONE 1 REQ got data: err_this_server_already_exists
[2021-06-09T20:48:11.560] [DEBUG] logDebug.js - DONE 1 REQ got data: err_this_server_already_exists
[2021-06-09T20:48:11.604] [DEBUG] logDebug.js - DONE 1 REQ got data: err_this_server_already_exists
[2021-06-09T20:48:11.619] [DEBUG] logDebug.js - DONE 1 REQ got data: err_this_server_already_exists
[2021-06-09T20:48:11.634] [DEBUG] logDebug.js - DONE 1 REQ got data: err_this_server_already_exists
[2021-06-09T20:48:11.761] [DEBUG] logDebug.js - DONE 1 REQ got data: err_this_server_already_exists
[2021-06-09T20:48:11.834] [DEBUG] logDebug.js - DONE 1 REQ got data: err_this_server_already_exists
[2021-06-09T20:48:11.850] [DEBUG] logDebug.js - DONE 1 REQ got data: err_this_server_already_exists
[2021-06-09T20:48:11.904] [DEBUG] logDebug.js - DONE 1 REQ got data: err_this_server_already_exists
[2021-06-09T20:48:12.002] [DEBUG] logDebug.js - DONE 1 REQ got data: err_this_server_already_exists
[2021-06-09T20:48:12.062] [DEBUG] logDebug.js - DONE 1 REQ got data: err_this_server_already_exists
[2021-06-09T20:48:12.074] [DEBUG] logDebug.js - DONE 1 REQ got data: err_this_server_already_exists
[2021-06-09T20:48:12.082] [DEBUG] logDebug.js - DONE 1 REQ got data: err_this_server_already_exists
[2021-06-09T20:48:12.086] [DEBUG] logDebug.js - DONE 1 REQ got data: err_this_server_already_exists
[2021-06-09T20:48:12.157] [DEBUG] logDebug.js - DONE 1 REQ got data: err_this_server_already_exists
[2021-06-09T20:48:12.174] [DEBUG] logDebug.js - DONE 1 REQ got data: err_this_server_already_exists
[2021-06-09T20:48:12.243] [DEBUG] logDebug.js - DONE 1 REQ got data: err_this_server_already_exists
[2021-06-09T20:48:12.296] [DEBUG] logDebug.js - DONE 1 REQ got data: err_this_server_already_exists
[2021-06-09T20:48:12.360] [DEBUG] logDebug.js - DONE 1 REQ got data: err_this_server_already_exists
[2021-06-09T20:48:12.388] [DEBUG] logDebug.js - DONE 1 REQ got data: err_this_server_already_exists
[2021-06-09T20:48:12.479] [DEBUG] logDebug.js - DONE 1 REQ got data: err_this_server_already_exists
[2021-06-09T20:48:12.633] [DEBUG] logDebug.js - DONE 1 REQ got data: err_this_server_already_exists
[2021-06-09T20:48:12.687] [DEBUG] logDebug.js - DONE 1 REQ got data: err_this_server_already_exists
[2021-06-09T20:48:12.763] [DEBUG] logDebug.js - DONE 1 REQ got data: err_this_server_already_exists
[2021-06-09T20:48:12.843] [DEBUG] logDebug.js - DONE 1 REQ got data: err_this_server_already_exists
[2021-06-09T20:48:12.862] [DEBUG] logDebug.js - DONE 1 REQ got data: err_this_server_already_exists
[2021-06-09T20:48:12.968] [DEBUG] logDebug.js - DONE 1 REQ got data: err_this_server_already_exists
[2021-06-09T20:48:13.096] [DEBUG] logDebug.js - DONE 1 REQ got data: err_this_server_already_exists
[2021-06-09T20:48:13.108] [DEBUG] logDebug.js - DONE 1 REQ got data: err_this_server_already_exists
[2021-06-09T20:48:13.148] [DEBUG] logDebug.js - DONE 1 REQ got data: err_this_server_already_exists
[2021-06-09T20:48:13.173] [DEBUG] logDebug.js - DONE 1 REQ got data: err_this_server_already_exists
[2021-06-09T20:48:13.335] [DEBUG] logDebug.js - DONE 1 REQ got data: err_this_server_already_exists
[2021-06-09T20:48:13.402] [DEBUG] logDebug.js - DONE 1 REQ got data: err_this_server_already_exists
[2021-06-09T20:48:13.404] [DEBUG] logDebug.js - DONE 1 REQ got data: err_this_server_already_exists
[2021-06-09T20:48:13.448] [DEBUG] logDebug.js - DONE 1 REQ got data: err_this_server_already_exists
[2021-06-09T20:48:13.483] [DEBUG] logDebug.js - DONE 1 REQ got data: err_this_server_already_exists
[2021-06-09T20:48:13.486] [DEBUG] logDebug.js - DONE 1 REQ got data: err_this_server_already_exists
[2021-06-09T20:48:13.498] [DEBUG] logDebug.js - DONE 1 REQ got data: err_this_server_already_exists
[2021-06-09T20:48:13.530] [DEBUG] logDebug.js - DONE 1 REQ got data: err_this_server_already_exists
[2021-06-09T20:48:13.970] [DEBUG] logDebug.js - DONE 1 REQ got data: err_this_server_already_exists
[2021-06-09T20:48:13.989] [DEBUG] logDebug.js - DONE 1 REQ got data: err_this_server_already_exists
[2021-06-09T20:48:14.022] [DEBUG] logDebug.js - DONE 1 REQ got data: err_this_server_already_exists
[2021-06-09T20:48:14.037] [DEBUG] logDebug.js - DONE 1 REQ got data: err_this_server_already_exists
[2021-06-09T20:48:14.081] [DEBUG] logDebug.js - DONE 1 REQ got data: err_this_server_already_exists
[2021-06-09T20:48:14.109] [DEBUG] logDebug.js - DONE 1 REQ got data: err_this_server_already_exists
[2021-06-09T20:48:14.112] [DEBUG] logDebug.js - DONE 1 REQ got data: err_this_server_already_exists
[2021-06-09T20:48:14.117] [DEBUG] logDebug.js - DONE 1 REQ got data: err_this_server_already_exists
[2021-06-09T20:48:14.166] [DEBUG] logDebug.js - DONE 1 REQ got data: err_this_server_already_exists
[2021-06-09T20:48:14.290] [DEBUG] logDebug.js - DONE 1 REQ got data: err_this_server_already_exists
[2021-06-09T20:48:14.310] [DEBUG] logDebug.js - DONE 1 REQ got data: err_this_server_already_exists
[2021-06-09T20:48:14.357] [DEBUG] logDebug.js - DONE 1 REQ got data: err_this_server_already_exists
[2021-06-09T20:48:14.377] [DEBUG] logDebug.js - DONE 1 REQ got data: err_this_server_already_exists
[2021-06-09T20:48:14.677] [DEBUG] logDebug.js - DONE 1 REQ got data: err_this_server_already_exists
[2021-06-09T20:48:14.714] [DEBUG] logDebug.js - DONE 1 REQ got data: err_this_server_already_exists
[2021-06-09T20:48:14.926] [DEBUG] logDebug.js - DONE 1 REQ got data: err_this_server_already_exists
[2021-06-09T20:48:14.935] [DEBUG] logDebug.js - DONE 1 REQ got data: err_this_server_already_exists
[2021-06-09T20:48:14.980] [DEBUG] logDebug.js - DONE 1 REQ got data: err_this_server_already_exists
[2021-06-09T20:48:14.989] [DEBUG] logDebug.js - DONE 1 REQ got data: err_this_server_already_exists
[2021-06-09T20:48:14.990] [DEBUG] logDebug.js - DONE 1 REQ got data: err_this_server_already_exists
[2021-06-09T20:48:15.096] [DEBUG] logDebug.js - DONE 1 REQ got data: err_this_server_already_exists
[2021-06-09T20:48:15.152] [DEBUG] logDebug.js - DONE 1 REQ got data: err_this_server_already_exists
[2021-06-09T20:48:15.172] [DEBUG] logDebug.js - DONE 1 REQ got data: err_this_server_already_exists
[2021-06-09T20:48:15.328] [DEBUG] logDebug.js - DONE 1 REQ got data: err_this_server_already_exists
[2021-06-09T20:48:15.408] [DEBUG] logDebug.js - DONE 1 REQ got data: err_this_server_already_exists
[2021-06-09T20:48:15.409] [DEBUG] logDebug.js - DONE 1 REQ got data: err_this_server_already_exists
[2021-06-09T20:48:15.496] [DEBUG] logDebug.js - DONE 1 REQ got data: err_this_server_already_exists
[2021-06-09T20:48:15.503] [DEBUG] logDebug.js - DONE 1 REQ got data: err_this_server_already_exists
[2021-06-09T20:48:15.520] [DEBUG] logDebug.js - DONE 1 REQ got data: err_this_server_already_exists
[2021-06-09T20:48:15.537] [DEBUG] logDebug.js - DONE 1 REQ got data: err_this_server_already_exists
[2021-06-09T20:48:15.616] [DEBUG] logDebug.js - DONE 1 REQ got data: err_this_server_already_exists
[2021-06-09T20:48:15.695] [DEBUG] logDebug.js - DONE 1 REQ got data: err_this_server_already_exists
[2021-06-09T20:48:15.777] [DEBUG] logDebug.js - DONE 1 REQ got data: err_this_server_already_exists
[2021-06-09T20:48:15.880] [DEBUG] logDebug.js - DONE 1 REQ got data: err_this_server_already_exists
[2021-06-09T20:48:15.980] [DEBUG] logDebug.js - DONE 1 REQ got data: err_this_server_already_exists
[2021-06-09T20:48:16.002] [DEBUG] logDebug.js - DONE 1 REQ got data: err_this_server_already_exists
[2021-06-09T20:48:16.032] [DEBUG] logDebug.js - DONE 1 REQ got data: err_this_server_already_exists
[2021-06-09T20:48:16.071] [DEBUG] logDebug.js - DONE 1 REQ got data: err_this_server_already_exists
[2021-06-09T20:48:16.141] [DEBUG] logDebug.js - DONE 1 REQ got data: err_this_server_already_exists
[2021-06-09T20:48:16.251] [DEBUG] logDebug.js - DONE 1 REQ got data: err_this_server_already_exists
[2021-06-09T20:48:16.259] [DEBUG] logDebug.js - DONE 1 REQ got data: err_this_server_already_exists
[2021-06-09T20:48:16.315] [DEBUG] logDebug.js - DONE 1 REQ got data: err_this_server_already_exists
[2021-06-09T20:48:16.421] [DEBUG] logDebug.js - DONE 1 REQ got data: err_this_server_already_exists
[2021-06-09T20:48:16.524] [DEBUG] logDebug.js - DONE 1 REQ got data: err_this_server_already_exists
[2021-06-09T20:48:16.526] [DEBUG] logDebug.js - DONE 1 REQ got data: err_this_server_already_exists
[2021-06-09T20:48:16.644] [DEBUG] logDebug.js - DONE 1 REQ got data: err_this_server_already_exists
[2021-06-09T20:48:16.675] [DEBUG] logDebug.js - DONE 1 REQ got data: err_this_server_already_exists
[2021-06-09T20:48:16.741] [DEBUG] logDebug.js - DONE 1 REQ got data: err_this_server_already_exists
[2021-06-09T20:48:16.905] [DEBUG] logDebug.js - DONE 1 REQ got data: err_this_server_already_exists
[2021-06-09T20:48:16.921] [DEBUG] logDebug.js - DONE 1 REQ got data: err_this_server_already_exists
[2021-06-09T20:48:17.004] [DEBUG] logDebug.js - DONE 1 REQ got data: err_this_server_already_exists
[2021-06-09T20:48:17.012] [DEBUG] logDebug.js - DONE 1 REQ got data: err_this_server_already_exists
[2021-06-09T20:48:17.066] [DEBUG] logDebug.js - DONE 1 REQ got data: err_this_server_already_exists
[2021-06-09T20:48:17.102] [DEBUG] logDebug.js - DONE 1 REQ got data: err_this_server_already_exists
[2021-06-09T20:48:17.209] [DEBUG] logDebug.js - DONE 1 REQ got data: err_this_server_already_exists
[2021-06-09T20:48:17.287] [DEBUG] logDebug.js - DONE 1 REQ got data: err_this_server_already_exists
[2021-06-09T20:48:17.298] [DEBUG] logDebug.js - DONE 1 REQ got data: err_this_server_already_exists
[2021-06-09T20:48:17.317] [DEBUG] logDebug.js - DONE 1 REQ got data: err_this_server_already_exists
[2021-06-09T20:48:17.320] [DEBUG] logDebug.js - DONE 1 REQ got data: err_this_server_already_exists
[2021-06-09T20:48:17.372] [DEBUG] logDebug.js - DONE 1 REQ got data: err_this_server_already_exists
[2021-06-09T20:48:17.431] [DEBUG] logDebug.js - DONE 1 REQ got data: err_this_server_already_exists
[2021-06-09T20:48:17.433] [DEBUG] logDebug.js - DONE 1 REQ got data: err_this_server_already_exists
[2021-06-09T20:48:17.576] [DEBUG] logDebug.js - DONE 1 REQ got data: err_this_server_already_exists
[2021-06-09T20:48:17.623] [DEBUG] logDebug.js - DONE 1 REQ got data: err_this_server_already_exists
[2021-06-09T20:48:17.625] [DEBUG] logDebug.js - DONE 1 REQ got data: err_this_server_already_exists
[2021-06-09T20:48:17.686] [DEBUG] logDebug.js - DONE 1 REQ got data: err_this_server_already_exists
[2021-06-09T20:48:17.787] [DEBUG] logDebug.js - DONE 1 REQ got data: err_this_server_already_exists
[2021-06-09T20:48:17.805] [DEBUG] logDebug.js - DONE 1 REQ got data: err_this_server_already_exists
[2021-06-09T20:48:17.839] [DEBUG] logDebug.js - DONE 1 REQ got data: err_this_server_already_exists
[2021-06-09T20:48:17.885] [DEBUG] logDebug.js - DONE 1 REQ got data: err_this_server_already_exists
[2021-06-09T20:48:18.009] [DEBUG] logDebug.js - DONE 1 REQ got data: err_this_server_already_exists
[2021-06-09T20:48:18.011] [DEBUG] logDebug.js - DONE 1 REQ got data: err_this_server_already_exists
[2021-06-09T20:48:18.199] [DEBUG] logDebug.js - DONE 1 REQ got data: err_this_server_already_exists
[2021-06-09T20:48:18.236] [DEBUG] logDebug.js - DONE 1 REQ got data: err_this_server_already_exists
[2021-06-09T20:48:18.360] [DEBUG] logDebug.js - DONE 1 REQ got data: err_this_server_already_exists
[2021-06-09T20:48:18.364] [DEBUG] logDebug.js - DONE 1 REQ got data: err_this_server_already_exists
[2021-06-09T20:48:18.399] [DEBUG] logDebug.js - DONE 1 REQ got data: err_this_server_already_exists
[2021-06-09T20:48:18.404] [DEBUG] logDebug.js - DONE 1 REQ got data: err_this_server_already_exists
[2021-06-09T20:48:18.409] [DEBUG] logDebug.js - DONE 1 REQ got data: err_this_server_already_exists
[2021-06-09T20:48:18.412] [DEBUG] logDebug.js - DONE 1 REQ got data: err_this_server_already_exists
[2021-06-09T20:48:18.412] [DEBUG] logDebug.js - DONE 1 REQ got data: err_this_server_already_exists
[2021-06-09T20:48:18.447] [DEBUG] logDebug.js - DONE 1 REQ got data: err_this_server_already_exists
[2021-06-09T20:48:18.469] [DEBUG] logDebug.js - DONE 1 REQ got data: err_this_server_already_exists
[2021-06-09T20:48:18.486] [DEBUG] logDebug.js - DONE 1 REQ got data: err_this_server_already_exists
[2021-06-09T20:48:18.488] [DEBUG] logDebug.js - DONE 1 REQ got data: err_this_server_already_exists
[2021-06-09T20:48:18.501] [DEBUG] logDebug.js - DONE 1 REQ got data: err_this_server_already_exists
[2021-06-09T20:48:18.503] [DEBUG] logDebug.js - DONE 1 REQ got data: err_this_server_already_exists
[2021-06-09T20:48:18.535] [DEBUG] logDebug.js - DONE 1 REQ got data: err_this_server_already_exists
[2021-06-09T20:48:18.572] [DEBUG] logDebug.js - DONE 1 REQ got data: err_this_server_already_exists
[2021-06-09T20:48:18.682] [DEBUG] logDebug.js - DONE 1 REQ got data: err_this_server_already_exists
[2021-06-09T20:48:18.696] [DEBUG] logDebug.js - DONE 1 REQ got data: err_this_server_already_exists
[2021-06-09T20:48:18.709] [DEBUG] logDebug.js - DONE 1 REQ got data: err_this_server_already_exists
[2021-06-09T20:48:18.714] [DEBUG] logDebug.js - DONE 1 REQ got data: err_this_server_already_exists
[2021-06-09T20:48:18.735] [DEBUG] logDebug.js - DONE 1 REQ got data: err_this_server_already_exists
[2021-06-09T20:48:18.842] [DEBUG] logDebug.js - DONE 1 REQ got data: err_this_server_already_exists
[2021-06-09T20:48:18.862] [DEBUG] logDebug.js - DONE 1 REQ got data: err_this_server_already_exists
[2021-06-09T20:48:18.870] [DEBUG] logDebug.js - DONE 1 REQ got data: err_this_server_already_exists
[2021-06-09T20:48:18.991] [DEBUG] logDebug.js - DONE 1 REQ got data: err_this_server_already_exists
[2021-06-09T20:48:19.060] [DEBUG] logDebug.js - DONE 1 REQ got data: err_this_server_already_exists
[2021-06-09T20:48:19.077] [DEBUG] logDebug.js - DONE 1 REQ got data: err_this_server_already_exists
[2021-06-09T20:48:19.142] [DEBUG] logDebug.js - DONE 1 REQ got data: err_this_server_already_exists
[2021-06-09T20:48:19.355] [DEBUG] logDebug.js - DONE 1 REQ got data: err_this_server_already_exists
[2021-06-09T20:48:19.371] [DEBUG] logDebug.js - DONE 1 REQ got data: err_this_server_already_exists
[2021-06-09T20:48:19.396] [DEBUG] logDebug.js - DONE 1 REQ got data: err_this_server_already_exists
[2021-06-09T20:48:19.418] [DEBUG] logDebug.js - DONE 1 REQ got data: err_this_server_already_exists
[2021-06-09T20:48:19.466] [DEBUG] logDebug.js - DONE 1 REQ got data: err_this_server_already_exists
[2021-06-09T20:48:19.537] [DEBUG] logDebug.js - DONE 1 REQ got data: err_this_server_already_exists
[2021-06-09T20:48:19.553] [DEBUG] logDebug.js - DONE 1 REQ got data: err_this_server_already_exists
[2021-06-09T20:48:19.560] [DEBUG] logDebug.js - DONE 1 REQ got data: err_this_server_already_exists
[2021-06-09T20:48:19.594] [DEBUG] logDebug.js - DONE 1 REQ got data: err_this_server_already_exists
[2021-06-09T20:48:19.597] [DEBUG] logDebug.js - DONE 1 REQ got data: err_this_server_already_exists
[2021-06-09T20:48:19.600] [DEBUG] logDebug.js - DONE 1 REQ got data: err_this_server_already_exists
[2021-06-09T20:48:19.602] [DEBUG] logDebug.js - DONE 1 REQ got data: err_this_server_already_exists
[2021-06-09T20:48:19.611] [DEBUG] logDebug.js - DONE 1 REQ got data: err_this_server_already_exists
[2021-06-09T20:48:19.612] [DEBUG] logDebug.js - DONE 1 REQ got data: err_this_server_already_exists
[2021-06-09T20:48:19.650] [DEBUG] logDebug.js - DONE 1 REQ got data: err_this_server_already_exists
[2021-06-09T20:48:19.651] [DEBUG] logDebug.js - DONE 1 REQ got data: err_this_server_already_exists
[2021-06-09T20:48:19.726] [DEBUG] logDebug.js - DONE 1 REQ got data: err_this_server_already_exists
[2021-06-09T20:48:19.770] [DEBUG] logDebug.js - DONE 1 REQ got data: err_this_server_already_exists
[2021-06-09T20:48:19.780] [DEBUG] logDebug.js - DONE 1 REQ got data: err_this_server_already_exists
[2021-06-09T20:48:19.860] [DEBUG] logDebug.js - DONE 1 REQ got data: err_this_server_already_exists
[2021-06-09T20:48:19.908] [DEBUG] logDebug.js - DONE 1 REQ got data: err_this_server_already_exists
[2021-06-09T20:48:19.958] [DEBUG] logDebug.js - DONE 1 REQ got data: err_this_server_already_exists
[2021-06-09T20:48:20.027] [DEBUG] logDebug.js - DONE 1 REQ got data: err_this_server_already_exists
[2021-06-09T20:48:20.169] [DEBUG] logDebug.js - DONE 1 REQ got data: err_this_server_already_exists
[2021-06-09T20:48:20.188] [DEBUG] logDebug.js - DONE 1 REQ got data: err_this_server_already_exists
[2021-06-09T20:48:20.196] [DEBUG] logDebug.js - DONE 1 REQ got data: err_this_server_already_exists
[2021-06-09T20:48:20.258] [DEBUG] logDebug.js - DONE 1 REQ got data: err_this_server_already_exists
[2021-06-09T20:48:20.260] [DEBUG] logDebug.js - DONE 1 REQ got data: err_this_server_already_exists
[2021-06-09T20:48:20.543] [DEBUG] logDebug.js - DONE 1 REQ got data: err_this_server_already_exists
[2021-06-09T20:48:20.550] [DEBUG] logDebug.js - DONE 1 REQ got data: err_this_server_already_exists
[2021-06-09T20:48:20.553] [DEBUG] logDebug.js - DONE 1 REQ got data: err_this_server_already_exists
[2021-06-09T20:48:20.569] [DEBUG] logDebug.js - DONE 1 REQ got data: err_this_server_already_exists
[2021-06-09T20:48:20.602] [DEBUG] logDebug.js - DONE 1 REQ got data: err_this_server_already_exists
[2021-06-09T20:48:20.698] [DEBUG] logDebug.js - DONE 1 REQ got data: err_this_server_already_exists
[2021-06-09T20:48:20.759] [DEBUG] logDebug.js - DONE 1 REQ got data: err_this_server_already_exists
[2021-06-09T20:48:20.779] [DEBUG] logDebug.js - DONE 1 REQ got data: err_this_server_already_exists
[2021-06-09T20:48:20.852] [DEBUG] logDebug.js - DONE 1 REQ got data: err_this_server_already_exists
[2021-06-09T20:48:20.894] [DEBUG] logDebug.js - DONE 1 REQ got data: err_this_server_already_exists
[2021-06-09T20:48:20.949] [DEBUG] logDebug.js - DONE 1 REQ got data: err_this_server_already_exists
[2021-06-09T20:48:21.049] [DEBUG] logDebug.js - DONE 1 REQ got data: err_this_server_already_exists
[2021-06-09T20:48:21.117] [DEBUG] logDebug.js - DONE 1 REQ got data: err_this_server_already_exists
[2021-06-09T20:48:21.183] [DEBUG] logDebug.js - DONE 1 REQ got data: err_this_server_already_exists
[2021-06-09T20:48:21.186] [DEBUG] logDebug.js - DONE 1 REQ got data: err_this_server_already_exists
[2021-06-09T20:48:21.372] [DEBUG] logDebug.js - DONE 1 REQ got data: err_this_server_already_exists
[2021-06-09T20:48:21.382] [DEBUG] logDebug.js - DONE 1 REQ got data: err_this_server_already_exists
[2021-06-09T20:48:21.441] [DEBUG] logDebug.js - DONE 1 REQ got data: err_this_server_already_exists
[2021-06-09T20:48:21.612] [DEBUG] logDebug.js - DONE 1 REQ got data: err_this_server_already_exists
[2021-06-09T20:48:21.652] [DEBUG] logDebug.js - DONE 1 REQ got data: err_this_server_already_exists
[2021-06-09T20:48:21.803] [DEBUG] logDebug.js - DONE 1 REQ got data: err_this_server_already_exists
[2021-06-09T20:48:21.964] [DEBUG] logDebug.js - DONE 1 REQ got data: err_this_server_already_exists
[2021-06-09T20:48:22.007] [DEBUG] logDebug.js - DONE 1 REQ got data: err_this_server_already_exists
[2021-06-09T20:48:22.011] [DEBUG] logDebug.js - DONE 1 REQ got data: err_this_server_already_exists
[2021-06-09T20:48:22.038] [DEBUG] logDebug.js - DONE 1 REQ got data: err_this_server_already_exists
[2021-06-09T20:48:22.098] [DEBUG] logDebug.js - DONE 1 REQ got data: err_this_server_already_exists
[2021-06-09T20:48:22.100] [DEBUG] logDebug.js - DONE 1 REQ got data: err_this_server_already_exists
[2021-06-09T20:48:22.117] [DEBUG] logDebug.js - DONE 1 REQ got data: err_this_server_already_exists
[2021-06-09T20:48:22.178] [DEBUG] logDebug.js - DONE 1 REQ got data: err_this_server_already_exists
[2021-06-09T20:48:22.262] [DEBUG] logDebug.js - DONE 1 REQ got data: err_this_server_already_exists
[2021-06-09T20:48:22.273] [DEBUG] logDebug.js - DONE 1 REQ got data: err_this_server_already_exists
[2021-06-09T20:48:22.294] [DEBUG] logDebug.js - DONE 1 REQ got data: err_this_server_already_exists
[2021-06-09T20:48:22.431] [DEBUG] logDebug.js - DONE 1 REQ got data: err_this_server_already_exists
[2021-06-09T20:48:22.445] [DEBUG] logDebug.js - DONE 1 REQ got data: err_this_server_already_exists
[2021-06-09T20:48:22.533] [DEBUG] logDebug.js - DONE 1 REQ got data: err_this_server_already_exists
[2021-06-09T20:48:22.641] [DEBUG] logDebug.js - DONE 1 REQ got data: err_this_server_already_exists
[2021-06-09T20:48:22.697] [DEBUG] logDebug.js - DONE 1 REQ got data: err_this_server_already_exists
[2021-06-09T20:48:22.742] [DEBUG] logDebug.js - DONE 1 REQ got data: err_this_server_already_exists
[2021-06-09T20:48:22.744] [DEBUG] logDebug.js - DONE 1 REQ got data: err_this_server_already_exists
[2021-06-09T20:48:22.828] [DEBUG] logDebug.js - DONE 1 REQ got data: err_this_server_already_exists
[2021-06-09T20:48:22.834] [DEBUG] logDebug.js - DONE 1 REQ got data: err_this_server_already_exists
[2021-06-09T20:48:22.885] [DEBUG] logDebug.js - DONE 1 REQ got data: err_this_server_already_exists
[2021-06-09T20:48:22.942] [DEBUG] logDebug.js - DONE 1 REQ got data: err_this_server_already_exists
[2021-06-09T20:48:22.966] [DEBUG] logDebug.js - DONE 1 REQ got data: err_this_server_already_exists
[2021-06-09T20:48:22.967] [DEBUG] logDebug.js - DONE 1 REQ got data: err_this_server_already_exists
[2021-06-09T20:48:22.970] [DEBUG] logDebug.js - DONE 1 REQ got data: err_this_server_already_exists
[2021-06-09T20:48:22.971] [DEBUG] logDebug.js - DONE 1 REQ got data: err_this_server_already_exists
[2021-06-09T20:48:23.011] [DEBUG] logDebug.js - DONE 1 REQ got data: err_this_server_already_exists
[2021-06-09T20:48:23.085] [DEBUG] logDebug.js - DONE 1 REQ got data: err_this_server_already_exists
[2021-06-09T20:48:23.514] [DEBUG] logDebug.js - DONE 1 REQ got data: err_this_server_already_exists
[2021-06-09T20:48:23.533] [DEBUG] logDebug.js - DONE 1 REQ got data: err_this_server_already_exists
[2021-06-09T20:48:23.537] [DEBUG] logDebug.js - DONE 1 REQ got data: err_this_server_already_exists
[2021-06-09T20:48:23.538] [DEBUG] logDebug.js - DONE 1 REQ got data: err_this_server_already_exists
[2021-06-09T20:48:23.539] [DEBUG] logDebug.js - DONE 1 REQ got data: err_this_server_already_exists
[2021-06-09T20:48:23.542] [DEBUG] logDebug.js - DONE 1 REQ got data: err_this_server_already_exists
[2021-06-09T20:48:23.579] [DEBUG] logDebug.js - DONE 1 REQ got data: err_this_server_already_exists
[2021-06-09T20:48:23.582] [DEBUG] logDebug.js - DONE 1 REQ got data: err_this_server_already_exists
[2021-06-09T20:48:23.582] [DEBUG] logDebug.js - DONE 1 REQ got data: err_this_server_already_exists
[2021-06-09T20:48:23.583] [DEBUG] logDebug.js - DONE 1 REQ got data: err_this_server_already_exists
[2021-06-09T20:48:23.654] [DEBUG] logDebug.js - DONE 1 REQ got data: err_this_server_already_exists
[2021-06-09T20:48:23.718] [DEBUG] logDebug.js - DONE 1 REQ got data: err_this_server_already_exists
[2021-06-09T20:48:23.736] [DEBUG] logDebug.js - DONE 1 REQ got data: err_this_server_already_exists
[2021-06-09T20:48:23.742] [DEBUG] logDebug.js - DONE 1 REQ got data: err_this_server_already_exists
[2021-06-09T20:48:23.764] [DEBUG] logDebug.js - DONE 1 REQ got data: err_this_server_already_exists
[2021-06-09T20:48:23.784] [DEBUG] logDebug.js - DONE 1 REQ got data: err_this_server_already_exists
[2021-06-09T20:48:24.228] [DEBUG] logDebug.js - DONE 1 REQ got data: err_this_server_already_exists
[2021-06-09T20:48:24.242] [DEBUG] logDebug.js - DONE 1 REQ got data: err_this_server_already_exists
[2021-06-09T20:48:24.416] [DEBUG] logDebug.js - DONE 1 REQ got data: err_this_server_already_exists
[2021-06-09T20:48:24.429] [DEBUG] logDebug.js - DONE 1 REQ got data: err_this_server_already_exists
[2021-06-09T20:48:24.527] [DEBUG] logDebug.js - DONE 1 REQ got data: err_this_server_already_exists
[2021-06-09T20:48:24.549] [DEBUG] logDebug.js - DONE 1 REQ got data: err_this_server_already_exists
[2021-06-09T20:48:24.636] [DEBUG] logDebug.js - DONE 1 REQ got data: err_this_server_already_exists
[2021-06-09T20:48:24.652] [DEBUG] logDebug.js - DONE 1 REQ got data: err_this_server_already_exists
[2021-06-09T20:48:24.702] [DEBUG] logDebug.js - DONE 1 REQ got data: err_this_server_already_exists
[2021-06-09T20:48:24.708] [DEBUG] logDebug.js - DONE 1 REQ got data: err_this_server_already_exists
[2021-06-09T20:48:24.749] [DEBUG] logDebug.js - DONE 1 REQ got data: err_this_server_already_exists
[2021-06-09T20:48:24.815] [DEBUG] logDebug.js - DONE 1 REQ got data: err_this_server_already_exists
[2021-06-09T20:48:24.877] [DEBUG] logDebug.js - DONE 1 REQ got data: err_this_server_already_exists
[2021-06-09T20:48:24.955] [DEBUG] logDebug.js - DONE 1 REQ got data: err_this_server_already_exists
[2021-06-09T20:48:25.067] [DEBUG] logDebug.js - DONE 1 REQ got data: err_this_server_already_exists
[2021-06-09T20:48:25.124] [DEBUG] logDebug.js - DONE 1 REQ got data: err_this_server_already_exists
[2021-06-09T20:48:25.158] [DEBUG] logDebug.js - DONE 1 REQ got data: err_this_server_already_exists
[2021-06-09T20:48:25.187] [DEBUG] logDebug.js - DONE 1 REQ got data: err_this_server_already_exists
[2021-06-09T20:48:25.389] [DEBUG] logDebug.js - DONE 1 REQ got data: err_this_server_already_exists
[2021-06-09T20:48:25.412] [DEBUG] logDebug.js - DONE 1 REQ got data: err_this_server_already_exists
[2021-06-09T20:48:25.444] [DEBUG] logDebug.js - DONE 1 REQ got data: err_this_server_already_exists
[2021-06-09T20:48:25.470] [DEBUG] logDebug.js - DONE 1 REQ got data: err_this_server_already_exists
[2021-06-09T20:48:25.505] [DEBUG] logDebug.js - DONE 1 REQ got data: err_this_server_already_exists
[2021-06-09T20:48:25.547] [DEBUG] logDebug.js - DONE 1 REQ got data: err_this_server_already_exists
[2021-06-09T20:48:25.658] [DEBUG] logDebug.js - DONE 1 REQ got data: err_this_server_already_exists
[2021-06-09T20:48:25.682] [DEBUG] logDebug.js - DONE 1 REQ got data: err_this_server_already_exists
[2021-06-09T20:48:25.732] [DEBUG] logDebug.js - DONE 1 REQ got data: err_this_server_already_exists
[2021-06-09T20:48:25.882] [DEBUG] logDebug.js - DONE 1 REQ got data: err_this_server_already_exists
[2021-06-09T20:48:25.955] [DEBUG] logDebug.js - DONE 1 REQ got data: err_this_server_already_exists
[2021-06-09T20:48:25.959] [DEBUG] logDebug.js - DONE 1 REQ got data: err_this_server_already_exists
[2021-06-09T20:48:26.004] [DEBUG] logDebug.js - DONE 1 REQ got data: err_this_server_already_exists
[2021-06-09T20:48:26.017] [DEBUG] logDebug.js - DONE 1 REQ got data: err_this_server_already_exists
[2021-06-09T20:48:26.020] [DEBUG] logDebug.js - DONE 1 REQ got data: err_this_server_already_exists
[2021-06-09T20:48:26.069] [DEBUG] logDebug.js - DONE 1 REQ got data: err_this_server_already_exists
[2021-06-09T20:48:26.316] [DEBUG] logDebug.js - DONE 1 REQ got data: err_this_server_already_exists
[2021-06-09T20:48:26.323] [DEBUG] logDebug.js - DONE 1 REQ got data: err_this_server_already_exists
[2021-06-09T20:48:26.464] [DEBUG] logDebug.js - DONE 1 REQ got data: err_this_server_already_exists
[2021-06-09T20:48:26.495] [DEBUG] logDebug.js - DONE 1 REQ got data: err_this_server_already_exists
[2021-06-09T20:48:26.502] [DEBUG] logDebug.js - DONE 1 REQ got data: err_this_server_already_exists
[2021-06-09T20:48:26.581] [DEBUG] logDebug.js - DONE 1 REQ got data: err_this_server_already_exists
[2021-06-09T20:48:26.590] [DEBUG] logDebug.js - DONE 1 REQ got data: err_this_server_already_exists
[2021-06-09T20:48:26.591] [DEBUG] logDebug.js - DONE 1 REQ got data: err_this_server_already_exists
[2021-06-09T20:48:26.659] [DEBUG] logDebug.js - DONE 1 REQ got data: err_this_server_already_exists
[2021-06-09T20:48:26.737] [DEBUG] logDebug.js - DONE 1 REQ got data: err_this_server_already_exists
[2021-06-09T20:48:26.743] [DEBUG] logDebug.js - DONE 1 REQ got data: err_this_server_already_exists
[2021-06-09T20:48:26.903] [DEBUG] logDebug.js - DONE 1 REQ got data: err_this_server_already_exists
[2021-06-09T20:48:26.909] [DEBUG] logDebug.js - DONE 1 REQ got data: err_this_server_already_exists
[2021-06-09T20:48:26.956] [DEBUG] logDebug.js - DONE 1 REQ got data: err_this_server_already_exists
[2021-06-09T20:48:26.973] [DEBUG] logDebug.js - DONE 1 REQ got data: err_this_server_already_exists
[2021-06-09T20:48:26.976] [DEBUG] logDebug.js - DONE 1 REQ got data: err_this_server_already_exists
[2021-06-09T20:48:27.008] [DEBUG] logDebug.js - DONE 1 REQ got data: err_this_server_already_exists
[2021-06-09T20:48:27.034] [DEBUG] logDebug.js - DONE 1 REQ got data: err_this_server_already_exists
[2021-06-09T20:48:27.160] [DEBUG] logDebug.js - DONE 1 REQ got data: err_this_server_already_exists
[2021-06-09T20:48:27.177] [DEBUG] logDebug.js - DONE 1 REQ got data: err_this_server_already_exists
[2021-06-09T20:48:27.215] [DEBUG] logDebug.js - DONE 1 REQ got data: err_this_server_already_exists
[2021-06-09T20:48:27.251] [DEBUG] logDebug.js - DONE 1 REQ got data: err_this_server_already_exists
[2021-06-09T20:48:27.312] [DEBUG] logDebug.js - DONE 1 REQ got data: err_this_server_already_exists
[2021-06-09T20:48:27.360] [DEBUG] logDebug.js - DONE 1 REQ got data: err_this_server_already_exists
[2021-06-09T20:48:27.585] [DEBUG] logDebug.js - DONE 1 REQ got data: err_this_server_already_exists
[2021-06-09T20:48:27.647] [DEBUG] logDebug.js - DONE 1 REQ got data: err_this_server_already_exists
[2021-06-09T20:48:27.655] [DEBUG] logDebug.js - DONE 1 REQ got data: err_this_server_already_exists
[2021-06-09T20:48:27.788] [DEBUG] logDebug.js - DONE 1 REQ got data: err_this_server_already_exists
[2021-06-09T20:48:27.856] [DEBUG] logDebug.js - DONE 1 REQ got data: err_this_server_already_exists
[2021-06-09T20:48:27.943] [DEBUG] logDebug.js - DONE 1 REQ got data: err_this_server_already_exists
[2021-06-09T20:48:27.983] [DEBUG] logDebug.js - DONE 1 REQ got data: err_this_server_already_exists
[2021-06-09T20:48:28.009] [DEBUG] logDebug.js - DONE 1 REQ got data: err_this_server_already_exists
[2021-06-09T20:48:28.062] [DEBUG] logDebug.js - DONE 1 REQ got data: err_this_server_already_exists
[2021-06-09T20:48:28.120] [DEBUG] logDebug.js - DONE 1 REQ got data: err_this_server_already_exists
[2021-06-09T20:48:28.177] [DEBUG] logDebug.js - DONE 1 REQ got data: err_this_server_already_exists
[2021-06-09T20:48:28.252] [DEBUG] logDebug.js - DONE 1 REQ got data: err_this_server_already_exists
[2021-06-09T20:48:28.397] [DEBUG] logDebug.js - DONE 1 REQ got data: err_this_server_already_exists
[2021-06-09T20:48:28.446] [DEBUG] logDebug.js - DONE 1 REQ got data: err_this_server_already_exists
[2021-06-09T20:48:28.480] [DEBUG] logDebug.js - DONE 1 REQ got data: err_this_server_already_exists
[2021-06-09T20:48:28.513] [DEBUG] logDebug.js - DONE 1 REQ got data: err_this_server_already_exists
[2021-06-09T20:48:28.520] [DEBUG] logDebug.js - DONE 1 REQ got data: err_this_server_already_exists
[2021-06-09T20:48:28.539] [DEBUG] logDebug.js - DONE 1 REQ got data: err_this_server_already_exists
[2021-06-09T20:48:28.584] [DEBUG] logDebug.js - DONE 1 REQ got data: err_this_server_already_exists
[2021-06-09T20:48:28.604] [DEBUG] logDebug.js - DONE 1 REQ got data: err_this_server_already_exists
[2021-06-09T20:48:28.638] [DEBUG] logDebug.js - DONE 1 REQ got data: err_this_server_already_exists
[2021-06-09T20:48:28.642] [DEBUG] logDebug.js - DONE 1 REQ got data: err_this_server_already_exists
[2021-06-09T20:48:28.668] [DEBUG] logDebug.js - DONE 1 REQ got data: err_this_server_already_exists
[2021-06-09T20:48:28.682] [DEBUG] logDebug.js - DONE 1 REQ got data: err_this_server_already_exists
[2021-06-09T20:48:28.754] [DEBUG] logDebug.js - DONE 1 REQ got data: err_this_server_already_exists
[2021-06-09T20:48:28.893] [DEBUG] logDebug.js - DONE 1 REQ got data: err_this_server_already_exists
[2021-06-09T20:48:28.909] [DEBUG] logDebug.js - DONE 1 REQ got data: err_this_server_already_exists
[2021-06-09T20:48:29.009] [DEBUG] logDebug.js - DONE 1 REQ got data: err_this_server_already_exists
[2021-06-09T20:48:29.033] [DEBUG] logDebug.js - DONE 1 REQ got data: err_this_server_already_exists
[2021-06-09T20:48:29.120] [DEBUG] logDebug.js - DONE 1 REQ got data: err_this_server_already_exists
[2021-06-09T20:48:29.186] [DEBUG] logDebug.js - DONE 1 REQ got data: err_this_server_already_exists
[2021-06-09T20:48:29.250] [DEBUG] logDebug.js - DONE 1 REQ got data: err_this_server_already_exists
[2021-06-09T20:48:29.298] [DEBUG] logDebug.js - DONE 1 REQ got data: err_this_server_already_exists
[2021-06-09T20:48:29.325] [DEBUG] logDebug.js - DONE 1 REQ got data: err_this_server_already_exists
[2021-06-09T20:48:29.359] [DEBUG] logDebug.js - DONE 1 REQ got data: err_this_server_already_exists
[2021-06-09T20:48:29.367] [DEBUG] logDebug.js - DONE 1 REQ got data: err_this_server_already_exists
[2021-06-09T20:48:29.439] [DEBUG] logDebug.js - DONE 1 REQ got data: err_this_server_already_exists
[2021-06-09T20:48:29.470] [DEBUG] logDebug.js - DONE 1 REQ got data: err_this_server_already_exists
[2021-06-09T20:48:29.568] [DEBUG] logDebug.js - DONE 1 REQ got data: err_this_server_already_exists
[2021-06-09T20:48:29.576] [DEBUG] logDebug.js - DONE 1 REQ got data: err_this_server_already_exists
[2021-06-09T20:48:29.610] [DEBUG] logDebug.js - DONE 1 REQ got data: err_this_server_already_exists
[2021-06-09T20:48:29.622] [DEBUG] logDebug.js - DONE 1 REQ got data: err_this_server_already_exists
[2021-06-09T20:48:29.744] [DEBUG] logDebug.js - DONE 1 REQ got data: err_this_server_already_exists
[2021-06-09T20:48:29.763] [DEBUG] logDebug.js - DONE 1 REQ got data: err_this_server_already_exists
[2021-06-09T20:48:29.795] [DEBUG] logDebug.js - DONE 1 REQ got data: err_this_server_already_exists
[2021-06-09T20:48:29.796] [DEBUG] logDebug.js - DONE 1 REQ got data: err_this_server_already_exists
[2021-06-09T20:48:29.938] [DEBUG] logDebug.js - DONE 1 REQ got data: err_this_server_already_exists
[2021-06-09T20:48:29.939] [DEBUG] logDebug.js - DONE 1 REQ got data: err_this_server_already_exists
[2021-06-09T20:48:29.978] [DEBUG] logDebug.js - DONE 1 REQ got data: err_this_server_already_exists
[2021-06-09T20:48:29.980] [DEBUG] logDebug.js - DONE 1 REQ got data: err_this_server_already_exists
[2021-06-09T20:48:30.000] [DEBUG] logDebug.js - DONE 1 REQ got data: err_this_server_already_exists
[2021-06-09T20:48:30.076] [DEBUG] logDebug.js - DONE 1 REQ got data: err_this_server_already_exists
[2021-06-09T20:48:30.082] [DEBUG] logDebug.js - DONE 1 REQ got data: err_this_server_already_exists
[2021-06-09T20:48:30.175] [DEBUG] logDebug.js - DONE 1 REQ got data: err_this_server_already_exists
[2021-06-09T20:48:30.178] [DEBUG] logDebug.js - DONE 1 REQ got data: err_this_server_already_exists
[2021-06-09T20:48:30.179] [DEBUG] logDebug.js - DONE 1 REQ got data: err_this_server_already_exists
[2021-06-09T20:48:30.233] [DEBUG] logDebug.js - DONE 1 REQ got data: err_this_server_already_exists
[2021-06-09T20:48:30.258] [DEBUG] logDebug.js - DONE 1 REQ got data: err_this_server_already_exists
[2021-06-09T20:48:30.364] [DEBUG] logDebug.js - DONE 1 REQ got data: err_this_server_already_exists
[2021-06-09T20:48:30.402] [DEBUG] logDebug.js - DONE 1 REQ got data: err_this_server_already_exists
[2021-06-09T20:48:30.466] [DEBUG] logDebug.js - DONE 1 REQ got data: err_this_server_already_exists
[2021-06-09T20:48:30.525] [DEBUG] logDebug.js - DONE 1 REQ got data: err_this_server_already_exists
[2021-06-09T20:48:30.622] [DEBUG] logDebug.js - DONE 1 REQ got data: err_this_server_already_exists
[2021-06-09T20:48:30.734] [DEBUG] logDebug.js - DONE 1 REQ got data: err_this_server_already_exists
[2021-06-09T20:48:30.805] [DEBUG] logDebug.js - DONE 1 REQ got data: err_this_server_already_exists
[2021-06-09T20:48:30.869] [DEBUG] logDebug.js - DONE 1 REQ got data: err_this_server_already_exists
[2021-06-09T20:48:30.969] [DEBUG] logDebug.js - DONE 1 REQ got data: err_this_server_already_exists
[2021-06-09T20:48:31.005] [DEBUG] logDebug.js - DONE 1 REQ got data: err_this_server_already_exists
[2021-06-09T20:48:31.056] [DEBUG] logDebug.js - DONE 1 REQ got data: err_this_server_already_exists
[2021-06-09T20:48:31.131] [DEBUG] logDebug.js - DONE 1 REQ got data: err_this_server_already_exists
[2021-06-09T20:48:31.153] [DEBUG] logDebug.js - DONE 1 REQ got data: err_this_server_already_exists
[2021-06-09T20:48:31.187] [DEBUG] logDebug.js - DONE 1 REQ got data: err_this_server_already_exists
[2021-06-09T20:48:31.205] [DEBUG] logDebug.js - DONE 1 REQ got data: err_this_server_already_exists
[2021-06-09T20:48:31.243] [DEBUG] logDebug.js - DONE 1 REQ got data: err_this_server_already_exists
[2021-06-09T20:48:31.552] [DEBUG] logDebug.js - DONE 1 REQ got data: err_this_server_already_exists
[2021-06-09T20:48:31.621] [DEBUG] logDebug.js - DONE 1 REQ got data: err_this_server_already_exists
[2021-06-09T20:48:31.661] [DEBUG] logDebug.js - DONE 1 REQ got data: err_this_server_already_exists
[2021-06-09T20:48:31.713] [DEBUG] logDebug.js - DONE 1 REQ got data: err_this_server_already_exists
[2021-06-09T20:48:31.736] [DEBUG] logDebug.js - DONE 1 REQ got data: err_this_server_already_exists
[2021-06-09T20:48:31.767] [DEBUG] logDebug.js - DONE 1 REQ got data: err_this_server_already_exists
[2021-06-09T20:48:31.812] [DEBUG] logDebug.js - DONE 1 REQ got data: err_this_server_already_exists
[2021-06-09T20:48:31.915] [DEBUG] logDebug.js - DONE 1 REQ got data: err_this_server_already_exists
[2021-06-09T20:48:31.993] [DEBUG] logDebug.js - DONE 1 REQ got data: err_this_server_already_exists
[2021-06-09T20:48:31.996] [DEBUG] logDebug.js - DONE 1 REQ got data: err_this_server_already_exists
[2021-06-09T20:48:32.053] [DEBUG] logDebug.js - DONE 1 REQ got data: err_this_server_already_exists
[2021-06-09T20:48:32.080] [DEBUG] logDebug.js - DONE 1 REQ got data: err_this_server_already_exists
[2021-06-09T20:48:32.088] [DEBUG] logDebug.js - DONE 1 REQ got data: err_this_server_already_exists
[2021-06-09T20:48:32.171] [DEBUG] logDebug.js - DONE 1 REQ got data: err_this_server_already_exists
[2021-06-09T20:48:32.227] [DEBUG] logDebug.js - DONE 1 REQ got data: err_this_server_already_exists
[2021-06-09T20:48:32.228] [DEBUG] logDebug.js - DONE 1 REQ got data: err_this_server_already_exists
[2021-06-09T20:48:32.252] [DEBUG] logDebug.js - DONE 1 REQ got data: err_this_server_already_exists
[2021-06-09T20:48:32.254] [DEBUG] logDebug.js - DONE 1 REQ got data: err_this_server_already_exists
[2021-06-09T20:48:32.286] [DEBUG] logDebug.js - DONE 1 REQ got data: err_this_server_already_exists
[2021-06-09T20:48:32.308] [DEBUG] logDebug.js - DONE 1 REQ got data: err_this_server_already_exists
[2021-06-09T20:48:32.331] [DEBUG] logDebug.js - DONE 1 REQ got data: err_this_server_already_exists
[2021-06-09T20:48:32.344] [DEBUG] logDebug.js - DONE 1 REQ got data: err_this_server_already_exists
[2021-06-09T20:48:32.358] [DEBUG] logDebug.js - DONE 1 REQ got data: err_this_server_already_exists
[2021-06-09T20:48:32.459] [DEBUG] logDebug.js - DONE 1 REQ got data: err_this_server_already_exists
[2021-06-09T20:48:32.604] [DEBUG] logDebug.js - DONE 1 REQ got data: err_this_server_already_exists
[2021-06-09T20:48:32.605] [DEBUG] logDebug.js - DONE 1 REQ got data: err_this_server_already_exists
[2021-06-09T20:48:32.645] [DEBUG] logDebug.js - DONE 1 REQ got data: err_this_server_already_exists
[2021-06-09T20:48:32.655] [DEBUG] logDebug.js - DONE 1 REQ got data: err_this_server_already_exists
[2021-06-09T20:48:32.734] [DEBUG] logDebug.js - DONE 1 REQ got data: err_this_server_already_exists
[2021-06-09T20:48:32.741] [DEBUG] logDebug.js - DONE 1 REQ got data: err_this_server_already_exists
[2021-06-09T20:48:32.745] [DEBUG] logDebug.js - DONE 1 REQ got data: err_this_server_already_exists
[2021-06-09T20:48:32.848] [DEBUG] logDebug.js - DONE 1 REQ got data: err_this_server_already_exists
[2021-06-09T20:48:32.889] [DEBUG] logDebug.js - DONE 1 REQ got data: err_this_server_already_exists
[2021-06-09T20:48:32.903] [DEBUG] logDebug.js - DONE 1 REQ got data: err_this_server_already_exists
[2021-06-09T20:48:32.949] [DEBUG] logDebug.js - DONE 1 REQ got data: err_this_server_already_exists
[2021-06-09T20:48:33.041] [DEBUG] logDebug.js - DONE 1 REQ got data: err_this_server_already_exists
[2021-06-09T20:48:33.061] [DEBUG] logDebug.js - DONE 1 REQ got data: err_this_server_already_exists
[2021-06-09T20:48:33.141] [DEBUG] logDebug.js - DONE 1 REQ got data: err_this_server_already_exists
[2021-06-09T20:48:33.226] [DEBUG] logDebug.js - DONE 1 REQ got data: err_this_server_already_exists
[2021-06-09T20:48:33.365] [DEBUG] logDebug.js - DONE 1 REQ got data: err_this_server_already_exists
[2021-06-09T20:48:33.607] [DEBUG] logDebug.js - DONE 1 REQ got data: err_this_server_already_exists
[2021-06-09T20:48:33.619] [DEBUG] logDebug.js - DONE 1 REQ got data: err_this_server_already_exists
[2021-06-09T20:48:33.686] [DEBUG] logDebug.js - DONE 1 REQ got data: err_this_server_already_exists
[2021-06-09T20:48:33.708] [DEBUG] logDebug.js - DONE 1 REQ got data: err_this_server_already_exists
[2021-06-09T20:48:33.887] [DEBUG] logDebug.js - DONE 1 REQ got data: err_this_server_already_exists
[2021-06-09T20:48:33.914] [DEBUG] logDebug.js - DONE 1 REQ got data: err_this_server_already_exists
[2021-06-09T20:48:33.939] [DEBUG] logDebug.js - DONE 1 REQ got data: err_this_server_already_exists
[2021-06-09T20:48:33.947] [DEBUG] logDebug.js - DONE 1 REQ got data: err_this_server_already_exists
[2021-06-09T20:48:34.003] [DEBUG] logDebug.js - DONE 1 REQ got data: err_this_server_already_exists
[2021-06-09T20:48:34.063] [DEBUG] logDebug.js - DONE 1 REQ got data: err_this_server_already_exists
[2021-06-09T20:48:34.064] [DEBUG] logDebug.js - DONE 1 REQ got data: err_this_server_already_exists
[2021-06-09T20:48:34.075] [DEBUG] logDebug.js - DONE 1 REQ got data: err_this_server_already_exists
[2021-06-09T20:48:34.131] [DEBUG] logDebug.js - DONE 1 REQ got data: err_this_server_already_exists
[2021-06-09T20:48:34.169] [DEBUG] logDebug.js - DONE 1 REQ got data: err_this_server_already_exists
[2021-06-09T20:48:34.203] [DEBUG] logDebug.js - DONE 1 REQ got data: err_this_server_already_exists
[2021-06-09T20:48:34.212] [DEBUG] logDebug.js - DONE 1 REQ got data: err_this_server_already_exists
[2021-06-09T20:48:34.281] [DEBUG] logDebug.js - DONE 1 REQ got data: err_this_server_already_exists
[2021-06-09T20:48:34.285] [DEBUG] logDebug.js - DONE 1 REQ got data: err_this_server_already_exists
[2021-06-09T20:48:34.389] [DEBUG] logDebug.js - DONE 1 REQ got data: err_this_server_already_exists
[2021-06-09T20:48:34.395] [DEBUG] logDebug.js - DONE 1 REQ got data: err_this_server_already_exists
[2021-06-09T20:48:34.425] [DEBUG] logDebug.js - DONE 1 REQ got data: err_this_server_already_exists
[2021-06-09T20:48:34.476] [DEBUG] logDebug.js - DONE 1 REQ got data: err_this_server_already_exists
[2021-06-09T20:48:34.484] [DEBUG] logDebug.js - DONE 1 REQ got data: err_this_server_already_exists
[2021-06-09T20:48:34.511] [DEBUG] logDebug.js - DONE 1 REQ got data: err_this_server_already_exists
[2021-06-09T20:48:34.679] [DEBUG] logDebug.js - DONE 1 REQ got data: err_this_server_already_exists
[2021-06-09T20:48:34.695] [DEBUG] logDebug.js - DONE 1 REQ got data: err_this_server_already_exists
[2021-06-09T20:48:34.699] [DEBUG] logDebug.js - DONE 1 REQ got data: err_this_server_already_exists
[2021-06-09T20:48:34.699] [DEBUG] logDebug.js - DONE 1 REQ got data: err_this_server_already_exists
[2021-06-09T20:48:34.789] [DEBUG] logDebug.js - DONE 1 REQ got data: err_this_server_already_exists
[2021-06-09T20:48:34.862] [DEBUG] logDebug.js - DONE 1 REQ got data: err_this_server_already_exists
[2021-06-09T20:48:34.921] [DEBUG] logDebug.js - DONE 1 REQ got data: err_this_server_already_exists
[2021-06-09T20:48:34.960] [DEBUG] logDebug.js - DONE 1 REQ got data: err_this_server_already_exists
[2021-06-09T20:48:35.090] [DEBUG] logDebug.js - DONE 1 REQ got data: err_this_server_already_exists
[2021-06-09T20:48:35.200] [DEBUG] logDebug.js - DONE 1 REQ got data: err_this_server_already_exists
[2021-06-09T20:48:35.210] [DEBUG] logDebug.js - DONE 1 REQ got data: err_this_server_already_exists
[2021-06-09T20:48:35.246] [DEBUG] logDebug.js - DONE 1 REQ got data: err_this_server_already_exists
[2021-06-09T20:48:35.265] [DEBUG] logDebug.js - DONE 1 REQ got data: err_this_server_already_exists
[2021-06-09T20:48:35.275] [DEBUG] logDebug.js - DONE 1 REQ got data: err_this_server_already_exists
[2021-06-09T20:48:35.296] [DEBUG] logDebug.js - DONE 1 REQ got data: err_this_server_already_exists
[2021-06-09T20:48:35.330] [DEBUG] logDebug.js - DONE 1 REQ got data: err_this_server_already_exists
[2021-06-09T20:48:35.348] [DEBUG] logDebug.js - DONE 1 REQ got data: err_this_server_already_exists
[2021-06-09T20:48:35.444] [DEBUG] logDebug.js - DONE 1 REQ got data: err_this_server_already_exists
[2021-06-09T20:48:35.519] [DEBUG] logDebug.js - DONE 1 REQ got data: err_this_server_already_exists
[2021-06-09T20:48:35.565] [DEBUG] logDebug.js - DONE 1 REQ got data: err_this_server_already_exists
[2021-06-09T20:48:35.690] [DEBUG] logDebug.js - DONE 1 REQ got data: err_this_server_already_exists
[2021-06-09T20:48:35.769] [DEBUG] logDebug.js - DONE 1 REQ got data: err_this_server_already_exists
[2021-06-09T20:48:35.802] [DEBUG] logDebug.js - DONE 1 REQ got data: err_this_server_already_exists
[2021-06-09T20:48:35.815] [DEBUG] logDebug.js - DONE 1 REQ got data: err_this_server_already_exists
[2021-06-09T20:48:35.971] [DEBUG] logDebug.js - DONE 1 REQ got data: err_this_server_already_exists
[2021-06-09T20:48:36.001] [DEBUG] logDebug.js - DONE 1 REQ got data: err_this_server_already_exists
[2021-06-09T20:48:36.097] [DEBUG] logDebug.js - DONE 1 REQ got data: err_this_server_already_exists
[2021-06-09T20:48:36.160] [DEBUG] logDebug.js - DONE 1 REQ got data: err_this_server_already_exists
[2021-06-09T20:48:36.170] [DEBUG] logDebug.js - DONE 1 REQ got data: err_this_server_already_exists
[2021-06-09T20:48:36.209] [DEBUG] logDebug.js - DONE 1 REQ got data: err_this_server_already_exists
[2021-06-09T20:48:36.293] [DEBUG] logDebug.js - DONE 1 REQ got data: err_this_server_already_exists
[2021-06-09T20:48:36.314] [DEBUG] logDebug.js - DONE 1 REQ got data: err_this_server_already_exists
[2021-06-09T20:48:36.386] [DEBUG] logDebug.js - DONE 1 REQ got data: err_this_server_already_exists
[2021-06-09T20:48:36.419] [DEBUG] logDebug.js - DONE 1 REQ got data: err_this_server_already_exists
[2021-06-09T20:48:36.433] [DEBUG] logDebug.js - DONE 1 REQ got data: err_this_server_already_exists
[2021-06-09T20:48:36.468] [DEBUG] logDebug.js - DONE 1 REQ got data: err_this_server_already_exists
[2021-06-09T20:48:36.485] [DEBUG] logDebug.js - DONE 1 REQ got data: err_this_server_already_exists
[2021-06-09T20:48:36.624] [DEBUG] logDebug.js - DONE 1 REQ got data: err_this_server_already_exists
[2021-06-09T20:48:36.699] [DEBUG] logDebug.js - DONE 1 REQ got data: err_this_server_already_exists
[2021-06-09T20:48:36.887] [DEBUG] logDebug.js - DONE 1 REQ got data: err_this_server_already_exists
[2021-06-09T20:48:37.031] [DEBUG] logDebug.js - DONE 1 REQ got data: err_this_server_already_exists
[2021-06-09T20:48:37.124] [DEBUG] logDebug.js - DONE 1 REQ got data: err_this_server_already_exists
[2021-06-09T20:48:37.160] [DEBUG] logDebug.js - DONE 1 REQ got data: err_this_server_already_exists
[2021-06-09T20:48:37.182] [DEBUG] logDebug.js - DONE 1 REQ got data: err_this_server_already_exists
[2021-06-09T20:48:37.222] [DEBUG] logDebug.js - DONE 1 REQ got data: err_this_server_already_exists
[2021-06-09T20:48:37.242] [DEBUG] logDebug.js - DONE 1 REQ got data: err_this_server_already_exists
[2021-06-09T20:48:37.253] [DEBUG] logDebug.js - DONE 1 REQ got data: err_this_server_already_exists
[2021-06-09T20:48:37.291] [DEBUG] logDebug.js - DONE 1 REQ got data: err_this_server_already_exists
[2021-06-09T20:48:37.348] [DEBUG] logDebug.js - DONE 1 REQ got data: err_this_server_already_exists
[2021-06-09T20:48:37.381] [DEBUG] logDebug.js - DONE 1 REQ got data: err_this_server_already_exists
[2021-06-09T20:48:37.416] [DEBUG] logDebug.js - DONE 1 REQ got data: err_this_server_already_exists
[2021-06-09T20:48:37.635] [DEBUG] logDebug.js - DONE 1 REQ got data: err_this_server_already_exists
[2021-06-09T20:48:37.670] [DEBUG] logDebug.js - DONE 1 REQ got data: err_this_server_already_exists
[2021-06-09T20:48:37.725] [DEBUG] logDebug.js - DONE 1 REQ got data: err_this_server_already_exists
[2021-06-09T20:48:37.731] [DEBUG] logDebug.js - DONE 1 REQ got data: err_this_server_already_exists
[2021-06-09T20:48:37.816] [DEBUG] logDebug.js - DONE 1 REQ got data: err_this_server_already_exists
[2021-06-09T20:48:37.834] [DEBUG] logDebug.js - DONE 1 REQ got data: err_this_server_already_exists
[2021-06-09T20:48:37.835] [DEBUG] logDebug.js - DONE 1 REQ got data: err_this_server_already_exists
[2021-06-09T20:48:37.959] [DEBUG] logDebug.js - DONE 1 REQ got data: err_this_server_already_exists
[2021-06-09T20:48:38.025] [DEBUG] logDebug.js - DONE 1 REQ got data: err_this_server_already_exists
[2021-06-09T20:48:38.045] [DEBUG] logDebug.js - DONE 1 REQ got data: err_this_server_already_exists
[2021-06-09T20:48:38.095] [DEBUG] logDebug.js - DONE 1 REQ got data: err_this_server_already_exists
[2021-06-09T20:48:38.297] [DEBUG] logDebug.js - DONE 1 REQ got data: err_this_server_already_exists
[2021-06-09T20:48:38.304] [DEBUG] logDebug.js - DONE 1 REQ got data: err_this_server_already_exists
[2021-06-09T20:48:38.306] [DEBUG] logDebug.js - DONE 1 REQ got data: err_this_server_already_exists
[2021-06-09T20:48:38.314] [DEBUG] logDebug.js - DONE 1 REQ got data: err_this_server_already_exists
[2021-06-09T20:48:38.316] [DEBUG] logDebug.js - DONE 1 REQ got data: err_this_server_already_exists
[2021-06-09T20:48:38.374] [DEBUG] logDebug.js - DONE 1 REQ got data: err_this_server_already_exists
[2021-06-09T20:48:38.434] [DEBUG] logDebug.js - DONE 1 REQ got data: err_this_server_already_exists
[2021-06-09T20:48:38.455] [DEBUG] logDebug.js - DONE 1 REQ got data: err_this_server_already_exists
[2021-06-09T20:48:38.484] [DEBUG] logDebug.js - DONE 1 REQ got data: err_this_server_already_exists
[2021-06-09T20:48:38.540] [DEBUG] logDebug.js - DONE 1 REQ got data: err_this_server_already_exists
[2021-06-09T20:48:38.564] [DEBUG] logDebug.js - DONE 1 REQ got data: err_this_server_already_exists
[2021-06-09T20:48:38.822] [DEBUG] logDebug.js - DONE 1 REQ got data: err_this_server_already_exists
[2021-06-09T20:48:38.832] [DEBUG] logDebug.js - DONE 1 REQ got data: err_this_server_already_exists
[2021-06-09T20:48:38.835] [DEBUG] logDebug.js - DONE 1 REQ got data: err_this_server_already_exists
[2021-06-09T20:48:38.845] [DEBUG] logDebug.js - DONE 1 REQ got data: err_this_server_already_exists
[2021-06-09T20:48:38.912] [DEBUG] logDebug.js - DONE 1 REQ got data: err_this_server_already_exists
[2021-06-09T20:48:38.971] [DEBUG] logDebug.js - DONE 1 REQ got data: err_this_server_already_exists
[2021-06-09T20:48:39.050] [DEBUG] logDebug.js - DONE 1 REQ got data: err_this_server_already_exists
[2021-06-09T20:48:39.071] [DEBUG] logDebug.js - DONE 1 REQ got data: err_this_server_already_exists
[2021-06-09T20:48:39.126] [DEBUG] logDebug.js - DONE 1 REQ got data: err_this_server_already_exists
[2021-06-09T20:48:39.149] [DEBUG] logDebug.js - DONE 1 REQ got data: err_this_server_already_exists
[2021-06-09T20:48:39.152] [DEBUG] logDebug.js - DONE 1 REQ got data: err_this_server_already_exists
[2021-06-09T20:48:39.231] [DEBUG] logDebug.js - DONE 1 REQ got data: err_this_server_already_exists
[2021-06-09T20:48:39.257] [DEBUG] logDebug.js - DONE 1 REQ got data: err_this_server_already_exists
[2021-06-09T20:48:39.295] [DEBUG] logDebug.js - DONE 1 REQ got data: err_this_server_already_exists
[2021-06-09T20:48:39.314] [DEBUG] logDebug.js - DONE 1 REQ got data: err_this_server_already_exists
[2021-06-09T20:48:39.326] [DEBUG] logDebug.js - DONE 1 REQ got data: err_this_server_already_exists
[2021-06-09T20:48:39.345] [DEBUG] logDebug.js - DONE 1 REQ got data: err_this_server_already_exists
[2021-06-09T20:48:39.447] [DEBUG] logDebug.js - DONE 1 REQ got data: err_this_server_already_exists
[2021-06-09T20:48:39.565] [DEBUG] logDebug.js - DONE 1 REQ got data: err_this_server_already_exists
[2021-06-09T20:48:39.625] [DEBUG] logDebug.js - DONE 1 REQ got data: err_this_server_already_exists
[2021-06-09T20:48:39.790] [DEBUG] logDebug.js - DONE 1 REQ got data: err_this_server_already_exists
[2021-06-09T20:48:39.888] [DEBUG] logDebug.js - DONE 1 REQ got data: err_this_server_already_exists
[2021-06-09T20:48:39.905] [DEBUG] logDebug.js - DONE 1 REQ got data: err_this_server_already_exists
[2021-06-09T20:48:40.039] [DEBUG] logDebug.js - DONE 1 REQ got data: err_this_server_already_exists
[2021-06-09T20:48:40.086] [DEBUG] logDebug.js - DONE 1 REQ got data: err_this_server_already_exists
[2021-06-09T20:48:40.087] [DEBUG] logDebug.js - DONE 1 REQ got data: err_this_server_already_exists
[2021-06-09T20:48:40.186] [DEBUG] logDebug.js - DONE 1 REQ got data: err_this_server_already_exists
[2021-06-09T20:48:40.261] [DEBUG] logDebug.js - DONE 1 REQ got data: err_this_server_already_exists
[2021-06-09T20:48:40.262] [DEBUG] logDebug.js - DONE 1 REQ got data: err_this_server_already_exists
[2021-06-09T20:48:40.278] [DEBUG] logDebug.js - DONE 1 REQ got data: err_this_server_already_exists
[2021-06-09T20:48:40.341] [DEBUG] logDebug.js - DONE 1 REQ got data: err_this_server_already_exists
[2021-06-09T20:48:40.402] [DEBUG] logDebug.js - DONE 1 REQ got data: err_this_server_already_exists
[2021-06-09T20:48:40.419] [DEBUG] logDebug.js - DONE 1 REQ got data: err_this_server_already_exists
[2021-06-09T20:48:40.440] [DEBUG] logDebug.js - DONE 1 REQ got data: err_this_server_already_exists
[2021-06-09T20:48:40.450] [DEBUG] logDebug.js - DONE 1 REQ got data: err_this_server_already_exists
[2021-06-09T20:48:40.496] [DEBUG] logDebug.js - DONE 1 REQ got data: err_this_server_already_exists
[2021-06-09T20:48:40.551] [DEBUG] logDebug.js - DONE 1 REQ got data: err_this_server_already_exists
[2021-06-09T20:48:40.579] [DEBUG] logDebug.js - DONE 1 REQ got data: err_this_server_already_exists
[2021-06-09T20:48:40.660] [DEBUG] logDebug.js - DONE 1 REQ got data: err_this_server_already_exists
[2021-06-09T20:48:40.665] [DEBUG] logDebug.js - DONE 1 REQ got data: err_this_server_already_exists
[2021-06-09T20:48:40.701] [DEBUG] logDebug.js - DONE 1 REQ got data: err_this_server_already_exists
[2021-06-09T20:48:40.746] [DEBUG] logDebug.js - DONE 1 REQ got data: err_this_server_already_exists
[2021-06-09T20:48:40.808] [DEBUG] logDebug.js - DONE 1 REQ got data: err_this_server_already_exists
[2021-06-09T20:48:40.820] [DEBUG] logDebug.js - DONE 1 REQ got data: err_this_server_already_exists
[2021-06-09T20:48:40.830] [DEBUG] logDebug.js - DONE 1 REQ got data: err_this_server_already_exists
[2021-06-09T20:48:40.893] [DEBUG] logDebug.js - DONE 1 REQ got data: err_this_server_already_exists
[2021-06-09T20:48:40.902] [DEBUG] logDebug.js - DONE 1 REQ got data: err_this_server_already_exists
[2021-06-09T20:48:40.905] [DEBUG] logDebug.js - DONE 1 REQ got data: err_this_server_already_exists
[2021-06-09T20:48:40.907] [DEBUG] logDebug.js - DONE 1 REQ got data: err_this_server_already_exists
[2021-06-09T20:48:40.940] [DEBUG] logDebug.js - DONE 1 REQ got data: err_this_server_already_exists
[2021-06-09T20:48:40.985] [DEBUG] logDebug.js - DONE 1 REQ got data: err_this_server_already_exists
[2021-06-09T20:48:41.244] [DEBUG] logDebug.js - DONE 1 REQ got data: err_this_server_already_exists
[2021-06-09T20:48:41.245] [DEBUG] logDebug.js - DONE 1 REQ got data: err_this_server_already_exists
[2021-06-09T20:48:41.307] [DEBUG] logDebug.js - DONE 1 REQ got data: err_this_server_already_exists
[2021-06-09T20:48:41.388] [DEBUG] logDebug.js - DONE 1 REQ got data: err_this_server_already_exists
[2021-06-09T20:48:41.417] [DEBUG] logDebug.js - DONE 1 REQ got data: err_this_server_already_exists
[2021-06-09T20:48:41.471] [DEBUG] logDebug.js - DONE 1 REQ got data: err_this_server_already_exists
[2021-06-09T20:48:41.493] [DEBUG] logDebug.js - DONE 1 REQ got data: err_this_server_already_exists
[2021-06-09T20:48:41.522] [DEBUG] logDebug.js - DONE 1 REQ got data: err_this_server_already_exists
[2021-06-09T20:48:41.673] [DEBUG] logDebug.js - DONE 1 REQ got data: err_this_server_already_exists
[2021-06-09T20:48:41.744] [DEBUG] logDebug.js - DONE 1 REQ got data: err_this_server_already_exists
[2021-06-09T20:48:42.001] [DEBUG] logDebug.js - DONE 1 REQ got data: err_this_server_already_exists
[2021-06-09T20:48:42.015] [DEBUG] logDebug.js - DONE 1 REQ got data: err_this_server_already_exists
