[2021-06-23T22:45:55.866] [INFO] default - |-----------------|
[2021-06-23T22:45:55.868] [INFO] default - |ExtraServer START|
[2021-06-23T22:45:55.868] [INFO] default - |-----------------|
[2021-06-23T22:45:55.869] [INFO] default - starting newrelic...
[2021-06-23T22:45:56.228] [INFO] default - creating server...
[2021-06-23T22:45:56.229] [INFO] default - Loading plugins...
[2021-06-23T22:45:56.231] [ERROR] default - Cloud not load plugin asdasd.json: TypeError: require(...).onStart is not a function
[2021-06-23T22:45:56.312] [ERROR] default - Cloud not load plugin chat.js: TypeError [ERR_INVALID_ARG_TYPE]: The "emitter" argument must be an instance of EventEmitter. Received type string ('connection')
[2021-06-23T22:45:56.313] [ERROR] default - Cloud not load plugin data.json: TypeError: require(...).onStart is not a function
[2021-06-23T22:45:56.314] [INFO] defaultRequestHandler.js - DefaultRequestHandler was made by BomberPlayz.
[2021-06-23T22:45:56.314] [INFO] default - Loaded plugin defaultRequestHandler.js
[2021-06-23T22:45:56.315] [ERROR] default - Cloud not load plugin directoryList.js: TypeError: require(...).onStart is not a function
[2021-06-23T22:45:56.317] [ERROR] default - Cloud not load plugin ereeeeeeeeeeeeeeeee: Error: Cannot find module '././server_plugins/ereeeeeeeeeeeeeeeee'
Require stack:
- D:\OneDrive\Desktop\progs\ExtraServer\cpanelapi\server.js
[2021-06-23T22:45:56.317] [INFO] logDebug.js - logDebug plugin by BomberPlayz!
[2021-06-23T22:45:56.318] [INFO] default - Loaded plugin logDebug.js
[2021-06-23T22:45:56.319] [ERROR] default - Cloud not load plugin tuccc.json: SyntaxError: D:\OneDrive\Desktop\progs\ExtraServer\cpanelapi\server_plugins\tuccc.json: Unexpected number in JSON at position 57948
[2021-06-23T22:45:56.320] [INFO] _compatibleMode.js - CopatibleMode plugin was made by BomberPLayz
[2021-06-23T22:45:56.320] [INFO] default - Loaded plugin _compatibleMode.js
[2021-06-23T22:45:56.322] [INFO] default - Starting to listen...
[2021-06-23T22:45:56.323] [INFO] default - Server started!
[2021-06-23T22:45:56.324] [INFO] default - tictuc! elindult!
